

================================================================
== Vivado HLS Report for 'heston_kernel_new'
================================================================
* Date:           Wed Jan 20 19:07:10 2021

* Version:        2019.2 (Build 2704478 on Wed Nov 06 22:10:23 MST 2019)
* Project:        new_heston
* Solution:       solution1
* Product family: zynq
* Target device:  xc7z020-clg484-1


================================================================
== Performance Estimates
================================================================
+ Timing: 
    * Summary: 
    +--------+----------+----------+------------+
    |  Clock |  Target  | Estimated| Uncertainty|
    +--------+----------+----------+------------+
    |ap_clk  | 10.00 ns | 9.439 ns |   1.25 ns  |
    +--------+----------+----------+------------+

+ Latency: 
    * Summary: 
    +---------+---------+----------+----------+-----+-----+---------+
    |  Latency (cycles) |  Latency (absolute) |  Interval | Pipeline|
    |   min   |   max   |    min   |    max   | min | max |   Type  |
    +---------+---------+----------+----------+-----+-----+---------+
    |        ?|        ?|         ?|         ?|    ?|    ?|   none  |
    +---------+---------+----------+----------+-----+-----+---------+

    + Detail: 
        * Instance: 
        N/A

        * Loop: 
        +-------------+---------+---------+----------+-----------+-----------+------+----------+
        |             |  Latency (cycles) | Iteration|  Initiation Interval  | Trip |          |
        |  Loop Name  |   min   |   max   |  Latency |  achieved |   target  | Count| Pipelined|
        +-------------+---------+---------+----------+-----------+-----------+------+----------+
        |- Loop 1     |        ?|        ?|         ?|          -|          -|     ?|    no    |
        | + Loop 1.1  |        ?|        ?|        33|          1|          1|     ?|    yes   |
        +-------------+---------+---------+----------+-----------+-----------+------+----------+



================================================================
== Utilization Estimates
================================================================
* Summary: 
+-----------------+---------+-------+--------+-------+-----+
|       Name      | BRAM_18K| DSP48E|   FF   |  LUT  | URAM|
+-----------------+---------+-------+--------+-------+-----+
|DSP              |        -|      -|       -|      -|    -|
|Expression       |        -|      -|       0|    717|    -|
|FIFO             |        -|      -|       -|      -|    -|
|Instance         |        -|     32|    3365|   7446|    -|
|Memory           |        2|      -|       0|      0|    0|
|Multiplexer      |        -|      -|       -|    117|    -|
|Register         |        2|      -|    1746|    418|    -|
+-----------------+---------+-------+--------+-------+-----+
|Total            |        4|     32|    5111|   8698|    0|
+-----------------+---------+-------+--------+-------+-----+
|Available        |      280|    220|  106400|  53200|    0|
+-----------------+---------+-------+--------+-------+-----+
|Utilization (%)  |        1|     14|       4|     16|    0|
+-----------------+---------+-------+--------+-------+-----+

+ Detail: 
    * Instance: 
    +--------------------------+----------------------+---------+-------+-----+-----+-----+
    |         Instance         |        Module        | BRAM_18K| DSP48E|  FF | LUT | URAM|
    +--------------------------+----------------------+---------+-------+-----+-----+-----+
    |heston_kernel_newcud_U1   |heston_kernel_newcud  |        0|      2|  205|  390|    0|
    |heston_kernel_newcud_U2   |heston_kernel_newcud  |        0|      2|  205|  390|    0|
    |heston_kernel_newcud_U8   |heston_kernel_newcud  |        0|      2|  205|  390|    0|
    |heston_kernel_newdEe_U3   |heston_kernel_newdEe  |        0|      0|  233|  592|    0|
    |heston_kernel_neweOg_U4   |heston_kernel_neweOg  |        0|      2|  205|  390|    0|
    |heston_kernel_neweOg_U5   |heston_kernel_neweOg  |        0|      2|  205|  390|    0|
    |heston_kernel_neweOg_U6   |heston_kernel_neweOg  |        0|      2|  205|  390|    0|
    |heston_kernel_neweOg_U7   |heston_kernel_neweOg  |        0|      2|  205|  390|    0|
    |heston_kernel_newfYi_U9   |heston_kernel_newfYi  |        0|      3|  143|  321|    0|
    |heston_kernel_newfYi_U10  |heston_kernel_newfYi  |        0|      3|  143|  321|    0|
    |heston_kernel_newfYi_U11  |heston_kernel_newfYi  |        0|      3|  143|  321|    0|
    |heston_kernel_newfYi_U12  |heston_kernel_newfYi  |        0|      3|  143|  321|    0|
    |heston_kernel_newfYi_U14  |heston_kernel_newfYi  |        0|      3|  143|  321|    0|
    |heston_kernel_newfYi_U15  |heston_kernel_newfYi  |        0|      3|  143|  321|    0|
    |heston_kernel_newg8j_U13  |heston_kernel_newg8j  |        0|      0|  236|  866|    0|
    |heston_kernel_newhbi_U16  |heston_kernel_newhbi  |        0|      0|   66|  239|    0|
    |heston_kernel_newhbi_U17  |heston_kernel_newhbi  |        0|      0|   66|  239|    0|
    |heston_kernel_newhbi_U18  |heston_kernel_newhbi  |        0|      0|   66|  239|    0|
    |heston_kernel_newibs_U19  |heston_kernel_newibs  |        0|      0|  405|  615|    0|
    +--------------------------+----------------------+---------+-------+-----+-----+-----+
    |Total                     |                      |        0|     32| 3365| 7446|    0|
    +--------------------------+----------------------+---------+-------+-----+-----+-----+

    * DSP48E: 
    N/A

    * Memory: 
    +----------+----------------------+---------+---+----+-----+------+-----+------+-------------+
    |  Memory  |        Module        | BRAM_18K| FF| LUT| URAM| Words| Bits| Banks| W*Bits*Banks|
    +----------+----------------------+---------+---+----+-----+------+-----+------+-------------+
    |states_U  |heston_kernel_newbkb  |        2|  0|   0|    0|   512|   65|     1|        33280|
    +----------+----------------------+---------+---+----+-----+------+-----+------+-------------+
    |Total     |                      |        2|  0|   0|    0|   512|   65|     1|        33280|
    +----------+----------------------+---------+---+----+-----+------+-----+------+-------------+

    * FIFO: 
    N/A

    * Expression: 
    +------------------------------------+----------+-------+---+----+------------+------------+
    |            Variable Name           | Operation| DSP48E| FF| LUT| Bitwidth P0| Bitwidth P1|
    +------------------------------------+----------+-------+---+----+------------+------------+
    |add_ln108_fu_469_p2                 |     +    |      0|  0|  48|          41|           1|
    |add_ln145_2_fu_503_p2               |     +    |      0|  0|  39|           2|          32|
    |add_ln145_fu_539_p2                 |     +    |      0|  0|  39|          32|          32|
    |block_fu_832_p2                     |     +    |      0|  0|  39|          32|          10|
    |i_fu_556_p2                         |     +    |      0|  0|  14|          10|           1|
    |step_fu_453_p2                      |     +    |      0|  0|  39|          32|           1|
    |and_ln115_fu_714_p2                 |    and   |      0|  0|   2|           1|           1|
    |and_ln126_fu_631_p2                 |    and   |      0|  0|   2|           1|           1|
    |and_ln141_1_fu_765_p2               |    and   |      0|  0|   2|           1|           1|
    |and_ln141_2_fu_775_p2               |    and   |      0|  0|   2|           1|           1|
    |and_ln141_3_fu_781_p2               |    and   |      0|  0|   2|           1|           1|
    |and_ln141_fu_759_p2                 |    and   |      0|  0|   2|           1|           1|
    |ap_block_pp0_stage0_00001           |    and   |      0|  0|   2|           1|           1|
    |ap_block_state34_io                 |    and   |      0|  0|   2|           1|           1|
    |ap_block_state35_io                 |    and   |      0|  0|   2|           1|           1|
    |ap_predicate_op287_write_state34    |    and   |      0|  0|   2|           1|           1|
    |ap_predicate_op289_write_state35    |    and   |      0|  0|   2|           1|           1|
    |icmp_ln107_fu_442_p2                |   icmp   |      0|  0|  18|          32|          32|
    |icmp_ln108_fu_464_p2                |   icmp   |      0|  0|  24|          41|          41|
    |icmp_ln110_fu_475_p2                |   icmp   |      0|  0|  13|          10|          11|
    |icmp_ln115_1_fu_489_p2              |   icmp   |      0|  0|  18|          32|           1|
    |icmp_ln115_fu_447_p2                |   icmp   |      0|  0|  18|          32|           1|
    |icmp_ln126_1_fu_619_p2              |   icmp   |      0|  0|  18|          23|           1|
    |icmp_ln126_fu_613_p2                |   icmp   |      0|  0|  11|           8|           2|
    |icmp_ln141_1_fu_743_p2              |   icmp   |      0|  0|  18|          23|           1|
    |icmp_ln141_2_fu_661_p2              |   icmp   |      0|  0|  11|           8|           2|
    |icmp_ln141_3_fu_667_p2              |   icmp   |      0|  0|  18|          23|           1|
    |icmp_ln141_4_fu_690_p2              |   icmp   |      0|  0|  11|           8|           2|
    |icmp_ln141_5_fu_696_p2              |   icmp   |      0|  0|  18|          23|           1|
    |icmp_ln141_fu_737_p2                |   icmp   |      0|  0|  11|           8|           2|
    |icmp_ln145_1_fu_545_p2              |   icmp   |      0|  0|  18|          32|          32|
    |icmp_ln145_2_fu_509_p2              |   icmp   |      0|  0|  18|          32|          32|
    |icmp_ln145_fu_459_p2                |   icmp   |      0|  0|  18|          32|          32|
    |icmp_ln149_fu_550_p2                |   icmp   |      0|  0|  18|          32|          14|
    |ap_block_pp0_stage0_11001           |    or    |      0|  0|   2|           1|           1|
    |ap_block_state23_pp0_stage0_iter20  |    or    |      0|  0|   2|           1|           1|
    |n_state_barrier_hit_fu_793_p2       |    or    |      0|  0|   2|           1|           1|
    |or_ln126_fu_625_p2                  |    or    |      0|  0|   2|           1|           1|
    |or_ln141_1_fu_755_p2                |    or    |      0|  0|   2|           1|           1|
    |or_ln141_2_fu_771_p2                |    or    |      0|  0|   2|           1|           1|
    |or_ln141_3_fu_787_p2                |    or    |      0|  0|   2|           1|           1|
    |or_ln141_fu_749_p2                  |    or    |      0|  0|   2|           1|           1|
    |prices_TLAST_int                    |    or    |      0|  0|   2|           1|           1|
    |max_vola_1_fu_637_p3                |  select  |      0|  0|  32|           1|          32|
    |max_vola_fu_590_p3                  |  select  |      0|  0|  32|           1|          32|
    |prices_TDATA_int                    |  select  |      0|  0|  32|           1|          25|
    |select_ln108_fu_522_p3              |  select  |      0|  0|  32|           1|          32|
    |select_ln115_1_fu_481_p3            |  select  |      0|  0|  10|           1|           1|
    |select_ln115_2_fu_495_p3            |  select  |      0|  0|   2|           1|           1|
    |select_ln115_3_fu_514_p3            |  select  |      0|  0|   2|           1|           1|
    |select_ln115_fu_584_p3              |  select  |      0|  0|  32|           1|          32|
    |ap_enable_pp0                       |    xor   |      0|  0|   2|           1|           2|
    |ap_enable_reg_pp0_iter1             |    xor   |      0|  0|   2|           2|           1|
    |xor_ln115_fu_702_p2                 |    xor   |      0|  0|   2|           1|           2|
    +------------------------------------+----------+-------+---+----+------------+------------+
    |Total                               |          |      0|  0| 717|         580|         466|
    +------------------------------------+----------+-------+---+----+------------+------------+

    * Multiplexer: 
    +--------------------------+----+-----------+-----+-----------+
    |           Name           | LUT| Input Size| Bits| Total Bits|
    +--------------------------+----+-----------+-----+-----------+
    |ap_NS_fsm                 |  27|          5|    1|          5|
    |ap_enable_reg_pp0_iter1   |   9|          2|    1|          2|
    |ap_enable_reg_pp0_iter32  |   9|          2|    1|          2|
    |block_0_reg_304           |   9|          2|   32|         64|
    |gaussian_rn1_V_blk_n      |   9|          2|    1|          2|
    |gaussian_rn2_V_blk_n      |   9|          2|    1|          2|
    |i_0_reg_338               |   9|          2|   10|         20|
    |indvar_flatten_reg_316    |   9|          2|   41|         82|
    |prices_TDATA_blk_n        |   9|          2|    1|          2|
    |step_0_reg_327            |   9|          2|   32|         64|
    |tmp_last_V_fu_160         |   9|          2|    1|          2|
    +--------------------------+----+-----------+-----+-----------+
    |Total                     | 117|         25|  122|        247|
    +--------------------------+----+-----------+-----+-----------+

    * Register: 
    +------------------------------+----+----+-----+-----------+
    |             Name             | FF | LUT| Bits| Const Bits|
    +------------------------------+----+----+-----+-----------+
    |ap_CS_fsm                     |   4|   0|    4|          0|
    |ap_enable_reg_pp0_iter0       |   1|   0|    1|          0|
    |ap_enable_reg_pp0_iter1       |   1|   0|    1|          0|
    |ap_enable_reg_pp0_iter10      |   1|   0|    1|          0|
    |ap_enable_reg_pp0_iter11      |   1|   0|    1|          0|
    |ap_enable_reg_pp0_iter12      |   1|   0|    1|          0|
    |ap_enable_reg_pp0_iter13      |   1|   0|    1|          0|
    |ap_enable_reg_pp0_iter14      |   1|   0|    1|          0|
    |ap_enable_reg_pp0_iter15      |   1|   0|    1|          0|
    |ap_enable_reg_pp0_iter16      |   1|   0|    1|          0|
    |ap_enable_reg_pp0_iter17      |   1|   0|    1|          0|
    |ap_enable_reg_pp0_iter18      |   1|   0|    1|          0|
    |ap_enable_reg_pp0_iter19      |   1|   0|    1|          0|
    |ap_enable_reg_pp0_iter2       |   1|   0|    1|          0|
    |ap_enable_reg_pp0_iter20      |   1|   0|    1|          0|
    |ap_enable_reg_pp0_iter21      |   1|   0|    1|          0|
    |ap_enable_reg_pp0_iter22      |   1|   0|    1|          0|
    |ap_enable_reg_pp0_iter23      |   1|   0|    1|          0|
    |ap_enable_reg_pp0_iter24      |   1|   0|    1|          0|
    |ap_enable_reg_pp0_iter25      |   1|   0|    1|          0|
    |ap_enable_reg_pp0_iter26      |   1|   0|    1|          0|
    |ap_enable_reg_pp0_iter27      |   1|   0|    1|          0|
    |ap_enable_reg_pp0_iter28      |   1|   0|    1|          0|
    |ap_enable_reg_pp0_iter29      |   1|   0|    1|          0|
    |ap_enable_reg_pp0_iter3       |   1|   0|    1|          0|
    |ap_enable_reg_pp0_iter30      |   1|   0|    1|          0|
    |ap_enable_reg_pp0_iter31      |   1|   0|    1|          0|
    |ap_enable_reg_pp0_iter32      |   1|   0|    1|          0|
    |ap_enable_reg_pp0_iter4       |   1|   0|    1|          0|
    |ap_enable_reg_pp0_iter5       |   1|   0|    1|          0|
    |ap_enable_reg_pp0_iter6       |   1|   0|    1|          0|
    |ap_enable_reg_pp0_iter7       |   1|   0|    1|          0|
    |ap_enable_reg_pp0_iter8       |   1|   0|    1|          0|
    |ap_enable_reg_pp0_iter9       |   1|   0|    1|          0|
    |barrier_correction_reg_1038   |  32|   0|   32|          0|
    |bitcast_ln141_reg_1109        |  32|   0|   32|          0|
    |block_0_reg_304               |  32|   0|   32|          0|
    |i_0_reg_338                   |  10|   0|   10|          0|
    |icmp_ln108_reg_921            |   1|   0|    1|          0|
    |icmp_ln141_2_reg_1089         |   1|   0|    1|          0|
    |icmp_ln141_3_reg_1094         |   1|   0|    1|          0|
    |icmp_ln141_4_reg_1099         |   1|   0|    1|          0|
    |icmp_ln141_5_reg_1104         |   1|   0|    1|          0|
    |icmp_ln145_1_reg_952          |   1|   0|    1|          0|
    |icmp_ln149_reg_956            |   1|   0|    1|          0|
    |indvar_flatten_reg_316        |  41|   0|   41|          0|
    |max_vola_1_reg_984            |  32|   0|   32|          0|
    |max_vola_reg_976              |  32|   0|   32|          0|
    |n_state_barrier_hit_reg_1114  |   1|   0|    1|          0|
    |n_state_stock_reg_1064        |  32|   0|   32|          0|
    |n_state_vola_reg_1072         |  32|   0|   32|          0|
    |select_ln115_2_reg_930        |   1|   0|    1|          0|
    |select_ln115_3_reg_937        |   1|   0|    1|          0|
    |select_ln115_reg_971          |  32|   0|   32|          0|
    |sqrt_vola_reg_1011            |  32|   0|   32|          0|
    |states_addr_reg_946           |   9|   0|    9|          0|
    |states_load_reg_966           |  65|   0|   65|          0|
    |step_0_reg_327                |  32|   0|   32|          0|
    |tmp_10_reg_1077               |  32|   0|   32|          0|
    |tmp_12_reg_1083               |  32|   0|   32|          0|
    |tmp_1_7_reg_991               |  32|   0|   32|          0|
    |tmp_1_reg_1001                |  32|   0|   32|          0|
    |tmp_2_8_reg_1028              |  32|   0|   32|          0|
    |tmp_2_reg_1018                |  32|   0|   32|          0|
    |tmp_3_reg_1054                |  32|   0|   32|          0|
    |tmp_4_reg_996                 |  32|   0|   32|          0|
    |tmp_5_reg_1006                |  32|   0|   32|          0|
    |tmp_6_reg_1023                |  32|   0|   32|          0|
    |tmp_7_reg_1033                |  32|   0|   32|          0|
    |tmp_8_reg_912                 |  32|   0|   41|          9|
    |tmp_9_reg_1059                |  32|   0|   32|          0|
    |tmp_last_V_fu_160             |   1|   0|    1|          0|
    |barrier_correction_reg_1038   |  64|  32|   32|          0|
    |icmp_ln108_reg_921            |  64|  32|    1|          0|
    |icmp_ln145_1_reg_952          |  64|  32|    1|          0|
    |icmp_ln149_reg_956            |  64|  32|    1|          0|
    |max_vola_reg_976              |  64|  32|   32|          0|
    |n_state_stock_reg_1064        |  64|  32|   32|          0|
    |n_state_vola_reg_1072         |  64|  32|   32|          0|
    |select_ln115_2_reg_930        |  64|  32|    1|          0|
    |select_ln115_3_reg_937        |  64|  32|    1|          0|
    |select_ln115_reg_971          |  64|  32|   32|          0|
    |states_addr_reg_946           |  64|  32|    9|          0|
    |states_load_reg_966           |   5|   2|   65|          0|
    |tmp_2_reg_1018                |  64|  32|   32|          0|
    |tmp_6_reg_1023                |  64|  32|   32|          0|
    +------------------------------+----+----+-----+-----------+
    |Total                         |1746| 418| 1221|          9|
    +------------------------------+----+----+-----+-----------+



================================================================
== Interface
================================================================
* Summary: 
+---------------------------------+-----+-----+------------+---------------------------------+--------------+
|            RTL Ports            | Dir | Bits|  Protocol  |          Source Object          |    C Type    |
+---------------------------------+-----+-----+------------+---------------------------------+--------------+
|ap_clk                           |  in |    1| ap_ctrl_hs |        heston_kernel_new        | return value |
|ap_rst_n                         |  in |    1| ap_ctrl_hs |        heston_kernel_new        | return value |
|ap_start                         |  in |    1| ap_ctrl_hs |        heston_kernel_new        | return value |
|ap_done                          | out |    1| ap_ctrl_hs |        heston_kernel_new        | return value |
|ap_idle                          | out |    1| ap_ctrl_hs |        heston_kernel_new        | return value |
|ap_ready                         | out |    1| ap_ctrl_hs |        heston_kernel_new        | return value |
|log_spot_price                   |  in |   32|   ap_none  |          log_spot_price         |    scalar    |
|reversion_rate_TIMES_step_size   |  in |   32|   ap_none  |  reversion_rate_TIMES_step_size |    scalar    |
|long_term_avg_vola               |  in |   32|   ap_none  |        long_term_avg_vola       |    scalar    |
|vol_of_vol_TIMES_sqrt_step_size  |  in |   32|   ap_none  | vol_of_vol_TIMES_sqrt_step_size |    scalar    |
|double_riskless_rate             |  in |   32|   ap_none  |       double_riskless_rate      |    scalar    |
|vola_0                           |  in |   32|   ap_none  |              vola_0             |    scalar    |
|log_lower_barrier_value          |  in |   32|   ap_none  |     log_lower_barrier_value     |    scalar    |
|log_upper_barrier_value          |  in |   32|   ap_none  |     log_upper_barrier_value     |    scalar    |
|step_cnt                         |  in |   32|   ap_none  |             step_cnt            |    scalar    |
|step_size                        |  in |   32|   ap_none  |            step_size            |    scalar    |
|half_step_size                   |  in |   32|   ap_none  |          half_step_size         |    scalar    |
|sqrt_step_size                   |  in |   32|   ap_none  |          sqrt_step_size         |    scalar    |
|barrier_correction_factor        |  in |   32|   ap_none  |    barrier_correction_factor    |    scalar    |
|path_cnt                         |  in |   32|   ap_none  |             path_cnt            |    scalar    |
|gaussian_rn1_V_dout              |  in |   32|   ap_fifo  |          gaussian_rn1_V         |    pointer   |
|gaussian_rn1_V_empty_n           |  in |    1|   ap_fifo  |          gaussian_rn1_V         |    pointer   |
|gaussian_rn1_V_read              | out |    1|   ap_fifo  |          gaussian_rn1_V         |    pointer   |
|gaussian_rn2_V_dout              |  in |   32|   ap_fifo  |          gaussian_rn2_V         |    pointer   |
|gaussian_rn2_V_empty_n           |  in |    1|   ap_fifo  |          gaussian_rn2_V         |    pointer   |
|gaussian_rn2_V_read              | out |    1|   ap_fifo  |          gaussian_rn2_V         |    pointer   |
|prices_TDATA                     | out |   32|    axis    |          prices_V_data          |    pointer   |
|prices_TVALID                    | out |    1|    axis    |         prices_V_dest_V         |    pointer   |
|prices_TREADY                    |  in |    1|    axis    |         prices_V_dest_V         |    pointer   |
|prices_TDEST                     | out |    1|    axis    |         prices_V_dest_V         |    pointer   |
|prices_TKEEP                     | out |    4|    axis    |         prices_V_keep_V         |    pointer   |
|prices_TSTRB                     | out |    4|    axis    |         prices_V_strb_V         |    pointer   |
|prices_TUSER                     | out |    1|    axis    |         prices_V_user_V         |    pointer   |
|prices_TLAST                     | out |    1|    axis    |         prices_V_last_V         |    pointer   |
|prices_TID                       | out |    1|    axis    |          prices_V_id_V          |    pointer   |
+---------------------------------+-----+-----+------------+---------------------------------+--------------+

