

================================================================
== Vivado HLS Report for 'conv_read'
================================================================
* Date:           Thu Jan 21 20:27:27 2021

* Version:        2019.2 (Build 2704478 on Wed Nov 06 22:10:23 MST 2019)
* Project:        finalwrapup_hls
* Solution:       solution1
* Product family: zynq
* Target device:  xc7z020-clg400-1


================================================================
== Performance Estimates
================================================================
+ Timing: 
    * Summary: 
    +--------+----------+----------+------------+
    |  Clock |  Target  | Estimated| Uncertainty|
    +--------+----------+----------+------------+
    |ap_clk  | 10.00 ns | 3.254 ns |   1.25 ns  |
    +--------+----------+----------+------------+

+ Latency: 
    * Summary: 
    +---------+---------+-----------+----------+-----+-----+---------+
    |  Latency (cycles) |  Latency (absolute)  |  Interval | Pipeline|
    |   min   |   max   |    min    |    max   | min | max |   Type  |
    +---------+---------+-----------+----------+-----+-----+---------+
    |        1|       58| 10.000 ns | 0.580 us |    1|   58|   none  |
    +---------+---------+-----------+----------+-----+-----+---------+

    + Detail: 
        * Instance: 
        N/A

        * Loop: 
        +----------+---------+---------+----------+-----------+-----------+------+----------+
        |          |  Latency (cycles) | Iteration|  Initiation Interval  | Trip |          |
        | Loop Name|   min   |   max   |  Latency |  achieved |   target  | Count| Pipelined|
        +----------+---------+---------+----------+-----------+-----------+------+----------+
        |- Loop 1  |       56|       56|         2|          1|          1|    56|    yes   |
        +----------+---------+---------+----------+-----------+-----------+------+----------+



================================================================
== Utilization Estimates
================================================================
* Summary: 
+-----------------+---------+-------+--------+-------+-----+
|       Name      | BRAM_18K| DSP48E|   FF   |  LUT  | URAM|
+-----------------+---------+-------+--------+-------+-----+
|DSP              |        -|      -|       -|      -|    -|
|Expression       |        -|      -|       0|     73|    -|
|FIFO             |        -|      -|       -|      -|    -|
|Instance         |        -|      -|       -|      -|    -|
|Memory           |        -|      -|       -|      -|    -|
|Multiplexer      |        -|      -|       -|     81|    -|
|Register         |        -|      -|     108|      -|    -|
+-----------------+---------+-------+--------+-------+-----+
|Total            |        0|      0|     108|    154|    0|
+-----------------+---------+-------+--------+-------+-----+
|Available        |      280|    220|  106400|  53200|    0|
+-----------------+---------+-------+--------+-------+-----+
|Utilization (%)  |        0|      0|   ~0   |   ~0  |    0|
+-----------------+---------+-------+--------+-------+-----+

+ Detail: 
    * Instance: 
    N/A

    * DSP48E: 
    N/A

    * Memory: 
    N/A

    * FIFO: 
    N/A

    * Expression: 
    +---------------------------+----------+-------+---+----+------------+------------+
    |       Variable Name       | Operation| DSP48E| FF| LUT| Bitwidth P0| Bitwidth P1|
    +---------------------------+----------+-------+---+----+------------+------------+
    |add_ln199_fu_329_p2        |     +    |      0|  0|  39|          32|           6|
    |j_fu_341_p2                |     +    |      0|  0|  15|           6|           1|
    |ap_block_pp0_stage0_11001  |    and   |      0|  0|   2|           1|           1|
    |ap_block_state3_io         |    and   |      0|  0|   2|           1|           1|
    |icmp_ln199_fu_335_p2       |   icmp   |      0|  0|  11|           6|           5|
    |ap_enable_pp0              |    xor   |      0|  0|   2|           1|           2|
    |ap_enable_reg_pp0_iter1    |    xor   |      0|  0|   2|           2|           1|
    +---------------------------+----------+-------+---+----+------------+------------+
    |Total                      |          |      0|  0|  73|          49|          17|
    +---------------------------+----------+-------+---+----+------------+------------+

    * Multiplexer: 
    +-----------------------------------------+----+-----------+-----+-----------+
    |                   Name                  | LUT| Input Size| Bits| Total Bits|
    +-----------------------------------------+----+-----------+-----+-----------+
    |ap_NS_fsm                                |  21|          4|    1|          4|
    |ap_enable_reg_pp0_iter1                  |  15|          3|    1|          3|
    |ap_phi_mux_cofm_counter_1_phi_fu_323_p4  |   9|          2|   32|         64|
    |ap_return                                |   9|          2|   32|         64|
    |cofm_TDATA_blk_n                         |   9|          2|    1|          2|
    |cofm_counter_1_reg_320                   |   9|          2|   32|         64|
    |j_0_reg_309                              |   9|          2|    6|         12|
    +-----------------------------------------+----+-----------+-----+-----------+
    |Total                                    |  81|         17|  105|        213|
    +-----------------------------------------+----+-----------+-----+-----------+

    * Register: 
    +-------------------------+----+----+-----+-----------+
    |           Name          | FF | LUT| Bits| Const Bits|
    +-------------------------+----+----+-----+-----------+
    |add_ln199_reg_477        |  32|   0|   32|          0|
    |ap_CS_fsm                |   3|   0|    3|          0|
    |ap_enable_reg_pp0_iter0  |   1|   0|    1|          0|
    |ap_enable_reg_pp0_iter1  |   1|   0|    1|          0|
    |ap_return_preg           |  32|   0|   32|          0|
    |cofm_counter_1_reg_320   |  32|   0|   32|          0|
    |icmp_ln199_reg_482       |   1|   0|    1|          0|
    |j_0_reg_309              |   6|   0|    6|          0|
    +-------------------------+----+----+-----+-----------+
    |Total                    | 108|   0|  108|          0|
    +-------------------------+----+----+-----+-----------+



================================================================
== Interface
================================================================
* Summary: 
+-----------------------+-----+-----+------------+-------------------+--------------+
|       RTL Ports       | Dir | Bits|  Protocol  |   Source Object   |    C Type    |
+-----------------------+-----+-----+------------+-------------------+--------------+
|ap_clk                 |  in |    1| ap_ctrl_hs |     conv_read     | return value |
|ap_rst                 |  in |    1| ap_ctrl_hs |     conv_read     | return value |
|ap_start               |  in |    1| ap_ctrl_hs |     conv_read     | return value |
|ap_done                | out |    1| ap_ctrl_hs |     conv_read     | return value |
|ap_idle                | out |    1| ap_ctrl_hs |     conv_read     | return value |
|ap_ready               | out |    1| ap_ctrl_hs |     conv_read     | return value |
|ap_return              | out |   32| ap_ctrl_hs |     conv_read     | return value |
|cofm_TDATA             | out |  512|    axis    |        cofm       |    pointer   |
|cofm_TVALID            | out |    1|    axis    |        cofm       |    pointer   |
|cofm_TREADY            |  in |    1|    axis    |        cofm       |    pointer   |
|ofm_buff0_0_address0   | out |    6|  ap_memory |    ofm_buff0_0    |     array    |
|ofm_buff0_0_ce0        | out |    1|  ap_memory |    ofm_buff0_0    |     array    |
|ofm_buff0_0_q0         |  in |   32|  ap_memory |    ofm_buff0_0    |     array    |
|ofm_buff0_1_address0   | out |    6|  ap_memory |    ofm_buff0_1    |     array    |
|ofm_buff0_1_ce0        | out |    1|  ap_memory |    ofm_buff0_1    |     array    |
|ofm_buff0_1_q0         |  in |   32|  ap_memory |    ofm_buff0_1    |     array    |
|ofm_buff0_2_address0   | out |    6|  ap_memory |    ofm_buff0_2    |     array    |
|ofm_buff0_2_ce0        | out |    1|  ap_memory |    ofm_buff0_2    |     array    |
|ofm_buff0_2_q0         |  in |   32|  ap_memory |    ofm_buff0_2    |     array    |
|ofm_buff0_3_address0   | out |    6|  ap_memory |    ofm_buff0_3    |     array    |
|ofm_buff0_3_ce0        | out |    1|  ap_memory |    ofm_buff0_3    |     array    |
|ofm_buff0_3_q0         |  in |   32|  ap_memory |    ofm_buff0_3    |     array    |
|ofm_buff0_4_address0   | out |    6|  ap_memory |    ofm_buff0_4    |     array    |
|ofm_buff0_4_ce0        | out |    1|  ap_memory |    ofm_buff0_4    |     array    |
|ofm_buff0_4_q0         |  in |   32|  ap_memory |    ofm_buff0_4    |     array    |
|ofm_buff0_5_address0   | out |    6|  ap_memory |    ofm_buff0_5    |     array    |
|ofm_buff0_5_ce0        | out |    1|  ap_memory |    ofm_buff0_5    |     array    |
|ofm_buff0_5_q0         |  in |   32|  ap_memory |    ofm_buff0_5    |     array    |
|ofm_buff0_6_address0   | out |    6|  ap_memory |    ofm_buff0_6    |     array    |
|ofm_buff0_6_ce0        | out |    1|  ap_memory |    ofm_buff0_6    |     array    |
|ofm_buff0_6_q0         |  in |   32|  ap_memory |    ofm_buff0_6    |     array    |
|ofm_buff0_7_address0   | out |    6|  ap_memory |    ofm_buff0_7    |     array    |
|ofm_buff0_7_ce0        | out |    1|  ap_memory |    ofm_buff0_7    |     array    |
|ofm_buff0_7_q0         |  in |   32|  ap_memory |    ofm_buff0_7    |     array    |
|ofm_buff0_8_address0   | out |    6|  ap_memory |    ofm_buff0_8    |     array    |
|ofm_buff0_8_ce0        | out |    1|  ap_memory |    ofm_buff0_8    |     array    |
|ofm_buff0_8_q0         |  in |   32|  ap_memory |    ofm_buff0_8    |     array    |
|ofm_buff0_9_address0   | out |    6|  ap_memory |    ofm_buff0_9    |     array    |
|ofm_buff0_9_ce0        | out |    1|  ap_memory |    ofm_buff0_9    |     array    |
|ofm_buff0_9_q0         |  in |   32|  ap_memory |    ofm_buff0_9    |     array    |
|ofm_buff0_10_address0  | out |    6|  ap_memory |    ofm_buff0_10   |     array    |
|ofm_buff0_10_ce0       | out |    1|  ap_memory |    ofm_buff0_10   |     array    |
|ofm_buff0_10_q0        |  in |   32|  ap_memory |    ofm_buff0_10   |     array    |
|ofm_buff0_11_address0  | out |    6|  ap_memory |    ofm_buff0_11   |     array    |
|ofm_buff0_11_ce0       | out |    1|  ap_memory |    ofm_buff0_11   |     array    |
|ofm_buff0_11_q0        |  in |   32|  ap_memory |    ofm_buff0_11   |     array    |
|ofm_buff0_12_address0  | out |    6|  ap_memory |    ofm_buff0_12   |     array    |
|ofm_buff0_12_ce0       | out |    1|  ap_memory |    ofm_buff0_12   |     array    |
|ofm_buff0_12_q0        |  in |   32|  ap_memory |    ofm_buff0_12   |     array    |
|ofm_buff0_13_address0  | out |    6|  ap_memory |    ofm_buff0_13   |     array    |
|ofm_buff0_13_ce0       | out |    1|  ap_memory |    ofm_buff0_13   |     array    |
|ofm_buff0_13_q0        |  in |   32|  ap_memory |    ofm_buff0_13   |     array    |
|ofm_buff0_14_address0  | out |    6|  ap_memory |    ofm_buff0_14   |     array    |
|ofm_buff0_14_ce0       | out |    1|  ap_memory |    ofm_buff0_14   |     array    |
|ofm_buff0_14_q0        |  in |   32|  ap_memory |    ofm_buff0_14   |     array    |
|ofm_buff0_15_address0  | out |    6|  ap_memory |    ofm_buff0_15   |     array    |
|ofm_buff0_15_ce0       | out |    1|  ap_memory |    ofm_buff0_15   |     array    |
|ofm_buff0_15_q0        |  in |   32|  ap_memory |    ofm_buff0_15   |     array    |
|cofm_counter_read      |  in |   32|   ap_none  | cofm_counter_read |    scalar    |
|enable                 |  in |    1|   ap_none  |       enable      |    scalar    |
+-----------------------+-----+-----+------------+-------------------+--------------+

