

================================================================
== Vivado HLS Report for 'load_filter_buffer'
================================================================
* Date:           Thu Jan 21 20:27:31 2021

* Version:        2019.2 (Build 2704478 on Wed Nov 06 22:10:23 MST 2019)
* Project:        finalwrapup_hls
* Solution:       solution1
* Product family: zynq
* Target device:  xc7z020-clg400-1


================================================================
== Performance Estimates
================================================================
+ Timing: 
    * Summary: 
    +--------+----------+----------+------------+
    |  Clock |  Target  | Estimated| Uncertainty|
    +--------+----------+----------+------------+
    |ap_clk  | 10.00 ns | 5.317 ns |   1.25 ns  |
    +--------+----------+----------+------------+

+ Latency: 
    * Summary: 
    +---------+---------+----------+----------+-----+-----+---------+
    |  Latency (cycles) |  Latency (absolute) |  Interval | Pipeline|
    |   min   |   max   |    min   |    max   | min | max |   Type  |
    +---------+---------+----------+----------+-----+-----+---------+
    |      258|      258| 2.580 us | 2.580 us |  258|  258|   none  |
    +---------+---------+----------+----------+-----+-----+---------+

    + Detail: 
        * Instance: 
        N/A

        * Loop: 
        +----------+---------+---------+----------+-----------+-----------+------+----------+
        |          |  Latency (cycles) | Iteration|  Initiation Interval  | Trip |          |
        | Loop Name|   min   |   max   |  Latency |  achieved |   target  | Count| Pipelined|
        +----------+---------+---------+----------+-----------+-----------+------+----------+
        |- Loop 1  |      256|      256|         1|          1|          1|   256|    yes   |
        +----------+---------+---------+----------+-----------+-----------+------+----------+



================================================================
== Utilization Estimates
================================================================
* Summary: 
+-----------------+---------+-------+--------+-------+-----+
|       Name      | BRAM_18K| DSP48E|   FF   |  LUT  | URAM|
+-----------------+---------+-------+--------+-------+-----+
|DSP              |        -|      -|       -|      -|    -|
|Expression       |        -|      -|       0|     81|    -|
|FIFO             |        -|      -|       -|      -|    -|
|Instance         |        -|      -|       -|      -|    -|
|Memory           |        -|      -|       -|      -|    -|
|Multiplexer      |        -|      -|       -|     57|    -|
|Register         |        -|      -|      22|      -|    -|
+-----------------+---------+-------+--------+-------+-----+
|Total            |        0|      0|      22|    138|    0|
+-----------------+---------+-------+--------+-------+-----+
|Available        |      280|    220|  106400|  53200|    0|
+-----------------+---------+-------+--------+-------+-----+
|Utilization (%)  |        0|      0|   ~0   |   ~0  |    0|
+-----------------+---------+-------+--------+-------+-----+

+ Detail: 
    * Instance: 
    N/A

    * DSP48E: 
    N/A

    * Memory: 
    N/A

    * FIFO: 
    N/A

    * Expression: 
    +---------------------------+----------+-------+---+----+------------+------------+
    |       Variable Name       | Operation| DSP48E| FF| LUT| Bitwidth P0| Bitwidth P1|
    +---------------------------+----------+-------+---+----+------------+------------+
    |add_ln92_1_fu_2333_p2      |     +    |      0|  0|  15|           1|           5|
    |add_ln92_fu_2313_p2        |     +    |      0|  0|  15|           9|           1|
    |n_fu_2763_p2               |     +    |      0|  0|  15|           5|           1|
    |ap_block_state2            |    and   |      0|  0|   2|           1|           1|
    |icmp_ln92_fu_2307_p2       |   icmp   |      0|  0|  13|           9|          10|
    |icmp_ln94_fu_2319_p2       |   icmp   |      0|  0|  11|           5|           6|
    |select_ln107_1_fu_2339_p3  |  select  |      0|  0|   5|           1|           5|
    |select_ln107_fu_2325_p3    |  select  |      0|  0|   5|           1|           1|
    +---------------------------+----------+-------+---+----+------------+------------+
    |Total                      |          |      0|  0|  81|          32|          30|
    +---------------------------+----------+-------+---+----+------------+------------+

    * Multiplexer: 
    +-------------------------+----+-----------+-----+-----------+
    |           Name          | LUT| Input Size| Bits| Total Bits|
    +-------------------------+----+-----------+-----+-----------+
    |ap_NS_fsm                |  21|          4|    1|          4|
    |indvar_flatten_reg_2274  |   9|          2|    9|         18|
    |m_0_reg_2285             |   9|          2|    5|         10|
    |n_0_reg_2296             |   9|          2|    5|         10|
    |wgt_TDATA_blk_n          |   9|          2|    1|          2|
    +-------------------------+----+-----------+-----+-----------+
    |Total                    |  57|         12|   21|         44|
    +-------------------------+----+-----------+-----+-----------+

    * Register: 
    +-------------------------+---+----+-----+-----------+
    |           Name          | FF| LUT| Bits| Const Bits|
    +-------------------------+---+----+-----+-----------+
    |ap_CS_fsm                |  3|   0|    3|          0|
    |indvar_flatten_reg_2274  |  9|   0|    9|          0|
    |m_0_reg_2285             |  5|   0|    5|          0|
    |n_0_reg_2296             |  5|   0|    5|          0|
    +-------------------------+---+----+-----+-----------+
    |Total                    | 22|   0|   22|          0|
    +-------------------------+---+----+-----+-----------+



================================================================
== Interface
================================================================
* Summary: 
+-----------------------------+-----+-----+------------+--------------------+--------------+
|          RTL Ports          | Dir | Bits|  Protocol  |    Source Object   |    C Type    |
+-----------------------------+-----+-----+------------+--------------------+--------------+
|ap_clk                       |  in |    1| ap_ctrl_hs | load_filter_buffer | return value |
|ap_rst                       |  in |    1| ap_ctrl_hs | load_filter_buffer | return value |
|ap_start                     |  in |    1| ap_ctrl_hs | load_filter_buffer | return value |
|ap_done                      | out |    1| ap_ctrl_hs | load_filter_buffer | return value |
|ap_idle                      | out |    1| ap_ctrl_hs | load_filter_buffer | return value |
|ap_ready                     | out |    1| ap_ctrl_hs | load_filter_buffer | return value |
|wgt_TDATA                    |  in |  512|    axis    |         wgt        |    pointer   |
|wgt_TVALID                   |  in |    1|    axis    |         wgt        |    pointer   |
|wgt_TREADY                   | out |    1|    axis    |         wgt        |    pointer   |
|filter_buff_0_0_0_address0   | out |    4|  ap_memory |  filter_buff_0_0_0 |     array    |
|filter_buff_0_0_0_ce0        | out |    1|  ap_memory |  filter_buff_0_0_0 |     array    |
|filter_buff_0_0_0_we0        | out |    1|  ap_memory |  filter_buff_0_0_0 |     array    |
|filter_buff_0_0_0_d0         | out |   32|  ap_memory |  filter_buff_0_0_0 |     array    |
|filter_buff_0_0_1_address0   | out |    4|  ap_memory |  filter_buff_0_0_1 |     array    |
|filter_buff_0_0_1_ce0        | out |    1|  ap_memory |  filter_buff_0_0_1 |     array    |
|filter_buff_0_0_1_we0        | out |    1|  ap_memory |  filter_buff_0_0_1 |     array    |
|filter_buff_0_0_1_d0         | out |   32|  ap_memory |  filter_buff_0_0_1 |     array    |
|filter_buff_0_0_2_address0   | out |    4|  ap_memory |  filter_buff_0_0_2 |     array    |
|filter_buff_0_0_2_ce0        | out |    1|  ap_memory |  filter_buff_0_0_2 |     array    |
|filter_buff_0_0_2_we0        | out |    1|  ap_memory |  filter_buff_0_0_2 |     array    |
|filter_buff_0_0_2_d0         | out |   32|  ap_memory |  filter_buff_0_0_2 |     array    |
|filter_buff_0_1_0_address0   | out |    4|  ap_memory |  filter_buff_0_1_0 |     array    |
|filter_buff_0_1_0_ce0        | out |    1|  ap_memory |  filter_buff_0_1_0 |     array    |
|filter_buff_0_1_0_we0        | out |    1|  ap_memory |  filter_buff_0_1_0 |     array    |
|filter_buff_0_1_0_d0         | out |   32|  ap_memory |  filter_buff_0_1_0 |     array    |
|filter_buff_0_1_1_address0   | out |    4|  ap_memory |  filter_buff_0_1_1 |     array    |
|filter_buff_0_1_1_ce0        | out |    1|  ap_memory |  filter_buff_0_1_1 |     array    |
|filter_buff_0_1_1_we0        | out |    1|  ap_memory |  filter_buff_0_1_1 |     array    |
|filter_buff_0_1_1_d0         | out |   32|  ap_memory |  filter_buff_0_1_1 |     array    |
|filter_buff_0_1_2_address0   | out |    4|  ap_memory |  filter_buff_0_1_2 |     array    |
|filter_buff_0_1_2_ce0        | out |    1|  ap_memory |  filter_buff_0_1_2 |     array    |
|filter_buff_0_1_2_we0        | out |    1|  ap_memory |  filter_buff_0_1_2 |     array    |
|filter_buff_0_1_2_d0         | out |   32|  ap_memory |  filter_buff_0_1_2 |     array    |
|filter_buff_0_2_0_address0   | out |    4|  ap_memory |  filter_buff_0_2_0 |     array    |
|filter_buff_0_2_0_ce0        | out |    1|  ap_memory |  filter_buff_0_2_0 |     array    |
|filter_buff_0_2_0_we0        | out |    1|  ap_memory |  filter_buff_0_2_0 |     array    |
|filter_buff_0_2_0_d0         | out |   32|  ap_memory |  filter_buff_0_2_0 |     array    |
|filter_buff_0_2_1_address0   | out |    4|  ap_memory |  filter_buff_0_2_1 |     array    |
|filter_buff_0_2_1_ce0        | out |    1|  ap_memory |  filter_buff_0_2_1 |     array    |
|filter_buff_0_2_1_we0        | out |    1|  ap_memory |  filter_buff_0_2_1 |     array    |
|filter_buff_0_2_1_d0         | out |   32|  ap_memory |  filter_buff_0_2_1 |     array    |
|filter_buff_0_2_2_address0   | out |    4|  ap_memory |  filter_buff_0_2_2 |     array    |
|filter_buff_0_2_2_ce0        | out |    1|  ap_memory |  filter_buff_0_2_2 |     array    |
|filter_buff_0_2_2_we0        | out |    1|  ap_memory |  filter_buff_0_2_2 |     array    |
|filter_buff_0_2_2_d0         | out |   32|  ap_memory |  filter_buff_0_2_2 |     array    |
|filter_buff_1_0_0_address0   | out |    4|  ap_memory |  filter_buff_1_0_0 |     array    |
|filter_buff_1_0_0_ce0        | out |    1|  ap_memory |  filter_buff_1_0_0 |     array    |
|filter_buff_1_0_0_we0        | out |    1|  ap_memory |  filter_buff_1_0_0 |     array    |
|filter_buff_1_0_0_d0         | out |   32|  ap_memory |  filter_buff_1_0_0 |     array    |
|filter_buff_1_0_1_address0   | out |    4|  ap_memory |  filter_buff_1_0_1 |     array    |
|filter_buff_1_0_1_ce0        | out |    1|  ap_memory |  filter_buff_1_0_1 |     array    |
|filter_buff_1_0_1_we0        | out |    1|  ap_memory |  filter_buff_1_0_1 |     array    |
|filter_buff_1_0_1_d0         | out |   32|  ap_memory |  filter_buff_1_0_1 |     array    |
|filter_buff_1_0_2_address0   | out |    4|  ap_memory |  filter_buff_1_0_2 |     array    |
|filter_buff_1_0_2_ce0        | out |    1|  ap_memory |  filter_buff_1_0_2 |     array    |
|filter_buff_1_0_2_we0        | out |    1|  ap_memory |  filter_buff_1_0_2 |     array    |
|filter_buff_1_0_2_d0         | out |   32|  ap_memory |  filter_buff_1_0_2 |     array    |
|filter_buff_1_1_0_address0   | out |    4|  ap_memory |  filter_buff_1_1_0 |     array    |
|filter_buff_1_1_0_ce0        | out |    1|  ap_memory |  filter_buff_1_1_0 |     array    |
|filter_buff_1_1_0_we0        | out |    1|  ap_memory |  filter_buff_1_1_0 |     array    |
|filter_buff_1_1_0_d0         | out |   32|  ap_memory |  filter_buff_1_1_0 |     array    |
|filter_buff_1_1_1_address0   | out |    4|  ap_memory |  filter_buff_1_1_1 |     array    |
|filter_buff_1_1_1_ce0        | out |    1|  ap_memory |  filter_buff_1_1_1 |     array    |
|filter_buff_1_1_1_we0        | out |    1|  ap_memory |  filter_buff_1_1_1 |     array    |
|filter_buff_1_1_1_d0         | out |   32|  ap_memory |  filter_buff_1_1_1 |     array    |
|filter_buff_1_1_2_address0   | out |    4|  ap_memory |  filter_buff_1_1_2 |     array    |
|filter_buff_1_1_2_ce0        | out |    1|  ap_memory |  filter_buff_1_1_2 |     array    |
|filter_buff_1_1_2_we0        | out |    1|  ap_memory |  filter_buff_1_1_2 |     array    |
|filter_buff_1_1_2_d0         | out |   32|  ap_memory |  filter_buff_1_1_2 |     array    |
|filter_buff_1_2_0_address0   | out |    4|  ap_memory |  filter_buff_1_2_0 |     array    |
|filter_buff_1_2_0_ce0        | out |    1|  ap_memory |  filter_buff_1_2_0 |     array    |
|filter_buff_1_2_0_we0        | out |    1|  ap_memory |  filter_buff_1_2_0 |     array    |
|filter_buff_1_2_0_d0         | out |   32|  ap_memory |  filter_buff_1_2_0 |     array    |
|filter_buff_1_2_1_address0   | out |    4|  ap_memory |  filter_buff_1_2_1 |     array    |
|filter_buff_1_2_1_ce0        | out |    1|  ap_memory |  filter_buff_1_2_1 |     array    |
|filter_buff_1_2_1_we0        | out |    1|  ap_memory |  filter_buff_1_2_1 |     array    |
|filter_buff_1_2_1_d0         | out |   32|  ap_memory |  filter_buff_1_2_1 |     array    |
|filter_buff_1_2_2_address0   | out |    4|  ap_memory |  filter_buff_1_2_2 |     array    |
|filter_buff_1_2_2_ce0        | out |    1|  ap_memory |  filter_buff_1_2_2 |     array    |
|filter_buff_1_2_2_we0        | out |    1|  ap_memory |  filter_buff_1_2_2 |     array    |
|filter_buff_1_2_2_d0         | out |   32|  ap_memory |  filter_buff_1_2_2 |     array    |
|filter_buff_2_0_0_address0   | out |    4|  ap_memory |  filter_buff_2_0_0 |     array    |
|filter_buff_2_0_0_ce0        | out |    1|  ap_memory |  filter_buff_2_0_0 |     array    |
|filter_buff_2_0_0_we0        | out |    1|  ap_memory |  filter_buff_2_0_0 |     array    |
|filter_buff_2_0_0_d0         | out |   32|  ap_memory |  filter_buff_2_0_0 |     array    |
|filter_buff_2_0_1_address0   | out |    4|  ap_memory |  filter_buff_2_0_1 |     array    |
|filter_buff_2_0_1_ce0        | out |    1|  ap_memory |  filter_buff_2_0_1 |     array    |
|filter_buff_2_0_1_we0        | out |    1|  ap_memory |  filter_buff_2_0_1 |     array    |
|filter_buff_2_0_1_d0         | out |   32|  ap_memory |  filter_buff_2_0_1 |     array    |
|filter_buff_2_0_2_address0   | out |    4|  ap_memory |  filter_buff_2_0_2 |     array    |
|filter_buff_2_0_2_ce0        | out |    1|  ap_memory |  filter_buff_2_0_2 |     array    |
|filter_buff_2_0_2_we0        | out |    1|  ap_memory |  filter_buff_2_0_2 |     array    |
|filter_buff_2_0_2_d0         | out |   32|  ap_memory |  filter_buff_2_0_2 |     array    |
|filter_buff_2_1_0_address0   | out |    4|  ap_memory |  filter_buff_2_1_0 |     array    |
|filter_buff_2_1_0_ce0        | out |    1|  ap_memory |  filter_buff_2_1_0 |     array    |
|filter_buff_2_1_0_we0        | out |    1|  ap_memory |  filter_buff_2_1_0 |     array    |
|filter_buff_2_1_0_d0         | out |   32|  ap_memory |  filter_buff_2_1_0 |     array    |
|filter_buff_2_1_1_address0   | out |    4|  ap_memory |  filter_buff_2_1_1 |     array    |
|filter_buff_2_1_1_ce0        | out |    1|  ap_memory |  filter_buff_2_1_1 |     array    |
|filter_buff_2_1_1_we0        | out |    1|  ap_memory |  filter_buff_2_1_1 |     array    |
|filter_buff_2_1_1_d0         | out |   32|  ap_memory |  filter_buff_2_1_1 |     array    |
|filter_buff_2_1_2_address0   | out |    4|  ap_memory |  filter_buff_2_1_2 |     array    |
|filter_buff_2_1_2_ce0        | out |    1|  ap_memory |  filter_buff_2_1_2 |     array    |
|filter_buff_2_1_2_we0        | out |    1|  ap_memory |  filter_buff_2_1_2 |     array    |
|filter_buff_2_1_2_d0         | out |   32|  ap_memory |  filter_buff_2_1_2 |     array    |
|filter_buff_2_2_0_address0   | out |    4|  ap_memory |  filter_buff_2_2_0 |     array    |
|filter_buff_2_2_0_ce0        | out |    1|  ap_memory |  filter_buff_2_2_0 |     array    |
|filter_buff_2_2_0_we0        | out |    1|  ap_memory |  filter_buff_2_2_0 |     array    |
|filter_buff_2_2_0_d0         | out |   32|  ap_memory |  filter_buff_2_2_0 |     array    |
|filter_buff_2_2_1_address0   | out |    4|  ap_memory |  filter_buff_2_2_1 |     array    |
|filter_buff_2_2_1_ce0        | out |    1|  ap_memory |  filter_buff_2_2_1 |     array    |
|filter_buff_2_2_1_we0        | out |    1|  ap_memory |  filter_buff_2_2_1 |     array    |
|filter_buff_2_2_1_d0         | out |   32|  ap_memory |  filter_buff_2_2_1 |     array    |
|filter_buff_2_2_2_address0   | out |    4|  ap_memory |  filter_buff_2_2_2 |     array    |
|filter_buff_2_2_2_ce0        | out |    1|  ap_memory |  filter_buff_2_2_2 |     array    |
|filter_buff_2_2_2_we0        | out |    1|  ap_memory |  filter_buff_2_2_2 |     array    |
|filter_buff_2_2_2_d0         | out |   32|  ap_memory |  filter_buff_2_2_2 |     array    |
|filter_buff_3_0_0_address0   | out |    4|  ap_memory |  filter_buff_3_0_0 |     array    |
|filter_buff_3_0_0_ce0        | out |    1|  ap_memory |  filter_buff_3_0_0 |     array    |
|filter_buff_3_0_0_we0        | out |    1|  ap_memory |  filter_buff_3_0_0 |     array    |
|filter_buff_3_0_0_d0         | out |   32|  ap_memory |  filter_buff_3_0_0 |     array    |
|filter_buff_3_0_1_address0   | out |    4|  ap_memory |  filter_buff_3_0_1 |     array    |
|filter_buff_3_0_1_ce0        | out |    1|  ap_memory |  filter_buff_3_0_1 |     array    |
|filter_buff_3_0_1_we0        | out |    1|  ap_memory |  filter_buff_3_0_1 |     array    |
|filter_buff_3_0_1_d0         | out |   32|  ap_memory |  filter_buff_3_0_1 |     array    |
|filter_buff_3_0_2_address0   | out |    4|  ap_memory |  filter_buff_3_0_2 |     array    |
|filter_buff_3_0_2_ce0        | out |    1|  ap_memory |  filter_buff_3_0_2 |     array    |
|filter_buff_3_0_2_we0        | out |    1|  ap_memory |  filter_buff_3_0_2 |     array    |
|filter_buff_3_0_2_d0         | out |   32|  ap_memory |  filter_buff_3_0_2 |     array    |
|filter_buff_3_1_0_address0   | out |    4|  ap_memory |  filter_buff_3_1_0 |     array    |
|filter_buff_3_1_0_ce0        | out |    1|  ap_memory |  filter_buff_3_1_0 |     array    |
|filter_buff_3_1_0_we0        | out |    1|  ap_memory |  filter_buff_3_1_0 |     array    |
|filter_buff_3_1_0_d0         | out |   32|  ap_memory |  filter_buff_3_1_0 |     array    |
|filter_buff_3_1_1_address0   | out |    4|  ap_memory |  filter_buff_3_1_1 |     array    |
|filter_buff_3_1_1_ce0        | out |    1|  ap_memory |  filter_buff_3_1_1 |     array    |
|filter_buff_3_1_1_we0        | out |    1|  ap_memory |  filter_buff_3_1_1 |     array    |
|filter_buff_3_1_1_d0         | out |   32|  ap_memory |  filter_buff_3_1_1 |     array    |
|filter_buff_3_1_2_address0   | out |    4|  ap_memory |  filter_buff_3_1_2 |     array    |
|filter_buff_3_1_2_ce0        | out |    1|  ap_memory |  filter_buff_3_1_2 |     array    |
|filter_buff_3_1_2_we0        | out |    1|  ap_memory |  filter_buff_3_1_2 |     array    |
|filter_buff_3_1_2_d0         | out |   32|  ap_memory |  filter_buff_3_1_2 |     array    |
|filter_buff_3_2_0_address0   | out |    4|  ap_memory |  filter_buff_3_2_0 |     array    |
|filter_buff_3_2_0_ce0        | out |    1|  ap_memory |  filter_buff_3_2_0 |     array    |
|filter_buff_3_2_0_we0        | out |    1|  ap_memory |  filter_buff_3_2_0 |     array    |
|filter_buff_3_2_0_d0         | out |   32|  ap_memory |  filter_buff_3_2_0 |     array    |
|filter_buff_3_2_1_address0   | out |    4|  ap_memory |  filter_buff_3_2_1 |     array    |
|filter_buff_3_2_1_ce0        | out |    1|  ap_memory |  filter_buff_3_2_1 |     array    |
|filter_buff_3_2_1_we0        | out |    1|  ap_memory |  filter_buff_3_2_1 |     array    |
|filter_buff_3_2_1_d0         | out |   32|  ap_memory |  filter_buff_3_2_1 |     array    |
|filter_buff_3_2_2_address0   | out |    4|  ap_memory |  filter_buff_3_2_2 |     array    |
|filter_buff_3_2_2_ce0        | out |    1|  ap_memory |  filter_buff_3_2_2 |     array    |
|filter_buff_3_2_2_we0        | out |    1|  ap_memory |  filter_buff_3_2_2 |     array    |
|filter_buff_3_2_2_d0         | out |   32|  ap_memory |  filter_buff_3_2_2 |     array    |
|filter_buff_4_0_0_address0   | out |    4|  ap_memory |  filter_buff_4_0_0 |     array    |
|filter_buff_4_0_0_ce0        | out |    1|  ap_memory |  filter_buff_4_0_0 |     array    |
|filter_buff_4_0_0_we0        | out |    1|  ap_memory |  filter_buff_4_0_0 |     array    |
|filter_buff_4_0_0_d0         | out |   32|  ap_memory |  filter_buff_4_0_0 |     array    |
|filter_buff_4_0_1_address0   | out |    4|  ap_memory |  filter_buff_4_0_1 |     array    |
|filter_buff_4_0_1_ce0        | out |    1|  ap_memory |  filter_buff_4_0_1 |     array    |
|filter_buff_4_0_1_we0        | out |    1|  ap_memory |  filter_buff_4_0_1 |     array    |
|filter_buff_4_0_1_d0         | out |   32|  ap_memory |  filter_buff_4_0_1 |     array    |
|filter_buff_4_0_2_address0   | out |    4|  ap_memory |  filter_buff_4_0_2 |     array    |
|filter_buff_4_0_2_ce0        | out |    1|  ap_memory |  filter_buff_4_0_2 |     array    |
|filter_buff_4_0_2_we0        | out |    1|  ap_memory |  filter_buff_4_0_2 |     array    |
|filter_buff_4_0_2_d0         | out |   32|  ap_memory |  filter_buff_4_0_2 |     array    |
|filter_buff_4_1_0_address0   | out |    4|  ap_memory |  filter_buff_4_1_0 |     array    |
|filter_buff_4_1_0_ce0        | out |    1|  ap_memory |  filter_buff_4_1_0 |     array    |
|filter_buff_4_1_0_we0        | out |    1|  ap_memory |  filter_buff_4_1_0 |     array    |
|filter_buff_4_1_0_d0         | out |   32|  ap_memory |  filter_buff_4_1_0 |     array    |
|filter_buff_4_1_1_address0   | out |    4|  ap_memory |  filter_buff_4_1_1 |     array    |
|filter_buff_4_1_1_ce0        | out |    1|  ap_memory |  filter_buff_4_1_1 |     array    |
|filter_buff_4_1_1_we0        | out |    1|  ap_memory |  filter_buff_4_1_1 |     array    |
|filter_buff_4_1_1_d0         | out |   32|  ap_memory |  filter_buff_4_1_1 |     array    |
|filter_buff_4_1_2_address0   | out |    4|  ap_memory |  filter_buff_4_1_2 |     array    |
|filter_buff_4_1_2_ce0        | out |    1|  ap_memory |  filter_buff_4_1_2 |     array    |
|filter_buff_4_1_2_we0        | out |    1|  ap_memory |  filter_buff_4_1_2 |     array    |
|filter_buff_4_1_2_d0         | out |   32|  ap_memory |  filter_buff_4_1_2 |     array    |
|filter_buff_4_2_0_address0   | out |    4|  ap_memory |  filter_buff_4_2_0 |     array    |
|filter_buff_4_2_0_ce0        | out |    1|  ap_memory |  filter_buff_4_2_0 |     array    |
|filter_buff_4_2_0_we0        | out |    1|  ap_memory |  filter_buff_4_2_0 |     array    |
|filter_buff_4_2_0_d0         | out |   32|  ap_memory |  filter_buff_4_2_0 |     array    |
|filter_buff_4_2_1_address0   | out |    4|  ap_memory |  filter_buff_4_2_1 |     array    |
|filter_buff_4_2_1_ce0        | out |    1|  ap_memory |  filter_buff_4_2_1 |     array    |
|filter_buff_4_2_1_we0        | out |    1|  ap_memory |  filter_buff_4_2_1 |     array    |
|filter_buff_4_2_1_d0         | out |   32|  ap_memory |  filter_buff_4_2_1 |     array    |
|filter_buff_4_2_2_address0   | out |    4|  ap_memory |  filter_buff_4_2_2 |     array    |
|filter_buff_4_2_2_ce0        | out |    1|  ap_memory |  filter_buff_4_2_2 |     array    |
|filter_buff_4_2_2_we0        | out |    1|  ap_memory |  filter_buff_4_2_2 |     array    |
|filter_buff_4_2_2_d0         | out |   32|  ap_memory |  filter_buff_4_2_2 |     array    |
|filter_buff_5_0_0_address0   | out |    4|  ap_memory |  filter_buff_5_0_0 |     array    |
|filter_buff_5_0_0_ce0        | out |    1|  ap_memory |  filter_buff_5_0_0 |     array    |
|filter_buff_5_0_0_we0        | out |    1|  ap_memory |  filter_buff_5_0_0 |     array    |
|filter_buff_5_0_0_d0         | out |   32|  ap_memory |  filter_buff_5_0_0 |     array    |
|filter_buff_5_0_1_address0   | out |    4|  ap_memory |  filter_buff_5_0_1 |     array    |
|filter_buff_5_0_1_ce0        | out |    1|  ap_memory |  filter_buff_5_0_1 |     array    |
|filter_buff_5_0_1_we0        | out |    1|  ap_memory |  filter_buff_5_0_1 |     array    |
|filter_buff_5_0_1_d0         | out |   32|  ap_memory |  filter_buff_5_0_1 |     array    |
|filter_buff_5_0_2_address0   | out |    4|  ap_memory |  filter_buff_5_0_2 |     array    |
|filter_buff_5_0_2_ce0        | out |    1|  ap_memory |  filter_buff_5_0_2 |     array    |
|filter_buff_5_0_2_we0        | out |    1|  ap_memory |  filter_buff_5_0_2 |     array    |
|filter_buff_5_0_2_d0         | out |   32|  ap_memory |  filter_buff_5_0_2 |     array    |
|filter_buff_5_1_0_address0   | out |    4|  ap_memory |  filter_buff_5_1_0 |     array    |
|filter_buff_5_1_0_ce0        | out |    1|  ap_memory |  filter_buff_5_1_0 |     array    |
|filter_buff_5_1_0_we0        | out |    1|  ap_memory |  filter_buff_5_1_0 |     array    |
|filter_buff_5_1_0_d0         | out |   32|  ap_memory |  filter_buff_5_1_0 |     array    |
|filter_buff_5_1_1_address0   | out |    4|  ap_memory |  filter_buff_5_1_1 |     array    |
|filter_buff_5_1_1_ce0        | out |    1|  ap_memory |  filter_buff_5_1_1 |     array    |
|filter_buff_5_1_1_we0        | out |    1|  ap_memory |  filter_buff_5_1_1 |     array    |
|filter_buff_5_1_1_d0         | out |   32|  ap_memory |  filter_buff_5_1_1 |     array    |
|filter_buff_5_1_2_address0   | out |    4|  ap_memory |  filter_buff_5_1_2 |     array    |
|filter_buff_5_1_2_ce0        | out |    1|  ap_memory |  filter_buff_5_1_2 |     array    |
|filter_buff_5_1_2_we0        | out |    1|  ap_memory |  filter_buff_5_1_2 |     array    |
|filter_buff_5_1_2_d0         | out |   32|  ap_memory |  filter_buff_5_1_2 |     array    |
|filter_buff_5_2_0_address0   | out |    4|  ap_memory |  filter_buff_5_2_0 |     array    |
|filter_buff_5_2_0_ce0        | out |    1|  ap_memory |  filter_buff_5_2_0 |     array    |
|filter_buff_5_2_0_we0        | out |    1|  ap_memory |  filter_buff_5_2_0 |     array    |
|filter_buff_5_2_0_d0         | out |   32|  ap_memory |  filter_buff_5_2_0 |     array    |
|filter_buff_5_2_1_address0   | out |    4|  ap_memory |  filter_buff_5_2_1 |     array    |
|filter_buff_5_2_1_ce0        | out |    1|  ap_memory |  filter_buff_5_2_1 |     array    |
|filter_buff_5_2_1_we0        | out |    1|  ap_memory |  filter_buff_5_2_1 |     array    |
|filter_buff_5_2_1_d0         | out |   32|  ap_memory |  filter_buff_5_2_1 |     array    |
|filter_buff_5_2_2_address0   | out |    4|  ap_memory |  filter_buff_5_2_2 |     array    |
|filter_buff_5_2_2_ce0        | out |    1|  ap_memory |  filter_buff_5_2_2 |     array    |
|filter_buff_5_2_2_we0        | out |    1|  ap_memory |  filter_buff_5_2_2 |     array    |
|filter_buff_5_2_2_d0         | out |   32|  ap_memory |  filter_buff_5_2_2 |     array    |
|filter_buff_6_0_0_address0   | out |    4|  ap_memory |  filter_buff_6_0_0 |     array    |
|filter_buff_6_0_0_ce0        | out |    1|  ap_memory |  filter_buff_6_0_0 |     array    |
|filter_buff_6_0_0_we0        | out |    1|  ap_memory |  filter_buff_6_0_0 |     array    |
|filter_buff_6_0_0_d0         | out |   32|  ap_memory |  filter_buff_6_0_0 |     array    |
|filter_buff_6_0_1_address0   | out |    4|  ap_memory |  filter_buff_6_0_1 |     array    |
|filter_buff_6_0_1_ce0        | out |    1|  ap_memory |  filter_buff_6_0_1 |     array    |
|filter_buff_6_0_1_we0        | out |    1|  ap_memory |  filter_buff_6_0_1 |     array    |
|filter_buff_6_0_1_d0         | out |   32|  ap_memory |  filter_buff_6_0_1 |     array    |
|filter_buff_6_0_2_address0   | out |    4|  ap_memory |  filter_buff_6_0_2 |     array    |
|filter_buff_6_0_2_ce0        | out |    1|  ap_memory |  filter_buff_6_0_2 |     array    |
|filter_buff_6_0_2_we0        | out |    1|  ap_memory |  filter_buff_6_0_2 |     array    |
|filter_buff_6_0_2_d0         | out |   32|  ap_memory |  filter_buff_6_0_2 |     array    |
|filter_buff_6_1_0_address0   | out |    4|  ap_memory |  filter_buff_6_1_0 |     array    |
|filter_buff_6_1_0_ce0        | out |    1|  ap_memory |  filter_buff_6_1_0 |     array    |
|filter_buff_6_1_0_we0        | out |    1|  ap_memory |  filter_buff_6_1_0 |     array    |
|filter_buff_6_1_0_d0         | out |   32|  ap_memory |  filter_buff_6_1_0 |     array    |
|filter_buff_6_1_1_address0   | out |    4|  ap_memory |  filter_buff_6_1_1 |     array    |
|filter_buff_6_1_1_ce0        | out |    1|  ap_memory |  filter_buff_6_1_1 |     array    |
|filter_buff_6_1_1_we0        | out |    1|  ap_memory |  filter_buff_6_1_1 |     array    |
|filter_buff_6_1_1_d0         | out |   32|  ap_memory |  filter_buff_6_1_1 |     array    |
|filter_buff_6_1_2_address0   | out |    4|  ap_memory |  filter_buff_6_1_2 |     array    |
|filter_buff_6_1_2_ce0        | out |    1|  ap_memory |  filter_buff_6_1_2 |     array    |
|filter_buff_6_1_2_we0        | out |    1|  ap_memory |  filter_buff_6_1_2 |     array    |
|filter_buff_6_1_2_d0         | out |   32|  ap_memory |  filter_buff_6_1_2 |     array    |
|filter_buff_6_2_0_address0   | out |    4|  ap_memory |  filter_buff_6_2_0 |     array    |
|filter_buff_6_2_0_ce0        | out |    1|  ap_memory |  filter_buff_6_2_0 |     array    |
|filter_buff_6_2_0_we0        | out |    1|  ap_memory |  filter_buff_6_2_0 |     array    |
|filter_buff_6_2_0_d0         | out |   32|  ap_memory |  filter_buff_6_2_0 |     array    |
|filter_buff_6_2_1_address0   | out |    4|  ap_memory |  filter_buff_6_2_1 |     array    |
|filter_buff_6_2_1_ce0        | out |    1|  ap_memory |  filter_buff_6_2_1 |     array    |
|filter_buff_6_2_1_we0        | out |    1|  ap_memory |  filter_buff_6_2_1 |     array    |
|filter_buff_6_2_1_d0         | out |   32|  ap_memory |  filter_buff_6_2_1 |     array    |
|filter_buff_6_2_2_address0   | out |    4|  ap_memory |  filter_buff_6_2_2 |     array    |
|filter_buff_6_2_2_ce0        | out |    1|  ap_memory |  filter_buff_6_2_2 |     array    |
|filter_buff_6_2_2_we0        | out |    1|  ap_memory |  filter_buff_6_2_2 |     array    |
|filter_buff_6_2_2_d0         | out |   32|  ap_memory |  filter_buff_6_2_2 |     array    |
|filter_buff_7_0_0_address0   | out |    4|  ap_memory |  filter_buff_7_0_0 |     array    |
|filter_buff_7_0_0_ce0        | out |    1|  ap_memory |  filter_buff_7_0_0 |     array    |
|filter_buff_7_0_0_we0        | out |    1|  ap_memory |  filter_buff_7_0_0 |     array    |
|filter_buff_7_0_0_d0         | out |   32|  ap_memory |  filter_buff_7_0_0 |     array    |
|filter_buff_7_0_1_address0   | out |    4|  ap_memory |  filter_buff_7_0_1 |     array    |
|filter_buff_7_0_1_ce0        | out |    1|  ap_memory |  filter_buff_7_0_1 |     array    |
|filter_buff_7_0_1_we0        | out |    1|  ap_memory |  filter_buff_7_0_1 |     array    |
|filter_buff_7_0_1_d0         | out |   32|  ap_memory |  filter_buff_7_0_1 |     array    |
|filter_buff_7_0_2_address0   | out |    4|  ap_memory |  filter_buff_7_0_2 |     array    |
|filter_buff_7_0_2_ce0        | out |    1|  ap_memory |  filter_buff_7_0_2 |     array    |
|filter_buff_7_0_2_we0        | out |    1|  ap_memory |  filter_buff_7_0_2 |     array    |
|filter_buff_7_0_2_d0         | out |   32|  ap_memory |  filter_buff_7_0_2 |     array    |
|filter_buff_7_1_0_address0   | out |    4|  ap_memory |  filter_buff_7_1_0 |     array    |
|filter_buff_7_1_0_ce0        | out |    1|  ap_memory |  filter_buff_7_1_0 |     array    |
|filter_buff_7_1_0_we0        | out |    1|  ap_memory |  filter_buff_7_1_0 |     array    |
|filter_buff_7_1_0_d0         | out |   32|  ap_memory |  filter_buff_7_1_0 |     array    |
|filter_buff_7_1_1_address0   | out |    4|  ap_memory |  filter_buff_7_1_1 |     array    |
|filter_buff_7_1_1_ce0        | out |    1|  ap_memory |  filter_buff_7_1_1 |     array    |
|filter_buff_7_1_1_we0        | out |    1|  ap_memory |  filter_buff_7_1_1 |     array    |
|filter_buff_7_1_1_d0         | out |   32|  ap_memory |  filter_buff_7_1_1 |     array    |
|filter_buff_7_1_2_address0   | out |    4|  ap_memory |  filter_buff_7_1_2 |     array    |
|filter_buff_7_1_2_ce0        | out |    1|  ap_memory |  filter_buff_7_1_2 |     array    |
|filter_buff_7_1_2_we0        | out |    1|  ap_memory |  filter_buff_7_1_2 |     array    |
|filter_buff_7_1_2_d0         | out |   32|  ap_memory |  filter_buff_7_1_2 |     array    |
|filter_buff_7_2_0_address0   | out |    4|  ap_memory |  filter_buff_7_2_0 |     array    |
|filter_buff_7_2_0_ce0        | out |    1|  ap_memory |  filter_buff_7_2_0 |     array    |
|filter_buff_7_2_0_we0        | out |    1|  ap_memory |  filter_buff_7_2_0 |     array    |
|filter_buff_7_2_0_d0         | out |   32|  ap_memory |  filter_buff_7_2_0 |     array    |
|filter_buff_7_2_1_address0   | out |    4|  ap_memory |  filter_buff_7_2_1 |     array    |
|filter_buff_7_2_1_ce0        | out |    1|  ap_memory |  filter_buff_7_2_1 |     array    |
|filter_buff_7_2_1_we0        | out |    1|  ap_memory |  filter_buff_7_2_1 |     array    |
|filter_buff_7_2_1_d0         | out |   32|  ap_memory |  filter_buff_7_2_1 |     array    |
|filter_buff_7_2_2_address0   | out |    4|  ap_memory |  filter_buff_7_2_2 |     array    |
|filter_buff_7_2_2_ce0        | out |    1|  ap_memory |  filter_buff_7_2_2 |     array    |
|filter_buff_7_2_2_we0        | out |    1|  ap_memory |  filter_buff_7_2_2 |     array    |
|filter_buff_7_2_2_d0         | out |   32|  ap_memory |  filter_buff_7_2_2 |     array    |
|filter_buff_8_0_0_address0   | out |    4|  ap_memory |  filter_buff_8_0_0 |     array    |
|filter_buff_8_0_0_ce0        | out |    1|  ap_memory |  filter_buff_8_0_0 |     array    |
|filter_buff_8_0_0_we0        | out |    1|  ap_memory |  filter_buff_8_0_0 |     array    |
|filter_buff_8_0_0_d0         | out |   32|  ap_memory |  filter_buff_8_0_0 |     array    |
|filter_buff_8_0_1_address0   | out |    4|  ap_memory |  filter_buff_8_0_1 |     array    |
|filter_buff_8_0_1_ce0        | out |    1|  ap_memory |  filter_buff_8_0_1 |     array    |
|filter_buff_8_0_1_we0        | out |    1|  ap_memory |  filter_buff_8_0_1 |     array    |
|filter_buff_8_0_1_d0         | out |   32|  ap_memory |  filter_buff_8_0_1 |     array    |
|filter_buff_8_0_2_address0   | out |    4|  ap_memory |  filter_buff_8_0_2 |     array    |
|filter_buff_8_0_2_ce0        | out |    1|  ap_memory |  filter_buff_8_0_2 |     array    |
|filter_buff_8_0_2_we0        | out |    1|  ap_memory |  filter_buff_8_0_2 |     array    |
|filter_buff_8_0_2_d0         | out |   32|  ap_memory |  filter_buff_8_0_2 |     array    |
|filter_buff_8_1_0_address0   | out |    4|  ap_memory |  filter_buff_8_1_0 |     array    |
|filter_buff_8_1_0_ce0        | out |    1|  ap_memory |  filter_buff_8_1_0 |     array    |
|filter_buff_8_1_0_we0        | out |    1|  ap_memory |  filter_buff_8_1_0 |     array    |
|filter_buff_8_1_0_d0         | out |   32|  ap_memory |  filter_buff_8_1_0 |     array    |
|filter_buff_8_1_1_address0   | out |    4|  ap_memory |  filter_buff_8_1_1 |     array    |
|filter_buff_8_1_1_ce0        | out |    1|  ap_memory |  filter_buff_8_1_1 |     array    |
|filter_buff_8_1_1_we0        | out |    1|  ap_memory |  filter_buff_8_1_1 |     array    |
|filter_buff_8_1_1_d0         | out |   32|  ap_memory |  filter_buff_8_1_1 |     array    |
|filter_buff_8_1_2_address0   | out |    4|  ap_memory |  filter_buff_8_1_2 |     array    |
|filter_buff_8_1_2_ce0        | out |    1|  ap_memory |  filter_buff_8_1_2 |     array    |
|filter_buff_8_1_2_we0        | out |    1|  ap_memory |  filter_buff_8_1_2 |     array    |
|filter_buff_8_1_2_d0         | out |   32|  ap_memory |  filter_buff_8_1_2 |     array    |
|filter_buff_8_2_0_address0   | out |    4|  ap_memory |  filter_buff_8_2_0 |     array    |
|filter_buff_8_2_0_ce0        | out |    1|  ap_memory |  filter_buff_8_2_0 |     array    |
|filter_buff_8_2_0_we0        | out |    1|  ap_memory |  filter_buff_8_2_0 |     array    |
|filter_buff_8_2_0_d0         | out |   32|  ap_memory |  filter_buff_8_2_0 |     array    |
|filter_buff_8_2_1_address0   | out |    4|  ap_memory |  filter_buff_8_2_1 |     array    |
|filter_buff_8_2_1_ce0        | out |    1|  ap_memory |  filter_buff_8_2_1 |     array    |
|filter_buff_8_2_1_we0        | out |    1|  ap_memory |  filter_buff_8_2_1 |     array    |
|filter_buff_8_2_1_d0         | out |   32|  ap_memory |  filter_buff_8_2_1 |     array    |
|filter_buff_8_2_2_address0   | out |    4|  ap_memory |  filter_buff_8_2_2 |     array    |
|filter_buff_8_2_2_ce0        | out |    1|  ap_memory |  filter_buff_8_2_2 |     array    |
|filter_buff_8_2_2_we0        | out |    1|  ap_memory |  filter_buff_8_2_2 |     array    |
|filter_buff_8_2_2_d0         | out |   32|  ap_memory |  filter_buff_8_2_2 |     array    |
|filter_buff_9_0_0_address0   | out |    4|  ap_memory |  filter_buff_9_0_0 |     array    |
|filter_buff_9_0_0_ce0        | out |    1|  ap_memory |  filter_buff_9_0_0 |     array    |
|filter_buff_9_0_0_we0        | out |    1|  ap_memory |  filter_buff_9_0_0 |     array    |
|filter_buff_9_0_0_d0         | out |   32|  ap_memory |  filter_buff_9_0_0 |     array    |
|filter_buff_9_0_1_address0   | out |    4|  ap_memory |  filter_buff_9_0_1 |     array    |
|filter_buff_9_0_1_ce0        | out |    1|  ap_memory |  filter_buff_9_0_1 |     array    |
|filter_buff_9_0_1_we0        | out |    1|  ap_memory |  filter_buff_9_0_1 |     array    |
|filter_buff_9_0_1_d0         | out |   32|  ap_memory |  filter_buff_9_0_1 |     array    |
|filter_buff_9_0_2_address0   | out |    4|  ap_memory |  filter_buff_9_0_2 |     array    |
|filter_buff_9_0_2_ce0        | out |    1|  ap_memory |  filter_buff_9_0_2 |     array    |
|filter_buff_9_0_2_we0        | out |    1|  ap_memory |  filter_buff_9_0_2 |     array    |
|filter_buff_9_0_2_d0         | out |   32|  ap_memory |  filter_buff_9_0_2 |     array    |
|filter_buff_9_1_0_address0   | out |    4|  ap_memory |  filter_buff_9_1_0 |     array    |
|filter_buff_9_1_0_ce0        | out |    1|  ap_memory |  filter_buff_9_1_0 |     array    |
|filter_buff_9_1_0_we0        | out |    1|  ap_memory |  filter_buff_9_1_0 |     array    |
|filter_buff_9_1_0_d0         | out |   32|  ap_memory |  filter_buff_9_1_0 |     array    |
|filter_buff_9_1_1_address0   | out |    4|  ap_memory |  filter_buff_9_1_1 |     array    |
|filter_buff_9_1_1_ce0        | out |    1|  ap_memory |  filter_buff_9_1_1 |     array    |
|filter_buff_9_1_1_we0        | out |    1|  ap_memory |  filter_buff_9_1_1 |     array    |
|filter_buff_9_1_1_d0         | out |   32|  ap_memory |  filter_buff_9_1_1 |     array    |
|filter_buff_9_1_2_address0   | out |    4|  ap_memory |  filter_buff_9_1_2 |     array    |
|filter_buff_9_1_2_ce0        | out |    1|  ap_memory |  filter_buff_9_1_2 |     array    |
|filter_buff_9_1_2_we0        | out |    1|  ap_memory |  filter_buff_9_1_2 |     array    |
|filter_buff_9_1_2_d0         | out |   32|  ap_memory |  filter_buff_9_1_2 |     array    |
|filter_buff_9_2_0_address0   | out |    4|  ap_memory |  filter_buff_9_2_0 |     array    |
|filter_buff_9_2_0_ce0        | out |    1|  ap_memory |  filter_buff_9_2_0 |     array    |
|filter_buff_9_2_0_we0        | out |    1|  ap_memory |  filter_buff_9_2_0 |     array    |
|filter_buff_9_2_0_d0         | out |   32|  ap_memory |  filter_buff_9_2_0 |     array    |
|filter_buff_9_2_1_address0   | out |    4|  ap_memory |  filter_buff_9_2_1 |     array    |
|filter_buff_9_2_1_ce0        | out |    1|  ap_memory |  filter_buff_9_2_1 |     array    |
|filter_buff_9_2_1_we0        | out |    1|  ap_memory |  filter_buff_9_2_1 |     array    |
|filter_buff_9_2_1_d0         | out |   32|  ap_memory |  filter_buff_9_2_1 |     array    |
|filter_buff_9_2_2_address0   | out |    4|  ap_memory |  filter_buff_9_2_2 |     array    |
|filter_buff_9_2_2_ce0        | out |    1|  ap_memory |  filter_buff_9_2_2 |     array    |
|filter_buff_9_2_2_we0        | out |    1|  ap_memory |  filter_buff_9_2_2 |     array    |
|filter_buff_9_2_2_d0         | out |   32|  ap_memory |  filter_buff_9_2_2 |     array    |
|filter_buff_10_0_0_address0  | out |    4|  ap_memory | filter_buff_10_0_0 |     array    |
|filter_buff_10_0_0_ce0       | out |    1|  ap_memory | filter_buff_10_0_0 |     array    |
|filter_buff_10_0_0_we0       | out |    1|  ap_memory | filter_buff_10_0_0 |     array    |
|filter_buff_10_0_0_d0        | out |   32|  ap_memory | filter_buff_10_0_0 |     array    |
|filter_buff_10_0_1_address0  | out |    4|  ap_memory | filter_buff_10_0_1 |     array    |
|filter_buff_10_0_1_ce0       | out |    1|  ap_memory | filter_buff_10_0_1 |     array    |
|filter_buff_10_0_1_we0       | out |    1|  ap_memory | filter_buff_10_0_1 |     array    |
|filter_buff_10_0_1_d0        | out |   32|  ap_memory | filter_buff_10_0_1 |     array    |
|filter_buff_10_0_2_address0  | out |    4|  ap_memory | filter_buff_10_0_2 |     array    |
|filter_buff_10_0_2_ce0       | out |    1|  ap_memory | filter_buff_10_0_2 |     array    |
|filter_buff_10_0_2_we0       | out |    1|  ap_memory | filter_buff_10_0_2 |     array    |
|filter_buff_10_0_2_d0        | out |   32|  ap_memory | filter_buff_10_0_2 |     array    |
|filter_buff_10_1_0_address0  | out |    4|  ap_memory | filter_buff_10_1_0 |     array    |
|filter_buff_10_1_0_ce0       | out |    1|  ap_memory | filter_buff_10_1_0 |     array    |
|filter_buff_10_1_0_we0       | out |    1|  ap_memory | filter_buff_10_1_0 |     array    |
|filter_buff_10_1_0_d0        | out |   32|  ap_memory | filter_buff_10_1_0 |     array    |
|filter_buff_10_1_1_address0  | out |    4|  ap_memory | filter_buff_10_1_1 |     array    |
|filter_buff_10_1_1_ce0       | out |    1|  ap_memory | filter_buff_10_1_1 |     array    |
|filter_buff_10_1_1_we0       | out |    1|  ap_memory | filter_buff_10_1_1 |     array    |
|filter_buff_10_1_1_d0        | out |   32|  ap_memory | filter_buff_10_1_1 |     array    |
|filter_buff_10_1_2_address0  | out |    4|  ap_memory | filter_buff_10_1_2 |     array    |
|filter_buff_10_1_2_ce0       | out |    1|  ap_memory | filter_buff_10_1_2 |     array    |
|filter_buff_10_1_2_we0       | out |    1|  ap_memory | filter_buff_10_1_2 |     array    |
|filter_buff_10_1_2_d0        | out |   32|  ap_memory | filter_buff_10_1_2 |     array    |
|filter_buff_10_2_0_address0  | out |    4|  ap_memory | filter_buff_10_2_0 |     array    |
|filter_buff_10_2_0_ce0       | out |    1|  ap_memory | filter_buff_10_2_0 |     array    |
|filter_buff_10_2_0_we0       | out |    1|  ap_memory | filter_buff_10_2_0 |     array    |
|filter_buff_10_2_0_d0        | out |   32|  ap_memory | filter_buff_10_2_0 |     array    |
|filter_buff_10_2_1_address0  | out |    4|  ap_memory | filter_buff_10_2_1 |     array    |
|filter_buff_10_2_1_ce0       | out |    1|  ap_memory | filter_buff_10_2_1 |     array    |
|filter_buff_10_2_1_we0       | out |    1|  ap_memory | filter_buff_10_2_1 |     array    |
|filter_buff_10_2_1_d0        | out |   32|  ap_memory | filter_buff_10_2_1 |     array    |
|filter_buff_10_2_2_address0  | out |    4|  ap_memory | filter_buff_10_2_2 |     array    |
|filter_buff_10_2_2_ce0       | out |    1|  ap_memory | filter_buff_10_2_2 |     array    |
|filter_buff_10_2_2_we0       | out |    1|  ap_memory | filter_buff_10_2_2 |     array    |
|filter_buff_10_2_2_d0        | out |   32|  ap_memory | filter_buff_10_2_2 |     array    |
|filter_buff_11_0_0_address0  | out |    4|  ap_memory | filter_buff_11_0_0 |     array    |
|filter_buff_11_0_0_ce0       | out |    1|  ap_memory | filter_buff_11_0_0 |     array    |
|filter_buff_11_0_0_we0       | out |    1|  ap_memory | filter_buff_11_0_0 |     array    |
|filter_buff_11_0_0_d0        | out |   32|  ap_memory | filter_buff_11_0_0 |     array    |
|filter_buff_11_0_1_address0  | out |    4|  ap_memory | filter_buff_11_0_1 |     array    |
|filter_buff_11_0_1_ce0       | out |    1|  ap_memory | filter_buff_11_0_1 |     array    |
|filter_buff_11_0_1_we0       | out |    1|  ap_memory | filter_buff_11_0_1 |     array    |
|filter_buff_11_0_1_d0        | out |   32|  ap_memory | filter_buff_11_0_1 |     array    |
|filter_buff_11_0_2_address0  | out |    4|  ap_memory | filter_buff_11_0_2 |     array    |
|filter_buff_11_0_2_ce0       | out |    1|  ap_memory | filter_buff_11_0_2 |     array    |
|filter_buff_11_0_2_we0       | out |    1|  ap_memory | filter_buff_11_0_2 |     array    |
|filter_buff_11_0_2_d0        | out |   32|  ap_memory | filter_buff_11_0_2 |     array    |
|filter_buff_11_1_0_address0  | out |    4|  ap_memory | filter_buff_11_1_0 |     array    |
|filter_buff_11_1_0_ce0       | out |    1|  ap_memory | filter_buff_11_1_0 |     array    |
|filter_buff_11_1_0_we0       | out |    1|  ap_memory | filter_buff_11_1_0 |     array    |
|filter_buff_11_1_0_d0        | out |   32|  ap_memory | filter_buff_11_1_0 |     array    |
|filter_buff_11_1_1_address0  | out |    4|  ap_memory | filter_buff_11_1_1 |     array    |
|filter_buff_11_1_1_ce0       | out |    1|  ap_memory | filter_buff_11_1_1 |     array    |
|filter_buff_11_1_1_we0       | out |    1|  ap_memory | filter_buff_11_1_1 |     array    |
|filter_buff_11_1_1_d0        | out |   32|  ap_memory | filter_buff_11_1_1 |     array    |
|filter_buff_11_1_2_address0  | out |    4|  ap_memory | filter_buff_11_1_2 |     array    |
|filter_buff_11_1_2_ce0       | out |    1|  ap_memory | filter_buff_11_1_2 |     array    |
|filter_buff_11_1_2_we0       | out |    1|  ap_memory | filter_buff_11_1_2 |     array    |
|filter_buff_11_1_2_d0        | out |   32|  ap_memory | filter_buff_11_1_2 |     array    |
|filter_buff_11_2_0_address0  | out |    4|  ap_memory | filter_buff_11_2_0 |     array    |
|filter_buff_11_2_0_ce0       | out |    1|  ap_memory | filter_buff_11_2_0 |     array    |
|filter_buff_11_2_0_we0       | out |    1|  ap_memory | filter_buff_11_2_0 |     array    |
|filter_buff_11_2_0_d0        | out |   32|  ap_memory | filter_buff_11_2_0 |     array    |
|filter_buff_11_2_1_address0  | out |    4|  ap_memory | filter_buff_11_2_1 |     array    |
|filter_buff_11_2_1_ce0       | out |    1|  ap_memory | filter_buff_11_2_1 |     array    |
|filter_buff_11_2_1_we0       | out |    1|  ap_memory | filter_buff_11_2_1 |     array    |
|filter_buff_11_2_1_d0        | out |   32|  ap_memory | filter_buff_11_2_1 |     array    |
|filter_buff_11_2_2_address0  | out |    4|  ap_memory | filter_buff_11_2_2 |     array    |
|filter_buff_11_2_2_ce0       | out |    1|  ap_memory | filter_buff_11_2_2 |     array    |
|filter_buff_11_2_2_we0       | out |    1|  ap_memory | filter_buff_11_2_2 |     array    |
|filter_buff_11_2_2_d0        | out |   32|  ap_memory | filter_buff_11_2_2 |     array    |
|filter_buff_12_0_0_address0  | out |    4|  ap_memory | filter_buff_12_0_0 |     array    |
|filter_buff_12_0_0_ce0       | out |    1|  ap_memory | filter_buff_12_0_0 |     array    |
|filter_buff_12_0_0_we0       | out |    1|  ap_memory | filter_buff_12_0_0 |     array    |
|filter_buff_12_0_0_d0        | out |   32|  ap_memory | filter_buff_12_0_0 |     array    |
|filter_buff_12_0_1_address0  | out |    4|  ap_memory | filter_buff_12_0_1 |     array    |
|filter_buff_12_0_1_ce0       | out |    1|  ap_memory | filter_buff_12_0_1 |     array    |
|filter_buff_12_0_1_we0       | out |    1|  ap_memory | filter_buff_12_0_1 |     array    |
|filter_buff_12_0_1_d0        | out |   32|  ap_memory | filter_buff_12_0_1 |     array    |
|filter_buff_12_0_2_address0  | out |    4|  ap_memory | filter_buff_12_0_2 |     array    |
|filter_buff_12_0_2_ce0       | out |    1|  ap_memory | filter_buff_12_0_2 |     array    |
|filter_buff_12_0_2_we0       | out |    1|  ap_memory | filter_buff_12_0_2 |     array    |
|filter_buff_12_0_2_d0        | out |   32|  ap_memory | filter_buff_12_0_2 |     array    |
|filter_buff_12_1_0_address0  | out |    4|  ap_memory | filter_buff_12_1_0 |     array    |
|filter_buff_12_1_0_ce0       | out |    1|  ap_memory | filter_buff_12_1_0 |     array    |
|filter_buff_12_1_0_we0       | out |    1|  ap_memory | filter_buff_12_1_0 |     array    |
|filter_buff_12_1_0_d0        | out |   32|  ap_memory | filter_buff_12_1_0 |     array    |
|filter_buff_12_1_1_address0  | out |    4|  ap_memory | filter_buff_12_1_1 |     array    |
|filter_buff_12_1_1_ce0       | out |    1|  ap_memory | filter_buff_12_1_1 |     array    |
|filter_buff_12_1_1_we0       | out |    1|  ap_memory | filter_buff_12_1_1 |     array    |
|filter_buff_12_1_1_d0        | out |   32|  ap_memory | filter_buff_12_1_1 |     array    |
|filter_buff_12_1_2_address0  | out |    4|  ap_memory | filter_buff_12_1_2 |     array    |
|filter_buff_12_1_2_ce0       | out |    1|  ap_memory | filter_buff_12_1_2 |     array    |
|filter_buff_12_1_2_we0       | out |    1|  ap_memory | filter_buff_12_1_2 |     array    |
|filter_buff_12_1_2_d0        | out |   32|  ap_memory | filter_buff_12_1_2 |     array    |
|filter_buff_12_2_0_address0  | out |    4|  ap_memory | filter_buff_12_2_0 |     array    |
|filter_buff_12_2_0_ce0       | out |    1|  ap_memory | filter_buff_12_2_0 |     array    |
|filter_buff_12_2_0_we0       | out |    1|  ap_memory | filter_buff_12_2_0 |     array    |
|filter_buff_12_2_0_d0        | out |   32|  ap_memory | filter_buff_12_2_0 |     array    |
|filter_buff_12_2_1_address0  | out |    4|  ap_memory | filter_buff_12_2_1 |     array    |
|filter_buff_12_2_1_ce0       | out |    1|  ap_memory | filter_buff_12_2_1 |     array    |
|filter_buff_12_2_1_we0       | out |    1|  ap_memory | filter_buff_12_2_1 |     array    |
|filter_buff_12_2_1_d0        | out |   32|  ap_memory | filter_buff_12_2_1 |     array    |
|filter_buff_12_2_2_address0  | out |    4|  ap_memory | filter_buff_12_2_2 |     array    |
|filter_buff_12_2_2_ce0       | out |    1|  ap_memory | filter_buff_12_2_2 |     array    |
|filter_buff_12_2_2_we0       | out |    1|  ap_memory | filter_buff_12_2_2 |     array    |
|filter_buff_12_2_2_d0        | out |   32|  ap_memory | filter_buff_12_2_2 |     array    |
|filter_buff_13_0_0_address0  | out |    4|  ap_memory | filter_buff_13_0_0 |     array    |
|filter_buff_13_0_0_ce0       | out |    1|  ap_memory | filter_buff_13_0_0 |     array    |
|filter_buff_13_0_0_we0       | out |    1|  ap_memory | filter_buff_13_0_0 |     array    |
|filter_buff_13_0_0_d0        | out |   32|  ap_memory | filter_buff_13_0_0 |     array    |
|filter_buff_13_0_1_address0  | out |    4|  ap_memory | filter_buff_13_0_1 |     array    |
|filter_buff_13_0_1_ce0       | out |    1|  ap_memory | filter_buff_13_0_1 |     array    |
|filter_buff_13_0_1_we0       | out |    1|  ap_memory | filter_buff_13_0_1 |     array    |
|filter_buff_13_0_1_d0        | out |   32|  ap_memory | filter_buff_13_0_1 |     array    |
|filter_buff_13_0_2_address0  | out |    4|  ap_memory | filter_buff_13_0_2 |     array    |
|filter_buff_13_0_2_ce0       | out |    1|  ap_memory | filter_buff_13_0_2 |     array    |
|filter_buff_13_0_2_we0       | out |    1|  ap_memory | filter_buff_13_0_2 |     array    |
|filter_buff_13_0_2_d0        | out |   32|  ap_memory | filter_buff_13_0_2 |     array    |
|filter_buff_13_1_0_address0  | out |    4|  ap_memory | filter_buff_13_1_0 |     array    |
|filter_buff_13_1_0_ce0       | out |    1|  ap_memory | filter_buff_13_1_0 |     array    |
|filter_buff_13_1_0_we0       | out |    1|  ap_memory | filter_buff_13_1_0 |     array    |
|filter_buff_13_1_0_d0        | out |   32|  ap_memory | filter_buff_13_1_0 |     array    |
|filter_buff_13_1_1_address0  | out |    4|  ap_memory | filter_buff_13_1_1 |     array    |
|filter_buff_13_1_1_ce0       | out |    1|  ap_memory | filter_buff_13_1_1 |     array    |
|filter_buff_13_1_1_we0       | out |    1|  ap_memory | filter_buff_13_1_1 |     array    |
|filter_buff_13_1_1_d0        | out |   32|  ap_memory | filter_buff_13_1_1 |     array    |
|filter_buff_13_1_2_address0  | out |    4|  ap_memory | filter_buff_13_1_2 |     array    |
|filter_buff_13_1_2_ce0       | out |    1|  ap_memory | filter_buff_13_1_2 |     array    |
|filter_buff_13_1_2_we0       | out |    1|  ap_memory | filter_buff_13_1_2 |     array    |
|filter_buff_13_1_2_d0        | out |   32|  ap_memory | filter_buff_13_1_2 |     array    |
|filter_buff_13_2_0_address0  | out |    4|  ap_memory | filter_buff_13_2_0 |     array    |
|filter_buff_13_2_0_ce0       | out |    1|  ap_memory | filter_buff_13_2_0 |     array    |
|filter_buff_13_2_0_we0       | out |    1|  ap_memory | filter_buff_13_2_0 |     array    |
|filter_buff_13_2_0_d0        | out |   32|  ap_memory | filter_buff_13_2_0 |     array    |
|filter_buff_13_2_1_address0  | out |    4|  ap_memory | filter_buff_13_2_1 |     array    |
|filter_buff_13_2_1_ce0       | out |    1|  ap_memory | filter_buff_13_2_1 |     array    |
|filter_buff_13_2_1_we0       | out |    1|  ap_memory | filter_buff_13_2_1 |     array    |
|filter_buff_13_2_1_d0        | out |   32|  ap_memory | filter_buff_13_2_1 |     array    |
|filter_buff_13_2_2_address0  | out |    4|  ap_memory | filter_buff_13_2_2 |     array    |
|filter_buff_13_2_2_ce0       | out |    1|  ap_memory | filter_buff_13_2_2 |     array    |
|filter_buff_13_2_2_we0       | out |    1|  ap_memory | filter_buff_13_2_2 |     array    |
|filter_buff_13_2_2_d0        | out |   32|  ap_memory | filter_buff_13_2_2 |     array    |
|filter_buff_14_0_0_address0  | out |    4|  ap_memory | filter_buff_14_0_0 |     array    |
|filter_buff_14_0_0_ce0       | out |    1|  ap_memory | filter_buff_14_0_0 |     array    |
|filter_buff_14_0_0_we0       | out |    1|  ap_memory | filter_buff_14_0_0 |     array    |
|filter_buff_14_0_0_d0        | out |   32|  ap_memory | filter_buff_14_0_0 |     array    |
|filter_buff_14_0_1_address0  | out |    4|  ap_memory | filter_buff_14_0_1 |     array    |
|filter_buff_14_0_1_ce0       | out |    1|  ap_memory | filter_buff_14_0_1 |     array    |
|filter_buff_14_0_1_we0       | out |    1|  ap_memory | filter_buff_14_0_1 |     array    |
|filter_buff_14_0_1_d0        | out |   32|  ap_memory | filter_buff_14_0_1 |     array    |
|filter_buff_14_0_2_address0  | out |    4|  ap_memory | filter_buff_14_0_2 |     array    |
|filter_buff_14_0_2_ce0       | out |    1|  ap_memory | filter_buff_14_0_2 |     array    |
|filter_buff_14_0_2_we0       | out |    1|  ap_memory | filter_buff_14_0_2 |     array    |
|filter_buff_14_0_2_d0        | out |   32|  ap_memory | filter_buff_14_0_2 |     array    |
|filter_buff_14_1_0_address0  | out |    4|  ap_memory | filter_buff_14_1_0 |     array    |
|filter_buff_14_1_0_ce0       | out |    1|  ap_memory | filter_buff_14_1_0 |     array    |
|filter_buff_14_1_0_we0       | out |    1|  ap_memory | filter_buff_14_1_0 |     array    |
|filter_buff_14_1_0_d0        | out |   32|  ap_memory | filter_buff_14_1_0 |     array    |
|filter_buff_14_1_1_address0  | out |    4|  ap_memory | filter_buff_14_1_1 |     array    |
|filter_buff_14_1_1_ce0       | out |    1|  ap_memory | filter_buff_14_1_1 |     array    |
|filter_buff_14_1_1_we0       | out |    1|  ap_memory | filter_buff_14_1_1 |     array    |
|filter_buff_14_1_1_d0        | out |   32|  ap_memory | filter_buff_14_1_1 |     array    |
|filter_buff_14_1_2_address0  | out |    4|  ap_memory | filter_buff_14_1_2 |     array    |
|filter_buff_14_1_2_ce0       | out |    1|  ap_memory | filter_buff_14_1_2 |     array    |
|filter_buff_14_1_2_we0       | out |    1|  ap_memory | filter_buff_14_1_2 |     array    |
|filter_buff_14_1_2_d0        | out |   32|  ap_memory | filter_buff_14_1_2 |     array    |
|filter_buff_14_2_0_address0  | out |    4|  ap_memory | filter_buff_14_2_0 |     array    |
|filter_buff_14_2_0_ce0       | out |    1|  ap_memory | filter_buff_14_2_0 |     array    |
|filter_buff_14_2_0_we0       | out |    1|  ap_memory | filter_buff_14_2_0 |     array    |
|filter_buff_14_2_0_d0        | out |   32|  ap_memory | filter_buff_14_2_0 |     array    |
|filter_buff_14_2_1_address0  | out |    4|  ap_memory | filter_buff_14_2_1 |     array    |
|filter_buff_14_2_1_ce0       | out |    1|  ap_memory | filter_buff_14_2_1 |     array    |
|filter_buff_14_2_1_we0       | out |    1|  ap_memory | filter_buff_14_2_1 |     array    |
|filter_buff_14_2_1_d0        | out |   32|  ap_memory | filter_buff_14_2_1 |     array    |
|filter_buff_14_2_2_address0  | out |    4|  ap_memory | filter_buff_14_2_2 |     array    |
|filter_buff_14_2_2_ce0       | out |    1|  ap_memory | filter_buff_14_2_2 |     array    |
|filter_buff_14_2_2_we0       | out |    1|  ap_memory | filter_buff_14_2_2 |     array    |
|filter_buff_14_2_2_d0        | out |   32|  ap_memory | filter_buff_14_2_2 |     array    |
|filter_buff_15_0_0_address0  | out |    4|  ap_memory | filter_buff_15_0_0 |     array    |
|filter_buff_15_0_0_ce0       | out |    1|  ap_memory | filter_buff_15_0_0 |     array    |
|filter_buff_15_0_0_we0       | out |    1|  ap_memory | filter_buff_15_0_0 |     array    |
|filter_buff_15_0_0_d0        | out |   32|  ap_memory | filter_buff_15_0_0 |     array    |
|filter_buff_15_0_1_address0  | out |    4|  ap_memory | filter_buff_15_0_1 |     array    |
|filter_buff_15_0_1_ce0       | out |    1|  ap_memory | filter_buff_15_0_1 |     array    |
|filter_buff_15_0_1_we0       | out |    1|  ap_memory | filter_buff_15_0_1 |     array    |
|filter_buff_15_0_1_d0        | out |   32|  ap_memory | filter_buff_15_0_1 |     array    |
|filter_buff_15_0_2_address0  | out |    4|  ap_memory | filter_buff_15_0_2 |     array    |
|filter_buff_15_0_2_ce0       | out |    1|  ap_memory | filter_buff_15_0_2 |     array    |
|filter_buff_15_0_2_we0       | out |    1|  ap_memory | filter_buff_15_0_2 |     array    |
|filter_buff_15_0_2_d0        | out |   32|  ap_memory | filter_buff_15_0_2 |     array    |
|filter_buff_15_1_0_address0  | out |    4|  ap_memory | filter_buff_15_1_0 |     array    |
|filter_buff_15_1_0_ce0       | out |    1|  ap_memory | filter_buff_15_1_0 |     array    |
|filter_buff_15_1_0_we0       | out |    1|  ap_memory | filter_buff_15_1_0 |     array    |
|filter_buff_15_1_0_d0        | out |   32|  ap_memory | filter_buff_15_1_0 |     array    |
|filter_buff_15_1_1_address0  | out |    4|  ap_memory | filter_buff_15_1_1 |     array    |
|filter_buff_15_1_1_ce0       | out |    1|  ap_memory | filter_buff_15_1_1 |     array    |
|filter_buff_15_1_1_we0       | out |    1|  ap_memory | filter_buff_15_1_1 |     array    |
|filter_buff_15_1_1_d0        | out |   32|  ap_memory | filter_buff_15_1_1 |     array    |
|filter_buff_15_1_2_address0  | out |    4|  ap_memory | filter_buff_15_1_2 |     array    |
|filter_buff_15_1_2_ce0       | out |    1|  ap_memory | filter_buff_15_1_2 |     array    |
|filter_buff_15_1_2_we0       | out |    1|  ap_memory | filter_buff_15_1_2 |     array    |
|filter_buff_15_1_2_d0        | out |   32|  ap_memory | filter_buff_15_1_2 |     array    |
|filter_buff_15_2_0_address0  | out |    4|  ap_memory | filter_buff_15_2_0 |     array    |
|filter_buff_15_2_0_ce0       | out |    1|  ap_memory | filter_buff_15_2_0 |     array    |
|filter_buff_15_2_0_we0       | out |    1|  ap_memory | filter_buff_15_2_0 |     array    |
|filter_buff_15_2_0_d0        | out |   32|  ap_memory | filter_buff_15_2_0 |     array    |
|filter_buff_15_2_1_address0  | out |    4|  ap_memory | filter_buff_15_2_1 |     array    |
|filter_buff_15_2_1_ce0       | out |    1|  ap_memory | filter_buff_15_2_1 |     array    |
|filter_buff_15_2_1_we0       | out |    1|  ap_memory | filter_buff_15_2_1 |     array    |
|filter_buff_15_2_1_d0        | out |   32|  ap_memory | filter_buff_15_2_1 |     array    |
|filter_buff_15_2_2_address0  | out |    4|  ap_memory | filter_buff_15_2_2 |     array    |
|filter_buff_15_2_2_ce0       | out |    1|  ap_memory | filter_buff_15_2_2 |     array    |
|filter_buff_15_2_2_we0       | out |    1|  ap_memory | filter_buff_15_2_2 |     array    |
|filter_buff_15_2_2_d0        | out |   32|  ap_memory | filter_buff_15_2_2 |     array    |
+-----------------------------+-----+-----+------------+--------------------+--------------+

