

================================================================
== Vivado HLS Report for 'pool_write'
================================================================
* Date:           Thu Jan 21 20:27:25 2021

* Version:        2019.2 (Build 2704478 on Wed Nov 06 22:10:23 MST 2019)
* Project:        finalwrapup_hls
* Solution:       solution1
* Product family: zynq
* Target device:  xc7z020-clg400-1


================================================================
== Performance Estimates
================================================================
+ Timing: 
    * Summary: 
    +--------+----------+----------+------------+
    |  Clock |  Target  | Estimated| Uncertainty|
    +--------+----------+----------+------------+
    |ap_clk  | 10.00 ns | 8.685 ns |   1.25 ns  |
    +--------+----------+----------+------------+

+ Latency: 
    * Summary: 
    +---------+---------+----------+----------+-----+-----+---------+
    |  Latency (cycles) |  Latency (absolute) |  Interval | Pipeline|
    |   min   |   max   |    min   |    max   | min | max |   Type  |
    +---------+---------+----------+----------+-----+-----+---------+
    |      120|      120| 1.200 us | 1.200 us |  120|  120|   none  |
    +---------+---------+----------+----------+-----+-----+---------+

    + Detail: 
        * Instance: 
        N/A

        * Loop: 
        +----------+---------+---------+----------+-----------+-----------+------+----------+
        |          |  Latency (cycles) | Iteration|  Initiation Interval  | Trip |          |
        | Loop Name|   min   |   max   |  Latency |  achieved |   target  | Count| Pipelined|
        +----------+---------+---------+----------+-----------+-----------+------+----------+
        |- Loop 1  |      118|      118|         9|          2|          1|    56|    yes   |
        +----------+---------+---------+----------+-----------+-----------+------+----------+



================================================================
== Utilization Estimates
================================================================
* Summary: 
+-----------------+---------+-------+--------+-------+-----+
|       Name      | BRAM_18K| DSP48E|   FF   |  LUT  | URAM|
+-----------------+---------+-------+--------+-------+-----+
|DSP              |        -|      -|       -|      -|    -|
|Expression       |        -|      -|       0|   3900|    -|
|FIFO             |        -|      -|       -|      -|    -|
|Instance         |        -|      0|    1584|   5736|    -|
|Memory           |        -|      -|       -|      -|    -|
|Multiplexer      |        -|      -|       -|   1239|    -|
|Register         |        0|      -|    2492|    128|    -|
+-----------------+---------+-------+--------+-------+-----+
|Total            |        0|      0|    4076|  11003|    0|
+-----------------+---------+-------+--------+-------+-----+
|Available        |      280|    220|  106400|  53200|    0|
+-----------------+---------+-------+--------+-------+-----+
|Utilization (%)  |        0|      0|       3|     20|    0|
+-----------------+---------+-------+--------+-------+-----+

+ Detail: 
    * Instance: 
    +--------------------------+----------------------+---------+-------+----+-----+-----+
    |         Instance         |        Module        | BRAM_18K| DSP48E| FF | LUT | URAM|
    +--------------------------+----------------------+---------+-------+----+-----+-----+
    |dnn_hw_fcmp_32ns_bkb_U53  |dnn_hw_fcmp_32ns_bkb  |        0|      0|  66|  239|    0|
    |dnn_hw_fcmp_32ns_bkb_U54  |dnn_hw_fcmp_32ns_bkb  |        0|      0|  66|  239|    0|
    |dnn_hw_fcmp_32ns_bkb_U55  |dnn_hw_fcmp_32ns_bkb  |        0|      0|  66|  239|    0|
    |dnn_hw_fcmp_32ns_bkb_U56  |dnn_hw_fcmp_32ns_bkb  |        0|      0|  66|  239|    0|
    |dnn_hw_fcmp_32ns_bkb_U57  |dnn_hw_fcmp_32ns_bkb  |        0|      0|  66|  239|    0|
    |dnn_hw_fcmp_32ns_bkb_U58  |dnn_hw_fcmp_32ns_bkb  |        0|      0|  66|  239|    0|
    |dnn_hw_fcmp_32ns_bkb_U59  |dnn_hw_fcmp_32ns_bkb  |        0|      0|  66|  239|    0|
    |dnn_hw_fcmp_32ns_bkb_U60  |dnn_hw_fcmp_32ns_bkb  |        0|      0|  66|  239|    0|
    |dnn_hw_fcmp_32ns_bkb_U61  |dnn_hw_fcmp_32ns_bkb  |        0|      0|  66|  239|    0|
    |dnn_hw_fcmp_32ns_bkb_U62  |dnn_hw_fcmp_32ns_bkb  |        0|      0|  66|  239|    0|
    |dnn_hw_fcmp_32ns_bkb_U63  |dnn_hw_fcmp_32ns_bkb  |        0|      0|  66|  239|    0|
    |dnn_hw_fcmp_32ns_bkb_U64  |dnn_hw_fcmp_32ns_bkb  |        0|      0|  66|  239|    0|
    |dnn_hw_fcmp_32ns_bkb_U65  |dnn_hw_fcmp_32ns_bkb  |        0|      0|  66|  239|    0|
    |dnn_hw_fcmp_32ns_bkb_U66  |dnn_hw_fcmp_32ns_bkb  |        0|      0|  66|  239|    0|
    |dnn_hw_fcmp_32ns_bkb_U67  |dnn_hw_fcmp_32ns_bkb  |        0|      0|  66|  239|    0|
    |dnn_hw_fcmp_32ns_bkb_U68  |dnn_hw_fcmp_32ns_bkb  |        0|      0|  66|  239|    0|
    |dnn_hw_fcmp_32ns_bkb_U69  |dnn_hw_fcmp_32ns_bkb  |        0|      0|  66|  239|    0|
    |dnn_hw_fcmp_32ns_bkb_U70  |dnn_hw_fcmp_32ns_bkb  |        0|      0|  66|  239|    0|
    |dnn_hw_fcmp_32ns_bkb_U71  |dnn_hw_fcmp_32ns_bkb  |        0|      0|  66|  239|    0|
    |dnn_hw_fcmp_32ns_bkb_U72  |dnn_hw_fcmp_32ns_bkb  |        0|      0|  66|  239|    0|
    |dnn_hw_fcmp_32ns_bkb_U73  |dnn_hw_fcmp_32ns_bkb  |        0|      0|  66|  239|    0|
    |dnn_hw_fcmp_32ns_bkb_U74  |dnn_hw_fcmp_32ns_bkb  |        0|      0|  66|  239|    0|
    |dnn_hw_fcmp_32ns_bkb_U75  |dnn_hw_fcmp_32ns_bkb  |        0|      0|  66|  239|    0|
    |dnn_hw_fcmp_32ns_bkb_U76  |dnn_hw_fcmp_32ns_bkb  |        0|      0|  66|  239|    0|
    +--------------------------+----------------------+---------+-------+----+-----+-----+
    |Total                     |                      |        0|      0|1584| 5736|    0|
    +--------------------------+----------------------+---------+-------+----+-----+-----+

    * DSP48E: 
    N/A

    * Memory: 
    N/A

    * FIFO: 
    N/A

    * Expression: 
    +----------------------------+----------+-------+---+----+------------+------------+
    |        Variable Name       | Operation| DSP48E| FF| LUT| Bitwidth P0| Bitwidth P1|
    +----------------------------+----------+-------+---+----+------------+------------+
    |col_fu_1734_p2              |     +    |      0|  0|  15|           6|           1|
    |and_ln167_10_fu_3460_p2     |    and   |      0|  0|   2|           1|           1|
    |and_ln167_11_fu_3466_p2     |    and   |      0|  0|   2|           1|           1|
    |and_ln167_12_fu_3500_p2     |    and   |      0|  0|   2|           1|           1|
    |and_ln167_13_fu_3506_p2     |    and   |      0|  0|   2|           1|           1|
    |and_ln167_14_fu_3540_p2     |    and   |      0|  0|   2|           1|           1|
    |and_ln167_15_fu_3546_p2     |    and   |      0|  0|   2|           1|           1|
    |and_ln167_16_fu_3580_p2     |    and   |      0|  0|   2|           1|           1|
    |and_ln167_17_fu_3586_p2     |    and   |      0|  0|   2|           1|           1|
    |and_ln167_18_fu_3620_p2     |    and   |      0|  0|   2|           1|           1|
    |and_ln167_19_fu_3626_p2     |    and   |      0|  0|   2|           1|           1|
    |and_ln167_1_fu_3266_p2      |    and   |      0|  0|   2|           1|           1|
    |and_ln167_20_fu_3660_p2     |    and   |      0|  0|   2|           1|           1|
    |and_ln167_21_fu_3666_p2     |    and   |      0|  0|   2|           1|           1|
    |and_ln167_22_fu_3700_p2     |    and   |      0|  0|   2|           1|           1|
    |and_ln167_23_fu_3706_p2     |    and   |      0|  0|   2|           1|           1|
    |and_ln167_24_fu_4468_p2     |    and   |      0|  0|   2|           1|           1|
    |and_ln167_25_fu_4474_p2     |    and   |      0|  0|   2|           1|           1|
    |and_ln167_26_fu_4508_p2     |    and   |      0|  0|   2|           1|           1|
    |and_ln167_27_fu_4514_p2     |    and   |      0|  0|   2|           1|           1|
    |and_ln167_28_fu_4548_p2     |    and   |      0|  0|   2|           1|           1|
    |and_ln167_29_fu_4554_p2     |    and   |      0|  0|   2|           1|           1|
    |and_ln167_2_fu_3300_p2      |    and   |      0|  0|   2|           1|           1|
    |and_ln167_30_fu_4588_p2     |    and   |      0|  0|   2|           1|           1|
    |and_ln167_31_fu_4594_p2     |    and   |      0|  0|   2|           1|           1|
    |and_ln167_3_fu_3306_p2      |    and   |      0|  0|   2|           1|           1|
    |and_ln167_4_fu_3340_p2      |    and   |      0|  0|   2|           1|           1|
    |and_ln167_5_fu_3346_p2      |    and   |      0|  0|   2|           1|           1|
    |and_ln167_6_fu_3380_p2      |    and   |      0|  0|   2|           1|           1|
    |and_ln167_7_fu_3386_p2      |    and   |      0|  0|   2|           1|           1|
    |and_ln167_8_fu_3420_p2      |    and   |      0|  0|   2|           1|           1|
    |and_ln167_9_fu_3426_p2      |    and   |      0|  0|   2|           1|           1|
    |and_ln167_fu_3260_p2        |    and   |      0|  0|   2|           1|           1|
    |and_ln168_10_fu_3480_p2     |    and   |      0|  0|   2|           1|           1|
    |and_ln168_11_fu_3486_p2     |    and   |      0|  0|   2|           1|           1|
    |and_ln168_12_fu_3520_p2     |    and   |      0|  0|   2|           1|           1|
    |and_ln168_13_fu_3526_p2     |    and   |      0|  0|   2|           1|           1|
    |and_ln168_14_fu_3560_p2     |    and   |      0|  0|   2|           1|           1|
    |and_ln168_15_fu_3566_p2     |    and   |      0|  0|   2|           1|           1|
    |and_ln168_16_fu_3600_p2     |    and   |      0|  0|   2|           1|           1|
    |and_ln168_17_fu_3606_p2     |    and   |      0|  0|   2|           1|           1|
    |and_ln168_18_fu_3640_p2     |    and   |      0|  0|   2|           1|           1|
    |and_ln168_19_fu_3646_p2     |    and   |      0|  0|   2|           1|           1|
    |and_ln168_1_fu_3286_p2      |    and   |      0|  0|   2|           1|           1|
    |and_ln168_20_fu_3680_p2     |    and   |      0|  0|   2|           1|           1|
    |and_ln168_21_fu_3686_p2     |    and   |      0|  0|   2|           1|           1|
    |and_ln168_22_fu_3720_p2     |    and   |      0|  0|   2|           1|           1|
    |and_ln168_23_fu_3726_p2     |    and   |      0|  0|   2|           1|           1|
    |and_ln168_24_fu_4488_p2     |    and   |      0|  0|   2|           1|           1|
    |and_ln168_25_fu_4494_p2     |    and   |      0|  0|   2|           1|           1|
    |and_ln168_26_fu_4528_p2     |    and   |      0|  0|   2|           1|           1|
    |and_ln168_27_fu_4534_p2     |    and   |      0|  0|   2|           1|           1|
    |and_ln168_28_fu_4568_p2     |    and   |      0|  0|   2|           1|           1|
    |and_ln168_29_fu_4574_p2     |    and   |      0|  0|   2|           1|           1|
    |and_ln168_2_fu_3320_p2      |    and   |      0|  0|   2|           1|           1|
    |and_ln168_30_fu_4608_p2     |    and   |      0|  0|   2|           1|           1|
    |and_ln168_31_fu_4614_p2     |    and   |      0|  0|   2|           1|           1|
    |and_ln168_3_fu_3326_p2      |    and   |      0|  0|   2|           1|           1|
    |and_ln168_4_fu_3360_p2      |    and   |      0|  0|   2|           1|           1|
    |and_ln168_5_fu_3366_p2      |    and   |      0|  0|   2|           1|           1|
    |and_ln168_6_fu_3400_p2      |    and   |      0|  0|   2|           1|           1|
    |and_ln168_7_fu_3406_p2      |    and   |      0|  0|   2|           1|           1|
    |and_ln168_8_fu_3440_p2      |    and   |      0|  0|   2|           1|           1|
    |and_ln168_9_fu_3446_p2      |    and   |      0|  0|   2|           1|           1|
    |and_ln168_fu_3280_p2        |    and   |      0|  0|   2|           1|           1|
    |and_ln169_10_fu_5152_p2     |    and   |      0|  0|   2|           1|           1|
    |and_ln169_11_fu_5158_p2     |    and   |      0|  0|   2|           1|           1|
    |and_ln169_12_fu_5244_p2     |    and   |      0|  0|   2|           1|           1|
    |and_ln169_13_fu_5250_p2     |    and   |      0|  0|   2|           1|           1|
    |and_ln169_14_fu_5336_p2     |    and   |      0|  0|   2|           1|           1|
    |and_ln169_15_fu_5342_p2     |    and   |      0|  0|   2|           1|           1|
    |and_ln169_16_fu_5428_p2     |    and   |      0|  0|   2|           1|           1|
    |and_ln169_17_fu_5434_p2     |    and   |      0|  0|   2|           1|           1|
    |and_ln169_18_fu_5520_p2     |    and   |      0|  0|   2|           1|           1|
    |and_ln169_19_fu_5526_p2     |    and   |      0|  0|   2|           1|           1|
    |and_ln169_1_fu_4698_p2      |    and   |      0|  0|   2|           1|           1|
    |and_ln169_20_fu_5612_p2     |    and   |      0|  0|   2|           1|           1|
    |and_ln169_21_fu_5618_p2     |    and   |      0|  0|   2|           1|           1|
    |and_ln169_22_fu_5704_p2     |    and   |      0|  0|   2|           1|           1|
    |and_ln169_23_fu_5710_p2     |    and   |      0|  0|   2|           1|           1|
    |and_ln169_24_fu_5882_p2     |    and   |      0|  0|   2|           1|           1|
    |and_ln169_25_fu_5888_p2     |    and   |      0|  0|   2|           1|           1|
    |and_ln169_26_fu_5970_p2     |    and   |      0|  0|   2|           1|           1|
    |and_ln169_27_fu_5976_p2     |    and   |      0|  0|   2|           1|           1|
    |and_ln169_28_fu_6058_p2     |    and   |      0|  0|   2|           1|           1|
    |and_ln169_29_fu_6064_p2     |    and   |      0|  0|   2|           1|           1|
    |and_ln169_2_fu_4784_p2      |    and   |      0|  0|   2|           1|           1|
    |and_ln169_30_fu_6146_p2     |    and   |      0|  0|   2|           1|           1|
    |and_ln169_31_fu_6152_p2     |    and   |      0|  0|   2|           1|           1|
    |and_ln169_3_fu_4790_p2      |    and   |      0|  0|   2|           1|           1|
    |and_ln169_4_fu_4876_p2      |    and   |      0|  0|   2|           1|           1|
    |and_ln169_5_fu_4882_p2      |    and   |      0|  0|   2|           1|           1|
    |and_ln169_6_fu_4968_p2      |    and   |      0|  0|   2|           1|           1|
    |and_ln169_7_fu_4974_p2      |    and   |      0|  0|   2|           1|           1|
    |and_ln169_8_fu_5060_p2      |    and   |      0|  0|   2|           1|           1|
    |and_ln169_9_fu_5066_p2      |    and   |      0|  0|   2|           1|           1|
    |and_ln169_fu_4692_p2        |    and   |      0|  0|   2|           1|           1|
    |icmp_ln157_fu_1728_p2       |   icmp   |      0|  0|  11|           6|           5|
    |icmp_ln167_10_fu_2100_p2    |   icmp   |      0|  0|  11|           8|           2|
    |icmp_ln167_11_fu_2106_p2    |   icmp   |      0|  0|  18|          23|           1|
    |icmp_ln167_12_fu_2208_p2    |   icmp   |      0|  0|  11|           8|           2|
    |icmp_ln167_13_fu_2214_p2    |   icmp   |      0|  0|  18|          23|           1|
    |icmp_ln167_14_fu_2220_p2    |   icmp   |      0|  0|  11|           8|           2|
    |icmp_ln167_15_fu_2226_p2    |   icmp   |      0|  0|  18|          23|           1|
    |icmp_ln167_16_fu_2328_p2    |   icmp   |      0|  0|  11|           8|           2|
    |icmp_ln167_17_fu_2334_p2    |   icmp   |      0|  0|  18|          23|           1|
    |icmp_ln167_18_fu_2340_p2    |   icmp   |      0|  0|  11|           8|           2|
    |icmp_ln167_19_fu_2346_p2    |   icmp   |      0|  0|  18|          23|           1|
    |icmp_ln167_1_fu_1854_p2     |   icmp   |      0|  0|  18|          23|           1|
    |icmp_ln167_20_fu_2448_p2    |   icmp   |      0|  0|  11|           8|           2|
    |icmp_ln167_21_fu_2454_p2    |   icmp   |      0|  0|  18|          23|           1|
    |icmp_ln167_22_fu_2460_p2    |   icmp   |      0|  0|  11|           8|           2|
    |icmp_ln167_23_fu_2466_p2    |   icmp   |      0|  0|  18|          23|           1|
    |icmp_ln167_24_fu_2568_p2    |   icmp   |      0|  0|  11|           8|           2|
    |icmp_ln167_25_fu_2574_p2    |   icmp   |      0|  0|  18|          23|           1|
    |icmp_ln167_26_fu_2580_p2    |   icmp   |      0|  0|  11|           8|           2|
    |icmp_ln167_27_fu_2586_p2    |   icmp   |      0|  0|  18|          23|           1|
    |icmp_ln167_28_fu_2688_p2    |   icmp   |      0|  0|  11|           8|           2|
    |icmp_ln167_29_fu_2694_p2    |   icmp   |      0|  0|  18|          23|           1|
    |icmp_ln167_2_fu_1860_p2     |   icmp   |      0|  0|  11|           8|           2|
    |icmp_ln167_30_fu_2700_p2    |   icmp   |      0|  0|  11|           8|           2|
    |icmp_ln167_31_fu_2706_p2    |   icmp   |      0|  0|  18|          23|           1|
    |icmp_ln167_32_fu_2808_p2    |   icmp   |      0|  0|  11|           8|           2|
    |icmp_ln167_33_fu_2814_p2    |   icmp   |      0|  0|  18|          23|           1|
    |icmp_ln167_34_fu_2820_p2    |   icmp   |      0|  0|  11|           8|           2|
    |icmp_ln167_35_fu_2826_p2    |   icmp   |      0|  0|  18|          23|           1|
    |icmp_ln167_36_fu_2928_p2    |   icmp   |      0|  0|  11|           8|           2|
    |icmp_ln167_37_fu_2934_p2    |   icmp   |      0|  0|  18|          23|           1|
    |icmp_ln167_38_fu_2940_p2    |   icmp   |      0|  0|  11|           8|           2|
    |icmp_ln167_39_fu_2946_p2    |   icmp   |      0|  0|  18|          23|           1|
    |icmp_ln167_3_fu_1866_p2     |   icmp   |      0|  0|  18|          23|           1|
    |icmp_ln167_40_fu_3048_p2    |   icmp   |      0|  0|  11|           8|           2|
    |icmp_ln167_41_fu_3054_p2    |   icmp   |      0|  0|  18|          23|           1|
    |icmp_ln167_42_fu_3060_p2    |   icmp   |      0|  0|  11|           8|           2|
    |icmp_ln167_43_fu_3066_p2    |   icmp   |      0|  0|  18|          23|           1|
    |icmp_ln167_44_fu_3168_p2    |   icmp   |      0|  0|  11|           8|           2|
    |icmp_ln167_45_fu_3174_p2    |   icmp   |      0|  0|  18|          23|           1|
    |icmp_ln167_46_fu_3180_p2    |   icmp   |      0|  0|  11|           8|           2|
    |icmp_ln167_47_fu_3186_p2    |   icmp   |      0|  0|  18|          23|           1|
    |icmp_ln167_48_fu_3766_p2    |   icmp   |      0|  0|  11|           8|           2|
    |icmp_ln167_49_fu_3772_p2    |   icmp   |      0|  0|  18|          23|           1|
    |icmp_ln167_4_fu_1968_p2     |   icmp   |      0|  0|  11|           8|           2|
    |icmp_ln167_50_fu_3778_p2    |   icmp   |      0|  0|  11|           8|           2|
    |icmp_ln167_51_fu_3784_p2    |   icmp   |      0|  0|  18|          23|           1|
    |icmp_ln167_52_fu_3882_p2    |   icmp   |      0|  0|  11|           8|           2|
    |icmp_ln167_53_fu_3888_p2    |   icmp   |      0|  0|  18|          23|           1|
    |icmp_ln167_54_fu_3894_p2    |   icmp   |      0|  0|  11|           8|           2|
    |icmp_ln167_55_fu_3900_p2    |   icmp   |      0|  0|  18|          23|           1|
    |icmp_ln167_56_fu_3998_p2    |   icmp   |      0|  0|  11|           8|           2|
    |icmp_ln167_57_fu_4004_p2    |   icmp   |      0|  0|  18|          23|           1|
    |icmp_ln167_58_fu_4010_p2    |   icmp   |      0|  0|  11|           8|           2|
    |icmp_ln167_59_fu_4016_p2    |   icmp   |      0|  0|  18|          23|           1|
    |icmp_ln167_5_fu_1974_p2     |   icmp   |      0|  0|  18|          23|           1|
    |icmp_ln167_60_fu_4114_p2    |   icmp   |      0|  0|  11|           8|           2|
    |icmp_ln167_61_fu_4120_p2    |   icmp   |      0|  0|  18|          23|           1|
    |icmp_ln167_62_fu_4126_p2    |   icmp   |      0|  0|  11|           8|           2|
    |icmp_ln167_63_fu_4132_p2    |   icmp   |      0|  0|  18|          23|           1|
    |icmp_ln167_6_fu_1980_p2     |   icmp   |      0|  0|  11|           8|           2|
    |icmp_ln167_7_fu_1986_p2     |   icmp   |      0|  0|  18|          23|           1|
    |icmp_ln167_8_fu_2088_p2     |   icmp   |      0|  0|  11|           8|           2|
    |icmp_ln167_9_fu_2094_p2     |   icmp   |      0|  0|  18|          23|           1|
    |icmp_ln167_fu_1848_p2       |   icmp   |      0|  0|  11|           8|           2|
    |icmp_ln168_10_fu_2160_p2    |   icmp   |      0|  0|  11|           8|           2|
    |icmp_ln168_11_fu_2166_p2    |   icmp   |      0|  0|  18|          23|           1|
    |icmp_ln168_12_fu_2268_p2    |   icmp   |      0|  0|  11|           8|           2|
    |icmp_ln168_13_fu_2274_p2    |   icmp   |      0|  0|  18|          23|           1|
    |icmp_ln168_14_fu_2280_p2    |   icmp   |      0|  0|  11|           8|           2|
    |icmp_ln168_15_fu_2286_p2    |   icmp   |      0|  0|  18|          23|           1|
    |icmp_ln168_16_fu_2388_p2    |   icmp   |      0|  0|  11|           8|           2|
    |icmp_ln168_17_fu_2394_p2    |   icmp   |      0|  0|  18|          23|           1|
    |icmp_ln168_18_fu_2400_p2    |   icmp   |      0|  0|  11|           8|           2|
    |icmp_ln168_19_fu_2406_p2    |   icmp   |      0|  0|  18|          23|           1|
    |icmp_ln168_1_fu_1914_p2     |   icmp   |      0|  0|  18|          23|           1|
    |icmp_ln168_20_fu_2508_p2    |   icmp   |      0|  0|  11|           8|           2|
    |icmp_ln168_21_fu_2514_p2    |   icmp   |      0|  0|  18|          23|           1|
    |icmp_ln168_22_fu_2520_p2    |   icmp   |      0|  0|  11|           8|           2|
    |icmp_ln168_23_fu_2526_p2    |   icmp   |      0|  0|  18|          23|           1|
    |icmp_ln168_24_fu_2628_p2    |   icmp   |      0|  0|  11|           8|           2|
    |icmp_ln168_25_fu_2634_p2    |   icmp   |      0|  0|  18|          23|           1|
    |icmp_ln168_26_fu_2640_p2    |   icmp   |      0|  0|  11|           8|           2|
    |icmp_ln168_27_fu_2646_p2    |   icmp   |      0|  0|  18|          23|           1|
    |icmp_ln168_28_fu_2748_p2    |   icmp   |      0|  0|  11|           8|           2|
    |icmp_ln168_29_fu_2754_p2    |   icmp   |      0|  0|  18|          23|           1|
    |icmp_ln168_2_fu_1920_p2     |   icmp   |      0|  0|  11|           8|           2|
    |icmp_ln168_30_fu_2760_p2    |   icmp   |      0|  0|  11|           8|           2|
    |icmp_ln168_31_fu_2766_p2    |   icmp   |      0|  0|  18|          23|           1|
    |icmp_ln168_32_fu_2868_p2    |   icmp   |      0|  0|  11|           8|           2|
    |icmp_ln168_33_fu_2874_p2    |   icmp   |      0|  0|  18|          23|           1|
    |icmp_ln168_34_fu_2880_p2    |   icmp   |      0|  0|  11|           8|           2|
    |icmp_ln168_35_fu_2886_p2    |   icmp   |      0|  0|  18|          23|           1|
    |icmp_ln168_36_fu_2988_p2    |   icmp   |      0|  0|  11|           8|           2|
    |icmp_ln168_37_fu_2994_p2    |   icmp   |      0|  0|  18|          23|           1|
    |icmp_ln168_38_fu_3000_p2    |   icmp   |      0|  0|  11|           8|           2|
    |icmp_ln168_39_fu_3006_p2    |   icmp   |      0|  0|  18|          23|           1|
    |icmp_ln168_3_fu_1926_p2     |   icmp   |      0|  0|  18|          23|           1|
    |icmp_ln168_40_fu_3108_p2    |   icmp   |      0|  0|  11|           8|           2|
    |icmp_ln168_41_fu_3114_p2    |   icmp   |      0|  0|  18|          23|           1|
    |icmp_ln168_42_fu_3120_p2    |   icmp   |      0|  0|  11|           8|           2|
    |icmp_ln168_43_fu_3126_p2    |   icmp   |      0|  0|  18|          23|           1|
    |icmp_ln168_44_fu_3228_p2    |   icmp   |      0|  0|  11|           8|           2|
    |icmp_ln168_45_fu_3234_p2    |   icmp   |      0|  0|  18|          23|           1|
    |icmp_ln168_46_fu_3240_p2    |   icmp   |      0|  0|  11|           8|           2|
    |icmp_ln168_47_fu_3246_p2    |   icmp   |      0|  0|  18|          23|           1|
    |icmp_ln168_48_fu_3824_p2    |   icmp   |      0|  0|  11|           8|           2|
    |icmp_ln168_49_fu_3830_p2    |   icmp   |      0|  0|  18|          23|           1|
    |icmp_ln168_4_fu_2028_p2     |   icmp   |      0|  0|  11|           8|           2|
    |icmp_ln168_50_fu_3836_p2    |   icmp   |      0|  0|  11|           8|           2|
    |icmp_ln168_51_fu_3842_p2    |   icmp   |      0|  0|  18|          23|           1|
    |icmp_ln168_52_fu_3940_p2    |   icmp   |      0|  0|  11|           8|           2|
    |icmp_ln168_53_fu_3946_p2    |   icmp   |      0|  0|  18|          23|           1|
    |icmp_ln168_54_fu_3952_p2    |   icmp   |      0|  0|  11|           8|           2|
    |icmp_ln168_55_fu_3958_p2    |   icmp   |      0|  0|  18|          23|           1|
    |icmp_ln168_56_fu_4056_p2    |   icmp   |      0|  0|  11|           8|           2|
    |icmp_ln168_57_fu_4062_p2    |   icmp   |      0|  0|  18|          23|           1|
    |icmp_ln168_58_fu_4068_p2    |   icmp   |      0|  0|  11|           8|           2|
    |icmp_ln168_59_fu_4074_p2    |   icmp   |      0|  0|  18|          23|           1|
    |icmp_ln168_5_fu_2034_p2     |   icmp   |      0|  0|  18|          23|           1|
    |icmp_ln168_60_fu_4172_p2    |   icmp   |      0|  0|  11|           8|           2|
    |icmp_ln168_61_fu_4178_p2    |   icmp   |      0|  0|  18|          23|           1|
    |icmp_ln168_62_fu_4184_p2    |   icmp   |      0|  0|  11|           8|           2|
    |icmp_ln168_63_fu_4190_p2    |   icmp   |      0|  0|  18|          23|           1|
    |icmp_ln168_6_fu_2040_p2     |   icmp   |      0|  0|  11|           8|           2|
    |icmp_ln168_7_fu_2046_p2     |   icmp   |      0|  0|  18|          23|           1|
    |icmp_ln168_8_fu_2148_p2     |   icmp   |      0|  0|  11|           8|           2|
    |icmp_ln168_9_fu_2154_p2     |   icmp   |      0|  0|  18|          23|           1|
    |icmp_ln168_fu_1908_p2       |   icmp   |      0|  0|  11|           8|           2|
    |icmp_ln169_10_fu_4858_p2    |   icmp   |      0|  0|  11|           8|           2|
    |icmp_ln169_11_fu_4864_p2    |   icmp   |      0|  0|  18|          23|           1|
    |icmp_ln169_12_fu_4932_p2    |   icmp   |      0|  0|  11|           8|           2|
    |icmp_ln169_13_fu_4938_p2    |   icmp   |      0|  0|  18|          23|           1|
    |icmp_ln169_14_fu_4950_p2    |   icmp   |      0|  0|  11|           8|           2|
    |icmp_ln169_15_fu_4956_p2    |   icmp   |      0|  0|  18|          23|           1|
    |icmp_ln169_16_fu_5024_p2    |   icmp   |      0|  0|  11|           8|           2|
    |icmp_ln169_17_fu_5030_p2    |   icmp   |      0|  0|  18|          23|           1|
    |icmp_ln169_18_fu_5042_p2    |   icmp   |      0|  0|  11|           8|           2|
    |icmp_ln169_19_fu_5048_p2    |   icmp   |      0|  0|  18|          23|           1|
    |icmp_ln169_1_fu_4662_p2     |   icmp   |      0|  0|  18|          23|           1|
    |icmp_ln169_20_fu_5116_p2    |   icmp   |      0|  0|  11|           8|           2|
    |icmp_ln169_21_fu_5122_p2    |   icmp   |      0|  0|  18|          23|           1|
    |icmp_ln169_22_fu_5134_p2    |   icmp   |      0|  0|  11|           8|           2|
    |icmp_ln169_23_fu_5140_p2    |   icmp   |      0|  0|  18|          23|           1|
    |icmp_ln169_24_fu_5208_p2    |   icmp   |      0|  0|  11|           8|           2|
    |icmp_ln169_25_fu_5214_p2    |   icmp   |      0|  0|  18|          23|           1|
    |icmp_ln169_26_fu_5226_p2    |   icmp   |      0|  0|  11|           8|           2|
    |icmp_ln169_27_fu_5232_p2    |   icmp   |      0|  0|  18|          23|           1|
    |icmp_ln169_28_fu_5300_p2    |   icmp   |      0|  0|  11|           8|           2|
    |icmp_ln169_29_fu_5306_p2    |   icmp   |      0|  0|  18|          23|           1|
    |icmp_ln169_2_fu_4674_p2     |   icmp   |      0|  0|  11|           8|           2|
    |icmp_ln169_30_fu_5318_p2    |   icmp   |      0|  0|  11|           8|           2|
    |icmp_ln169_31_fu_5324_p2    |   icmp   |      0|  0|  18|          23|           1|
    |icmp_ln169_32_fu_5392_p2    |   icmp   |      0|  0|  11|           8|           2|
    |icmp_ln169_33_fu_5398_p2    |   icmp   |      0|  0|  18|          23|           1|
    |icmp_ln169_34_fu_5410_p2    |   icmp   |      0|  0|  11|           8|           2|
    |icmp_ln169_35_fu_5416_p2    |   icmp   |      0|  0|  18|          23|           1|
    |icmp_ln169_36_fu_5484_p2    |   icmp   |      0|  0|  11|           8|           2|
    |icmp_ln169_37_fu_5490_p2    |   icmp   |      0|  0|  18|          23|           1|
    |icmp_ln169_38_fu_5502_p2    |   icmp   |      0|  0|  11|           8|           2|
    |icmp_ln169_39_fu_5508_p2    |   icmp   |      0|  0|  18|          23|           1|
    |icmp_ln169_3_fu_4680_p2     |   icmp   |      0|  0|  18|          23|           1|
    |icmp_ln169_40_fu_5576_p2    |   icmp   |      0|  0|  11|           8|           2|
    |icmp_ln169_41_fu_5582_p2    |   icmp   |      0|  0|  18|          23|           1|
    |icmp_ln169_42_fu_5594_p2    |   icmp   |      0|  0|  11|           8|           2|
    |icmp_ln169_43_fu_5600_p2    |   icmp   |      0|  0|  18|          23|           1|
    |icmp_ln169_44_fu_5668_p2    |   icmp   |      0|  0|  11|           8|           2|
    |icmp_ln169_45_fu_5674_p2    |   icmp   |      0|  0|  18|          23|           1|
    |icmp_ln169_46_fu_5686_p2    |   icmp   |      0|  0|  11|           8|           2|
    |icmp_ln169_47_fu_5692_p2    |   icmp   |      0|  0|  18|          23|           1|
    |icmp_ln169_48_fu_5846_p2    |   icmp   |      0|  0|  11|           8|           2|
    |icmp_ln169_49_fu_5852_p2    |   icmp   |      0|  0|  18|          23|           1|
    |icmp_ln169_4_fu_4748_p2     |   icmp   |      0|  0|  11|           8|           2|
    |icmp_ln169_50_fu_5864_p2    |   icmp   |      0|  0|  11|           8|           2|
    |icmp_ln169_51_fu_5870_p2    |   icmp   |      0|  0|  18|          23|           1|
    |icmp_ln169_52_fu_5934_p2    |   icmp   |      0|  0|  11|           8|           2|
    |icmp_ln169_53_fu_5940_p2    |   icmp   |      0|  0|  18|          23|           1|
    |icmp_ln169_54_fu_5952_p2    |   icmp   |      0|  0|  11|           8|           2|
    |icmp_ln169_55_fu_5958_p2    |   icmp   |      0|  0|  18|          23|           1|
    |icmp_ln169_56_fu_6022_p2    |   icmp   |      0|  0|  11|           8|           2|
    |icmp_ln169_57_fu_6028_p2    |   icmp   |      0|  0|  18|          23|           1|
    |icmp_ln169_58_fu_6040_p2    |   icmp   |      0|  0|  11|           8|           2|
    |icmp_ln169_59_fu_6046_p2    |   icmp   |      0|  0|  18|          23|           1|
    |icmp_ln169_5_fu_4754_p2     |   icmp   |      0|  0|  18|          23|           1|
    |icmp_ln169_60_fu_6110_p2    |   icmp   |      0|  0|  11|           8|           2|
    |icmp_ln169_61_fu_6116_p2    |   icmp   |      0|  0|  18|          23|           1|
    |icmp_ln169_62_fu_6128_p2    |   icmp   |      0|  0|  11|           8|           2|
    |icmp_ln169_63_fu_6134_p2    |   icmp   |      0|  0|  18|          23|           1|
    |icmp_ln169_6_fu_4766_p2     |   icmp   |      0|  0|  11|           8|           2|
    |icmp_ln169_7_fu_4772_p2     |   icmp   |      0|  0|  18|          23|           1|
    |icmp_ln169_8_fu_4840_p2     |   icmp   |      0|  0|  11|           8|           2|
    |icmp_ln169_9_fu_4846_p2     |   icmp   |      0|  0|  18|          23|           1|
    |icmp_ln169_fu_4656_p2       |   icmp   |      0|  0|  11|           8|           2|
    |or_ln167_10_fu_3452_p2      |    or    |      0|  0|   2|           1|           1|
    |or_ln167_11_fu_3456_p2      |    or    |      0|  0|   2|           1|           1|
    |or_ln167_12_fu_3492_p2      |    or    |      0|  0|   2|           1|           1|
    |or_ln167_13_fu_3496_p2      |    or    |      0|  0|   2|           1|           1|
    |or_ln167_14_fu_3532_p2      |    or    |      0|  0|   2|           1|           1|
    |or_ln167_15_fu_3536_p2      |    or    |      0|  0|   2|           1|           1|
    |or_ln167_16_fu_3572_p2      |    or    |      0|  0|   2|           1|           1|
    |or_ln167_17_fu_3576_p2      |    or    |      0|  0|   2|           1|           1|
    |or_ln167_18_fu_3612_p2      |    or    |      0|  0|   2|           1|           1|
    |or_ln167_19_fu_3616_p2      |    or    |      0|  0|   2|           1|           1|
    |or_ln167_1_fu_3256_p2       |    or    |      0|  0|   2|           1|           1|
    |or_ln167_20_fu_3652_p2      |    or    |      0|  0|   2|           1|           1|
    |or_ln167_21_fu_3656_p2      |    or    |      0|  0|   2|           1|           1|
    |or_ln167_22_fu_3692_p2      |    or    |      0|  0|   2|           1|           1|
    |or_ln167_23_fu_3696_p2      |    or    |      0|  0|   2|           1|           1|
    |or_ln167_24_fu_4460_p2      |    or    |      0|  0|   2|           1|           1|
    |or_ln167_25_fu_4464_p2      |    or    |      0|  0|   2|           1|           1|
    |or_ln167_26_fu_4500_p2      |    or    |      0|  0|   2|           1|           1|
    |or_ln167_27_fu_4504_p2      |    or    |      0|  0|   2|           1|           1|
    |or_ln167_28_fu_4540_p2      |    or    |      0|  0|   2|           1|           1|
    |or_ln167_29_fu_4544_p2      |    or    |      0|  0|   2|           1|           1|
    |or_ln167_2_fu_3292_p2       |    or    |      0|  0|   2|           1|           1|
    |or_ln167_30_fu_4580_p2      |    or    |      0|  0|   2|           1|           1|
    |or_ln167_31_fu_4584_p2      |    or    |      0|  0|   2|           1|           1|
    |or_ln167_3_fu_3296_p2       |    or    |      0|  0|   2|           1|           1|
    |or_ln167_4_fu_3332_p2       |    or    |      0|  0|   2|           1|           1|
    |or_ln167_5_fu_3336_p2       |    or    |      0|  0|   2|           1|           1|
    |or_ln167_6_fu_3372_p2       |    or    |      0|  0|   2|           1|           1|
    |or_ln167_7_fu_3376_p2       |    or    |      0|  0|   2|           1|           1|
    |or_ln167_8_fu_3412_p2       |    or    |      0|  0|   2|           1|           1|
    |or_ln167_9_fu_3416_p2       |    or    |      0|  0|   2|           1|           1|
    |or_ln167_fu_3252_p2         |    or    |      0|  0|   2|           1|           1|
    |or_ln168_10_fu_3472_p2      |    or    |      0|  0|   2|           1|           1|
    |or_ln168_11_fu_3476_p2      |    or    |      0|  0|   2|           1|           1|
    |or_ln168_12_fu_3512_p2      |    or    |      0|  0|   2|           1|           1|
    |or_ln168_13_fu_3516_p2      |    or    |      0|  0|   2|           1|           1|
    |or_ln168_14_fu_3552_p2      |    or    |      0|  0|   2|           1|           1|
    |or_ln168_15_fu_3556_p2      |    or    |      0|  0|   2|           1|           1|
    |or_ln168_16_fu_3592_p2      |    or    |      0|  0|   2|           1|           1|
    |or_ln168_17_fu_3596_p2      |    or    |      0|  0|   2|           1|           1|
    |or_ln168_18_fu_3632_p2      |    or    |      0|  0|   2|           1|           1|
    |or_ln168_19_fu_3636_p2      |    or    |      0|  0|   2|           1|           1|
    |or_ln168_1_fu_3276_p2       |    or    |      0|  0|   2|           1|           1|
    |or_ln168_20_fu_3672_p2      |    or    |      0|  0|   2|           1|           1|
    |or_ln168_21_fu_3676_p2      |    or    |      0|  0|   2|           1|           1|
    |or_ln168_22_fu_3712_p2      |    or    |      0|  0|   2|           1|           1|
    |or_ln168_23_fu_3716_p2      |    or    |      0|  0|   2|           1|           1|
    |or_ln168_24_fu_4480_p2      |    or    |      0|  0|   2|           1|           1|
    |or_ln168_25_fu_4484_p2      |    or    |      0|  0|   2|           1|           1|
    |or_ln168_26_fu_4520_p2      |    or    |      0|  0|   2|           1|           1|
    |or_ln168_27_fu_4524_p2      |    or    |      0|  0|   2|           1|           1|
    |or_ln168_28_fu_4560_p2      |    or    |      0|  0|   2|           1|           1|
    |or_ln168_29_fu_4564_p2      |    or    |      0|  0|   2|           1|           1|
    |or_ln168_2_fu_3312_p2       |    or    |      0|  0|   2|           1|           1|
    |or_ln168_30_fu_4600_p2      |    or    |      0|  0|   2|           1|           1|
    |or_ln168_31_fu_4604_p2      |    or    |      0|  0|   2|           1|           1|
    |or_ln168_3_fu_3316_p2       |    or    |      0|  0|   2|           1|           1|
    |or_ln168_4_fu_3352_p2       |    or    |      0|  0|   2|           1|           1|
    |or_ln168_5_fu_3356_p2       |    or    |      0|  0|   2|           1|           1|
    |or_ln168_6_fu_3392_p2       |    or    |      0|  0|   2|           1|           1|
    |or_ln168_7_fu_3396_p2       |    or    |      0|  0|   2|           1|           1|
    |or_ln168_8_fu_3432_p2       |    or    |      0|  0|   2|           1|           1|
    |or_ln168_9_fu_3436_p2       |    or    |      0|  0|   2|           1|           1|
    |or_ln168_fu_3272_p2         |    or    |      0|  0|   2|           1|           1|
    |or_ln169_10_fu_5128_p2      |    or    |      0|  0|   2|           1|           1|
    |or_ln169_11_fu_5146_p2      |    or    |      0|  0|   2|           1|           1|
    |or_ln169_12_fu_5220_p2      |    or    |      0|  0|   2|           1|           1|
    |or_ln169_13_fu_5238_p2      |    or    |      0|  0|   2|           1|           1|
    |or_ln169_14_fu_5312_p2      |    or    |      0|  0|   2|           1|           1|
    |or_ln169_15_fu_5330_p2      |    or    |      0|  0|   2|           1|           1|
    |or_ln169_16_fu_5404_p2      |    or    |      0|  0|   2|           1|           1|
    |or_ln169_17_fu_5422_p2      |    or    |      0|  0|   2|           1|           1|
    |or_ln169_18_fu_5496_p2      |    or    |      0|  0|   2|           1|           1|
    |or_ln169_19_fu_5514_p2      |    or    |      0|  0|   2|           1|           1|
    |or_ln169_1_fu_4686_p2       |    or    |      0|  0|   2|           1|           1|
    |or_ln169_20_fu_5588_p2      |    or    |      0|  0|   2|           1|           1|
    |or_ln169_21_fu_5606_p2      |    or    |      0|  0|   2|           1|           1|
    |or_ln169_22_fu_5680_p2      |    or    |      0|  0|   2|           1|           1|
    |or_ln169_23_fu_5698_p2      |    or    |      0|  0|   2|           1|           1|
    |or_ln169_24_fu_5858_p2      |    or    |      0|  0|   2|           1|           1|
    |or_ln169_25_fu_5876_p2      |    or    |      0|  0|   2|           1|           1|
    |or_ln169_26_fu_5946_p2      |    or    |      0|  0|   2|           1|           1|
    |or_ln169_27_fu_5964_p2      |    or    |      0|  0|   2|           1|           1|
    |or_ln169_28_fu_6034_p2      |    or    |      0|  0|   2|           1|           1|
    |or_ln169_29_fu_6052_p2      |    or    |      0|  0|   2|           1|           1|
    |or_ln169_2_fu_4760_p2       |    or    |      0|  0|   2|           1|           1|
    |or_ln169_30_fu_6122_p2      |    or    |      0|  0|   2|           1|           1|
    |or_ln169_31_fu_6140_p2      |    or    |      0|  0|   2|           1|           1|
    |or_ln169_3_fu_4778_p2       |    or    |      0|  0|   2|           1|           1|
    |or_ln169_4_fu_4852_p2       |    or    |      0|  0|   2|           1|           1|
    |or_ln169_5_fu_4870_p2       |    or    |      0|  0|   2|           1|           1|
    |or_ln169_6_fu_4944_p2       |    or    |      0|  0|   2|           1|           1|
    |or_ln169_7_fu_4962_p2       |    or    |      0|  0|   2|           1|           1|
    |or_ln169_8_fu_5036_p2       |    or    |      0|  0|   2|           1|           1|
    |or_ln169_9_fu_5054_p2       |    or    |      0|  0|   2|           1|           1|
    |or_ln169_fu_4668_p2         |    or    |      0|  0|   2|           1|           1|
    |select_ln167_10_fu_4416_p3  |  select  |      0|  0|   6|           1|           6|
    |select_ln167_11_fu_4438_p3  |  select  |      0|  0|   6|           1|           6|
    |select_ln167_12_fu_5724_p3  |  select  |      0|  0|   6|           1|           6|
    |select_ln167_13_fu_5746_p3  |  select  |      0|  0|   6|           1|           6|
    |select_ln167_14_fu_5768_p3  |  select  |      0|  0|   6|           1|           6|
    |select_ln167_15_fu_5790_p3  |  select  |      0|  0|   6|           1|           6|
    |select_ln167_1_fu_4218_p3   |  select  |      0|  0|   6|           1|           6|
    |select_ln167_2_fu_4240_p3   |  select  |      0|  0|   6|           1|           6|
    |select_ln167_3_fu_4262_p3   |  select  |      0|  0|   6|           1|           6|
    |select_ln167_4_fu_4284_p3   |  select  |      0|  0|   6|           1|           6|
    |select_ln167_5_fu_4306_p3   |  select  |      0|  0|   6|           1|           6|
    |select_ln167_6_fu_4328_p3   |  select  |      0|  0|   6|           1|           6|
    |select_ln167_7_fu_4350_p3   |  select  |      0|  0|   6|           1|           6|
    |select_ln167_8_fu_4372_p3   |  select  |      0|  0|   6|           1|           6|
    |select_ln167_9_fu_4394_p3   |  select  |      0|  0|   6|           1|           6|
    |select_ln167_fu_4196_p3     |  select  |      0|  0|   6|           1|           6|
    |select_ln168_10_fu_4427_p3  |  select  |      0|  0|   6|           1|           6|
    |select_ln168_11_fu_4449_p3  |  select  |      0|  0|   6|           1|           6|
    |select_ln168_12_fu_5735_p3  |  select  |      0|  0|   6|           1|           6|
    |select_ln168_13_fu_5757_p3  |  select  |      0|  0|   6|           1|           6|
    |select_ln168_14_fu_5779_p3  |  select  |      0|  0|   6|           1|           6|
    |select_ln168_15_fu_5801_p3  |  select  |      0|  0|   6|           1|           6|
    |select_ln168_1_fu_4229_p3   |  select  |      0|  0|   6|           1|           6|
    |select_ln168_2_fu_4251_p3   |  select  |      0|  0|   6|           1|           6|
    |select_ln168_3_fu_4273_p3   |  select  |      0|  0|   6|           1|           6|
    |select_ln168_4_fu_4295_p3   |  select  |      0|  0|   6|           1|           6|
    |select_ln168_5_fu_4317_p3   |  select  |      0|  0|   6|           1|           6|
    |select_ln168_6_fu_4339_p3   |  select  |      0|  0|   6|           1|           6|
    |select_ln168_7_fu_4361_p3   |  select  |      0|  0|   6|           1|           6|
    |select_ln168_8_fu_4383_p3   |  select  |      0|  0|   6|           1|           6|
    |select_ln168_9_fu_4405_p3   |  select  |      0|  0|   6|           1|           6|
    |select_ln168_fu_4207_p3     |  select  |      0|  0|   6|           1|           6|
    |select_ln169_10_fu_5624_p3  |  select  |      0|  0|  32|           1|          32|
    |select_ln169_11_fu_5716_p3  |  select  |      0|  0|  32|           1|          32|
    |select_ln169_12_fu_5894_p3  |  select  |      0|  0|  32|           1|          32|
    |select_ln169_13_fu_5982_p3  |  select  |      0|  0|  32|           1|          32|
    |select_ln169_14_fu_6070_p3  |  select  |      0|  0|  32|           1|          32|
    |select_ln169_15_fu_6158_p3  |  select  |      0|  0|  32|           1|          32|
    |select_ln169_1_fu_4796_p3   |  select  |      0|  0|  32|           1|          32|
    |select_ln169_2_fu_4888_p3   |  select  |      0|  0|  32|           1|          32|
    |select_ln169_3_fu_4980_p3   |  select  |      0|  0|  32|           1|          32|
    |select_ln169_4_fu_5072_p3   |  select  |      0|  0|  32|           1|          32|
    |select_ln169_5_fu_5164_p3   |  select  |      0|  0|  32|           1|          32|
    |select_ln169_6_fu_5256_p3   |  select  |      0|  0|  32|           1|          32|
    |select_ln169_7_fu_5348_p3   |  select  |      0|  0|  32|           1|          32|
    |select_ln169_8_fu_5440_p3   |  select  |      0|  0|  32|           1|          32|
    |select_ln169_9_fu_5532_p3   |  select  |      0|  0|  32|           1|          32|
    |select_ln169_fu_4704_p3     |  select  |      0|  0|  32|           1|          32|
    |ap_enable_pp0               |    xor   |      0|  0|   2|           1|           2|
    +----------------------------+----------+-------+---+----+------------+------------+
    |Total                       |          |      0|  0|3900|        3229|        1192|
    +----------------------------+----------+-------+---+----+------------+------------+

    * Multiplexer: 
    +---------------------------------+----+-----------+-----+-----------+
    |               Name              | LUT| Input Size| Bits| Total Bits|
    +---------------------------------+----+-----------+-----+-----------+
    |ap_NS_fsm                        |  27|          5|    1|          5|
    |ap_enable_reg_pp0_iter4          |   9|          2|    1|          2|
    |ap_phi_mux_col_0_phi_fu_1402_p4  |   9|          2|    6|         12|
    |col_0_reg_1398                   |   9|          2|    6|         12|
    |grp_fu_1410_p0                   |  15|          3|   32|         96|
    |grp_fu_1410_p1                   |  15|          3|   32|         96|
    |grp_fu_1416_p0                   |  15|          3|   32|         96|
    |grp_fu_1416_p1                   |  15|          3|   32|         96|
    |grp_fu_1422_p0                   |  15|          3|   32|         96|
    |grp_fu_1422_p1                   |  15|          3|   32|         96|
    |grp_fu_1428_p0                   |  15|          3|   32|         96|
    |grp_fu_1428_p1                   |  15|          3|   32|         96|
    |grp_fu_1434_p0                   |  15|          3|   32|         96|
    |grp_fu_1434_p1                   |  15|          3|   32|         96|
    |grp_fu_1440_p0                   |  15|          3|   32|         96|
    |grp_fu_1440_p1                   |  15|          3|   32|         96|
    |grp_fu_1446_p0                   |  15|          3|   32|         96|
    |grp_fu_1446_p1                   |  15|          3|   32|         96|
    |grp_fu_1452_p0                   |  15|          3|   32|         96|
    |grp_fu_1452_p1                   |  15|          3|   32|         96|
    |grp_fu_1458_p0                   |  15|          3|   32|         96|
    |grp_fu_1458_p1                   |  15|          3|   32|         96|
    |grp_fu_1464_p0                   |  15|          3|   32|         96|
    |grp_fu_1464_p1                   |  15|          3|   32|         96|
    |grp_fu_1470_p0                   |  15|          3|   32|         96|
    |grp_fu_1470_p1                   |  15|          3|   32|         96|
    |grp_fu_1476_p0                   |  15|          3|   32|         96|
    |grp_fu_1476_p1                   |  15|          3|   32|         96|
    |grp_fu_1482_p0                   |  15|          3|   32|         96|
    |grp_fu_1482_p1                   |  15|          3|   32|         96|
    |grp_fu_1488_p0                   |  15|          3|   32|         96|
    |grp_fu_1488_p1                   |  15|          3|   32|         96|
    |grp_fu_1494_p0                   |  15|          3|   32|         96|
    |grp_fu_1494_p1                   |  15|          3|   32|         96|
    |grp_fu_1500_p0                   |  15|          3|   32|         96|
    |grp_fu_1500_p1                   |  15|          3|   32|         96|
    |grp_fu_1506_p1                   |  15|          3|   32|         96|
    |grp_fu_1512_p0                   |  15|          3|   32|         96|
    |grp_fu_1512_p1                   |  15|          3|   32|         96|
    |grp_fu_1518_p0                   |  15|          3|   32|         96|
    |grp_fu_1518_p1                   |  15|          3|   32|         96|
    |grp_fu_1524_p0                   |  15|          3|   32|         96|
    |grp_fu_1524_p1                   |  15|          3|   32|         96|
    |grp_fu_1530_p0                   |  15|          3|   32|         96|
    |grp_fu_1530_p1                   |  15|          3|   32|         96|
    |grp_fu_1536_p0                   |  15|          3|   32|         96|
    |grp_fu_1536_p1                   |  15|          3|   32|         96|
    |grp_fu_1542_p0                   |  15|          3|   32|         96|
    |grp_fu_1542_p1                   |  15|          3|   32|         96|
    |grp_fu_1548_p0                   |  15|          3|   32|         96|
    |grp_fu_1548_p1                   |  15|          3|   32|         96|
    |ifm_buff0_0_address0             |  15|          3|    6|         18|
    |ifm_buff0_10_address0            |  15|          3|    6|         18|
    |ifm_buff0_11_address0            |  15|          3|    6|         18|
    |ifm_buff0_12_address0            |  15|          3|    6|         18|
    |ifm_buff0_13_address0            |  15|          3|    6|         18|
    |ifm_buff0_14_address0            |  15|          3|    6|         18|
    |ifm_buff0_15_address0            |  15|          3|    6|         18|
    |ifm_buff0_1_address0             |  15|          3|    6|         18|
    |ifm_buff0_2_address0             |  15|          3|    6|         18|
    |ifm_buff0_3_address0             |  15|          3|    6|         18|
    |ifm_buff0_4_address0             |  15|          3|    6|         18|
    |ifm_buff0_5_address0             |  15|          3|    6|         18|
    |ifm_buff0_6_address0             |  15|          3|    6|         18|
    |ifm_buff0_7_address0             |  15|          3|    6|         18|
    |ifm_buff0_8_address0             |  15|          3|    6|         18|
    |ifm_buff0_9_address0             |  15|          3|    6|         18|
    |ifm_buff1_0_address0             |  15|          3|    6|         18|
    |ifm_buff1_10_address0            |  15|          3|    6|         18|
    |ifm_buff1_11_address0            |  15|          3|    6|         18|
    |ifm_buff1_12_address0            |  15|          3|    6|         18|
    |ifm_buff1_13_address0            |  15|          3|    6|         18|
    |ifm_buff1_14_address0            |  15|          3|    6|         18|
    |ifm_buff1_15_address0            |  15|          3|    6|         18|
    |ifm_buff1_1_address0             |  15|          3|    6|         18|
    |ifm_buff1_2_address0             |  15|          3|    6|         18|
    |ifm_buff1_3_address0             |  15|          3|    6|         18|
    |ifm_buff1_4_address0             |  15|          3|    6|         18|
    |ifm_buff1_5_address0             |  15|          3|    6|         18|
    |ifm_buff1_6_address0             |  15|          3|    6|         18|
    |ifm_buff1_7_address0             |  15|          3|    6|         18|
    |ifm_buff1_8_address0             |  15|          3|    6|         18|
    |ifm_buff1_9_address0             |  15|          3|    6|         18|
    +---------------------------------+----+-----------+-----+-----------+
    |Total                            |1239|        248| 1710|       5119|
    +---------------------------------+----+-----------+-----+-----------+

    * Register: 
    +------------------------------+----+----+-----+-----------+
    |             Name             | FF | LUT| Bits| Const Bits|
    +------------------------------+----+----+-----+-----------+
    |and_ln167_11_reg_7291         |   1|   0|    1|          0|
    |and_ln167_13_reg_7301         |   1|   0|    1|          0|
    |and_ln167_15_reg_7311         |   1|   0|    1|          0|
    |and_ln167_17_reg_7321         |   1|   0|    1|          0|
    |and_ln167_19_reg_7331         |   1|   0|    1|          0|
    |and_ln167_1_reg_7241          |   1|   0|    1|          0|
    |and_ln167_21_reg_7341         |   1|   0|    1|          0|
    |and_ln167_23_reg_7351         |   1|   0|    1|          0|
    |and_ln167_25_reg_7641         |   1|   0|    1|          0|
    |and_ln167_27_reg_7651         |   1|   0|    1|          0|
    |and_ln167_29_reg_7661         |   1|   0|    1|          0|
    |and_ln167_31_reg_7671         |   1|   0|    1|          0|
    |and_ln167_3_reg_7251          |   1|   0|    1|          0|
    |and_ln167_5_reg_7261          |   1|   0|    1|          0|
    |and_ln167_7_reg_7271          |   1|   0|    1|          0|
    |and_ln167_9_reg_7281          |   1|   0|    1|          0|
    |and_ln168_11_reg_7296         |   1|   0|    1|          0|
    |and_ln168_13_reg_7306         |   1|   0|    1|          0|
    |and_ln168_15_reg_7316         |   1|   0|    1|          0|
    |and_ln168_17_reg_7326         |   1|   0|    1|          0|
    |and_ln168_19_reg_7336         |   1|   0|    1|          0|
    |and_ln168_1_reg_7246          |   1|   0|    1|          0|
    |and_ln168_21_reg_7346         |   1|   0|    1|          0|
    |and_ln168_23_reg_7356         |   1|   0|    1|          0|
    |and_ln168_25_reg_7646         |   1|   0|    1|          0|
    |and_ln168_27_reg_7656         |   1|   0|    1|          0|
    |and_ln168_29_reg_7666         |   1|   0|    1|          0|
    |and_ln168_31_reg_7676         |   1|   0|    1|          0|
    |and_ln168_3_reg_7256          |   1|   0|    1|          0|
    |and_ln168_5_reg_7266          |   1|   0|    1|          0|
    |and_ln168_7_reg_7276          |   1|   0|    1|          0|
    |and_ln168_9_reg_7286          |   1|   0|    1|          0|
    |ap_CS_fsm                     |   4|   0|    4|          0|
    |ap_enable_reg_pp0_iter0       |   1|   0|    1|          0|
    |ap_enable_reg_pp0_iter1       |   1|   0|    1|          0|
    |ap_enable_reg_pp0_iter2       |   1|   0|    1|          0|
    |ap_enable_reg_pp0_iter3       |   1|   0|    1|          0|
    |ap_enable_reg_pp0_iter4       |   1|   0|    1|          0|
    |col_0_reg_1398                |   6|   0|    6|          0|
    |col_reg_6168                  |   6|   0|    6|          0|
    |icmp_ln157_reg_6164           |   1|   0|    1|          0|
    |icmp_ln167_10_reg_6660        |   1|   0|    1|          0|
    |icmp_ln167_11_reg_6665        |   1|   0|    1|          0|
    |icmp_ln167_12_reg_6700        |   1|   0|    1|          0|
    |icmp_ln167_13_reg_6705        |   1|   0|    1|          0|
    |icmp_ln167_14_reg_6710        |   1|   0|    1|          0|
    |icmp_ln167_15_reg_6715        |   1|   0|    1|          0|
    |icmp_ln167_16_reg_6750        |   1|   0|    1|          0|
    |icmp_ln167_17_reg_6755        |   1|   0|    1|          0|
    |icmp_ln167_18_reg_6760        |   1|   0|    1|          0|
    |icmp_ln167_19_reg_6765        |   1|   0|    1|          0|
    |icmp_ln167_1_reg_6555         |   1|   0|    1|          0|
    |icmp_ln167_20_reg_6800        |   1|   0|    1|          0|
    |icmp_ln167_21_reg_6805        |   1|   0|    1|          0|
    |icmp_ln167_22_reg_6810        |   1|   0|    1|          0|
    |icmp_ln167_23_reg_6815        |   1|   0|    1|          0|
    |icmp_ln167_24_reg_6850        |   1|   0|    1|          0|
    |icmp_ln167_25_reg_6855        |   1|   0|    1|          0|
    |icmp_ln167_26_reg_6860        |   1|   0|    1|          0|
    |icmp_ln167_27_reg_6865        |   1|   0|    1|          0|
    |icmp_ln167_28_reg_6900        |   1|   0|    1|          0|
    |icmp_ln167_29_reg_6905        |   1|   0|    1|          0|
    |icmp_ln167_2_reg_6560         |   1|   0|    1|          0|
    |icmp_ln167_30_reg_6910        |   1|   0|    1|          0|
    |icmp_ln167_31_reg_6915        |   1|   0|    1|          0|
    |icmp_ln167_32_reg_6950        |   1|   0|    1|          0|
    |icmp_ln167_33_reg_6955        |   1|   0|    1|          0|
    |icmp_ln167_34_reg_6960        |   1|   0|    1|          0|
    |icmp_ln167_35_reg_6965        |   1|   0|    1|          0|
    |icmp_ln167_36_reg_7000        |   1|   0|    1|          0|
    |icmp_ln167_37_reg_7005        |   1|   0|    1|          0|
    |icmp_ln167_38_reg_7010        |   1|   0|    1|          0|
    |icmp_ln167_39_reg_7015        |   1|   0|    1|          0|
    |icmp_ln167_3_reg_6565         |   1|   0|    1|          0|
    |icmp_ln167_40_reg_7050        |   1|   0|    1|          0|
    |icmp_ln167_41_reg_7055        |   1|   0|    1|          0|
    |icmp_ln167_42_reg_7060        |   1|   0|    1|          0|
    |icmp_ln167_43_reg_7065        |   1|   0|    1|          0|
    |icmp_ln167_44_reg_7100        |   1|   0|    1|          0|
    |icmp_ln167_45_reg_7105        |   1|   0|    1|          0|
    |icmp_ln167_46_reg_7110        |   1|   0|    1|          0|
    |icmp_ln167_47_reg_7115        |   1|   0|    1|          0|
    |icmp_ln167_48_reg_7361        |   1|   0|    1|          0|
    |icmp_ln167_49_reg_7366        |   1|   0|    1|          0|
    |icmp_ln167_4_reg_6600         |   1|   0|    1|          0|
    |icmp_ln167_50_reg_7371        |   1|   0|    1|          0|
    |icmp_ln167_51_reg_7376        |   1|   0|    1|          0|
    |icmp_ln167_52_reg_7401        |   1|   0|    1|          0|
    |icmp_ln167_53_reg_7406        |   1|   0|    1|          0|
    |icmp_ln167_54_reg_7411        |   1|   0|    1|          0|
    |icmp_ln167_55_reg_7416        |   1|   0|    1|          0|
    |icmp_ln167_56_reg_7441        |   1|   0|    1|          0|
    |icmp_ln167_57_reg_7446        |   1|   0|    1|          0|
    |icmp_ln167_58_reg_7451        |   1|   0|    1|          0|
    |icmp_ln167_59_reg_7456        |   1|   0|    1|          0|
    |icmp_ln167_5_reg_6605         |   1|   0|    1|          0|
    |icmp_ln167_60_reg_7481        |   1|   0|    1|          0|
    |icmp_ln167_61_reg_7486        |   1|   0|    1|          0|
    |icmp_ln167_62_reg_7491        |   1|   0|    1|          0|
    |icmp_ln167_63_reg_7496        |   1|   0|    1|          0|
    |icmp_ln167_6_reg_6610         |   1|   0|    1|          0|
    |icmp_ln167_7_reg_6615         |   1|   0|    1|          0|
    |icmp_ln167_8_reg_6650         |   1|   0|    1|          0|
    |icmp_ln167_9_reg_6655         |   1|   0|    1|          0|
    |icmp_ln167_reg_6550           |   1|   0|    1|          0|
    |icmp_ln168_10_reg_6685        |   1|   0|    1|          0|
    |icmp_ln168_11_reg_6690        |   1|   0|    1|          0|
    |icmp_ln168_12_reg_6725        |   1|   0|    1|          0|
    |icmp_ln168_13_reg_6730        |   1|   0|    1|          0|
    |icmp_ln168_14_reg_6735        |   1|   0|    1|          0|
    |icmp_ln168_15_reg_6740        |   1|   0|    1|          0|
    |icmp_ln168_16_reg_6775        |   1|   0|    1|          0|
    |icmp_ln168_17_reg_6780        |   1|   0|    1|          0|
    |icmp_ln168_18_reg_6785        |   1|   0|    1|          0|
    |icmp_ln168_19_reg_6790        |   1|   0|    1|          0|
    |icmp_ln168_1_reg_6580         |   1|   0|    1|          0|
    |icmp_ln168_20_reg_6825        |   1|   0|    1|          0|
    |icmp_ln168_21_reg_6830        |   1|   0|    1|          0|
    |icmp_ln168_22_reg_6835        |   1|   0|    1|          0|
    |icmp_ln168_23_reg_6840        |   1|   0|    1|          0|
    |icmp_ln168_24_reg_6875        |   1|   0|    1|          0|
    |icmp_ln168_25_reg_6880        |   1|   0|    1|          0|
    |icmp_ln168_26_reg_6885        |   1|   0|    1|          0|
    |icmp_ln168_27_reg_6890        |   1|   0|    1|          0|
    |icmp_ln168_28_reg_6925        |   1|   0|    1|          0|
    |icmp_ln168_29_reg_6930        |   1|   0|    1|          0|
    |icmp_ln168_2_reg_6585         |   1|   0|    1|          0|
    |icmp_ln168_30_reg_6935        |   1|   0|    1|          0|
    |icmp_ln168_31_reg_6940        |   1|   0|    1|          0|
    |icmp_ln168_32_reg_6975        |   1|   0|    1|          0|
    |icmp_ln168_33_reg_6980        |   1|   0|    1|          0|
    |icmp_ln168_34_reg_6985        |   1|   0|    1|          0|
    |icmp_ln168_35_reg_6990        |   1|   0|    1|          0|
    |icmp_ln168_36_reg_7025        |   1|   0|    1|          0|
    |icmp_ln168_37_reg_7030        |   1|   0|    1|          0|
    |icmp_ln168_38_reg_7035        |   1|   0|    1|          0|
    |icmp_ln168_39_reg_7040        |   1|   0|    1|          0|
    |icmp_ln168_3_reg_6590         |   1|   0|    1|          0|
    |icmp_ln168_40_reg_7075        |   1|   0|    1|          0|
    |icmp_ln168_41_reg_7080        |   1|   0|    1|          0|
    |icmp_ln168_42_reg_7085        |   1|   0|    1|          0|
    |icmp_ln168_43_reg_7090        |   1|   0|    1|          0|
    |icmp_ln168_44_reg_7125        |   1|   0|    1|          0|
    |icmp_ln168_45_reg_7130        |   1|   0|    1|          0|
    |icmp_ln168_46_reg_7135        |   1|   0|    1|          0|
    |icmp_ln168_47_reg_7140        |   1|   0|    1|          0|
    |icmp_ln168_48_reg_7381        |   1|   0|    1|          0|
    |icmp_ln168_49_reg_7386        |   1|   0|    1|          0|
    |icmp_ln168_4_reg_6625         |   1|   0|    1|          0|
    |icmp_ln168_50_reg_7391        |   1|   0|    1|          0|
    |icmp_ln168_51_reg_7396        |   1|   0|    1|          0|
    |icmp_ln168_52_reg_7421        |   1|   0|    1|          0|
    |icmp_ln168_53_reg_7426        |   1|   0|    1|          0|
    |icmp_ln168_54_reg_7431        |   1|   0|    1|          0|
    |icmp_ln168_55_reg_7436        |   1|   0|    1|          0|
    |icmp_ln168_56_reg_7461        |   1|   0|    1|          0|
    |icmp_ln168_57_reg_7466        |   1|   0|    1|          0|
    |icmp_ln168_58_reg_7471        |   1|   0|    1|          0|
    |icmp_ln168_59_reg_7476        |   1|   0|    1|          0|
    |icmp_ln168_5_reg_6630         |   1|   0|    1|          0|
    |icmp_ln168_60_reg_7501        |   1|   0|    1|          0|
    |icmp_ln168_61_reg_7506        |   1|   0|    1|          0|
    |icmp_ln168_62_reg_7511        |   1|   0|    1|          0|
    |icmp_ln168_63_reg_7516        |   1|   0|    1|          0|
    |icmp_ln168_6_reg_6635         |   1|   0|    1|          0|
    |icmp_ln168_7_reg_6640         |   1|   0|    1|          0|
    |icmp_ln168_8_reg_6675         |   1|   0|    1|          0|
    |icmp_ln168_9_reg_6680         |   1|   0|    1|          0|
    |icmp_ln168_reg_6575           |   1|   0|    1|          0|
    |ifm_buff0_12_load_1_reg_7151  |  32|   0|   32|          0|
    |ifm_buff0_12_load_2_reg_7781  |  32|   0|   32|          0|
    |ifm_buff0_12_load_reg_7145    |  32|   0|   32|          0|
    |ifm_buff0_13_load_1_reg_7175  |  32|   0|   32|          0|
    |ifm_buff0_13_load_2_reg_7795  |  32|   0|   32|          0|
    |ifm_buff0_13_load_reg_7169    |  32|   0|   32|          0|
    |ifm_buff0_14_load_1_reg_7199  |  32|   0|   32|          0|
    |ifm_buff0_14_load_2_reg_7809  |  32|   0|   32|          0|
    |ifm_buff0_14_load_reg_7193    |  32|   0|   32|          0|
    |ifm_buff0_15_load_1_reg_7223  |  32|   0|   32|          0|
    |ifm_buff0_15_load_2_reg_7823  |  32|   0|   32|          0|
    |ifm_buff0_15_load_reg_7217    |  32|   0|   32|          0|
    |ifm_buff1_12_load_1_reg_7163  |  32|   0|   32|          0|
    |ifm_buff1_12_load_2_reg_7788  |  32|   0|   32|          0|
    |ifm_buff1_12_load_reg_7157    |  32|   0|   32|          0|
    |ifm_buff1_13_load_1_reg_7187  |  32|   0|   32|          0|
    |ifm_buff1_13_load_2_reg_7802  |  32|   0|   32|          0|
    |ifm_buff1_13_load_reg_7181    |  32|   0|   32|          0|
    |ifm_buff1_14_load_1_reg_7211  |  32|   0|   32|          0|
    |ifm_buff1_14_load_2_reg_7816  |  32|   0|   32|          0|
    |ifm_buff1_14_load_reg_7205    |  32|   0|   32|          0|
    |ifm_buff1_15_load_1_reg_7235  |  32|   0|   32|          0|
    |ifm_buff1_15_load_2_reg_7830  |  32|   0|   32|          0|
    |ifm_buff1_15_load_reg_7229    |  32|   0|   32|          0|
    |reg_1585                      |  32|   0|   32|          0|
    |reg_1591                      |  32|   0|   32|          0|
    |reg_1597                      |  32|   0|   32|          0|
    |reg_1603                      |  32|   0|   32|          0|
    |reg_1609                      |  32|   0|   32|          0|
    |reg_1615                      |  32|   0|   32|          0|
    |reg_1621                      |  32|   0|   32|          0|
    |reg_1627                      |  32|   0|   32|          0|
    |reg_1633                      |  32|   0|   32|          0|
    |reg_1639                      |  32|   0|   32|          0|
    |reg_1645                      |  32|   0|   32|          0|
    |reg_1651                      |  32|   0|   32|          0|
    |reg_1657                      |  32|   0|   32|          0|
    |reg_1663                      |  32|   0|   32|          0|
    |reg_1669                      |  32|   0|   32|          0|
    |reg_1675                      |  32|   0|   32|          0|
    |reg_1681                      |  32|   0|   32|          0|
    |reg_1686                      |  32|   0|   32|          0|
    |reg_1692                      |  32|   0|   32|          0|
    |reg_1698                      |  32|   0|   32|          0|
    |reg_1704                      |  32|   0|   32|          0|
    |reg_1710                      |  32|   0|   32|          0|
    |reg_1716                      |  32|   0|   32|          0|
    |reg_1722                      |  32|   0|   32|          0|
    |select_ln169_10_reg_7731      |  32|   0|   32|          0|
    |select_ln169_11_reg_7736      |  32|   0|   32|          0|
    |select_ln169_12_reg_7837      |  32|   0|   32|          0|
    |select_ln169_13_reg_7842      |  32|   0|   32|          0|
    |select_ln169_14_reg_7847      |  32|   0|   32|          0|
    |select_ln169_15_reg_7852      |  32|   0|   32|          0|
    |select_ln169_1_reg_7686       |  32|   0|   32|          0|
    |select_ln169_2_reg_7691       |  32|   0|   32|          0|
    |select_ln169_3_reg_7696       |  32|   0|   32|          0|
    |select_ln169_4_reg_7701       |  32|   0|   32|          0|
    |select_ln169_5_reg_7706       |  32|   0|   32|          0|
    |select_ln169_6_reg_7711       |  32|   0|   32|          0|
    |select_ln169_7_reg_7716       |  32|   0|   32|          0|
    |select_ln169_8_reg_7721       |  32|   0|   32|          0|
    |select_ln169_9_reg_7726       |  32|   0|   32|          0|
    |select_ln169_reg_7681         |  32|   0|   32|          0|
    |zext_ln167_reg_6205           |   6|   0|   64|         58|
    |col_0_reg_1398                |  64|  32|    6|          0|
    |col_reg_6168                  |  64|  32|    6|          0|
    |icmp_ln157_reg_6164           |  64|  32|    1|          0|
    |zext_ln167_reg_6205           |  64|  32|   64|         58|
    +------------------------------+----+----+-----+-----------+
    |Total                         |2492| 128| 2371|        116|
    +------------------------------+----+----+-----+-----------+



================================================================
== Interface
================================================================
* Summary: 
+-----------------------+-----+-----+------------+--------------+--------------+
|       RTL Ports       | Dir | Bits|  Protocol  | Source Object|    C Type    |
+-----------------------+-----+-----+------------+--------------+--------------+
|ap_clk                 |  in |    1| ap_ctrl_hs |  pool_write  | return value |
|ap_rst                 |  in |    1| ap_ctrl_hs |  pool_write  | return value |
|ap_start               |  in |    1| ap_ctrl_hs |  pool_write  | return value |
|ap_done                | out |    1| ap_ctrl_hs |  pool_write  | return value |
|ap_idle                | out |    1| ap_ctrl_hs |  pool_write  | return value |
|ap_ready               | out |    1| ap_ctrl_hs |  pool_write  | return value |
|ifm_buff0_0_address0   | out |    6|  ap_memory |  ifm_buff0_0 |     array    |
|ifm_buff0_0_ce0        | out |    1|  ap_memory |  ifm_buff0_0 |     array    |
|ifm_buff0_0_q0         |  in |   32|  ap_memory |  ifm_buff0_0 |     array    |
|ifm_buff0_0_address1   | out |    6|  ap_memory |  ifm_buff0_0 |     array    |
|ifm_buff0_0_ce1        | out |    1|  ap_memory |  ifm_buff0_0 |     array    |
|ifm_buff0_0_q1         |  in |   32|  ap_memory |  ifm_buff0_0 |     array    |
|ifm_buff0_1_address0   | out |    6|  ap_memory |  ifm_buff0_1 |     array    |
|ifm_buff0_1_ce0        | out |    1|  ap_memory |  ifm_buff0_1 |     array    |
|ifm_buff0_1_q0         |  in |   32|  ap_memory |  ifm_buff0_1 |     array    |
|ifm_buff0_1_address1   | out |    6|  ap_memory |  ifm_buff0_1 |     array    |
|ifm_buff0_1_ce1        | out |    1|  ap_memory |  ifm_buff0_1 |     array    |
|ifm_buff0_1_q1         |  in |   32|  ap_memory |  ifm_buff0_1 |     array    |
|ifm_buff0_2_address0   | out |    6|  ap_memory |  ifm_buff0_2 |     array    |
|ifm_buff0_2_ce0        | out |    1|  ap_memory |  ifm_buff0_2 |     array    |
|ifm_buff0_2_q0         |  in |   32|  ap_memory |  ifm_buff0_2 |     array    |
|ifm_buff0_2_address1   | out |    6|  ap_memory |  ifm_buff0_2 |     array    |
|ifm_buff0_2_ce1        | out |    1|  ap_memory |  ifm_buff0_2 |     array    |
|ifm_buff0_2_q1         |  in |   32|  ap_memory |  ifm_buff0_2 |     array    |
|ifm_buff0_3_address0   | out |    6|  ap_memory |  ifm_buff0_3 |     array    |
|ifm_buff0_3_ce0        | out |    1|  ap_memory |  ifm_buff0_3 |     array    |
|ifm_buff0_3_q0         |  in |   32|  ap_memory |  ifm_buff0_3 |     array    |
|ifm_buff0_3_address1   | out |    6|  ap_memory |  ifm_buff0_3 |     array    |
|ifm_buff0_3_ce1        | out |    1|  ap_memory |  ifm_buff0_3 |     array    |
|ifm_buff0_3_q1         |  in |   32|  ap_memory |  ifm_buff0_3 |     array    |
|ifm_buff0_4_address0   | out |    6|  ap_memory |  ifm_buff0_4 |     array    |
|ifm_buff0_4_ce0        | out |    1|  ap_memory |  ifm_buff0_4 |     array    |
|ifm_buff0_4_q0         |  in |   32|  ap_memory |  ifm_buff0_4 |     array    |
|ifm_buff0_4_address1   | out |    6|  ap_memory |  ifm_buff0_4 |     array    |
|ifm_buff0_4_ce1        | out |    1|  ap_memory |  ifm_buff0_4 |     array    |
|ifm_buff0_4_q1         |  in |   32|  ap_memory |  ifm_buff0_4 |     array    |
|ifm_buff0_5_address0   | out |    6|  ap_memory |  ifm_buff0_5 |     array    |
|ifm_buff0_5_ce0        | out |    1|  ap_memory |  ifm_buff0_5 |     array    |
|ifm_buff0_5_q0         |  in |   32|  ap_memory |  ifm_buff0_5 |     array    |
|ifm_buff0_5_address1   | out |    6|  ap_memory |  ifm_buff0_5 |     array    |
|ifm_buff0_5_ce1        | out |    1|  ap_memory |  ifm_buff0_5 |     array    |
|ifm_buff0_5_q1         |  in |   32|  ap_memory |  ifm_buff0_5 |     array    |
|ifm_buff0_6_address0   | out |    6|  ap_memory |  ifm_buff0_6 |     array    |
|ifm_buff0_6_ce0        | out |    1|  ap_memory |  ifm_buff0_6 |     array    |
|ifm_buff0_6_q0         |  in |   32|  ap_memory |  ifm_buff0_6 |     array    |
|ifm_buff0_6_address1   | out |    6|  ap_memory |  ifm_buff0_6 |     array    |
|ifm_buff0_6_ce1        | out |    1|  ap_memory |  ifm_buff0_6 |     array    |
|ifm_buff0_6_q1         |  in |   32|  ap_memory |  ifm_buff0_6 |     array    |
|ifm_buff0_7_address0   | out |    6|  ap_memory |  ifm_buff0_7 |     array    |
|ifm_buff0_7_ce0        | out |    1|  ap_memory |  ifm_buff0_7 |     array    |
|ifm_buff0_7_q0         |  in |   32|  ap_memory |  ifm_buff0_7 |     array    |
|ifm_buff0_7_address1   | out |    6|  ap_memory |  ifm_buff0_7 |     array    |
|ifm_buff0_7_ce1        | out |    1|  ap_memory |  ifm_buff0_7 |     array    |
|ifm_buff0_7_q1         |  in |   32|  ap_memory |  ifm_buff0_7 |     array    |
|ifm_buff0_8_address0   | out |    6|  ap_memory |  ifm_buff0_8 |     array    |
|ifm_buff0_8_ce0        | out |    1|  ap_memory |  ifm_buff0_8 |     array    |
|ifm_buff0_8_q0         |  in |   32|  ap_memory |  ifm_buff0_8 |     array    |
|ifm_buff0_8_address1   | out |    6|  ap_memory |  ifm_buff0_8 |     array    |
|ifm_buff0_8_ce1        | out |    1|  ap_memory |  ifm_buff0_8 |     array    |
|ifm_buff0_8_q1         |  in |   32|  ap_memory |  ifm_buff0_8 |     array    |
|ifm_buff0_9_address0   | out |    6|  ap_memory |  ifm_buff0_9 |     array    |
|ifm_buff0_9_ce0        | out |    1|  ap_memory |  ifm_buff0_9 |     array    |
|ifm_buff0_9_q0         |  in |   32|  ap_memory |  ifm_buff0_9 |     array    |
|ifm_buff0_9_address1   | out |    6|  ap_memory |  ifm_buff0_9 |     array    |
|ifm_buff0_9_ce1        | out |    1|  ap_memory |  ifm_buff0_9 |     array    |
|ifm_buff0_9_q1         |  in |   32|  ap_memory |  ifm_buff0_9 |     array    |
|ifm_buff0_10_address0  | out |    6|  ap_memory | ifm_buff0_10 |     array    |
|ifm_buff0_10_ce0       | out |    1|  ap_memory | ifm_buff0_10 |     array    |
|ifm_buff0_10_q0        |  in |   32|  ap_memory | ifm_buff0_10 |     array    |
|ifm_buff0_10_address1  | out |    6|  ap_memory | ifm_buff0_10 |     array    |
|ifm_buff0_10_ce1       | out |    1|  ap_memory | ifm_buff0_10 |     array    |
|ifm_buff0_10_q1        |  in |   32|  ap_memory | ifm_buff0_10 |     array    |
|ifm_buff0_11_address0  | out |    6|  ap_memory | ifm_buff0_11 |     array    |
|ifm_buff0_11_ce0       | out |    1|  ap_memory | ifm_buff0_11 |     array    |
|ifm_buff0_11_q0        |  in |   32|  ap_memory | ifm_buff0_11 |     array    |
|ifm_buff0_11_address1  | out |    6|  ap_memory | ifm_buff0_11 |     array    |
|ifm_buff0_11_ce1       | out |    1|  ap_memory | ifm_buff0_11 |     array    |
|ifm_buff0_11_q1        |  in |   32|  ap_memory | ifm_buff0_11 |     array    |
|ifm_buff0_12_address0  | out |    6|  ap_memory | ifm_buff0_12 |     array    |
|ifm_buff0_12_ce0       | out |    1|  ap_memory | ifm_buff0_12 |     array    |
|ifm_buff0_12_q0        |  in |   32|  ap_memory | ifm_buff0_12 |     array    |
|ifm_buff0_12_address1  | out |    6|  ap_memory | ifm_buff0_12 |     array    |
|ifm_buff0_12_ce1       | out |    1|  ap_memory | ifm_buff0_12 |     array    |
|ifm_buff0_12_q1        |  in |   32|  ap_memory | ifm_buff0_12 |     array    |
|ifm_buff0_13_address0  | out |    6|  ap_memory | ifm_buff0_13 |     array    |
|ifm_buff0_13_ce0       | out |    1|  ap_memory | ifm_buff0_13 |     array    |
|ifm_buff0_13_q0        |  in |   32|  ap_memory | ifm_buff0_13 |     array    |
|ifm_buff0_13_address1  | out |    6|  ap_memory | ifm_buff0_13 |     array    |
|ifm_buff0_13_ce1       | out |    1|  ap_memory | ifm_buff0_13 |     array    |
|ifm_buff0_13_q1        |  in |   32|  ap_memory | ifm_buff0_13 |     array    |
|ifm_buff0_14_address0  | out |    6|  ap_memory | ifm_buff0_14 |     array    |
|ifm_buff0_14_ce0       | out |    1|  ap_memory | ifm_buff0_14 |     array    |
|ifm_buff0_14_q0        |  in |   32|  ap_memory | ifm_buff0_14 |     array    |
|ifm_buff0_14_address1  | out |    6|  ap_memory | ifm_buff0_14 |     array    |
|ifm_buff0_14_ce1       | out |    1|  ap_memory | ifm_buff0_14 |     array    |
|ifm_buff0_14_q1        |  in |   32|  ap_memory | ifm_buff0_14 |     array    |
|ifm_buff0_15_address0  | out |    6|  ap_memory | ifm_buff0_15 |     array    |
|ifm_buff0_15_ce0       | out |    1|  ap_memory | ifm_buff0_15 |     array    |
|ifm_buff0_15_q0        |  in |   32|  ap_memory | ifm_buff0_15 |     array    |
|ifm_buff0_15_address1  | out |    6|  ap_memory | ifm_buff0_15 |     array    |
|ifm_buff0_15_ce1       | out |    1|  ap_memory | ifm_buff0_15 |     array    |
|ifm_buff0_15_q1        |  in |   32|  ap_memory | ifm_buff0_15 |     array    |
|ifm_buff1_0_address0   | out |    6|  ap_memory |  ifm_buff1_0 |     array    |
|ifm_buff1_0_ce0        | out |    1|  ap_memory |  ifm_buff1_0 |     array    |
|ifm_buff1_0_q0         |  in |   32|  ap_memory |  ifm_buff1_0 |     array    |
|ifm_buff1_0_address1   | out |    6|  ap_memory |  ifm_buff1_0 |     array    |
|ifm_buff1_0_ce1        | out |    1|  ap_memory |  ifm_buff1_0 |     array    |
|ifm_buff1_0_q1         |  in |   32|  ap_memory |  ifm_buff1_0 |     array    |
|ifm_buff1_1_address0   | out |    6|  ap_memory |  ifm_buff1_1 |     array    |
|ifm_buff1_1_ce0        | out |    1|  ap_memory |  ifm_buff1_1 |     array    |
|ifm_buff1_1_q0         |  in |   32|  ap_memory |  ifm_buff1_1 |     array    |
|ifm_buff1_1_address1   | out |    6|  ap_memory |  ifm_buff1_1 |     array    |
|ifm_buff1_1_ce1        | out |    1|  ap_memory |  ifm_buff1_1 |     array    |
|ifm_buff1_1_q1         |  in |   32|  ap_memory |  ifm_buff1_1 |     array    |
|ifm_buff1_2_address0   | out |    6|  ap_memory |  ifm_buff1_2 |     array    |
|ifm_buff1_2_ce0        | out |    1|  ap_memory |  ifm_buff1_2 |     array    |
|ifm_buff1_2_q0         |  in |   32|  ap_memory |  ifm_buff1_2 |     array    |
|ifm_buff1_2_address1   | out |    6|  ap_memory |  ifm_buff1_2 |     array    |
|ifm_buff1_2_ce1        | out |    1|  ap_memory |  ifm_buff1_2 |     array    |
|ifm_buff1_2_q1         |  in |   32|  ap_memory |  ifm_buff1_2 |     array    |
|ifm_buff1_3_address0   | out |    6|  ap_memory |  ifm_buff1_3 |     array    |
|ifm_buff1_3_ce0        | out |    1|  ap_memory |  ifm_buff1_3 |     array    |
|ifm_buff1_3_q0         |  in |   32|  ap_memory |  ifm_buff1_3 |     array    |
|ifm_buff1_3_address1   | out |    6|  ap_memory |  ifm_buff1_3 |     array    |
|ifm_buff1_3_ce1        | out |    1|  ap_memory |  ifm_buff1_3 |     array    |
|ifm_buff1_3_q1         |  in |   32|  ap_memory |  ifm_buff1_3 |     array    |
|ifm_buff1_4_address0   | out |    6|  ap_memory |  ifm_buff1_4 |     array    |
|ifm_buff1_4_ce0        | out |    1|  ap_memory |  ifm_buff1_4 |     array    |
|ifm_buff1_4_q0         |  in |   32|  ap_memory |  ifm_buff1_4 |     array    |
|ifm_buff1_4_address1   | out |    6|  ap_memory |  ifm_buff1_4 |     array    |
|ifm_buff1_4_ce1        | out |    1|  ap_memory |  ifm_buff1_4 |     array    |
|ifm_buff1_4_q1         |  in |   32|  ap_memory |  ifm_buff1_4 |     array    |
|ifm_buff1_5_address0   | out |    6|  ap_memory |  ifm_buff1_5 |     array    |
|ifm_buff1_5_ce0        | out |    1|  ap_memory |  ifm_buff1_5 |     array    |
|ifm_buff1_5_q0         |  in |   32|  ap_memory |  ifm_buff1_5 |     array    |
|ifm_buff1_5_address1   | out |    6|  ap_memory |  ifm_buff1_5 |     array    |
|ifm_buff1_5_ce1        | out |    1|  ap_memory |  ifm_buff1_5 |     array    |
|ifm_buff1_5_q1         |  in |   32|  ap_memory |  ifm_buff1_5 |     array    |
|ifm_buff1_6_address0   | out |    6|  ap_memory |  ifm_buff1_6 |     array    |
|ifm_buff1_6_ce0        | out |    1|  ap_memory |  ifm_buff1_6 |     array    |
|ifm_buff1_6_q0         |  in |   32|  ap_memory |  ifm_buff1_6 |     array    |
|ifm_buff1_6_address1   | out |    6|  ap_memory |  ifm_buff1_6 |     array    |
|ifm_buff1_6_ce1        | out |    1|  ap_memory |  ifm_buff1_6 |     array    |
|ifm_buff1_6_q1         |  in |   32|  ap_memory |  ifm_buff1_6 |     array    |
|ifm_buff1_7_address0   | out |    6|  ap_memory |  ifm_buff1_7 |     array    |
|ifm_buff1_7_ce0        | out |    1|  ap_memory |  ifm_buff1_7 |     array    |
|ifm_buff1_7_q0         |  in |   32|  ap_memory |  ifm_buff1_7 |     array    |
|ifm_buff1_7_address1   | out |    6|  ap_memory |  ifm_buff1_7 |     array    |
|ifm_buff1_7_ce1        | out |    1|  ap_memory |  ifm_buff1_7 |     array    |
|ifm_buff1_7_q1         |  in |   32|  ap_memory |  ifm_buff1_7 |     array    |
|ifm_buff1_8_address0   | out |    6|  ap_memory |  ifm_buff1_8 |     array    |
|ifm_buff1_8_ce0        | out |    1|  ap_memory |  ifm_buff1_8 |     array    |
|ifm_buff1_8_q0         |  in |   32|  ap_memory |  ifm_buff1_8 |     array    |
|ifm_buff1_8_address1   | out |    6|  ap_memory |  ifm_buff1_8 |     array    |
|ifm_buff1_8_ce1        | out |    1|  ap_memory |  ifm_buff1_8 |     array    |
|ifm_buff1_8_q1         |  in |   32|  ap_memory |  ifm_buff1_8 |     array    |
|ifm_buff1_9_address0   | out |    6|  ap_memory |  ifm_buff1_9 |     array    |
|ifm_buff1_9_ce0        | out |    1|  ap_memory |  ifm_buff1_9 |     array    |
|ifm_buff1_9_q0         |  in |   32|  ap_memory |  ifm_buff1_9 |     array    |
|ifm_buff1_9_address1   | out |    6|  ap_memory |  ifm_buff1_9 |     array    |
|ifm_buff1_9_ce1        | out |    1|  ap_memory |  ifm_buff1_9 |     array    |
|ifm_buff1_9_q1         |  in |   32|  ap_memory |  ifm_buff1_9 |     array    |
|ifm_buff1_10_address0  | out |    6|  ap_memory | ifm_buff1_10 |     array    |
|ifm_buff1_10_ce0       | out |    1|  ap_memory | ifm_buff1_10 |     array    |
|ifm_buff1_10_q0        |  in |   32|  ap_memory | ifm_buff1_10 |     array    |
|ifm_buff1_10_address1  | out |    6|  ap_memory | ifm_buff1_10 |     array    |
|ifm_buff1_10_ce1       | out |    1|  ap_memory | ifm_buff1_10 |     array    |
|ifm_buff1_10_q1        |  in |   32|  ap_memory | ifm_buff1_10 |     array    |
|ifm_buff1_11_address0  | out |    6|  ap_memory | ifm_buff1_11 |     array    |
|ifm_buff1_11_ce0       | out |    1|  ap_memory | ifm_buff1_11 |     array    |
|ifm_buff1_11_q0        |  in |   32|  ap_memory | ifm_buff1_11 |     array    |
|ifm_buff1_11_address1  | out |    6|  ap_memory | ifm_buff1_11 |     array    |
|ifm_buff1_11_ce1       | out |    1|  ap_memory | ifm_buff1_11 |     array    |
|ifm_buff1_11_q1        |  in |   32|  ap_memory | ifm_buff1_11 |     array    |
|ifm_buff1_12_address0  | out |    6|  ap_memory | ifm_buff1_12 |     array    |
|ifm_buff1_12_ce0       | out |    1|  ap_memory | ifm_buff1_12 |     array    |
|ifm_buff1_12_q0        |  in |   32|  ap_memory | ifm_buff1_12 |     array    |
|ifm_buff1_12_address1  | out |    6|  ap_memory | ifm_buff1_12 |     array    |
|ifm_buff1_12_ce1       | out |    1|  ap_memory | ifm_buff1_12 |     array    |
|ifm_buff1_12_q1        |  in |   32|  ap_memory | ifm_buff1_12 |     array    |
|ifm_buff1_13_address0  | out |    6|  ap_memory | ifm_buff1_13 |     array    |
|ifm_buff1_13_ce0       | out |    1|  ap_memory | ifm_buff1_13 |     array    |
|ifm_buff1_13_q0        |  in |   32|  ap_memory | ifm_buff1_13 |     array    |
|ifm_buff1_13_address1  | out |    6|  ap_memory | ifm_buff1_13 |     array    |
|ifm_buff1_13_ce1       | out |    1|  ap_memory | ifm_buff1_13 |     array    |
|ifm_buff1_13_q1        |  in |   32|  ap_memory | ifm_buff1_13 |     array    |
|ifm_buff1_14_address0  | out |    6|  ap_memory | ifm_buff1_14 |     array    |
|ifm_buff1_14_ce0       | out |    1|  ap_memory | ifm_buff1_14 |     array    |
|ifm_buff1_14_q0        |  in |   32|  ap_memory | ifm_buff1_14 |     array    |
|ifm_buff1_14_address1  | out |    6|  ap_memory | ifm_buff1_14 |     array    |
|ifm_buff1_14_ce1       | out |    1|  ap_memory | ifm_buff1_14 |     array    |
|ifm_buff1_14_q1        |  in |   32|  ap_memory | ifm_buff1_14 |     array    |
|ifm_buff1_15_address0  | out |    6|  ap_memory | ifm_buff1_15 |     array    |
|ifm_buff1_15_ce0       | out |    1|  ap_memory | ifm_buff1_15 |     array    |
|ifm_buff1_15_q0        |  in |   32|  ap_memory | ifm_buff1_15 |     array    |
|ifm_buff1_15_address1  | out |    6|  ap_memory | ifm_buff1_15 |     array    |
|ifm_buff1_15_ce1       | out |    1|  ap_memory | ifm_buff1_15 |     array    |
|ifm_buff1_15_q1        |  in |   32|  ap_memory | ifm_buff1_15 |     array    |
|ofm_buff0_0_address0   | out |    6|  ap_memory |  ofm_buff0_0 |     array    |
|ofm_buff0_0_ce0        | out |    1|  ap_memory |  ofm_buff0_0 |     array    |
|ofm_buff0_0_we0        | out |    1|  ap_memory |  ofm_buff0_0 |     array    |
|ofm_buff0_0_d0         | out |   32|  ap_memory |  ofm_buff0_0 |     array    |
|ofm_buff0_1_address0   | out |    6|  ap_memory |  ofm_buff0_1 |     array    |
|ofm_buff0_1_ce0        | out |    1|  ap_memory |  ofm_buff0_1 |     array    |
|ofm_buff0_1_we0        | out |    1|  ap_memory |  ofm_buff0_1 |     array    |
|ofm_buff0_1_d0         | out |   32|  ap_memory |  ofm_buff0_1 |     array    |
|ofm_buff0_2_address0   | out |    6|  ap_memory |  ofm_buff0_2 |     array    |
|ofm_buff0_2_ce0        | out |    1|  ap_memory |  ofm_buff0_2 |     array    |
|ofm_buff0_2_we0        | out |    1|  ap_memory |  ofm_buff0_2 |     array    |
|ofm_buff0_2_d0         | out |   32|  ap_memory |  ofm_buff0_2 |     array    |
|ofm_buff0_3_address0   | out |    6|  ap_memory |  ofm_buff0_3 |     array    |
|ofm_buff0_3_ce0        | out |    1|  ap_memory |  ofm_buff0_3 |     array    |
|ofm_buff0_3_we0        | out |    1|  ap_memory |  ofm_buff0_3 |     array    |
|ofm_buff0_3_d0         | out |   32|  ap_memory |  ofm_buff0_3 |     array    |
|ofm_buff0_4_address0   | out |    6|  ap_memory |  ofm_buff0_4 |     array    |
|ofm_buff0_4_ce0        | out |    1|  ap_memory |  ofm_buff0_4 |     array    |
|ofm_buff0_4_we0        | out |    1|  ap_memory |  ofm_buff0_4 |     array    |
|ofm_buff0_4_d0         | out |   32|  ap_memory |  ofm_buff0_4 |     array    |
|ofm_buff0_5_address0   | out |    6|  ap_memory |  ofm_buff0_5 |     array    |
|ofm_buff0_5_ce0        | out |    1|  ap_memory |  ofm_buff0_5 |     array    |
|ofm_buff0_5_we0        | out |    1|  ap_memory |  ofm_buff0_5 |     array    |
|ofm_buff0_5_d0         | out |   32|  ap_memory |  ofm_buff0_5 |     array    |
|ofm_buff0_6_address0   | out |    6|  ap_memory |  ofm_buff0_6 |     array    |
|ofm_buff0_6_ce0        | out |    1|  ap_memory |  ofm_buff0_6 |     array    |
|ofm_buff0_6_we0        | out |    1|  ap_memory |  ofm_buff0_6 |     array    |
|ofm_buff0_6_d0         | out |   32|  ap_memory |  ofm_buff0_6 |     array    |
|ofm_buff0_7_address0   | out |    6|  ap_memory |  ofm_buff0_7 |     array    |
|ofm_buff0_7_ce0        | out |    1|  ap_memory |  ofm_buff0_7 |     array    |
|ofm_buff0_7_we0        | out |    1|  ap_memory |  ofm_buff0_7 |     array    |
|ofm_buff0_7_d0         | out |   32|  ap_memory |  ofm_buff0_7 |     array    |
|ofm_buff0_8_address0   | out |    6|  ap_memory |  ofm_buff0_8 |     array    |
|ofm_buff0_8_ce0        | out |    1|  ap_memory |  ofm_buff0_8 |     array    |
|ofm_buff0_8_we0        | out |    1|  ap_memory |  ofm_buff0_8 |     array    |
|ofm_buff0_8_d0         | out |   32|  ap_memory |  ofm_buff0_8 |     array    |
|ofm_buff0_9_address0   | out |    6|  ap_memory |  ofm_buff0_9 |     array    |
|ofm_buff0_9_ce0        | out |    1|  ap_memory |  ofm_buff0_9 |     array    |
|ofm_buff0_9_we0        | out |    1|  ap_memory |  ofm_buff0_9 |     array    |
|ofm_buff0_9_d0         | out |   32|  ap_memory |  ofm_buff0_9 |     array    |
|ofm_buff0_10_address0  | out |    6|  ap_memory | ofm_buff0_10 |     array    |
|ofm_buff0_10_ce0       | out |    1|  ap_memory | ofm_buff0_10 |     array    |
|ofm_buff0_10_we0       | out |    1|  ap_memory | ofm_buff0_10 |     array    |
|ofm_buff0_10_d0        | out |   32|  ap_memory | ofm_buff0_10 |     array    |
|ofm_buff0_11_address0  | out |    6|  ap_memory | ofm_buff0_11 |     array    |
|ofm_buff0_11_ce0       | out |    1|  ap_memory | ofm_buff0_11 |     array    |
|ofm_buff0_11_we0       | out |    1|  ap_memory | ofm_buff0_11 |     array    |
|ofm_buff0_11_d0        | out |   32|  ap_memory | ofm_buff0_11 |     array    |
|ofm_buff0_12_address0  | out |    6|  ap_memory | ofm_buff0_12 |     array    |
|ofm_buff0_12_ce0       | out |    1|  ap_memory | ofm_buff0_12 |     array    |
|ofm_buff0_12_we0       | out |    1|  ap_memory | ofm_buff0_12 |     array    |
|ofm_buff0_12_d0        | out |   32|  ap_memory | ofm_buff0_12 |     array    |
|ofm_buff0_13_address0  | out |    6|  ap_memory | ofm_buff0_13 |     array    |
|ofm_buff0_13_ce0       | out |    1|  ap_memory | ofm_buff0_13 |     array    |
|ofm_buff0_13_we0       | out |    1|  ap_memory | ofm_buff0_13 |     array    |
|ofm_buff0_13_d0        | out |   32|  ap_memory | ofm_buff0_13 |     array    |
|ofm_buff0_14_address0  | out |    6|  ap_memory | ofm_buff0_14 |     array    |
|ofm_buff0_14_ce0       | out |    1|  ap_memory | ofm_buff0_14 |     array    |
|ofm_buff0_14_we0       | out |    1|  ap_memory | ofm_buff0_14 |     array    |
|ofm_buff0_14_d0        | out |   32|  ap_memory | ofm_buff0_14 |     array    |
|ofm_buff0_15_address0  | out |    6|  ap_memory | ofm_buff0_15 |     array    |
|ofm_buff0_15_ce0       | out |    1|  ap_memory | ofm_buff0_15 |     array    |
|ofm_buff0_15_we0       | out |    1|  ap_memory | ofm_buff0_15 |     array    |
|ofm_buff0_15_d0        | out |   32|  ap_memory | ofm_buff0_15 |     array    |
+-----------------------+-----+-----+------------+--------------+--------------+

