

================================================================
== Vivado HLS Report for 'pool_hw'
================================================================
* Date:           Thu Jan 21 20:27:28 2021

* Version:        2019.2 (Build 2704478 on Wed Nov 06 22:10:23 MST 2019)
* Project:        finalwrapup_hls
* Solution:       solution1
* Product family: zynq
* Target device:  xc7z020-clg400-1


================================================================
== Performance Estimates
================================================================
+ Timing: 
    * Summary: 
    +--------+----------+----------+------------+
    |  Clock |  Target  | Estimated| Uncertainty|
    +--------+----------+----------+------------+
    |ap_clk  | 10.00 ns | 8.685 ns |   1.25 ns  |
    +--------+----------+----------+------------+

+ Latency: 
    * Summary: 
    +---------+---------+----------+-----------+-----+------+---------+
    |  Latency (cycles) |  Latency (absolute)  |  Interval  | Pipeline|
    |   min   |   max   |    min   |    max    | min |  max |   Type  |
    +---------+---------+----------+-----------+-----+------+---------+
    |      236|     7013| 2.360 us | 70.130 us |  236|  7013|   none  |
    +---------+---------+----------+-----------+-----+------+---------+

    + Detail: 
        * Instance: 
        +--------------------------------+---------------------+---------+---------+-----------+----------+-----+-----+---------+
        |                                |                     |  Latency (cycles) |  Latency (absolute)  |  Interval | Pipeline|
        |            Instance            |        Module       |   min   |   max   |    min    |    max   | min | max |   Type  |
        +--------------------------------+---------------------+---------+---------+-----------+----------+-----+-----+---------+
        |grp_pool_write_fu_405           |pool_write           |      120|      120|  1.200 us | 1.200 us |  120|  120|   none  |
        |grp_conv_read_fu_457            |conv_read            |        1|       58| 10.000 ns | 0.580 us |    1|   58|   none  |
        |grp_write_row_ifm_fu_482        |write_row_ifm        |        1|       60| 10.000 ns | 0.600 us |    1|   60|   none  |
        |grp_load_cifm_data_pool_fu_506  |load_cifm_data_pool  |      120|      120|  1.200 us | 1.200 us |  120|  120|   none  |
        +--------------------------------+---------------------+---------+---------+-----------+----------+-----+-----+---------+

        * Loop: 
        +----------+---------+---------+----------+-----------+-----------+------+----------+
        |          |  Latency (cycles) | Iteration|  Initiation Interval  | Trip |          |
        | Loop Name|   min   |   max   |  Latency |  achieved |   target  | Count| Pipelined|
        +----------+---------+---------+----------+-----------+-----------+------+----------+
        |- Loop 1  |      112|     6832|  2 ~ 122 |          -|          -|    56|    no    |
        +----------+---------+---------+----------+-----------+-----------+------+----------+



================================================================
== Utilization Estimates
================================================================
* Summary: 
+-----------------+---------+-------+--------+-------+-----+
|       Name      | BRAM_18K| DSP48E|   FF   |  LUT  | URAM|
+-----------------+---------+-------+--------+-------+-----+
|DSP              |        -|      -|       -|      -|    -|
|Expression       |        -|      -|       0|    177|    -|
|FIFO             |        -|      -|       -|      -|    -|
|Instance         |        0|      0|    4306|  11406|    -|
|Memory           |      128|      -|       0|      0|    0|
|Multiplexer      |        -|      -|       -|   7884|    -|
|Register         |        -|      -|     172|      -|    -|
+-----------------+---------+-------+--------+-------+-----+
|Total            |      128|      0|    4478|  19467|    0|
+-----------------+---------+-------+--------+-------+-----+
|Available        |      280|    220|  106400|  53200|    0|
+-----------------+---------+-------+--------+-------+-----+
|Utilization (%)  |       45|      0|       4|     36|    0|
+-----------------+---------+-------+--------+-------+-----+

+ Detail: 
    * Instance: 
    +--------------------------------+---------------------+---------+-------+------+-------+-----+
    |            Instance            |        Module       | BRAM_18K| DSP48E|  FF  |  LUT  | URAM|
    +--------------------------------+---------------------+---------+-------+------+-------+-----+
    |grp_conv_read_fu_457            |conv_read            |        0|      0|   108|    154|    0|
    |grp_load_cifm_data_pool_fu_506  |load_cifm_data_pool  |        0|      0|    17|    116|    0|
    |grp_pool_write_fu_405           |pool_write           |        0|      0|  4076|  11003|    0|
    |grp_write_row_ifm_fu_482        |write_row_ifm        |        0|      0|   105|    133|    0|
    +--------------------------------+---------------------+---------+-------+------+-------+-----+
    |Total                           |                     |        0|      0|  4306|  11406|    0|
    +--------------------------------+---------------------+---------+-------+------+-------+-----+

    * DSP48E: 
    N/A

    * Memory: 
    +----------------+---------------------+---------+---+----+-----+------+-----+------+-------------+
    |     Memory     |        Module       | BRAM_18K| FF| LUT| URAM| Words| Bits| Banks| W*Bits*Banks|
    +----------------+---------------------+---------+---+----+-----+------+-----+------+-------------+
    |ifm_buff0_0_U   |pool_hw_ifm_buff0_0  |        2|  0|   0|    0|    58|   32|     1|         1856|
    |ifm_buff0_1_U   |pool_hw_ifm_buff0_0  |        2|  0|   0|    0|    58|   32|     1|         1856|
    |ifm_buff0_2_U   |pool_hw_ifm_buff0_0  |        2|  0|   0|    0|    58|   32|     1|         1856|
    |ifm_buff0_3_U   |pool_hw_ifm_buff0_0  |        2|  0|   0|    0|    58|   32|     1|         1856|
    |ifm_buff0_4_U   |pool_hw_ifm_buff0_0  |        2|  0|   0|    0|    58|   32|     1|         1856|
    |ifm_buff0_5_U   |pool_hw_ifm_buff0_0  |        2|  0|   0|    0|    58|   32|     1|         1856|
    |ifm_buff0_6_U   |pool_hw_ifm_buff0_0  |        2|  0|   0|    0|    58|   32|     1|         1856|
    |ifm_buff0_7_U   |pool_hw_ifm_buff0_0  |        2|  0|   0|    0|    58|   32|     1|         1856|
    |ifm_buff0_8_U   |pool_hw_ifm_buff0_0  |        2|  0|   0|    0|    58|   32|     1|         1856|
    |ifm_buff0_9_U   |pool_hw_ifm_buff0_0  |        2|  0|   0|    0|    58|   32|     1|         1856|
    |ifm_buff0_10_U  |pool_hw_ifm_buff0_0  |        2|  0|   0|    0|    58|   32|     1|         1856|
    |ifm_buff0_11_U  |pool_hw_ifm_buff0_0  |        2|  0|   0|    0|    58|   32|     1|         1856|
    |ifm_buff0_12_U  |pool_hw_ifm_buff0_0  |        2|  0|   0|    0|    58|   32|     1|         1856|
    |ifm_buff0_13_U  |pool_hw_ifm_buff0_0  |        2|  0|   0|    0|    58|   32|     1|         1856|
    |ifm_buff0_14_U  |pool_hw_ifm_buff0_0  |        2|  0|   0|    0|    58|   32|     1|         1856|
    |ifm_buff0_15_U  |pool_hw_ifm_buff0_0  |        2|  0|   0|    0|    58|   32|     1|         1856|
    |ifm_buff1_0_U   |pool_hw_ifm_buff0_0  |        2|  0|   0|    0|    58|   32|     1|         1856|
    |ifm_buff1_1_U   |pool_hw_ifm_buff0_0  |        2|  0|   0|    0|    58|   32|     1|         1856|
    |ifm_buff1_2_U   |pool_hw_ifm_buff0_0  |        2|  0|   0|    0|    58|   32|     1|         1856|
    |ifm_buff1_3_U   |pool_hw_ifm_buff0_0  |        2|  0|   0|    0|    58|   32|     1|         1856|
    |ifm_buff1_4_U   |pool_hw_ifm_buff0_0  |        2|  0|   0|    0|    58|   32|     1|         1856|
    |ifm_buff1_5_U   |pool_hw_ifm_buff0_0  |        2|  0|   0|    0|    58|   32|     1|         1856|
    |ifm_buff1_6_U   |pool_hw_ifm_buff0_0  |        2|  0|   0|    0|    58|   32|     1|         1856|
    |ifm_buff1_7_U   |pool_hw_ifm_buff0_0  |        2|  0|   0|    0|    58|   32|     1|         1856|
    |ifm_buff1_8_U   |pool_hw_ifm_buff0_0  |        2|  0|   0|    0|    58|   32|     1|         1856|
    |ifm_buff1_9_U   |pool_hw_ifm_buff0_0  |        2|  0|   0|    0|    58|   32|     1|         1856|
    |ifm_buff1_10_U  |pool_hw_ifm_buff0_0  |        2|  0|   0|    0|    58|   32|     1|         1856|
    |ifm_buff1_11_U  |pool_hw_ifm_buff0_0  |        2|  0|   0|    0|    58|   32|     1|         1856|
    |ifm_buff1_12_U  |pool_hw_ifm_buff0_0  |        2|  0|   0|    0|    58|   32|     1|         1856|
    |ifm_buff1_13_U  |pool_hw_ifm_buff0_0  |        2|  0|   0|    0|    58|   32|     1|         1856|
    |ifm_buff1_14_U  |pool_hw_ifm_buff0_0  |        2|  0|   0|    0|    58|   32|     1|         1856|
    |ifm_buff1_15_U  |pool_hw_ifm_buff0_0  |        2|  0|   0|    0|    58|   32|     1|         1856|
    |ifm_buff2_0_U   |pool_hw_ifm_buff0_0  |        2|  0|   0|    0|    58|   32|     1|         1856|
    |ifm_buff2_1_U   |pool_hw_ifm_buff0_0  |        2|  0|   0|    0|    58|   32|     1|         1856|
    |ifm_buff2_2_U   |pool_hw_ifm_buff0_0  |        2|  0|   0|    0|    58|   32|     1|         1856|
    |ifm_buff2_3_U   |pool_hw_ifm_buff0_0  |        2|  0|   0|    0|    58|   32|     1|         1856|
    |ifm_buff2_4_U   |pool_hw_ifm_buff0_0  |        2|  0|   0|    0|    58|   32|     1|         1856|
    |ifm_buff2_5_U   |pool_hw_ifm_buff0_0  |        2|  0|   0|    0|    58|   32|     1|         1856|
    |ifm_buff2_6_U   |pool_hw_ifm_buff0_0  |        2|  0|   0|    0|    58|   32|     1|         1856|
    |ifm_buff2_7_U   |pool_hw_ifm_buff0_0  |        2|  0|   0|    0|    58|   32|     1|         1856|
    |ifm_buff2_8_U   |pool_hw_ifm_buff0_0  |        2|  0|   0|    0|    58|   32|     1|         1856|
    |ifm_buff2_9_U   |pool_hw_ifm_buff0_0  |        2|  0|   0|    0|    58|   32|     1|         1856|
    |ifm_buff2_10_U  |pool_hw_ifm_buff0_0  |        2|  0|   0|    0|    58|   32|     1|         1856|
    |ifm_buff2_11_U  |pool_hw_ifm_buff0_0  |        2|  0|   0|    0|    58|   32|     1|         1856|
    |ifm_buff2_12_U  |pool_hw_ifm_buff0_0  |        2|  0|   0|    0|    58|   32|     1|         1856|
    |ifm_buff2_13_U  |pool_hw_ifm_buff0_0  |        2|  0|   0|    0|    58|   32|     1|         1856|
    |ifm_buff2_14_U  |pool_hw_ifm_buff0_0  |        2|  0|   0|    0|    58|   32|     1|         1856|
    |ifm_buff2_15_U  |pool_hw_ifm_buff0_0  |        2|  0|   0|    0|    58|   32|     1|         1856|
    |ofm_buff0_0_U   |pool_hw_ofm_buff0_0  |        1|  0|   0|    0|    56|   32|     1|         1792|
    |ofm_buff0_1_U   |pool_hw_ofm_buff0_0  |        1|  0|   0|    0|    56|   32|     1|         1792|
    |ofm_buff0_2_U   |pool_hw_ofm_buff0_0  |        1|  0|   0|    0|    56|   32|     1|         1792|
    |ofm_buff0_3_U   |pool_hw_ofm_buff0_0  |        1|  0|   0|    0|    56|   32|     1|         1792|
    |ofm_buff0_4_U   |pool_hw_ofm_buff0_0  |        1|  0|   0|    0|    56|   32|     1|         1792|
    |ofm_buff0_5_U   |pool_hw_ofm_buff0_0  |        1|  0|   0|    0|    56|   32|     1|         1792|
    |ofm_buff0_6_U   |pool_hw_ofm_buff0_0  |        1|  0|   0|    0|    56|   32|     1|         1792|
    |ofm_buff0_7_U   |pool_hw_ofm_buff0_0  |        1|  0|   0|    0|    56|   32|     1|         1792|
    |ofm_buff0_8_U   |pool_hw_ofm_buff0_0  |        1|  0|   0|    0|    56|   32|     1|         1792|
    |ofm_buff0_9_U   |pool_hw_ofm_buff0_0  |        1|  0|   0|    0|    56|   32|     1|         1792|
    |ofm_buff0_10_U  |pool_hw_ofm_buff0_0  |        1|  0|   0|    0|    56|   32|     1|         1792|
    |ofm_buff0_11_U  |pool_hw_ofm_buff0_0  |        1|  0|   0|    0|    56|   32|     1|         1792|
    |ofm_buff0_12_U  |pool_hw_ofm_buff0_0  |        1|  0|   0|    0|    56|   32|     1|         1792|
    |ofm_buff0_13_U  |pool_hw_ofm_buff0_0  |        1|  0|   0|    0|    56|   32|     1|         1792|
    |ofm_buff0_14_U  |pool_hw_ofm_buff0_0  |        1|  0|   0|    0|    56|   32|     1|         1792|
    |ofm_buff0_15_U  |pool_hw_ofm_buff0_0  |        1|  0|   0|    0|    56|   32|     1|         1792|
    |ofm_buff1_0_U   |pool_hw_ofm_buff0_0  |        1|  0|   0|    0|    56|   32|     1|         1792|
    |ofm_buff1_1_U   |pool_hw_ofm_buff0_0  |        1|  0|   0|    0|    56|   32|     1|         1792|
    |ofm_buff1_2_U   |pool_hw_ofm_buff0_0  |        1|  0|   0|    0|    56|   32|     1|         1792|
    |ofm_buff1_3_U   |pool_hw_ofm_buff0_0  |        1|  0|   0|    0|    56|   32|     1|         1792|
    |ofm_buff1_4_U   |pool_hw_ofm_buff0_0  |        1|  0|   0|    0|    56|   32|     1|         1792|
    |ofm_buff1_5_U   |pool_hw_ofm_buff0_0  |        1|  0|   0|    0|    56|   32|     1|         1792|
    |ofm_buff1_6_U   |pool_hw_ofm_buff0_0  |        1|  0|   0|    0|    56|   32|     1|         1792|
    |ofm_buff1_7_U   |pool_hw_ofm_buff0_0  |        1|  0|   0|    0|    56|   32|     1|         1792|
    |ofm_buff1_8_U   |pool_hw_ofm_buff0_0  |        1|  0|   0|    0|    56|   32|     1|         1792|
    |ofm_buff1_9_U   |pool_hw_ofm_buff0_0  |        1|  0|   0|    0|    56|   32|     1|         1792|
    |ofm_buff1_10_U  |pool_hw_ofm_buff0_0  |        1|  0|   0|    0|    56|   32|     1|         1792|
    |ofm_buff1_11_U  |pool_hw_ofm_buff0_0  |        1|  0|   0|    0|    56|   32|     1|         1792|
    |ofm_buff1_12_U  |pool_hw_ofm_buff0_0  |        1|  0|   0|    0|    56|   32|     1|         1792|
    |ofm_buff1_13_U  |pool_hw_ofm_buff0_0  |        1|  0|   0|    0|    56|   32|     1|         1792|
    |ofm_buff1_14_U  |pool_hw_ofm_buff0_0  |        1|  0|   0|    0|    56|   32|     1|         1792|
    |ofm_buff1_15_U  |pool_hw_ofm_buff0_0  |        1|  0|   0|    0|    56|   32|     1|         1792|
    +----------------+---------------------+---------+---+----+-----+------+-----+------+-------------+
    |Total           |                     |      128|  0|   0|    0|  4576| 2560|    80|       146432|
    +----------------+---------------------+---------+---+----+-----+------+-----+------+-------------+

    * FIFO: 
    N/A

    * Expression: 
    +----------------------------------+----------+-------+---+----+------------+------------+
    |           Variable Name          | Operation| DSP48E| FF| LUT| Bitwidth P0| Bitwidth P1|
    +----------------------------------+----------+-------+---+----+------------+------------+
    |rotate_counter_fu_670_p2          |     +    |      0|  0|  23|          16|           1|
    |row_fu_627_p2                     |     +    |      0|  0|  15|           6|           1|
    |ap_predicate_op140_call_state4    |    and   |      0|  0|   2|           1|           1|
    |ap_predicate_op146_call_state4    |    and   |      0|  0|   2|           1|           1|
    |ap_predicate_op152_call_state4    |    and   |      0|  0|   2|           1|           1|
    |ap_predicate_op158_call_state4    |    and   |      0|  0|   2|           1|           1|
    |icmp_ln275_fu_614_p2              |   icmp   |      0|  0|  11|           6|           5|
    |icmp_ln278_fu_633_p2              |   icmp   |      0|  0|  13|          16|           1|
    |icmp_ln280_fu_620_p2              |   icmp   |      0|  0|  11|           6|           5|
    |icmp_ln283_fu_663_p2              |   icmp   |      0|  0|  11|           6|           1|
    |icmp_ln289_fu_639_p2              |   icmp   |      0|  0|  13|          16|           1|
    |icmp_ln298_fu_645_p2              |   icmp   |      0|  0|  13|          16|           2|
    |icmp_ln307_fu_651_p2              |   icmp   |      0|  0|  13|          16|           2|
    |icmp_ln316_fu_657_p2              |   icmp   |      0|  0|  13|          16|           3|
    |icmp_ln328_fu_676_p2              |   icmp   |      0|  0|  13|          16|           3|
    |ap_block_state4_on_subcall_done   |    or    |      0|  0|   2|           1|           1|
    |grp_conv_read_fu_457_cofm_TREADY  |    or    |      0|  0|   2|           1|           1|
    |select_ln328_fu_682_p3            |  select  |      0|  0|  16|           1|           1|
    +----------------------------------+----------+-------+---+----+------------+------------+
    |Total                             |          |      0|  0| 177|         143|          32|
    +----------------------------------+----------+-------+---+----+------------+------------+

    * Multiplexer: 
    +---------------------------------------+----+-----------+-----+-----------+
    |                  Name                 | LUT| Input Size| Bits| Total Bits|
    +---------------------------------------+----+-----------+-----+-----------+
    |ap_NS_fsm                              |  33|          6|    1|          6|
    |cifm_TREADY                            |  15|          3|    1|          3|
    |cifm_counter_5_fu_54                   |   9|          2|   32|         64|
    |cofm_TVALID                            |   9|          2|    1|          2|
    |cofm_counter_5_fu_58                   |   9|          2|   32|         64|
    |grp_conv_read_fu_457_enable            |  15|          3|    1|          3|
    |grp_conv_read_fu_457_ofm_buff0_0_q0    |  15|          3|   32|         96|
    |grp_conv_read_fu_457_ofm_buff0_10_q0   |  15|          3|   32|         96|
    |grp_conv_read_fu_457_ofm_buff0_11_q0   |  15|          3|   32|         96|
    |grp_conv_read_fu_457_ofm_buff0_12_q0   |  15|          3|   32|         96|
    |grp_conv_read_fu_457_ofm_buff0_13_q0   |  15|          3|   32|         96|
    |grp_conv_read_fu_457_ofm_buff0_14_q0   |  15|          3|   32|         96|
    |grp_conv_read_fu_457_ofm_buff0_15_q0   |  15|          3|   32|         96|
    |grp_conv_read_fu_457_ofm_buff0_1_q0    |  15|          3|   32|         96|
    |grp_conv_read_fu_457_ofm_buff0_2_q0    |  15|          3|   32|         96|
    |grp_conv_read_fu_457_ofm_buff0_3_q0    |  15|          3|   32|         96|
    |grp_conv_read_fu_457_ofm_buff0_4_q0    |  15|          3|   32|         96|
    |grp_conv_read_fu_457_ofm_buff0_5_q0    |  15|          3|   32|         96|
    |grp_conv_read_fu_457_ofm_buff0_6_q0    |  15|          3|   32|         96|
    |grp_conv_read_fu_457_ofm_buff0_7_q0    |  15|          3|   32|         96|
    |grp_conv_read_fu_457_ofm_buff0_8_q0    |  15|          3|   32|         96|
    |grp_conv_read_fu_457_ofm_buff0_9_q0    |  15|          3|   32|         96|
    |grp_pool_write_fu_405_ifm_buff0_0_q0   |  21|          4|   32|        128|
    |grp_pool_write_fu_405_ifm_buff0_0_q1   |  21|          4|   32|        128|
    |grp_pool_write_fu_405_ifm_buff0_10_q0  |  21|          4|   32|        128|
    |grp_pool_write_fu_405_ifm_buff0_10_q1  |  21|          4|   32|        128|
    |grp_pool_write_fu_405_ifm_buff0_11_q0  |  21|          4|   32|        128|
    |grp_pool_write_fu_405_ifm_buff0_11_q1  |  21|          4|   32|        128|
    |grp_pool_write_fu_405_ifm_buff0_12_q0  |  21|          4|   32|        128|
    |grp_pool_write_fu_405_ifm_buff0_12_q1  |  21|          4|   32|        128|
    |grp_pool_write_fu_405_ifm_buff0_13_q0  |  21|          4|   32|        128|
    |grp_pool_write_fu_405_ifm_buff0_13_q1  |  21|          4|   32|        128|
    |grp_pool_write_fu_405_ifm_buff0_14_q0  |  21|          4|   32|        128|
    |grp_pool_write_fu_405_ifm_buff0_14_q1  |  21|          4|   32|        128|
    |grp_pool_write_fu_405_ifm_buff0_15_q0  |  21|          4|   32|        128|
    |grp_pool_write_fu_405_ifm_buff0_15_q1  |  21|          4|   32|        128|
    |grp_pool_write_fu_405_ifm_buff0_1_q0   |  21|          4|   32|        128|
    |grp_pool_write_fu_405_ifm_buff0_1_q1   |  21|          4|   32|        128|
    |grp_pool_write_fu_405_ifm_buff0_2_q0   |  21|          4|   32|        128|
    |grp_pool_write_fu_405_ifm_buff0_2_q1   |  21|          4|   32|        128|
    |grp_pool_write_fu_405_ifm_buff0_3_q0   |  21|          4|   32|        128|
    |grp_pool_write_fu_405_ifm_buff0_3_q1   |  21|          4|   32|        128|
    |grp_pool_write_fu_405_ifm_buff0_4_q0   |  21|          4|   32|        128|
    |grp_pool_write_fu_405_ifm_buff0_4_q1   |  21|          4|   32|        128|
    |grp_pool_write_fu_405_ifm_buff0_5_q0   |  21|          4|   32|        128|
    |grp_pool_write_fu_405_ifm_buff0_5_q1   |  21|          4|   32|        128|
    |grp_pool_write_fu_405_ifm_buff0_6_q0   |  21|          4|   32|        128|
    |grp_pool_write_fu_405_ifm_buff0_6_q1   |  21|          4|   32|        128|
    |grp_pool_write_fu_405_ifm_buff0_7_q0   |  21|          4|   32|        128|
    |grp_pool_write_fu_405_ifm_buff0_7_q1   |  21|          4|   32|        128|
    |grp_pool_write_fu_405_ifm_buff0_8_q0   |  21|          4|   32|        128|
    |grp_pool_write_fu_405_ifm_buff0_8_q1   |  21|          4|   32|        128|
    |grp_pool_write_fu_405_ifm_buff0_9_q0   |  21|          4|   32|        128|
    |grp_pool_write_fu_405_ifm_buff0_9_q1   |  21|          4|   32|        128|
    |grp_pool_write_fu_405_ifm_buff1_0_q0   |  21|          4|   32|        128|
    |grp_pool_write_fu_405_ifm_buff1_0_q1   |  21|          4|   32|        128|
    |grp_pool_write_fu_405_ifm_buff1_10_q0  |  21|          4|   32|        128|
    |grp_pool_write_fu_405_ifm_buff1_10_q1  |  21|          4|   32|        128|
    |grp_pool_write_fu_405_ifm_buff1_11_q0  |  21|          4|   32|        128|
    |grp_pool_write_fu_405_ifm_buff1_11_q1  |  21|          4|   32|        128|
    |grp_pool_write_fu_405_ifm_buff1_12_q0  |  21|          4|   32|        128|
    |grp_pool_write_fu_405_ifm_buff1_12_q1  |  21|          4|   32|        128|
    |grp_pool_write_fu_405_ifm_buff1_13_q0  |  21|          4|   32|        128|
    |grp_pool_write_fu_405_ifm_buff1_13_q1  |  21|          4|   32|        128|
    |grp_pool_write_fu_405_ifm_buff1_14_q0  |  21|          4|   32|        128|
    |grp_pool_write_fu_405_ifm_buff1_14_q1  |  21|          4|   32|        128|
    |grp_pool_write_fu_405_ifm_buff1_15_q0  |  21|          4|   32|        128|
    |grp_pool_write_fu_405_ifm_buff1_15_q1  |  21|          4|   32|        128|
    |grp_pool_write_fu_405_ifm_buff1_1_q0   |  21|          4|   32|        128|
    |grp_pool_write_fu_405_ifm_buff1_1_q1   |  21|          4|   32|        128|
    |grp_pool_write_fu_405_ifm_buff1_2_q0   |  21|          4|   32|        128|
    |grp_pool_write_fu_405_ifm_buff1_2_q1   |  21|          4|   32|        128|
    |grp_pool_write_fu_405_ifm_buff1_3_q0   |  21|          4|   32|        128|
    |grp_pool_write_fu_405_ifm_buff1_3_q1   |  21|          4|   32|        128|
    |grp_pool_write_fu_405_ifm_buff1_4_q0   |  21|          4|   32|        128|
    |grp_pool_write_fu_405_ifm_buff1_4_q1   |  21|          4|   32|        128|
    |grp_pool_write_fu_405_ifm_buff1_5_q0   |  21|          4|   32|        128|
    |grp_pool_write_fu_405_ifm_buff1_5_q1   |  21|          4|   32|        128|
    |grp_pool_write_fu_405_ifm_buff1_6_q0   |  21|          4|   32|        128|
    |grp_pool_write_fu_405_ifm_buff1_6_q1   |  21|          4|   32|        128|
    |grp_pool_write_fu_405_ifm_buff1_7_q0   |  21|          4|   32|        128|
    |grp_pool_write_fu_405_ifm_buff1_7_q1   |  21|          4|   32|        128|
    |grp_pool_write_fu_405_ifm_buff1_8_q0   |  21|          4|   32|        128|
    |grp_pool_write_fu_405_ifm_buff1_8_q1   |  21|          4|   32|        128|
    |grp_pool_write_fu_405_ifm_buff1_9_q0   |  21|          4|   32|        128|
    |grp_pool_write_fu_405_ifm_buff1_9_q1   |  21|          4|   32|        128|
    |ifm_buff0_0_address0                   |  21|          4|    6|         24|
    |ifm_buff0_0_address1                   |  15|          3|    6|         18|
    |ifm_buff0_0_ce0                        |  21|          4|    1|          4|
    |ifm_buff0_0_ce1                        |  15|          3|    1|          3|
    |ifm_buff0_0_we0                        |   9|          2|    1|          2|
    |ifm_buff0_10_address0                  |  21|          4|    6|         24|
    |ifm_buff0_10_address1                  |  15|          3|    6|         18|
    |ifm_buff0_10_ce0                       |  21|          4|    1|          4|
    |ifm_buff0_10_ce1                       |  15|          3|    1|          3|
    |ifm_buff0_10_we0                       |   9|          2|    1|          2|
    |ifm_buff0_11_address0                  |  21|          4|    6|         24|
    |ifm_buff0_11_address1                  |  15|          3|    6|         18|
    |ifm_buff0_11_ce0                       |  21|          4|    1|          4|
    |ifm_buff0_11_ce1                       |  15|          3|    1|          3|
    |ifm_buff0_11_we0                       |   9|          2|    1|          2|
    |ifm_buff0_12_address0                  |  21|          4|    6|         24|
    |ifm_buff0_12_address1                  |  15|          3|    6|         18|
    |ifm_buff0_12_ce0                       |  21|          4|    1|          4|
    |ifm_buff0_12_ce1                       |  15|          3|    1|          3|
    |ifm_buff0_12_we0                       |   9|          2|    1|          2|
    |ifm_buff0_13_address0                  |  21|          4|    6|         24|
    |ifm_buff0_13_address1                  |  15|          3|    6|         18|
    |ifm_buff0_13_ce0                       |  21|          4|    1|          4|
    |ifm_buff0_13_ce1                       |  15|          3|    1|          3|
    |ifm_buff0_13_we0                       |   9|          2|    1|          2|
    |ifm_buff0_14_address0                  |  21|          4|    6|         24|
    |ifm_buff0_14_address1                  |  15|          3|    6|         18|
    |ifm_buff0_14_ce0                       |  21|          4|    1|          4|
    |ifm_buff0_14_ce1                       |  15|          3|    1|          3|
    |ifm_buff0_14_we0                       |   9|          2|    1|          2|
    |ifm_buff0_15_address0                  |  21|          4|    6|         24|
    |ifm_buff0_15_address1                  |  15|          3|    6|         18|
    |ifm_buff0_15_ce0                       |  21|          4|    1|          4|
    |ifm_buff0_15_ce1                       |  15|          3|    1|          3|
    |ifm_buff0_15_we0                       |   9|          2|    1|          2|
    |ifm_buff0_1_address0                   |  21|          4|    6|         24|
    |ifm_buff0_1_address1                   |  15|          3|    6|         18|
    |ifm_buff0_1_ce0                        |  21|          4|    1|          4|
    |ifm_buff0_1_ce1                        |  15|          3|    1|          3|
    |ifm_buff0_1_we0                        |   9|          2|    1|          2|
    |ifm_buff0_2_address0                   |  21|          4|    6|         24|
    |ifm_buff0_2_address1                   |  15|          3|    6|         18|
    |ifm_buff0_2_ce0                        |  21|          4|    1|          4|
    |ifm_buff0_2_ce1                        |  15|          3|    1|          3|
    |ifm_buff0_2_we0                        |   9|          2|    1|          2|
    |ifm_buff0_3_address0                   |  21|          4|    6|         24|
    |ifm_buff0_3_address1                   |  15|          3|    6|         18|
    |ifm_buff0_3_ce0                        |  21|          4|    1|          4|
    |ifm_buff0_3_ce1                        |  15|          3|    1|          3|
    |ifm_buff0_3_we0                        |   9|          2|    1|          2|
    |ifm_buff0_4_address0                   |  21|          4|    6|         24|
    |ifm_buff0_4_address1                   |  15|          3|    6|         18|
    |ifm_buff0_4_ce0                        |  21|          4|    1|          4|
    |ifm_buff0_4_ce1                        |  15|          3|    1|          3|
    |ifm_buff0_4_we0                        |   9|          2|    1|          2|
    |ifm_buff0_5_address0                   |  21|          4|    6|         24|
    |ifm_buff0_5_address1                   |  15|          3|    6|         18|
    |ifm_buff0_5_ce0                        |  21|          4|    1|          4|
    |ifm_buff0_5_ce1                        |  15|          3|    1|          3|
    |ifm_buff0_5_we0                        |   9|          2|    1|          2|
    |ifm_buff0_6_address0                   |  21|          4|    6|         24|
    |ifm_buff0_6_address1                   |  15|          3|    6|         18|
    |ifm_buff0_6_ce0                        |  21|          4|    1|          4|
    |ifm_buff0_6_ce1                        |  15|          3|    1|          3|
    |ifm_buff0_6_we0                        |   9|          2|    1|          2|
    |ifm_buff0_7_address0                   |  21|          4|    6|         24|
    |ifm_buff0_7_address1                   |  15|          3|    6|         18|
    |ifm_buff0_7_ce0                        |  21|          4|    1|          4|
    |ifm_buff0_7_ce1                        |  15|          3|    1|          3|
    |ifm_buff0_7_we0                        |   9|          2|    1|          2|
    |ifm_buff0_8_address0                   |  21|          4|    6|         24|
    |ifm_buff0_8_address1                   |  15|          3|    6|         18|
    |ifm_buff0_8_ce0                        |  21|          4|    1|          4|
    |ifm_buff0_8_ce1                        |  15|          3|    1|          3|
    |ifm_buff0_8_we0                        |   9|          2|    1|          2|
    |ifm_buff0_9_address0                   |  21|          4|    6|         24|
    |ifm_buff0_9_address1                   |  15|          3|    6|         18|
    |ifm_buff0_9_ce0                        |  21|          4|    1|          4|
    |ifm_buff0_9_ce1                        |  15|          3|    1|          3|
    |ifm_buff0_9_we0                        |   9|          2|    1|          2|
    |ifm_buff1_0_address0                   |  27|          5|    6|         30|
    |ifm_buff1_0_address1                   |  15|          3|    6|         18|
    |ifm_buff1_0_ce0                        |  27|          5|    1|          5|
    |ifm_buff1_0_ce1                        |  15|          3|    1|          3|
    |ifm_buff1_0_d0                         |  15|          3|   32|         96|
    |ifm_buff1_0_we0                        |  15|          3|    1|          3|
    |ifm_buff1_10_address0                  |  27|          5|    6|         30|
    |ifm_buff1_10_address1                  |  15|          3|    6|         18|
    |ifm_buff1_10_ce0                       |  27|          5|    1|          5|
    |ifm_buff1_10_ce1                       |  15|          3|    1|          3|
    |ifm_buff1_10_d0                        |  15|          3|   32|         96|
    |ifm_buff1_10_we0                       |  15|          3|    1|          3|
    |ifm_buff1_11_address0                  |  27|          5|    6|         30|
    |ifm_buff1_11_address1                  |  15|          3|    6|         18|
    |ifm_buff1_11_ce0                       |  27|          5|    1|          5|
    |ifm_buff1_11_ce1                       |  15|          3|    1|          3|
    |ifm_buff1_11_d0                        |  15|          3|   32|         96|
    |ifm_buff1_11_we0                       |  15|          3|    1|          3|
    |ifm_buff1_12_address0                  |  27|          5|    6|         30|
    |ifm_buff1_12_address1                  |  15|          3|    6|         18|
    |ifm_buff1_12_ce0                       |  27|          5|    1|          5|
    |ifm_buff1_12_ce1                       |  15|          3|    1|          3|
    |ifm_buff1_12_d0                        |  15|          3|   32|         96|
    |ifm_buff1_12_we0                       |  15|          3|    1|          3|
    |ifm_buff1_13_address0                  |  27|          5|    6|         30|
    |ifm_buff1_13_address1                  |  15|          3|    6|         18|
    |ifm_buff1_13_ce0                       |  27|          5|    1|          5|
    |ifm_buff1_13_ce1                       |  15|          3|    1|          3|
    |ifm_buff1_13_d0                        |  15|          3|   32|         96|
    |ifm_buff1_13_we0                       |  15|          3|    1|          3|
    |ifm_buff1_14_address0                  |  27|          5|    6|         30|
    |ifm_buff1_14_address1                  |  15|          3|    6|         18|
    |ifm_buff1_14_ce0                       |  27|          5|    1|          5|
    |ifm_buff1_14_ce1                       |  15|          3|    1|          3|
    |ifm_buff1_14_d0                        |  15|          3|   32|         96|
    |ifm_buff1_14_we0                       |  15|          3|    1|          3|
    |ifm_buff1_15_address0                  |  27|          5|    6|         30|
    |ifm_buff1_15_address1                  |  15|          3|    6|         18|
    |ifm_buff1_15_ce0                       |  27|          5|    1|          5|
    |ifm_buff1_15_ce1                       |  15|          3|    1|          3|
    |ifm_buff1_15_d0                        |  15|          3|   32|         96|
    |ifm_buff1_15_we0                       |  15|          3|    1|          3|
    |ifm_buff1_1_address0                   |  27|          5|    6|         30|
    |ifm_buff1_1_address1                   |  15|          3|    6|         18|
    |ifm_buff1_1_ce0                        |  27|          5|    1|          5|
    |ifm_buff1_1_ce1                        |  15|          3|    1|          3|
    |ifm_buff1_1_d0                         |  15|          3|   32|         96|
    |ifm_buff1_1_we0                        |  15|          3|    1|          3|
    |ifm_buff1_2_address0                   |  27|          5|    6|         30|
    |ifm_buff1_2_address1                   |  15|          3|    6|         18|
    |ifm_buff1_2_ce0                        |  27|          5|    1|          5|
    |ifm_buff1_2_ce1                        |  15|          3|    1|          3|
    |ifm_buff1_2_d0                         |  15|          3|   32|         96|
    |ifm_buff1_2_we0                        |  15|          3|    1|          3|
    |ifm_buff1_3_address0                   |  27|          5|    6|         30|
    |ifm_buff1_3_address1                   |  15|          3|    6|         18|
    |ifm_buff1_3_ce0                        |  27|          5|    1|          5|
    |ifm_buff1_3_ce1                        |  15|          3|    1|          3|
    |ifm_buff1_3_d0                         |  15|          3|   32|         96|
    |ifm_buff1_3_we0                        |  15|          3|    1|          3|
    |ifm_buff1_4_address0                   |  27|          5|    6|         30|
    |ifm_buff1_4_address1                   |  15|          3|    6|         18|
    |ifm_buff1_4_ce0                        |  27|          5|    1|          5|
    |ifm_buff1_4_ce1                        |  15|          3|    1|          3|
    |ifm_buff1_4_d0                         |  15|          3|   32|         96|
    |ifm_buff1_4_we0                        |  15|          3|    1|          3|
    |ifm_buff1_5_address0                   |  27|          5|    6|         30|
    |ifm_buff1_5_address1                   |  15|          3|    6|         18|
    |ifm_buff1_5_ce0                        |  27|          5|    1|          5|
    |ifm_buff1_5_ce1                        |  15|          3|    1|          3|
    |ifm_buff1_5_d0                         |  15|          3|   32|         96|
    |ifm_buff1_5_we0                        |  15|          3|    1|          3|
    |ifm_buff1_6_address0                   |  27|          5|    6|         30|
    |ifm_buff1_6_address1                   |  15|          3|    6|         18|
    |ifm_buff1_6_ce0                        |  27|          5|    1|          5|
    |ifm_buff1_6_ce1                        |  15|          3|    1|          3|
    |ifm_buff1_6_d0                         |  15|          3|   32|         96|
    |ifm_buff1_6_we0                        |  15|          3|    1|          3|
    |ifm_buff1_7_address0                   |  27|          5|    6|         30|
    |ifm_buff1_7_address1                   |  15|          3|    6|         18|
    |ifm_buff1_7_ce0                        |  27|          5|    1|          5|
    |ifm_buff1_7_ce1                        |  15|          3|    1|          3|
    |ifm_buff1_7_d0                         |  15|          3|   32|         96|
    |ifm_buff1_7_we0                        |  15|          3|    1|          3|
    |ifm_buff1_8_address0                   |  27|          5|    6|         30|
    |ifm_buff1_8_address1                   |  15|          3|    6|         18|
    |ifm_buff1_8_ce0                        |  27|          5|    1|          5|
    |ifm_buff1_8_ce1                        |  15|          3|    1|          3|
    |ifm_buff1_8_d0                         |  15|          3|   32|         96|
    |ifm_buff1_8_we0                        |  15|          3|    1|          3|
    |ifm_buff1_9_address0                   |  27|          5|    6|         30|
    |ifm_buff1_9_address1                   |  15|          3|    6|         18|
    |ifm_buff1_9_ce0                        |  27|          5|    1|          5|
    |ifm_buff1_9_ce1                        |  15|          3|    1|          3|
    |ifm_buff1_9_d0                         |  15|          3|   32|         96|
    |ifm_buff1_9_we0                        |  15|          3|    1|          3|
    |ifm_buff2_0_address0                   |  27|          5|    6|         30|
    |ifm_buff2_0_address1                   |  15|          3|    6|         18|
    |ifm_buff2_0_ce0                        |  27|          5|    1|          5|
    |ifm_buff2_0_ce1                        |  15|          3|    1|          3|
    |ifm_buff2_0_d0                         |  15|          3|   32|         96|
    |ifm_buff2_0_we0                        |  15|          3|    1|          3|
    |ifm_buff2_10_address0                  |  27|          5|    6|         30|
    |ifm_buff2_10_address1                  |  15|          3|    6|         18|
    |ifm_buff2_10_ce0                       |  27|          5|    1|          5|
    |ifm_buff2_10_ce1                       |  15|          3|    1|          3|
    |ifm_buff2_10_d0                        |  15|          3|   32|         96|
    |ifm_buff2_10_we0                       |  15|          3|    1|          3|
    |ifm_buff2_11_address0                  |  27|          5|    6|         30|
    |ifm_buff2_11_address1                  |  15|          3|    6|         18|
    |ifm_buff2_11_ce0                       |  27|          5|    1|          5|
    |ifm_buff2_11_ce1                       |  15|          3|    1|          3|
    |ifm_buff2_11_d0                        |  15|          3|   32|         96|
    |ifm_buff2_11_we0                       |  15|          3|    1|          3|
    |ifm_buff2_12_address0                  |  27|          5|    6|         30|
    |ifm_buff2_12_address1                  |  15|          3|    6|         18|
    |ifm_buff2_12_ce0                       |  27|          5|    1|          5|
    |ifm_buff2_12_ce1                       |  15|          3|    1|          3|
    |ifm_buff2_12_d0                        |  15|          3|   32|         96|
    |ifm_buff2_12_we0                       |  15|          3|    1|          3|
    |ifm_buff2_13_address0                  |  27|          5|    6|         30|
    |ifm_buff2_13_address1                  |  15|          3|    6|         18|
    |ifm_buff2_13_ce0                       |  27|          5|    1|          5|
    |ifm_buff2_13_ce1                       |  15|          3|    1|          3|
    |ifm_buff2_13_d0                        |  15|          3|   32|         96|
    |ifm_buff2_13_we0                       |  15|          3|    1|          3|
    |ifm_buff2_14_address0                  |  27|          5|    6|         30|
    |ifm_buff2_14_address1                  |  15|          3|    6|         18|
    |ifm_buff2_14_ce0                       |  27|          5|    1|          5|
    |ifm_buff2_14_ce1                       |  15|          3|    1|          3|
    |ifm_buff2_14_d0                        |  15|          3|   32|         96|
    |ifm_buff2_14_we0                       |  15|          3|    1|          3|
    |ifm_buff2_15_address0                  |  27|          5|    6|         30|
    |ifm_buff2_15_address1                  |  15|          3|    6|         18|
    |ifm_buff2_15_ce0                       |  27|          5|    1|          5|
    |ifm_buff2_15_ce1                       |  15|          3|    1|          3|
    |ifm_buff2_15_d0                        |  15|          3|   32|         96|
    |ifm_buff2_15_we0                       |  15|          3|    1|          3|
    |ifm_buff2_1_address0                   |  27|          5|    6|         30|
    |ifm_buff2_1_address1                   |  15|          3|    6|         18|
    |ifm_buff2_1_ce0                        |  27|          5|    1|          5|
    |ifm_buff2_1_ce1                        |  15|          3|    1|          3|
    |ifm_buff2_1_d0                         |  15|          3|   32|         96|
    |ifm_buff2_1_we0                        |  15|          3|    1|          3|
    |ifm_buff2_2_address0                   |  27|          5|    6|         30|
    |ifm_buff2_2_address1                   |  15|          3|    6|         18|
    |ifm_buff2_2_ce0                        |  27|          5|    1|          5|
    |ifm_buff2_2_ce1                        |  15|          3|    1|          3|
    |ifm_buff2_2_d0                         |  15|          3|   32|         96|
    |ifm_buff2_2_we0                        |  15|          3|    1|          3|
    |ifm_buff2_3_address0                   |  27|          5|    6|         30|
    |ifm_buff2_3_address1                   |  15|          3|    6|         18|
    |ifm_buff2_3_ce0                        |  27|          5|    1|          5|
    |ifm_buff2_3_ce1                        |  15|          3|    1|          3|
    |ifm_buff2_3_d0                         |  15|          3|   32|         96|
    |ifm_buff2_3_we0                        |  15|          3|    1|          3|
    |ifm_buff2_4_address0                   |  27|          5|    6|         30|
    |ifm_buff2_4_address1                   |  15|          3|    6|         18|
    |ifm_buff2_4_ce0                        |  27|          5|    1|          5|
    |ifm_buff2_4_ce1                        |  15|          3|    1|          3|
    |ifm_buff2_4_d0                         |  15|          3|   32|         96|
    |ifm_buff2_4_we0                        |  15|          3|    1|          3|
    |ifm_buff2_5_address0                   |  27|          5|    6|         30|
    |ifm_buff2_5_address1                   |  15|          3|    6|         18|
    |ifm_buff2_5_ce0                        |  27|          5|    1|          5|
    |ifm_buff2_5_ce1                        |  15|          3|    1|          3|
    |ifm_buff2_5_d0                         |  15|          3|   32|         96|
    |ifm_buff2_5_we0                        |  15|          3|    1|          3|
    |ifm_buff2_6_address0                   |  27|          5|    6|         30|
    |ifm_buff2_6_address1                   |  15|          3|    6|         18|
    |ifm_buff2_6_ce0                        |  27|          5|    1|          5|
    |ifm_buff2_6_ce1                        |  15|          3|    1|          3|
    |ifm_buff2_6_d0                         |  15|          3|   32|         96|
    |ifm_buff2_6_we0                        |  15|          3|    1|          3|
    |ifm_buff2_7_address0                   |  27|          5|    6|         30|
    |ifm_buff2_7_address1                   |  15|          3|    6|         18|
    |ifm_buff2_7_ce0                        |  27|          5|    1|          5|
    |ifm_buff2_7_ce1                        |  15|          3|    1|          3|
    |ifm_buff2_7_d0                         |  15|          3|   32|         96|
    |ifm_buff2_7_we0                        |  15|          3|    1|          3|
    |ifm_buff2_8_address0                   |  27|          5|    6|         30|
    |ifm_buff2_8_address1                   |  15|          3|    6|         18|
    |ifm_buff2_8_ce0                        |  27|          5|    1|          5|
    |ifm_buff2_8_ce1                        |  15|          3|    1|          3|
    |ifm_buff2_8_d0                         |  15|          3|   32|         96|
    |ifm_buff2_8_we0                        |  15|          3|    1|          3|
    |ifm_buff2_9_address0                   |  27|          5|    6|         30|
    |ifm_buff2_9_address1                   |  15|          3|    6|         18|
    |ifm_buff2_9_ce0                        |  27|          5|    1|          5|
    |ifm_buff2_9_ce1                        |  15|          3|    1|          3|
    |ifm_buff2_9_d0                         |  15|          3|   32|         96|
    |ifm_buff2_9_we0                        |  15|          3|    1|          3|
    |ofm_buff0_0_address0                   |  15|          3|    6|         18|
    |ofm_buff0_0_ce0                        |  15|          3|    1|          3|
    |ofm_buff0_0_we0                        |   9|          2|    1|          2|
    |ofm_buff0_10_address0                  |  15|          3|    6|         18|
    |ofm_buff0_10_ce0                       |  15|          3|    1|          3|
    |ofm_buff0_10_we0                       |   9|          2|    1|          2|
    |ofm_buff0_11_address0                  |  15|          3|    6|         18|
    |ofm_buff0_11_ce0                       |  15|          3|    1|          3|
    |ofm_buff0_11_we0                       |   9|          2|    1|          2|
    |ofm_buff0_12_address0                  |  15|          3|    6|         18|
    |ofm_buff0_12_ce0                       |  15|          3|    1|          3|
    |ofm_buff0_12_we0                       |   9|          2|    1|          2|
    |ofm_buff0_13_address0                  |  15|          3|    6|         18|
    |ofm_buff0_13_ce0                       |  15|          3|    1|          3|
    |ofm_buff0_13_we0                       |   9|          2|    1|          2|
    |ofm_buff0_14_address0                  |  15|          3|    6|         18|
    |ofm_buff0_14_ce0                       |  15|          3|    1|          3|
    |ofm_buff0_14_we0                       |   9|          2|    1|          2|
    |ofm_buff0_15_address0                  |  15|          3|    6|         18|
    |ofm_buff0_15_ce0                       |  15|          3|    1|          3|
    |ofm_buff0_15_we0                       |   9|          2|    1|          2|
    |ofm_buff0_1_address0                   |  15|          3|    6|         18|
    |ofm_buff0_1_ce0                        |  15|          3|    1|          3|
    |ofm_buff0_1_we0                        |   9|          2|    1|          2|
    |ofm_buff0_2_address0                   |  15|          3|    6|         18|
    |ofm_buff0_2_ce0                        |  15|          3|    1|          3|
    |ofm_buff0_2_we0                        |   9|          2|    1|          2|
    |ofm_buff0_3_address0                   |  15|          3|    6|         18|
    |ofm_buff0_3_ce0                        |  15|          3|    1|          3|
    |ofm_buff0_3_we0                        |   9|          2|    1|          2|
    |ofm_buff0_4_address0                   |  15|          3|    6|         18|
    |ofm_buff0_4_ce0                        |  15|          3|    1|          3|
    |ofm_buff0_4_we0                        |   9|          2|    1|          2|
    |ofm_buff0_5_address0                   |  15|          3|    6|         18|
    |ofm_buff0_5_ce0                        |  15|          3|    1|          3|
    |ofm_buff0_5_we0                        |   9|          2|    1|          2|
    |ofm_buff0_6_address0                   |  15|          3|    6|         18|
    |ofm_buff0_6_ce0                        |  15|          3|    1|          3|
    |ofm_buff0_6_we0                        |   9|          2|    1|          2|
    |ofm_buff0_7_address0                   |  15|          3|    6|         18|
    |ofm_buff0_7_ce0                        |  15|          3|    1|          3|
    |ofm_buff0_7_we0                        |   9|          2|    1|          2|
    |ofm_buff0_8_address0                   |  15|          3|    6|         18|
    |ofm_buff0_8_ce0                        |  15|          3|    1|          3|
    |ofm_buff0_8_we0                        |   9|          2|    1|          2|
    |ofm_buff0_9_address0                   |  15|          3|    6|         18|
    |ofm_buff0_9_ce0                        |  15|          3|    1|          3|
    |ofm_buff0_9_we0                        |   9|          2|    1|          2|
    |ofm_buff1_0_address0                   |  15|          3|    6|         18|
    |ofm_buff1_0_ce0                        |  15|          3|    1|          3|
    |ofm_buff1_0_we0                        |   9|          2|    1|          2|
    |ofm_buff1_10_address0                  |  15|          3|    6|         18|
    |ofm_buff1_10_ce0                       |  15|          3|    1|          3|
    |ofm_buff1_10_we0                       |   9|          2|    1|          2|
    |ofm_buff1_11_address0                  |  15|          3|    6|         18|
    |ofm_buff1_11_ce0                       |  15|          3|    1|          3|
    |ofm_buff1_11_we0                       |   9|          2|    1|          2|
    |ofm_buff1_12_address0                  |  15|          3|    6|         18|
    |ofm_buff1_12_ce0                       |  15|          3|    1|          3|
    |ofm_buff1_12_we0                       |   9|          2|    1|          2|
    |ofm_buff1_13_address0                  |  15|          3|    6|         18|
    |ofm_buff1_13_ce0                       |  15|          3|    1|          3|
    |ofm_buff1_13_we0                       |   9|          2|    1|          2|
    |ofm_buff1_14_address0                  |  15|          3|    6|         18|
    |ofm_buff1_14_ce0                       |  15|          3|    1|          3|
    |ofm_buff1_14_we0                       |   9|          2|    1|          2|
    |ofm_buff1_15_address0                  |  15|          3|    6|         18|
    |ofm_buff1_15_ce0                       |  15|          3|    1|          3|
    |ofm_buff1_15_we0                       |   9|          2|    1|          2|
    |ofm_buff1_1_address0                   |  15|          3|    6|         18|
    |ofm_buff1_1_ce0                        |  15|          3|    1|          3|
    |ofm_buff1_1_we0                        |   9|          2|    1|          2|
    |ofm_buff1_2_address0                   |  15|          3|    6|         18|
    |ofm_buff1_2_ce0                        |  15|          3|    1|          3|
    |ofm_buff1_2_we0                        |   9|          2|    1|          2|
    |ofm_buff1_3_address0                   |  15|          3|    6|         18|
    |ofm_buff1_3_ce0                        |  15|          3|    1|          3|
    |ofm_buff1_3_we0                        |   9|          2|    1|          2|
    |ofm_buff1_4_address0                   |  15|          3|    6|         18|
    |ofm_buff1_4_ce0                        |  15|          3|    1|          3|
    |ofm_buff1_4_we0                        |   9|          2|    1|          2|
    |ofm_buff1_5_address0                   |  15|          3|    6|         18|
    |ofm_buff1_5_ce0                        |  15|          3|    1|          3|
    |ofm_buff1_5_we0                        |   9|          2|    1|          2|
    |ofm_buff1_6_address0                   |  15|          3|    6|         18|
    |ofm_buff1_6_ce0                        |  15|          3|    1|          3|
    |ofm_buff1_6_we0                        |   9|          2|    1|          2|
    |ofm_buff1_7_address0                   |  15|          3|    6|         18|
    |ofm_buff1_7_ce0                        |  15|          3|    1|          3|
    |ofm_buff1_7_we0                        |   9|          2|    1|          2|
    |ofm_buff1_8_address0                   |  15|          3|    6|         18|
    |ofm_buff1_8_ce0                        |  15|          3|    1|          3|
    |ofm_buff1_8_we0                        |   9|          2|    1|          2|
    |ofm_buff1_9_address0                   |  15|          3|    6|         18|
    |ofm_buff1_9_ce0                        |  15|          3|    1|          3|
    |ofm_buff1_9_we0                        |   9|          2|    1|          2|
    |rotate_counter_0_reg_382               |   9|          2|   16|         32|
    |row_0_reg_394                          |   9|          2|    6|         12|
    +---------------------------------------+----+-----------+-----+-----------+
    |Total                                  |7884|       1542| 4650|      16426|
    +---------------------------------------+----+-----------+-----+-----------+

    * Register: 
    +---------------------------------------------+----+----+-----+-----------+
    |                     Name                    | FF | LUT| Bits| Const Bits|
    +---------------------------------------------+----+----+-----+-----------+
    |ap_CS_fsm                                    |   5|   0|    5|          0|
    |cifm_counter_5_fu_54                         |  32|   0|   32|          0|
    |cofm_counter_5_fu_58                         |  32|   0|   32|          0|
    |grp_conv_read_fu_457_ap_start_reg            |   1|   0|    1|          0|
    |grp_load_cifm_data_pool_fu_506_ap_start_reg  |   1|   0|    1|          0|
    |grp_pool_write_fu_405_ap_start_reg           |   1|   0|    1|          0|
    |grp_write_row_ifm_fu_482_ap_start_reg        |   1|   0|    1|          0|
    |icmp_ln278_reg_717                           |   1|   0|    1|          0|
    |icmp_ln280_reg_707                           |   1|   0|    1|          0|
    |icmp_ln283_reg_737                           |   1|   0|    1|          0|
    |icmp_ln289_reg_721                           |   1|   0|    1|          0|
    |icmp_ln298_reg_725                           |   1|   0|    1|          0|
    |icmp_ln307_reg_729                           |   1|   0|    1|          0|
    |icmp_ln316_reg_733                           |   1|   0|    1|          0|
    |reg_594                                      |  32|   0|   32|          0|
    |reg_599                                      |  32|   0|   32|          0|
    |rotate_counter_0_reg_382                     |  16|   0|   16|          0|
    |row_0_reg_394                                |   6|   0|    6|          0|
    |row_reg_712                                  |   6|   0|    6|          0|
    +---------------------------------------------+----+----+-----+-----------+
    |Total                                        | 172|   0|  172|          0|
    +---------------------------------------------+----+----+-----+-----------+



================================================================
== Interface
================================================================
* Summary: 
+-------------+-----+-----+------------+--------------+--------------+
|  RTL Ports  | Dir | Bits|  Protocol  | Source Object|    C Type    |
+-------------+-----+-----+------------+--------------+--------------+
|ap_clk       |  in |    1| ap_ctrl_hs |    pool_hw   | return value |
|ap_rst       |  in |    1| ap_ctrl_hs |    pool_hw   | return value |
|ap_start     |  in |    1| ap_ctrl_hs |    pool_hw   | return value |
|ap_done      | out |    1| ap_ctrl_hs |    pool_hw   | return value |
|ap_idle      | out |    1| ap_ctrl_hs |    pool_hw   | return value |
|ap_ready     | out |    1| ap_ctrl_hs |    pool_hw   | return value |
|cifm_TDATA   |  in |  512|    axis    |     cifm     |    pointer   |
|cifm_TVALID  |  in |    1|    axis    |     cifm     |    pointer   |
|cifm_TREADY  | out |    1|    axis    |     cifm     |    pointer   |
|cofm_TDATA   | out |  512|    axis    |     cofm     |    pointer   |
|cofm_TVALID  | out |    1|    axis    |     cofm     |    pointer   |
|cofm_TREADY  |  in |    1|    axis    |     cofm     |    pointer   |
+-------------+-----+-----+------------+--------------+--------------+

