

================================================================
== Vivado HLS Report for 'conv_read'
================================================================
* Date:           Thu Jan 21 20:27:27 2021

* Version:        2019.2 (Build 2704478 on Wed Nov 06 22:10:23 MST 2019)
* Project:        finalwrapup_hls
* Solution:       solution1
* Product family: zynq
* Target device:  xc7z020-clg400-1


================================================================
== Performance Estimates
================================================================
+ Timing: 
    * Summary: 
    +--------+----------+----------+------------+
    |  Clock |  Target  | Estimated| Uncertainty|
    +--------+----------+----------+------------+
    |ap_clk  | 10.00 ns | 3.254 ns |   1.25 ns  |
    +--------+----------+----------+------------+

+ Latency: 
    * Summary: 
    +---------+---------+-----------+----------+-----+-----+---------+
    |  Latency (cycles) |  Latency (absolute)  |  Interval | Pipeline|
    |   min   |   max   |    min    |    max   | min | max |   Type  |
    +---------+---------+-----------+----------+-----+-----+---------+
    |        1|       58| 10.000 ns | 0.580 us |    1|   58|   none  |
    +---------+---------+-----------+----------+-----+-----+---------+

    + Detail: 
        * Instance: 
        N/A

        * Loop: 
        +----------+---------+---------+----------+-----------+-----------+------+----------+
        |          |  Latency (cycles) | Iteration|  Initiation Interval  | Trip |          |
        | Loop Name|   min   |   max   |  Latency |  achieved |   target  | Count| Pipelined|
        +----------+---------+---------+----------+-----------+-----------+------+----------+
        |- Loop 1  |       56|       56|         2|          1|          1|    56|    yes   |
        +----------+---------+---------+----------+-----------+-----------+------+----------+



================================================================
== Utilization Estimates
================================================================
* Summary: 
+-----------------+---------+-------+--------+-------+-----+
|       Name      | BRAM_18K| DSP48E|   FF   |  LUT  | URAM|
+-----------------+---------+-------+--------+-------+-----+
|DSP              |        -|      -|       -|      -|    -|
|Expression       |        -|      -|       0|     73|    -|
|FIFO             |        -|      -|       -|      -|    -|
|Instance         |        -|      -|       -|      -|    -|
|Memory           |        -|      -|       -|      -|    -|
|Multiplexer      |        -|      -|       -|     81|    -|
|Register         |        -|      -|     108|      -|    -|
+-----------------+---------+-------+--------+-------+-----+
|Total            |        0|      0|     108|    154|    0|
+-----------------+---------+-------+--------+-------+-----+
|Available        |      280|    220|  106400|  53200|    0|
+-----------------+---------+-------+--------+-------+-----+
|Utilization (%)  |        0|      0|   ~0   |   ~0  |    0|
+-----------------+---------+-------+--------+-------+-----+

+ Detail: 
    * Instance: 
    N/A

    * DSP48E: 
    N/A

    * Memory: 
    N/A

    * FIFO: 
    N/A

    * Expression: 
    +---------------------------+----------+-------+---+----+------------+------------+
    |       Variable Name       | Operation| DSP48E| FF| LUT| Bitwidth P0| Bitwidth P1|
    +---------------------------+----------+-------+---+----+------------+------------+
    |add_ln199_fu_329_p2        |     +    |      0|  0|  39|          32|           6|
    |j_fu_341_p2                |     +    |      0|  0|  15|           6|           1|
    |ap_block_pp0_stage0_11001  |    and   |      0|  0|   2|           1|           1|
    |ap_block_state3_io         |    and   |      0|  0|   2|           1|           1|
    |icmp_ln199_fu_335_p2       |   icmp   |      0|  0|  11|           6|           5|
    |ap_enable_pp0              |    xor   |      0|  0|   2|           1|           2|
    |ap_enable_reg_pp0_iter1    |    xor   |      0|  0|   2|           2|           1|
    +---------------------------+----------+-------+---+----+------------+------------+
    |Total                      |          |      0|  0|  73|          49|          17|
    +---------------------------+----------+-------+---+----+------------+------------+

    * Multiplexer: 
    +-----------------------------------------+----+-----------+-----+-----------+
    |                   Name                  | LUT| Input Size| Bits| Total Bits|
    +-----------------------------------------+----+-----------+-----+-----------+
    |ap_NS_fsm                                |  21|          4|    1|          4|
    |ap_enable_reg_pp0_iter1                  |  15|          3|    1|          3|
    |ap_phi_mux_cofm_counter_1_phi_fu_323_p4  |   9|          2|   32|         64|
    |ap_return                                |   9|          2|   32|         64|
    |cofm_TDATA_blk_n                         |   9|          2|    1|          2|
    |cofm_counter_1_reg_320                   |   9|          2|   32|         64|
    |j_0_reg_309                              |   9|          2|    6|         12|
    +-----------------------------------------+----+-----------+-----+-----------+
    |Total                                    |  81|         17|  105|        213|
    +-----------------------------------------+----+-----------+-----+-----------+

    * Register: 
    +-------------------------+----+----+-----+-----------+
    |           Name          | FF | LUT| Bits| Const Bits|
    +-------------------------+----+----+-----+-----------+
    |add_ln199_reg_477        |  32|   0|   32|          0|
    |ap_CS_fsm                |   3|   0|    3|          0|
    |ap_enable_reg_pp0_iter0  |   1|   0|    1|          0|
    |ap_enable_reg_pp0_iter1  |   1|   0|    1|          0|
    |ap_return_preg           |  32|   0|   32|          0|
    |cofm_counter_1_reg_320   |  32|   0|   32|          0|
    |icmp_ln199_reg_482       |   1|   0|    1|          0|
    |j_0_reg_309              |   6|   0|    6|          0|
    +-------------------------+----+----+-----+-----------+
    |Total                    | 108|   0|  108|          0|
    +-------------------------+----+----+-----+-----------+



================================================================
== Interface
================================================================
* Summary: 
+-----------------------+-----+-----+------------+-------------------+--------------+
|       RTL Ports       | Dir | Bits|  Protocol  |   Source Object   |    C Type    |
+-----------------------+-----+-----+------------+-------------------+--------------+
|ap_clk                 |  in |    1| ap_ctrl_hs |     conv_read     | return value |
|ap_rst                 |  in |    1| ap_ctrl_hs |     conv_read     | return value |
|ap_start               |  in |    1| ap_ctrl_hs |     conv_read     | return value |
|ap_done                | out |    1| ap_ctrl_hs |     conv_read     | return value |
|ap_idle                | out |    1| ap_ctrl_hs |     conv_read     | return value |
|ap_ready               | out |    1| ap_ctrl_hs |     conv_read     | return value |
|ap_return              | out |   32| ap_ctrl_hs |     conv_read     | return value |
|cofm_TDATA             | out |  512|    axis    |        cofm       |    pointer   |
|cofm_TVALID            | out |    1|    axis    |        cofm       |    pointer   |
|cofm_TREADY            |  in |    1|    axis    |        cofm       |    pointer   |
|ofm_buff0_0_address0   | out |    6|  ap_memory |    ofm_buff0_0    |     array    |
|ofm_buff0_0_ce0        | out |    1|  ap_memory |    ofm_buff0_0    |     array    |
|ofm_buff0_0_q0         |  in |   32|  ap_memory |    ofm_buff0_0    |     array    |
|ofm_buff0_1_address0   | out |    6|  ap_memory |    ofm_buff0_1    |     array    |
|ofm_buff0_1_ce0        | out |    1|  ap_memory |    ofm_buff0_1    |     array    |
|ofm_buff0_1_q0         |  in |   32|  ap_memory |    ofm_buff0_1    |     array    |
|ofm_buff0_2_address0   | out |    6|  ap_memory |    ofm_buff0_2    |     array    |
|ofm_buff0_2_ce0        | out |    1|  ap_memory |    ofm_buff0_2    |     array    |
|ofm_buff0_2_q0         |  in |   32|  ap_memory |    ofm_buff0_2    |     array    |
|ofm_buff0_3_address0   | out |    6|  ap_memory |    ofm_buff0_3    |     array    |
|ofm_buff0_3_ce0        | out |    1|  ap_memory |    ofm_buff0_3    |     array    |
|ofm_buff0_3_q0         |  in |   32|  ap_memory |    ofm_buff0_3    |     array    |
|ofm_buff0_4_address0   | out |    6|  ap_memory |    ofm_buff0_4    |     array    |
|ofm_buff0_4_ce0        | out |    1|  ap_memory |    ofm_buff0_4    |     array    |
|ofm_buff0_4_q0         |  in |   32|  ap_memory |    ofm_buff0_4    |     array    |
|ofm_buff0_5_address0   | out |    6|  ap_memory |    ofm_buff0_5    |     array    |
|ofm_buff0_5_ce0        | out |    1|  ap_memory |    ofm_buff0_5    |     array    |
|ofm_buff0_5_q0         |  in |   32|  ap_memory |    ofm_buff0_5    |     array    |
|ofm_buff0_6_address0   | out |    6|  ap_memory |    ofm_buff0_6    |     array    |
|ofm_buff0_6_ce0        | out |    1|  ap_memory |    ofm_buff0_6    |     array    |
|ofm_buff0_6_q0         |  in |   32|  ap_memory |    ofm_buff0_6    |     array    |
|ofm_buff0_7_address0   | out |    6|  ap_memory |    ofm_buff0_7    |     array    |
|ofm_buff0_7_ce0        | out |    1|  ap_memory |    ofm_buff0_7    |     array    |
|ofm_buff0_7_q0         |  in |   32|  ap_memory |    ofm_buff0_7    |     array    |
|ofm_buff0_8_address0   | out |    6|  ap_memory |    ofm_buff0_8    |     array    |
|ofm_buff0_8_ce0        | out |    1|  ap_memory |    ofm_buff0_8    |     array    |
|ofm_buff0_8_q0         |  in |   32|  ap_memory |    ofm_buff0_8    |     array    |
|ofm_buff0_9_address0   | out |    6|  ap_memory |    ofm_buff0_9    |     array    |
|ofm_buff0_9_ce0        | out |    1|  ap_memory |    ofm_buff0_9    |     array    |
|ofm_buff0_9_q0         |  in |   32|  ap_memory |    ofm_buff0_9    |     array    |
|ofm_buff0_10_address0  | out |    6|  ap_memory |    ofm_buff0_10   |     array    |
|ofm_buff0_10_ce0       | out |    1|  ap_memory |    ofm_buff0_10   |     array    |
|ofm_buff0_10_q0        |  in |   32|  ap_memory |    ofm_buff0_10   |     array    |
|ofm_buff0_11_address0  | out |    6|  ap_memory |    ofm_buff0_11   |     array    |
|ofm_buff0_11_ce0       | out |    1|  ap_memory |    ofm_buff0_11   |     array    |
|ofm_buff0_11_q0        |  in |   32|  ap_memory |    ofm_buff0_11   |     array    |
|ofm_buff0_12_address0  | out |    6|  ap_memory |    ofm_buff0_12   |     array    |
|ofm_buff0_12_ce0       | out |    1|  ap_memory |    ofm_buff0_12   |     array    |
|ofm_buff0_12_q0        |  in |   32|  ap_memory |    ofm_buff0_12   |     array    |
|ofm_buff0_13_address0  | out |    6|  ap_memory |    ofm_buff0_13   |     array    |
|ofm_buff0_13_ce0       | out |    1|  ap_memory |    ofm_buff0_13   |     array    |
|ofm_buff0_13_q0        |  in |   32|  ap_memory |    ofm_buff0_13   |     array    |
|ofm_buff0_14_address0  | out |    6|  ap_memory |    ofm_buff0_14   |     array    |
|ofm_buff0_14_ce0       | out |    1|  ap_memory |    ofm_buff0_14   |     array    |
|ofm_buff0_14_q0        |  in |   32|  ap_memory |    ofm_buff0_14   |     array    |
|ofm_buff0_15_address0  | out |    6|  ap_memory |    ofm_buff0_15   |     array    |
|ofm_buff0_15_ce0       | out |    1|  ap_memory |    ofm_buff0_15   |     array    |
|ofm_buff0_15_q0        |  in |   32|  ap_memory |    ofm_buff0_15   |     array    |
|cofm_counter_read      |  in |   32|   ap_none  | cofm_counter_read |    scalar    |
|enable                 |  in |    1|   ap_none  |       enable      |    scalar    |
+-----------------------+-----+-----+------------+-------------------+--------------+

============================================================
+ Verbose Summary: Synthesis Manager
============================================================
InlineROM: 1
ExposeGlobal: 0
============================================================
+ Verbose Summary: CDFG Model
============================================================
IsTopModel: 0
ResetActiveHigh: 1
IsCombinational: 2
IsDatapathOnly: 2
HasWiredReturn: 1
HasMFsm: 0
HasVarLatency: 1
IsPipeline: 0
IsRtlPipelined: 0
IsInstanceOverlapped: 0
IsDontTouch: 0
HasImplIP: 0
IsGatedGlobalClock: 0

+ Individual pipeline summary: 
  * Pipeline-0: initiation interval (II) = 1, depth = 2


============================================================
+ Verbose Summary: Schedule
============================================================
* Number of FSM states : 4
* Pipeline : 1
  Pipeline-0 : II = 1, D = 2, States = { 2 3 }
* Dataflow Pipeline: 0

* FSM state transitions: 
1 --> 4 2 
2 --> 4 3 
3 --> 2 
4 --> 

* FSM state operations: 

State 1 <SV = 0> <Delay = 2.55>
ST_1 : Operation 5 [1/1] (0.00ns)   --->   "call void (...)* @_ssdm_op_SpecInterface(i512* %cofm, [5 x i8]* @p_str15, i32 0, i32 0, [5 x i8]* @p_str16, i32 0, i32 0, [1 x i8]* @p_str1, [1 x i8]* @p_str1, [1 x i8]* @p_str1, i32 0, i32 0, i32 0, i32 0, [1 x i8]* @p_str1, [1 x i8]* @p_str1) nounwind"   --->   Operation 5 'specinterface' <Predicate = true> <Delay = 0.00>
ST_1 : Operation 6 [1/1] (0.00ns)   --->   "%enable_read = call i1 @_ssdm_op_Read.ap_auto.i1(i1 %enable)" [finalwrapup.cpp:195]   --->   Operation 6 'read' 'enable_read' <Predicate = true> <Delay = 0.00>
ST_1 : Operation 7 [1/1] (0.00ns)   --->   "%cofm_counter_read_1 = call i32 @_ssdm_op_Read.ap_auto.i32(i32 %cofm_counter_read)" [finalwrapup.cpp:195]   --->   Operation 7 'read' 'cofm_counter_read_1' <Predicate = true> <Delay = 0.00>
ST_1 : Operation 8 [1/1] (1.76ns)   --->   "br i1 %enable_read, label %.preheader.preheader, label %.loopexit" [finalwrapup.cpp:197]   --->   Operation 8 'br' <Predicate = true> <Delay = 1.76>
ST_1 : Operation 9 [1/1] (2.55ns)   --->   "%add_ln199 = add i32 %cofm_counter_read_1, 56" [finalwrapup.cpp:199]   --->   Operation 9 'add' 'add_ln199' <Predicate = (enable_read)> <Delay = 2.55> <Core = "AddSub">   --->   Core 14 'AddSub' <Latency = 0> <II = 1> <Delay = 1.82> <FuncUnit> <Opcode : 'add' 'sub'> <InPorts = 2> <OutPorts = 1>
ST_1 : Operation 10 [1/1] (1.76ns)   --->   "br label %.preheader" [finalwrapup.cpp:199]   --->   Operation 10 'br' <Predicate = (enable_read)> <Delay = 1.76>

State 2 <SV = 1> <Delay = 3.25>
ST_2 : Operation 11 [1/1] (0.00ns)   --->   "%j_0 = phi i6 [ %j, %hls_label_5 ], [ 0, %.preheader.preheader ]"   --->   Operation 11 'phi' 'j_0' <Predicate = true> <Delay = 0.00>
ST_2 : Operation 12 [1/1] (1.42ns)   --->   "%icmp_ln199 = icmp eq i6 %j_0, -8" [finalwrapup.cpp:199]   --->   Operation 12 'icmp' 'icmp_ln199' <Predicate = true> <Delay = 1.42> <Core = "Cmp">   --->   Core 25 'Cmp' <Latency = 0> <II = 1> <Delay = 1.42> <FuncUnit> <Opcode : 'icmp'> <InPorts = 2> <OutPorts = 1>
ST_2 : Operation 13 [1/1] (0.00ns)   --->   "call void (...)* @_ssdm_op_SpecLoopTripCount(i64 56, i64 56, i64 56)"   --->   Operation 13 'speclooptripcount' <Predicate = true> <Delay = 0.00>
ST_2 : Operation 14 [1/1] (1.82ns)   --->   "%j = add i6 %j_0, 1" [finalwrapup.cpp:199]   --->   Operation 14 'add' 'j' <Predicate = true> <Delay = 1.82> <Core = "AddSub">   --->   Core 14 'AddSub' <Latency = 0> <II = 1> <Delay = 1.82> <FuncUnit> <Opcode : 'add' 'sub'> <InPorts = 2> <OutPorts = 1>
ST_2 : Operation 15 [1/1] (0.00ns)   --->   "br i1 %icmp_ln199, label %.loopexit.loopexit, label %hls_label_5" [finalwrapup.cpp:199]   --->   Operation 15 'br' <Predicate = true> <Delay = 0.00>
ST_2 : Operation 16 [1/1] (0.00ns)   --->   "%zext_ln202 = zext i6 %j_0 to i64" [finalwrapup.cpp:202]   --->   Operation 16 'zext' 'zext_ln202' <Predicate = (!icmp_ln199)> <Delay = 0.00>
ST_2 : Operation 17 [1/1] (0.00ns)   --->   "%ofm_buff0_0_addr = getelementptr [56 x float]* %ofm_buff0_0, i64 0, i64 %zext_ln202" [finalwrapup.cpp:202]   --->   Operation 17 'getelementptr' 'ofm_buff0_0_addr' <Predicate = (!icmp_ln199)> <Delay = 0.00>
ST_2 : Operation 18 [2/2] (3.25ns)   --->   "%ofm_buff0_0_load = load float* %ofm_buff0_0_addr, align 4" [finalwrapup.cpp:202]   --->   Operation 18 'load' 'ofm_buff0_0_load' <Predicate = (!icmp_ln199)> <Delay = 3.25> <Core = "RAM">   --->   Core 37 'RAM' <Latency = 1> <II = 1> <Delay = 3.25> <Storage> <Opcode : 'load' 'store'> <Ports = 2> <Width = 32> <Depth = 56> <RAM>
ST_2 : Operation 19 [1/1] (0.00ns)   --->   "%ofm_buff0_1_addr = getelementptr [56 x float]* %ofm_buff0_1, i64 0, i64 %zext_ln202" [finalwrapup.cpp:203]   --->   Operation 19 'getelementptr' 'ofm_buff0_1_addr' <Predicate = (!icmp_ln199)> <Delay = 0.00>
ST_2 : Operation 20 [2/2] (3.25ns)   --->   "%ofm_buff0_1_load = load float* %ofm_buff0_1_addr, align 4" [finalwrapup.cpp:203]   --->   Operation 20 'load' 'ofm_buff0_1_load' <Predicate = (!icmp_ln199)> <Delay = 3.25> <Core = "RAM">   --->   Core 37 'RAM' <Latency = 1> <II = 1> <Delay = 3.25> <Storage> <Opcode : 'load' 'store'> <Ports = 2> <Width = 32> <Depth = 56> <RAM>
ST_2 : Operation 21 [1/1] (0.00ns)   --->   "%ofm_buff0_2_addr = getelementptr [56 x float]* %ofm_buff0_2, i64 0, i64 %zext_ln202" [finalwrapup.cpp:204]   --->   Operation 21 'getelementptr' 'ofm_buff0_2_addr' <Predicate = (!icmp_ln199)> <Delay = 0.00>
ST_2 : Operation 22 [2/2] (3.25ns)   --->   "%ofm_buff0_2_load = load float* %ofm_buff0_2_addr, align 4" [finalwrapup.cpp:204]   --->   Operation 22 'load' 'ofm_buff0_2_load' <Predicate = (!icmp_ln199)> <Delay = 3.25> <Core = "RAM">   --->   Core 37 'RAM' <Latency = 1> <II = 1> <Delay = 3.25> <Storage> <Opcode : 'load' 'store'> <Ports = 2> <Width = 32> <Depth = 56> <RAM>
ST_2 : Operation 23 [1/1] (0.00ns)   --->   "%ofm_buff0_3_addr = getelementptr [56 x float]* %ofm_buff0_3, i64 0, i64 %zext_ln202" [finalwrapup.cpp:205]   --->   Operation 23 'getelementptr' 'ofm_buff0_3_addr' <Predicate = (!icmp_ln199)> <Delay = 0.00>
ST_2 : Operation 24 [2/2] (3.25ns)   --->   "%ofm_buff0_3_load = load float* %ofm_buff0_3_addr, align 4" [finalwrapup.cpp:205]   --->   Operation 24 'load' 'ofm_buff0_3_load' <Predicate = (!icmp_ln199)> <Delay = 3.25> <Core = "RAM">   --->   Core 37 'RAM' <Latency = 1> <II = 1> <Delay = 3.25> <Storage> <Opcode : 'load' 'store'> <Ports = 2> <Width = 32> <Depth = 56> <RAM>
ST_2 : Operation 25 [1/1] (0.00ns)   --->   "%ofm_buff0_4_addr = getelementptr [56 x float]* %ofm_buff0_4, i64 0, i64 %zext_ln202" [finalwrapup.cpp:206]   --->   Operation 25 'getelementptr' 'ofm_buff0_4_addr' <Predicate = (!icmp_ln199)> <Delay = 0.00>
ST_2 : Operation 26 [2/2] (3.25ns)   --->   "%ofm_buff0_4_load = load float* %ofm_buff0_4_addr, align 4" [finalwrapup.cpp:206]   --->   Operation 26 'load' 'ofm_buff0_4_load' <Predicate = (!icmp_ln199)> <Delay = 3.25> <Core = "RAM">   --->   Core 37 'RAM' <Latency = 1> <II = 1> <Delay = 3.25> <Storage> <Opcode : 'load' 'store'> <Ports = 2> <Width = 32> <Depth = 56> <RAM>
ST_2 : Operation 27 [1/1] (0.00ns)   --->   "%ofm_buff0_5_addr = getelementptr [56 x float]* %ofm_buff0_5, i64 0, i64 %zext_ln202" [finalwrapup.cpp:207]   --->   Operation 27 'getelementptr' 'ofm_buff0_5_addr' <Predicate = (!icmp_ln199)> <Delay = 0.00>
ST_2 : Operation 28 [2/2] (3.25ns)   --->   "%ofm_buff0_5_load = load float* %ofm_buff0_5_addr, align 4" [finalwrapup.cpp:207]   --->   Operation 28 'load' 'ofm_buff0_5_load' <Predicate = (!icmp_ln199)> <Delay = 3.25> <Core = "RAM">   --->   Core 37 'RAM' <Latency = 1> <II = 1> <Delay = 3.25> <Storage> <Opcode : 'load' 'store'> <Ports = 2> <Width = 32> <Depth = 56> <RAM>
ST_2 : Operation 29 [1/1] (0.00ns)   --->   "%ofm_buff0_6_addr = getelementptr [56 x float]* %ofm_buff0_6, i64 0, i64 %zext_ln202" [finalwrapup.cpp:208]   --->   Operation 29 'getelementptr' 'ofm_buff0_6_addr' <Predicate = (!icmp_ln199)> <Delay = 0.00>
ST_2 : Operation 30 [2/2] (3.25ns)   --->   "%ofm_buff0_6_load = load float* %ofm_buff0_6_addr, align 4" [finalwrapup.cpp:208]   --->   Operation 30 'load' 'ofm_buff0_6_load' <Predicate = (!icmp_ln199)> <Delay = 3.25> <Core = "RAM">   --->   Core 37 'RAM' <Latency = 1> <II = 1> <Delay = 3.25> <Storage> <Opcode : 'load' 'store'> <Ports = 2> <Width = 32> <Depth = 56> <RAM>
ST_2 : Operation 31 [1/1] (0.00ns)   --->   "%ofm_buff0_7_addr = getelementptr [56 x float]* %ofm_buff0_7, i64 0, i64 %zext_ln202" [finalwrapup.cpp:209]   --->   Operation 31 'getelementptr' 'ofm_buff0_7_addr' <Predicate = (!icmp_ln199)> <Delay = 0.00>
ST_2 : Operation 32 [2/2] (3.25ns)   --->   "%ofm_buff0_7_load = load float* %ofm_buff0_7_addr, align 4" [finalwrapup.cpp:209]   --->   Operation 32 'load' 'ofm_buff0_7_load' <Predicate = (!icmp_ln199)> <Delay = 3.25> <Core = "RAM">   --->   Core 37 'RAM' <Latency = 1> <II = 1> <Delay = 3.25> <Storage> <Opcode : 'load' 'store'> <Ports = 2> <Width = 32> <Depth = 56> <RAM>
ST_2 : Operation 33 [1/1] (0.00ns)   --->   "%ofm_buff0_8_addr = getelementptr [56 x float]* %ofm_buff0_8, i64 0, i64 %zext_ln202" [finalwrapup.cpp:210]   --->   Operation 33 'getelementptr' 'ofm_buff0_8_addr' <Predicate = (!icmp_ln199)> <Delay = 0.00>
ST_2 : Operation 34 [2/2] (3.25ns)   --->   "%ofm_buff0_8_load = load float* %ofm_buff0_8_addr, align 4" [finalwrapup.cpp:210]   --->   Operation 34 'load' 'ofm_buff0_8_load' <Predicate = (!icmp_ln199)> <Delay = 3.25> <Core = "RAM">   --->   Core 37 'RAM' <Latency = 1> <II = 1> <Delay = 3.25> <Storage> <Opcode : 'load' 'store'> <Ports = 2> <Width = 32> <Depth = 56> <RAM>
ST_2 : Operation 35 [1/1] (0.00ns)   --->   "%ofm_buff0_9_addr = getelementptr [56 x float]* %ofm_buff0_9, i64 0, i64 %zext_ln202" [finalwrapup.cpp:211]   --->   Operation 35 'getelementptr' 'ofm_buff0_9_addr' <Predicate = (!icmp_ln199)> <Delay = 0.00>
ST_2 : Operation 36 [2/2] (3.25ns)   --->   "%ofm_buff0_9_load = load float* %ofm_buff0_9_addr, align 4" [finalwrapup.cpp:211]   --->   Operation 36 'load' 'ofm_buff0_9_load' <Predicate = (!icmp_ln199)> <Delay = 3.25> <Core = "RAM">   --->   Core 37 'RAM' <Latency = 1> <II = 1> <Delay = 3.25> <Storage> <Opcode : 'load' 'store'> <Ports = 2> <Width = 32> <Depth = 56> <RAM>
ST_2 : Operation 37 [1/1] (0.00ns)   --->   "%ofm_buff0_10_addr = getelementptr [56 x float]* %ofm_buff0_10, i64 0, i64 %zext_ln202" [finalwrapup.cpp:212]   --->   Operation 37 'getelementptr' 'ofm_buff0_10_addr' <Predicate = (!icmp_ln199)> <Delay = 0.00>
ST_2 : Operation 38 [2/2] (3.25ns)   --->   "%ofm_buff0_10_load = load float* %ofm_buff0_10_addr, align 4" [finalwrapup.cpp:212]   --->   Operation 38 'load' 'ofm_buff0_10_load' <Predicate = (!icmp_ln199)> <Delay = 3.25> <Core = "RAM">   --->   Core 37 'RAM' <Latency = 1> <II = 1> <Delay = 3.25> <Storage> <Opcode : 'load' 'store'> <Ports = 2> <Width = 32> <Depth = 56> <RAM>
ST_2 : Operation 39 [1/1] (0.00ns)   --->   "%ofm_buff0_11_addr = getelementptr [56 x float]* %ofm_buff0_11, i64 0, i64 %zext_ln202" [finalwrapup.cpp:213]   --->   Operation 39 'getelementptr' 'ofm_buff0_11_addr' <Predicate = (!icmp_ln199)> <Delay = 0.00>
ST_2 : Operation 40 [2/2] (3.25ns)   --->   "%ofm_buff0_11_load = load float* %ofm_buff0_11_addr, align 4" [finalwrapup.cpp:213]   --->   Operation 40 'load' 'ofm_buff0_11_load' <Predicate = (!icmp_ln199)> <Delay = 3.25> <Core = "RAM">   --->   Core 37 'RAM' <Latency = 1> <II = 1> <Delay = 3.25> <Storage> <Opcode : 'load' 'store'> <Ports = 2> <Width = 32> <Depth = 56> <RAM>
ST_2 : Operation 41 [1/1] (0.00ns)   --->   "%ofm_buff0_12_addr = getelementptr [56 x float]* %ofm_buff0_12, i64 0, i64 %zext_ln202" [finalwrapup.cpp:214]   --->   Operation 41 'getelementptr' 'ofm_buff0_12_addr' <Predicate = (!icmp_ln199)> <Delay = 0.00>
ST_2 : Operation 42 [2/2] (3.25ns)   --->   "%ofm_buff0_12_load = load float* %ofm_buff0_12_addr, align 4" [finalwrapup.cpp:214]   --->   Operation 42 'load' 'ofm_buff0_12_load' <Predicate = (!icmp_ln199)> <Delay = 3.25> <Core = "RAM">   --->   Core 37 'RAM' <Latency = 1> <II = 1> <Delay = 3.25> <Storage> <Opcode : 'load' 'store'> <Ports = 2> <Width = 32> <Depth = 56> <RAM>
ST_2 : Operation 43 [1/1] (0.00ns)   --->   "%ofm_buff0_13_addr = getelementptr [56 x float]* %ofm_buff0_13, i64 0, i64 %zext_ln202" [finalwrapup.cpp:215]   --->   Operation 43 'getelementptr' 'ofm_buff0_13_addr' <Predicate = (!icmp_ln199)> <Delay = 0.00>
ST_2 : Operation 44 [2/2] (3.25ns)   --->   "%ofm_buff0_13_load = load float* %ofm_buff0_13_addr, align 4" [finalwrapup.cpp:215]   --->   Operation 44 'load' 'ofm_buff0_13_load' <Predicate = (!icmp_ln199)> <Delay = 3.25> <Core = "RAM">   --->   Core 37 'RAM' <Latency = 1> <II = 1> <Delay = 3.25> <Storage> <Opcode : 'load' 'store'> <Ports = 2> <Width = 32> <Depth = 56> <RAM>
ST_2 : Operation 45 [1/1] (0.00ns)   --->   "%ofm_buff0_14_addr = getelementptr [56 x float]* %ofm_buff0_14, i64 0, i64 %zext_ln202" [finalwrapup.cpp:216]   --->   Operation 45 'getelementptr' 'ofm_buff0_14_addr' <Predicate = (!icmp_ln199)> <Delay = 0.00>
ST_2 : Operation 46 [2/2] (3.25ns)   --->   "%ofm_buff0_14_load = load float* %ofm_buff0_14_addr, align 4" [finalwrapup.cpp:216]   --->   Operation 46 'load' 'ofm_buff0_14_load' <Predicate = (!icmp_ln199)> <Delay = 3.25> <Core = "RAM">   --->   Core 37 'RAM' <Latency = 1> <II = 1> <Delay = 3.25> <Storage> <Opcode : 'load' 'store'> <Ports = 2> <Width = 32> <Depth = 56> <RAM>
ST_2 : Operation 47 [1/1] (0.00ns)   --->   "%ofm_buff0_15_addr = getelementptr [56 x float]* %ofm_buff0_15, i64 0, i64 %zext_ln202" [finalwrapup.cpp:217]   --->   Operation 47 'getelementptr' 'ofm_buff0_15_addr' <Predicate = (!icmp_ln199)> <Delay = 0.00>
ST_2 : Operation 48 [2/2] (3.25ns)   --->   "%ofm_buff0_15_load = load float* %ofm_buff0_15_addr, align 4" [finalwrapup.cpp:217]   --->   Operation 48 'load' 'ofm_buff0_15_load' <Predicate = (!icmp_ln199)> <Delay = 3.25> <Core = "RAM">   --->   Core 37 'RAM' <Latency = 1> <II = 1> <Delay = 3.25> <Storage> <Opcode : 'load' 'store'> <Ports = 2> <Width = 32> <Depth = 56> <RAM>

State 3 <SV = 2> <Delay = 3.25>
ST_3 : Operation 49 [1/1] (0.00ns)   --->   "%tmp = call i32 (...)* @_ssdm_op_SpecRegionBegin([12 x i8]* @p_str6)" [finalwrapup.cpp:200]   --->   Operation 49 'specregionbegin' 'tmp' <Predicate = (!icmp_ln199)> <Delay = 0.00>
ST_3 : Operation 50 [1/1] (0.00ns)   --->   "call void (...)* @_ssdm_op_SpecPipeline(i32 -1, i32 1, i32 1, i32 0, [1 x i8]* @p_str1) nounwind" [finalwrapup.cpp:201]   --->   Operation 50 'specpipeline' <Predicate = (!icmp_ln199)> <Delay = 0.00>
ST_3 : Operation 51 [1/2] (3.25ns)   --->   "%ofm_buff0_0_load = load float* %ofm_buff0_0_addr, align 4" [finalwrapup.cpp:202]   --->   Operation 51 'load' 'ofm_buff0_0_load' <Predicate = (!icmp_ln199)> <Delay = 3.25> <Core = "RAM">   --->   Core 37 'RAM' <Latency = 1> <II = 1> <Delay = 3.25> <Storage> <Opcode : 'load' 'store'> <Ports = 2> <Width = 32> <Depth = 56> <RAM>
ST_3 : Operation 52 [1/1] (0.00ns)   --->   "%bitcast_ln202 = bitcast float %ofm_buff0_0_load to i32" [finalwrapup.cpp:202]   --->   Operation 52 'bitcast' 'bitcast_ln202' <Predicate = (!icmp_ln199)> <Delay = 0.00>
ST_3 : Operation 53 [1/2] (3.25ns)   --->   "%ofm_buff0_1_load = load float* %ofm_buff0_1_addr, align 4" [finalwrapup.cpp:203]   --->   Operation 53 'load' 'ofm_buff0_1_load' <Predicate = (!icmp_ln199)> <Delay = 3.25> <Core = "RAM">   --->   Core 37 'RAM' <Latency = 1> <II = 1> <Delay = 3.25> <Storage> <Opcode : 'load' 'store'> <Ports = 2> <Width = 32> <Depth = 56> <RAM>
ST_3 : Operation 54 [1/1] (0.00ns)   --->   "%bitcast_ln203 = bitcast float %ofm_buff0_1_load to i32" [finalwrapup.cpp:203]   --->   Operation 54 'bitcast' 'bitcast_ln203' <Predicate = (!icmp_ln199)> <Delay = 0.00>
ST_3 : Operation 55 [1/2] (3.25ns)   --->   "%ofm_buff0_2_load = load float* %ofm_buff0_2_addr, align 4" [finalwrapup.cpp:204]   --->   Operation 55 'load' 'ofm_buff0_2_load' <Predicate = (!icmp_ln199)> <Delay = 3.25> <Core = "RAM">   --->   Core 37 'RAM' <Latency = 1> <II = 1> <Delay = 3.25> <Storage> <Opcode : 'load' 'store'> <Ports = 2> <Width = 32> <Depth = 56> <RAM>
ST_3 : Operation 56 [1/1] (0.00ns)   --->   "%bitcast_ln204 = bitcast float %ofm_buff0_2_load to i32" [finalwrapup.cpp:204]   --->   Operation 56 'bitcast' 'bitcast_ln204' <Predicate = (!icmp_ln199)> <Delay = 0.00>
ST_3 : Operation 57 [1/2] (3.25ns)   --->   "%ofm_buff0_3_load = load float* %ofm_buff0_3_addr, align 4" [finalwrapup.cpp:205]   --->   Operation 57 'load' 'ofm_buff0_3_load' <Predicate = (!icmp_ln199)> <Delay = 3.25> <Core = "RAM">   --->   Core 37 'RAM' <Latency = 1> <II = 1> <Delay = 3.25> <Storage> <Opcode : 'load' 'store'> <Ports = 2> <Width = 32> <Depth = 56> <RAM>
ST_3 : Operation 58 [1/1] (0.00ns)   --->   "%bitcast_ln205 = bitcast float %ofm_buff0_3_load to i32" [finalwrapup.cpp:205]   --->   Operation 58 'bitcast' 'bitcast_ln205' <Predicate = (!icmp_ln199)> <Delay = 0.00>
ST_3 : Operation 59 [1/2] (3.25ns)   --->   "%ofm_buff0_4_load = load float* %ofm_buff0_4_addr, align 4" [finalwrapup.cpp:206]   --->   Operation 59 'load' 'ofm_buff0_4_load' <Predicate = (!icmp_ln199)> <Delay = 3.25> <Core = "RAM">   --->   Core 37 'RAM' <Latency = 1> <II = 1> <Delay = 3.25> <Storage> <Opcode : 'load' 'store'> <Ports = 2> <Width = 32> <Depth = 56> <RAM>
ST_3 : Operation 60 [1/1] (0.00ns)   --->   "%bitcast_ln206 = bitcast float %ofm_buff0_4_load to i32" [finalwrapup.cpp:206]   --->   Operation 60 'bitcast' 'bitcast_ln206' <Predicate = (!icmp_ln199)> <Delay = 0.00>
ST_3 : Operation 61 [1/2] (3.25ns)   --->   "%ofm_buff0_5_load = load float* %ofm_buff0_5_addr, align 4" [finalwrapup.cpp:207]   --->   Operation 61 'load' 'ofm_buff0_5_load' <Predicate = (!icmp_ln199)> <Delay = 3.25> <Core = "RAM">   --->   Core 37 'RAM' <Latency = 1> <II = 1> <Delay = 3.25> <Storage> <Opcode : 'load' 'store'> <Ports = 2> <Width = 32> <Depth = 56> <RAM>
ST_3 : Operation 62 [1/1] (0.00ns)   --->   "%bitcast_ln207 = bitcast float %ofm_buff0_5_load to i32" [finalwrapup.cpp:207]   --->   Operation 62 'bitcast' 'bitcast_ln207' <Predicate = (!icmp_ln199)> <Delay = 0.00>
ST_3 : Operation 63 [1/2] (3.25ns)   --->   "%ofm_buff0_6_load = load float* %ofm_buff0_6_addr, align 4" [finalwrapup.cpp:208]   --->   Operation 63 'load' 'ofm_buff0_6_load' <Predicate = (!icmp_ln199)> <Delay = 3.25> <Core = "RAM">   --->   Core 37 'RAM' <Latency = 1> <II = 1> <Delay = 3.25> <Storage> <Opcode : 'load' 'store'> <Ports = 2> <Width = 32> <Depth = 56> <RAM>
ST_3 : Operation 64 [1/1] (0.00ns)   --->   "%bitcast_ln208 = bitcast float %ofm_buff0_6_load to i32" [finalwrapup.cpp:208]   --->   Operation 64 'bitcast' 'bitcast_ln208' <Predicate = (!icmp_ln199)> <Delay = 0.00>
ST_3 : Operation 65 [1/2] (3.25ns)   --->   "%ofm_buff0_7_load = load float* %ofm_buff0_7_addr, align 4" [finalwrapup.cpp:209]   --->   Operation 65 'load' 'ofm_buff0_7_load' <Predicate = (!icmp_ln199)> <Delay = 3.25> <Core = "RAM">   --->   Core 37 'RAM' <Latency = 1> <II = 1> <Delay = 3.25> <Storage> <Opcode : 'load' 'store'> <Ports = 2> <Width = 32> <Depth = 56> <RAM>
ST_3 : Operation 66 [1/1] (0.00ns)   --->   "%bitcast_ln209 = bitcast float %ofm_buff0_7_load to i32" [finalwrapup.cpp:209]   --->   Operation 66 'bitcast' 'bitcast_ln209' <Predicate = (!icmp_ln199)> <Delay = 0.00>
ST_3 : Operation 67 [1/2] (3.25ns)   --->   "%ofm_buff0_8_load = load float* %ofm_buff0_8_addr, align 4" [finalwrapup.cpp:210]   --->   Operation 67 'load' 'ofm_buff0_8_load' <Predicate = (!icmp_ln199)> <Delay = 3.25> <Core = "RAM">   --->   Core 37 'RAM' <Latency = 1> <II = 1> <Delay = 3.25> <Storage> <Opcode : 'load' 'store'> <Ports = 2> <Width = 32> <Depth = 56> <RAM>
ST_3 : Operation 68 [1/1] (0.00ns)   --->   "%bitcast_ln210 = bitcast float %ofm_buff0_8_load to i32" [finalwrapup.cpp:210]   --->   Operation 68 'bitcast' 'bitcast_ln210' <Predicate = (!icmp_ln199)> <Delay = 0.00>
ST_3 : Operation 69 [1/2] (3.25ns)   --->   "%ofm_buff0_9_load = load float* %ofm_buff0_9_addr, align 4" [finalwrapup.cpp:211]   --->   Operation 69 'load' 'ofm_buff0_9_load' <Predicate = (!icmp_ln199)> <Delay = 3.25> <Core = "RAM">   --->   Core 37 'RAM' <Latency = 1> <II = 1> <Delay = 3.25> <Storage> <Opcode : 'load' 'store'> <Ports = 2> <Width = 32> <Depth = 56> <RAM>
ST_3 : Operation 70 [1/1] (0.00ns)   --->   "%bitcast_ln211 = bitcast float %ofm_buff0_9_load to i32" [finalwrapup.cpp:211]   --->   Operation 70 'bitcast' 'bitcast_ln211' <Predicate = (!icmp_ln199)> <Delay = 0.00>
ST_3 : Operation 71 [1/2] (3.25ns)   --->   "%ofm_buff0_10_load = load float* %ofm_buff0_10_addr, align 4" [finalwrapup.cpp:212]   --->   Operation 71 'load' 'ofm_buff0_10_load' <Predicate = (!icmp_ln199)> <Delay = 3.25> <Core = "RAM">   --->   Core 37 'RAM' <Latency = 1> <II = 1> <Delay = 3.25> <Storage> <Opcode : 'load' 'store'> <Ports = 2> <Width = 32> <Depth = 56> <RAM>
ST_3 : Operation 72 [1/1] (0.00ns)   --->   "%bitcast_ln212 = bitcast float %ofm_buff0_10_load to i32" [finalwrapup.cpp:212]   --->   Operation 72 'bitcast' 'bitcast_ln212' <Predicate = (!icmp_ln199)> <Delay = 0.00>
ST_3 : Operation 73 [1/2] (3.25ns)   --->   "%ofm_buff0_11_load = load float* %ofm_buff0_11_addr, align 4" [finalwrapup.cpp:213]   --->   Operation 73 'load' 'ofm_buff0_11_load' <Predicate = (!icmp_ln199)> <Delay = 3.25> <Core = "RAM">   --->   Core 37 'RAM' <Latency = 1> <II = 1> <Delay = 3.25> <Storage> <Opcode : 'load' 'store'> <Ports = 2> <Width = 32> <Depth = 56> <RAM>
ST_3 : Operation 74 [1/1] (0.00ns)   --->   "%bitcast_ln213 = bitcast float %ofm_buff0_11_load to i32" [finalwrapup.cpp:213]   --->   Operation 74 'bitcast' 'bitcast_ln213' <Predicate = (!icmp_ln199)> <Delay = 0.00>
ST_3 : Operation 75 [1/2] (3.25ns)   --->   "%ofm_buff0_12_load = load float* %ofm_buff0_12_addr, align 4" [finalwrapup.cpp:214]   --->   Operation 75 'load' 'ofm_buff0_12_load' <Predicate = (!icmp_ln199)> <Delay = 3.25> <Core = "RAM">   --->   Core 37 'RAM' <Latency = 1> <II = 1> <Delay = 3.25> <Storage> <Opcode : 'load' 'store'> <Ports = 2> <Width = 32> <Depth = 56> <RAM>
ST_3 : Operation 76 [1/1] (0.00ns)   --->   "%bitcast_ln214 = bitcast float %ofm_buff0_12_load to i32" [finalwrapup.cpp:214]   --->   Operation 76 'bitcast' 'bitcast_ln214' <Predicate = (!icmp_ln199)> <Delay = 0.00>
ST_3 : Operation 77 [1/2] (3.25ns)   --->   "%ofm_buff0_13_load = load float* %ofm_buff0_13_addr, align 4" [finalwrapup.cpp:215]   --->   Operation 77 'load' 'ofm_buff0_13_load' <Predicate = (!icmp_ln199)> <Delay = 3.25> <Core = "RAM">   --->   Core 37 'RAM' <Latency = 1> <II = 1> <Delay = 3.25> <Storage> <Opcode : 'load' 'store'> <Ports = 2> <Width = 32> <Depth = 56> <RAM>
ST_3 : Operation 78 [1/1] (0.00ns)   --->   "%bitcast_ln215 = bitcast float %ofm_buff0_13_load to i32" [finalwrapup.cpp:215]   --->   Operation 78 'bitcast' 'bitcast_ln215' <Predicate = (!icmp_ln199)> <Delay = 0.00>
ST_3 : Operation 79 [1/2] (3.25ns)   --->   "%ofm_buff0_14_load = load float* %ofm_buff0_14_addr, align 4" [finalwrapup.cpp:216]   --->   Operation 79 'load' 'ofm_buff0_14_load' <Predicate = (!icmp_ln199)> <Delay = 3.25> <Core = "RAM">   --->   Core 37 'RAM' <Latency = 1> <II = 1> <Delay = 3.25> <Storage> <Opcode : 'load' 'store'> <Ports = 2> <Width = 32> <Depth = 56> <RAM>
ST_3 : Operation 80 [1/1] (0.00ns)   --->   "%bitcast_ln216 = bitcast float %ofm_buff0_14_load to i32" [finalwrapup.cpp:216]   --->   Operation 80 'bitcast' 'bitcast_ln216' <Predicate = (!icmp_ln199)> <Delay = 0.00>
ST_3 : Operation 81 [1/2] (3.25ns)   --->   "%ofm_buff0_15_load = load float* %ofm_buff0_15_addr, align 4" [finalwrapup.cpp:217]   --->   Operation 81 'load' 'ofm_buff0_15_load' <Predicate = (!icmp_ln199)> <Delay = 3.25> <Core = "RAM">   --->   Core 37 'RAM' <Latency = 1> <II = 1> <Delay = 3.25> <Storage> <Opcode : 'load' 'store'> <Ports = 2> <Width = 32> <Depth = 56> <RAM>
ST_3 : Operation 82 [1/1] (0.00ns)   --->   "%bitcast_ln217 = bitcast float %ofm_buff0_15_load to i32" [finalwrapup.cpp:217]   --->   Operation 82 'bitcast' 'bitcast_ln217' <Predicate = (!icmp_ln199)> <Delay = 0.00>
ST_3 : Operation 83 [1/1] (0.00ns)   --->   "%cofm_b15_addr4546_pa = call i512 @_ssdm_op_BitConcatenate.i512.i32.i32.i32.i32.i32.i32.i32.i32.i32.i32.i32.i32.i32.i32.i32.i32(i32 %bitcast_ln217, i32 %bitcast_ln216, i32 %bitcast_ln215, i32 %bitcast_ln214, i32 %bitcast_ln213, i32 %bitcast_ln212, i32 %bitcast_ln211, i32 %bitcast_ln210, i32 %bitcast_ln209, i32 %bitcast_ln208, i32 %bitcast_ln207, i32 %bitcast_ln206, i32 %bitcast_ln205, i32 %bitcast_ln204, i32 %bitcast_ln203, i32 %bitcast_ln202)" [finalwrapup.cpp:217]   --->   Operation 83 'bitconcatenate' 'cofm_b15_addr4546_pa' <Predicate = (!icmp_ln199)> <Delay = 0.00>
ST_3 : Operation 84 [1/1] (0.00ns)   --->   "call void @_ssdm_op_Write.axis.i512P(i512* %cofm, i512 %cofm_b15_addr4546_pa)" [finalwrapup.cpp:217]   --->   Operation 84 'write' <Predicate = (!icmp_ln199)> <Delay = 0.00> <Core = "AXI4Stream">   --->   Core 5 'AXI4Stream' <Latency = 0> <II = 1> <Delay = 1.00> <Adapter> <Opcode : >
ST_3 : Operation 85 [1/1] (0.00ns)   --->   "%empty = call i32 (...)* @_ssdm_op_SpecRegionEnd([12 x i8]* @p_str6, i32 %tmp)" [finalwrapup.cpp:219]   --->   Operation 85 'specregionend' 'empty' <Predicate = (!icmp_ln199)> <Delay = 0.00>
ST_3 : Operation 86 [1/1] (0.00ns)   --->   "br label %.preheader" [finalwrapup.cpp:199]   --->   Operation 86 'br' <Predicate = (!icmp_ln199)> <Delay = 0.00>

State 4 <SV = 2> <Delay = 1.76>
ST_4 : Operation 87 [1/1] (1.76ns)   --->   "br label %.loopexit"   --->   Operation 87 'br' <Predicate = (enable_read)> <Delay = 1.76>
ST_4 : Operation 88 [1/1] (0.00ns)   --->   "%cofm_counter_1 = phi i32 [ %cofm_counter_read_1, %0 ], [ %add_ln199, %.loopexit.loopexit ]" [finalwrapup.cpp:195]   --->   Operation 88 'phi' 'cofm_counter_1' <Predicate = true> <Delay = 0.00>
ST_4 : Operation 89 [1/1] (0.00ns)   --->   "ret i32 %cofm_counter_1" [finalwrapup.cpp:222]   --->   Operation 89 'ret' <Predicate = true> <Delay = 0.00>


============================================================
+ Verbose Summary: Binding
============================================================
STG Binding: 
---------------- STG Properties BEGIN ----------------
- Is combinational: 0
- Is one-state seq: 0
- Is datapath-only: 0
- Is pipelined: 0
- Is top level: 0
Port [ Return ] is wired: 1; IO mode=ap_ctrl_hs:ce=0
Port [ cofm]:  wired=1; compound=1; hidden=0; nouse=0; global=0; static=0; extern=0; dir=1; type=0; pingpong=0; private_global=0; IO mode=axis:ce=0
Port [ ofm_buff0_0]:  wired=1; compound=1; hidden=0; nouse=0; global=0; static=0; extern=0; dir=0; type=1; pingpong=0; private_global=0; MemPort=[13]; IO mode=ap_memory:ce=0
Port [ ofm_buff0_1]:  wired=1; compound=1; hidden=0; nouse=0; global=0; static=0; extern=0; dir=0; type=1; pingpong=0; private_global=0; MemPort=[13]; IO mode=ap_memory:ce=0
Port [ ofm_buff0_2]:  wired=1; compound=1; hidden=0; nouse=0; global=0; static=0; extern=0; dir=0; type=1; pingpong=0; private_global=0; MemPort=[13]; IO mode=ap_memory:ce=0
Port [ ofm_buff0_3]:  wired=1; compound=1; hidden=0; nouse=0; global=0; static=0; extern=0; dir=0; type=1; pingpong=0; private_global=0; MemPort=[13]; IO mode=ap_memory:ce=0
Port [ ofm_buff0_4]:  wired=1; compound=1; hidden=0; nouse=0; global=0; static=0; extern=0; dir=0; type=1; pingpong=0; private_global=0; MemPort=[13]; IO mode=ap_memory:ce=0
Port [ ofm_buff0_5]:  wired=1; compound=1; hidden=0; nouse=0; global=0; static=0; extern=0; dir=0; type=1; pingpong=0; private_global=0; MemPort=[13]; IO mode=ap_memory:ce=0
Port [ ofm_buff0_6]:  wired=1; compound=1; hidden=0; nouse=0; global=0; static=0; extern=0; dir=0; type=1; pingpong=0; private_global=0; MemPort=[13]; IO mode=ap_memory:ce=0
Port [ ofm_buff0_7]:  wired=1; compound=1; hidden=0; nouse=0; global=0; static=0; extern=0; dir=0; type=1; pingpong=0; private_global=0; MemPort=[13]; IO mode=ap_memory:ce=0
Port [ ofm_buff0_8]:  wired=1; compound=1; hidden=0; nouse=0; global=0; static=0; extern=0; dir=0; type=1; pingpong=0; private_global=0; MemPort=[13]; IO mode=ap_memory:ce=0
Port [ ofm_buff0_9]:  wired=1; compound=1; hidden=0; nouse=0; global=0; static=0; extern=0; dir=0; type=1; pingpong=0; private_global=0; MemPort=[13]; IO mode=ap_memory:ce=0
Port [ ofm_buff0_10]:  wired=1; compound=1; hidden=0; nouse=0; global=0; static=0; extern=0; dir=0; type=1; pingpong=0; private_global=0; MemPort=[13]; IO mode=ap_memory:ce=0
Port [ ofm_buff0_11]:  wired=1; compound=1; hidden=0; nouse=0; global=0; static=0; extern=0; dir=0; type=1; pingpong=0; private_global=0; MemPort=[13]; IO mode=ap_memory:ce=0
Port [ ofm_buff0_12]:  wired=1; compound=1; hidden=0; nouse=0; global=0; static=0; extern=0; dir=0; type=1; pingpong=0; private_global=0; MemPort=[13]; IO mode=ap_memory:ce=0
Port [ ofm_buff0_13]:  wired=1; compound=1; hidden=0; nouse=0; global=0; static=0; extern=0; dir=0; type=1; pingpong=0; private_global=0; MemPort=[13]; IO mode=ap_memory:ce=0
Port [ ofm_buff0_14]:  wired=1; compound=1; hidden=0; nouse=0; global=0; static=0; extern=0; dir=0; type=1; pingpong=0; private_global=0; MemPort=[13]; IO mode=ap_memory:ce=0
Port [ ofm_buff0_15]:  wired=1; compound=1; hidden=0; nouse=0; global=0; static=0; extern=0; dir=0; type=1; pingpong=0; private_global=0; MemPort=[13]; IO mode=ap_memory:ce=0
Port [ cofm_counter_read]:  wired=1; compound=0; hidden=0; nouse=0; global=0; static=0; extern=0; dir=0; type=0; pingpong=0; private_global=0; IO mode=ap_none:ce=0
Port [ enable]:  wired=1; compound=0; hidden=0; nouse=0; global=0; static=0; extern=0; dir=0; type=0; pingpong=0; private_global=0; IO mode=ap_none:ce=0
---------------- STG Properties END ------------------

---------------- Datapath Model BEGIN ----------------

<LifeTime>
<method=bitvector/>
specinterface_ln0     (specinterface    ) [ 00000]
enable_read           (read             ) [ 01111]
cofm_counter_read_1   (read             ) [ 01111]
br_ln197              (br               ) [ 01111]
add_ln199             (add              ) [ 01111]
br_ln199              (br               ) [ 01110]
j_0                   (phi              ) [ 00100]
icmp_ln199            (icmp             ) [ 00110]
speclooptripcount_ln0 (speclooptripcount) [ 00000]
j                     (add              ) [ 01110]
br_ln199              (br               ) [ 00000]
zext_ln202            (zext             ) [ 00000]
ofm_buff0_0_addr      (getelementptr    ) [ 00110]
ofm_buff0_1_addr      (getelementptr    ) [ 00110]
ofm_buff0_2_addr      (getelementptr    ) [ 00110]
ofm_buff0_3_addr      (getelementptr    ) [ 00110]
ofm_buff0_4_addr      (getelementptr    ) [ 00110]
ofm_buff0_5_addr      (getelementptr    ) [ 00110]
ofm_buff0_6_addr      (getelementptr    ) [ 00110]
ofm_buff0_7_addr      (getelementptr    ) [ 00110]
ofm_buff0_8_addr      (getelementptr    ) [ 00110]
ofm_buff0_9_addr      (getelementptr    ) [ 00110]
ofm_buff0_10_addr     (getelementptr    ) [ 00110]
ofm_buff0_11_addr     (getelementptr    ) [ 00110]
ofm_buff0_12_addr     (getelementptr    ) [ 00110]
ofm_buff0_13_addr     (getelementptr    ) [ 00110]
ofm_buff0_14_addr     (getelementptr    ) [ 00110]
ofm_buff0_15_addr     (getelementptr    ) [ 00110]
tmp                   (specregionbegin  ) [ 00000]
specpipeline_ln201    (specpipeline     ) [ 00000]
ofm_buff0_0_load      (load             ) [ 00000]
bitcast_ln202         (bitcast          ) [ 00000]
ofm_buff0_1_load      (load             ) [ 00000]
bitcast_ln203         (bitcast          ) [ 00000]
ofm_buff0_2_load      (load             ) [ 00000]
bitcast_ln204         (bitcast          ) [ 00000]
ofm_buff0_3_load      (load             ) [ 00000]
bitcast_ln205         (bitcast          ) [ 00000]
ofm_buff0_4_load      (load             ) [ 00000]
bitcast_ln206         (bitcast          ) [ 00000]
ofm_buff0_5_load      (load             ) [ 00000]
bitcast_ln207         (bitcast          ) [ 00000]
ofm_buff0_6_load      (load             ) [ 00000]
bitcast_ln208         (bitcast          ) [ 00000]
ofm_buff0_7_load      (load             ) [ 00000]
bitcast_ln209         (bitcast          ) [ 00000]
ofm_buff0_8_load      (load             ) [ 00000]
bitcast_ln210         (bitcast          ) [ 00000]
ofm_buff0_9_load      (load             ) [ 00000]
bitcast_ln211         (bitcast          ) [ 00000]
ofm_buff0_10_load     (load             ) [ 00000]
bitcast_ln212         (bitcast          ) [ 00000]
ofm_buff0_11_load     (load             ) [ 00000]
bitcast_ln213         (bitcast          ) [ 00000]
ofm_buff0_12_load     (load             ) [ 00000]
bitcast_ln214         (bitcast          ) [ 00000]
ofm_buff0_13_load     (load             ) [ 00000]
bitcast_ln215         (bitcast          ) [ 00000]
ofm_buff0_14_load     (load             ) [ 00000]
bitcast_ln216         (bitcast          ) [ 00000]
ofm_buff0_15_load     (load             ) [ 00000]
bitcast_ln217         (bitcast          ) [ 00000]
cofm_b15_addr4546_pa  (bitconcatenate   ) [ 00000]
write_ln217           (write            ) [ 00000]
empty                 (specregionend    ) [ 00000]
br_ln199              (br               ) [ 01110]
br_ln0                (br               ) [ 00000]
cofm_counter_1        (phi              ) [ 00001]
ret_ln222             (ret              ) [ 00000]
</LifeTime>

<model>

<comp_list>
<comp id="0" class="1000" name="cofm">
<pin_list>
<pin id="1" dir="1" index="0" bw="1" slack="0"/>
</pin_list>
<bind>
<StgValue><ssdm name="cofm"/></StgValue>
</bind>
</comp>

<comp id="2" class="1000" name="ofm_buff0_0">
<pin_list>
<pin id="3" dir="1" index="0" bw="1" slack="0"/>
</pin_list>
<bind>
<StgValue><ssdm name="ofm_buff0_0"/><MemPortTyVec>1 3 </MemPortTyVec>
</StgValue>
</bind>
</comp>

<comp id="4" class="1000" name="ofm_buff0_1">
<pin_list>
<pin id="5" dir="1" index="0" bw="1" slack="0"/>
</pin_list>
<bind>
<StgValue><ssdm name="ofm_buff0_1"/><MemPortTyVec>1 3 </MemPortTyVec>
</StgValue>
</bind>
</comp>

<comp id="6" class="1000" name="ofm_buff0_2">
<pin_list>
<pin id="7" dir="1" index="0" bw="1" slack="0"/>
</pin_list>
<bind>
<StgValue><ssdm name="ofm_buff0_2"/><MemPortTyVec>1 3 </MemPortTyVec>
</StgValue>
</bind>
</comp>

<comp id="8" class="1000" name="ofm_buff0_3">
<pin_list>
<pin id="9" dir="1" index="0" bw="1" slack="0"/>
</pin_list>
<bind>
<StgValue><ssdm name="ofm_buff0_3"/><MemPortTyVec>1 3 </MemPortTyVec>
</StgValue>
</bind>
</comp>

<comp id="10" class="1000" name="ofm_buff0_4">
<pin_list>
<pin id="11" dir="1" index="0" bw="1" slack="0"/>
</pin_list>
<bind>
<StgValue><ssdm name="ofm_buff0_4"/><MemPortTyVec>1 3 </MemPortTyVec>
</StgValue>
</bind>
</comp>

<comp id="12" class="1000" name="ofm_buff0_5">
<pin_list>
<pin id="13" dir="1" index="0" bw="1" slack="0"/>
</pin_list>
<bind>
<StgValue><ssdm name="ofm_buff0_5"/><MemPortTyVec>1 3 </MemPortTyVec>
</StgValue>
</bind>
</comp>

<comp id="14" class="1000" name="ofm_buff0_6">
<pin_list>
<pin id="15" dir="1" index="0" bw="1" slack="0"/>
</pin_list>
<bind>
<StgValue><ssdm name="ofm_buff0_6"/><MemPortTyVec>1 3 </MemPortTyVec>
</StgValue>
</bind>
</comp>

<comp id="16" class="1000" name="ofm_buff0_7">
<pin_list>
<pin id="17" dir="1" index="0" bw="1" slack="0"/>
</pin_list>
<bind>
<StgValue><ssdm name="ofm_buff0_7"/><MemPortTyVec>1 3 </MemPortTyVec>
</StgValue>
</bind>
</comp>

<comp id="18" class="1000" name="ofm_buff0_8">
<pin_list>
<pin id="19" dir="1" index="0" bw="1" slack="0"/>
</pin_list>
<bind>
<StgValue><ssdm name="ofm_buff0_8"/><MemPortTyVec>1 3 </MemPortTyVec>
</StgValue>
</bind>
</comp>

<comp id="20" class="1000" name="ofm_buff0_9">
<pin_list>
<pin id="21" dir="1" index="0" bw="1" slack="0"/>
</pin_list>
<bind>
<StgValue><ssdm name="ofm_buff0_9"/><MemPortTyVec>1 3 </MemPortTyVec>
</StgValue>
</bind>
</comp>

<comp id="22" class="1000" name="ofm_buff0_10">
<pin_list>
<pin id="23" dir="1" index="0" bw="1" slack="0"/>
</pin_list>
<bind>
<StgValue><ssdm name="ofm_buff0_10"/><MemPortTyVec>1 3 </MemPortTyVec>
</StgValue>
</bind>
</comp>

<comp id="24" class="1000" name="ofm_buff0_11">
<pin_list>
<pin id="25" dir="1" index="0" bw="1" slack="0"/>
</pin_list>
<bind>
<StgValue><ssdm name="ofm_buff0_11"/><MemPortTyVec>1 3 </MemPortTyVec>
</StgValue>
</bind>
</comp>

<comp id="26" class="1000" name="ofm_buff0_12">
<pin_list>
<pin id="27" dir="1" index="0" bw="1" slack="0"/>
</pin_list>
<bind>
<StgValue><ssdm name="ofm_buff0_12"/><MemPortTyVec>1 3 </MemPortTyVec>
</StgValue>
</bind>
</comp>

<comp id="28" class="1000" name="ofm_buff0_13">
<pin_list>
<pin id="29" dir="1" index="0" bw="1" slack="0"/>
</pin_list>
<bind>
<StgValue><ssdm name="ofm_buff0_13"/><MemPortTyVec>1 3 </MemPortTyVec>
</StgValue>
</bind>
</comp>

<comp id="30" class="1000" name="ofm_buff0_14">
<pin_list>
<pin id="31" dir="1" index="0" bw="1" slack="0"/>
</pin_list>
<bind>
<StgValue><ssdm name="ofm_buff0_14"/><MemPortTyVec>1 3 </MemPortTyVec>
</StgValue>
</bind>
</comp>

<comp id="32" class="1000" name="ofm_buff0_15">
<pin_list>
<pin id="33" dir="1" index="0" bw="1" slack="0"/>
</pin_list>
<bind>
<StgValue><ssdm name="ofm_buff0_15"/><MemPortTyVec>1 3 </MemPortTyVec>
</StgValue>
</bind>
</comp>

<comp id="34" class="1000" name="cofm_counter_read">
<pin_list>
<pin id="35" dir="1" index="0" bw="1" slack="0"/>
</pin_list>
<bind>
<StgValue><ssdm name="cofm_counter_read"/></StgValue>
</bind>
</comp>

<comp id="36" class="1000" name="enable">
<pin_list>
<pin id="37" dir="1" index="0" bw="1" slack="0"/>
</pin_list>
<bind>
<StgValue><ssdm name="enable"/></StgValue>
</bind>
</comp>

<comp id="38" class="1001" name="const_38">
<pin_list>
<pin id="39" dir="1" index="0" bw="1" slack="2147483647"/>
</pin_list>
<bind>
<StgValue><ssdm name="_ssdm_op_SpecInterface"/></StgValue>
</bind>
</comp>

<comp id="40" class="1001" name="const_40">
<pin_list>
<pin id="41" dir="1" index="0" bw="1" slack="2147483647"/>
</pin_list>
<bind>
<StgValue><ssdm name="p_str15"/></StgValue>
</bind>
</comp>

<comp id="42" class="1001" name="const_42">
<pin_list>
<pin id="43" dir="1" index="0" bw="1" slack="2147483647"/>
</pin_list>
<bind>
<StgValue><ssdm name=""/></StgValue>
</bind>
</comp>

<comp id="44" class="1001" name="const_44">
<pin_list>
<pin id="45" dir="1" index="0" bw="1" slack="2147483647"/>
</pin_list>
<bind>
<StgValue><ssdm name="p_str16"/></StgValue>
</bind>
</comp>

<comp id="46" class="1001" name="const_46">
<pin_list>
<pin id="47" dir="1" index="0" bw="1" slack="2147483647"/>
</pin_list>
<bind>
<StgValue><ssdm name="p_str1"/></StgValue>
</bind>
</comp>

<comp id="48" class="1001" name="const_48">
<pin_list>
<pin id="49" dir="1" index="0" bw="1" slack="0"/>
</pin_list>
<bind>
<StgValue><ssdm name="_ssdm_op_Read.ap_auto.i1"/></StgValue>
</bind>
</comp>

<comp id="50" class="1001" name="const_50">
<pin_list>
<pin id="51" dir="1" index="0" bw="1" slack="0"/>
</pin_list>
<bind>
<StgValue><ssdm name="_ssdm_op_Read.ap_auto.i32"/></StgValue>
</bind>
</comp>

<comp id="52" class="1001" name="const_52">
<pin_list>
<pin id="53" dir="1" index="0" bw="1" slack="0"/>
</pin_list>
<bind>
<StgValue><ssdm name=""/></StgValue>
</bind>
</comp>

<comp id="54" class="1001" name="const_54">
<pin_list>
<pin id="55" dir="1" index="0" bw="1" slack="1"/>
</pin_list>
<bind>
<StgValue><ssdm name=""/></StgValue>
</bind>
</comp>

<comp id="56" class="1001" name="const_56">
<pin_list>
<pin id="57" dir="1" index="0" bw="1" slack="0"/>
</pin_list>
<bind>
<StgValue><ssdm name=""/></StgValue>
</bind>
</comp>

<comp id="58" class="1001" name="const_58">
<pin_list>
<pin id="59" dir="1" index="0" bw="1" slack="2147483647"/>
</pin_list>
<bind>
<StgValue><ssdm name="_ssdm_op_SpecLoopTripCount"/></StgValue>
</bind>
</comp>

<comp id="60" class="1001" name="const_60">
<pin_list>
<pin id="61" dir="1" index="0" bw="1" slack="2147483647"/>
</pin_list>
<bind>
<StgValue><ssdm name=""/></StgValue>
</bind>
</comp>

<comp id="62" class="1001" name="const_62">
<pin_list>
<pin id="63" dir="1" index="0" bw="1" slack="0"/>
</pin_list>
<bind>
<StgValue><ssdm name=""/></StgValue>
</bind>
</comp>

<comp id="64" class="1001" name="const_64">
<pin_list>
<pin id="65" dir="1" index="0" bw="1" slack="0"/>
</pin_list>
<bind>
<StgValue><ssdm name=""/></StgValue>
</bind>
</comp>

<comp id="66" class="1001" name="const_66">
<pin_list>
<pin id="67" dir="1" index="0" bw="1" slack="2147483647"/>
</pin_list>
<bind>
<StgValue><ssdm name="_ssdm_op_SpecRegionBegin"/></StgValue>
</bind>
</comp>

<comp id="68" class="1001" name="const_68">
<pin_list>
<pin id="69" dir="1" index="0" bw="1" slack="2147483647"/>
</pin_list>
<bind>
<StgValue><ssdm name="p_str6"/></StgValue>
</bind>
</comp>

<comp id="70" class="1001" name="const_70">
<pin_list>
<pin id="71" dir="1" index="0" bw="1" slack="2147483647"/>
</pin_list>
<bind>
<StgValue><ssdm name="_ssdm_op_SpecPipeline"/></StgValue>
</bind>
</comp>

<comp id="72" class="1001" name="const_72">
<pin_list>
<pin id="73" dir="1" index="0" bw="1" slack="2147483647"/>
</pin_list>
<bind>
<StgValue><ssdm name=""/></StgValue>
</bind>
</comp>

<comp id="74" class="1001" name="const_74">
<pin_list>
<pin id="75" dir="1" index="0" bw="1" slack="2147483647"/>
</pin_list>
<bind>
<StgValue><ssdm name=""/></StgValue>
</bind>
</comp>

<comp id="76" class="1001" name="const_76">
<pin_list>
<pin id="77" dir="1" index="0" bw="1" slack="0"/>
</pin_list>
<bind>
<StgValue><ssdm name="_ssdm_op_BitConcatenate.i512.i32.i32.i32.i32.i32.i32.i32.i32.i32.i32.i32.i32.i32.i32.i32.i32"/></StgValue>
</bind>
</comp>

<comp id="78" class="1001" name="const_78">
<pin_list>
<pin id="79" dir="1" index="0" bw="1" slack="0"/>
</pin_list>
<bind>
<StgValue><ssdm name="_ssdm_op_Write.axis.i512P"/></StgValue>
</bind>
</comp>

<comp id="80" class="1001" name="const_80">
<pin_list>
<pin id="81" dir="1" index="0" bw="1" slack="2147483647"/>
</pin_list>
<bind>
<StgValue><ssdm name="_ssdm_op_SpecRegionEnd"/></StgValue>
</bind>
</comp>

<comp id="82" class="1004" name="enable_read_read_fu_82">
<pin_list>
<pin id="83" dir="0" index="0" bw="1" slack="0"/>
<pin id="84" dir="0" index="1" bw="1" slack="0"/>
<pin id="85" dir="1" index="2" bw="1" slack="1"/>
</pin_list>
<bind>
<opcode="read(1150) " fcode="read"/>
<opset="enable_read/1 "/>
</bind>
</comp>

<comp id="88" class="1004" name="cofm_counter_read_1_read_fu_88">
<pin_list>
<pin id="89" dir="0" index="0" bw="32" slack="0"/>
<pin id="90" dir="0" index="1" bw="32" slack="0"/>
<pin id="91" dir="1" index="2" bw="32" slack="0"/>
</pin_list>
<bind>
<opcode="read(1150) " fcode="read"/>
<opset="cofm_counter_read_1/1 "/>
</bind>
</comp>

<comp id="94" class="1004" name="write_ln217_write_fu_94">
<pin_list>
<pin id="95" dir="0" index="0" bw="0" slack="0"/>
<pin id="96" dir="0" index="1" bw="512" slack="0"/>
<pin id="97" dir="0" index="2" bw="512" slack="0"/>
<pin id="98" dir="1" index="3" bw="0" slack="2147483647"/>
</pin_list>
<bind>
<opcode="write(1151) " fcode="write"/>
<opset="write_ln217/3 "/>
</bind>
</comp>

<comp id="101" class="1004" name="ofm_buff0_0_addr_gep_fu_101">
<pin_list>
<pin id="102" dir="0" index="0" bw="32" slack="0"/>
<pin id="103" dir="0" index="1" bw="1" slack="0"/>
<pin id="104" dir="0" index="2" bw="6" slack="0"/>
<pin id="105" dir="1" index="3" bw="6" slack="0"/>
</pin_list>
<bind>
<opcode="getelementptr(29) " fcode="getelementptr"/>
<opset="ofm_buff0_0_addr/2 "/>
</bind>
</comp>

<comp id="108" class="1004" name="grp_access_fu_108">
<pin_list>
<pin id="109" dir="0" index="0" bw="6" slack="0"/>
<pin id="110" dir="0" index="1" bw="32" slack="2147483647"/>
<pin id="111" dir="0" index="2" bw="0" slack="2147483647"/>
<pin id="112" dir="1" index="3" bw="32" slack="0"/>
</pin_list>
<bind>
<opcode="load(27) " fcode="load"/>
<opset="ofm_buff0_0_load/2 "/>
</bind>
</comp>

<comp id="114" class="1004" name="ofm_buff0_1_addr_gep_fu_114">
<pin_list>
<pin id="115" dir="0" index="0" bw="32" slack="0"/>
<pin id="116" dir="0" index="1" bw="1" slack="0"/>
<pin id="117" dir="0" index="2" bw="6" slack="0"/>
<pin id="118" dir="1" index="3" bw="6" slack="0"/>
</pin_list>
<bind>
<opcode="getelementptr(29) " fcode="getelementptr"/>
<opset="ofm_buff0_1_addr/2 "/>
</bind>
</comp>

<comp id="121" class="1004" name="grp_access_fu_121">
<pin_list>
<pin id="122" dir="0" index="0" bw="6" slack="0"/>
<pin id="123" dir="0" index="1" bw="32" slack="2147483647"/>
<pin id="124" dir="0" index="2" bw="0" slack="2147483647"/>
<pin id="125" dir="1" index="3" bw="32" slack="0"/>
</pin_list>
<bind>
<opcode="load(27) " fcode="load"/>
<opset="ofm_buff0_1_load/2 "/>
</bind>
</comp>

<comp id="127" class="1004" name="ofm_buff0_2_addr_gep_fu_127">
<pin_list>
<pin id="128" dir="0" index="0" bw="32" slack="0"/>
<pin id="129" dir="0" index="1" bw="1" slack="0"/>
<pin id="130" dir="0" index="2" bw="6" slack="0"/>
<pin id="131" dir="1" index="3" bw="6" slack="0"/>
</pin_list>
<bind>
<opcode="getelementptr(29) " fcode="getelementptr"/>
<opset="ofm_buff0_2_addr/2 "/>
</bind>
</comp>

<comp id="134" class="1004" name="grp_access_fu_134">
<pin_list>
<pin id="135" dir="0" index="0" bw="6" slack="0"/>
<pin id="136" dir="0" index="1" bw="32" slack="2147483647"/>
<pin id="137" dir="0" index="2" bw="0" slack="2147483647"/>
<pin id="138" dir="1" index="3" bw="32" slack="0"/>
</pin_list>
<bind>
<opcode="load(27) " fcode="load"/>
<opset="ofm_buff0_2_load/2 "/>
</bind>
</comp>

<comp id="140" class="1004" name="ofm_buff0_3_addr_gep_fu_140">
<pin_list>
<pin id="141" dir="0" index="0" bw="32" slack="0"/>
<pin id="142" dir="0" index="1" bw="1" slack="0"/>
<pin id="143" dir="0" index="2" bw="6" slack="0"/>
<pin id="144" dir="1" index="3" bw="6" slack="0"/>
</pin_list>
<bind>
<opcode="getelementptr(29) " fcode="getelementptr"/>
<opset="ofm_buff0_3_addr/2 "/>
</bind>
</comp>

<comp id="147" class="1004" name="grp_access_fu_147">
<pin_list>
<pin id="148" dir="0" index="0" bw="6" slack="0"/>
<pin id="149" dir="0" index="1" bw="32" slack="2147483647"/>
<pin id="150" dir="0" index="2" bw="0" slack="2147483647"/>
<pin id="151" dir="1" index="3" bw="32" slack="0"/>
</pin_list>
<bind>
<opcode="load(27) " fcode="load"/>
<opset="ofm_buff0_3_load/2 "/>
</bind>
</comp>

<comp id="153" class="1004" name="ofm_buff0_4_addr_gep_fu_153">
<pin_list>
<pin id="154" dir="0" index="0" bw="32" slack="0"/>
<pin id="155" dir="0" index="1" bw="1" slack="0"/>
<pin id="156" dir="0" index="2" bw="6" slack="0"/>
<pin id="157" dir="1" index="3" bw="6" slack="0"/>
</pin_list>
<bind>
<opcode="getelementptr(29) " fcode="getelementptr"/>
<opset="ofm_buff0_4_addr/2 "/>
</bind>
</comp>

<comp id="160" class="1004" name="grp_access_fu_160">
<pin_list>
<pin id="161" dir="0" index="0" bw="6" slack="0"/>
<pin id="162" dir="0" index="1" bw="32" slack="2147483647"/>
<pin id="163" dir="0" index="2" bw="0" slack="2147483647"/>
<pin id="164" dir="1" index="3" bw="32" slack="0"/>
</pin_list>
<bind>
<opcode="load(27) " fcode="load"/>
<opset="ofm_buff0_4_load/2 "/>
</bind>
</comp>

<comp id="166" class="1004" name="ofm_buff0_5_addr_gep_fu_166">
<pin_list>
<pin id="167" dir="0" index="0" bw="32" slack="0"/>
<pin id="168" dir="0" index="1" bw="1" slack="0"/>
<pin id="169" dir="0" index="2" bw="6" slack="0"/>
<pin id="170" dir="1" index="3" bw="6" slack="0"/>
</pin_list>
<bind>
<opcode="getelementptr(29) " fcode="getelementptr"/>
<opset="ofm_buff0_5_addr/2 "/>
</bind>
</comp>

<comp id="173" class="1004" name="grp_access_fu_173">
<pin_list>
<pin id="174" dir="0" index="0" bw="6" slack="0"/>
<pin id="175" dir="0" index="1" bw="32" slack="2147483647"/>
<pin id="176" dir="0" index="2" bw="0" slack="2147483647"/>
<pin id="177" dir="1" index="3" bw="32" slack="0"/>
</pin_list>
<bind>
<opcode="load(27) " fcode="load"/>
<opset="ofm_buff0_5_load/2 "/>
</bind>
</comp>

<comp id="179" class="1004" name="ofm_buff0_6_addr_gep_fu_179">
<pin_list>
<pin id="180" dir="0" index="0" bw="32" slack="0"/>
<pin id="181" dir="0" index="1" bw="1" slack="0"/>
<pin id="182" dir="0" index="2" bw="6" slack="0"/>
<pin id="183" dir="1" index="3" bw="6" slack="0"/>
</pin_list>
<bind>
<opcode="getelementptr(29) " fcode="getelementptr"/>
<opset="ofm_buff0_6_addr/2 "/>
</bind>
</comp>

<comp id="186" class="1004" name="grp_access_fu_186">
<pin_list>
<pin id="187" dir="0" index="0" bw="6" slack="0"/>
<pin id="188" dir="0" index="1" bw="32" slack="2147483647"/>
<pin id="189" dir="0" index="2" bw="0" slack="2147483647"/>
<pin id="190" dir="1" index="3" bw="32" slack="0"/>
</pin_list>
<bind>
<opcode="load(27) " fcode="load"/>
<opset="ofm_buff0_6_load/2 "/>
</bind>
</comp>

<comp id="192" class="1004" name="ofm_buff0_7_addr_gep_fu_192">
<pin_list>
<pin id="193" dir="0" index="0" bw="32" slack="0"/>
<pin id="194" dir="0" index="1" bw="1" slack="0"/>
<pin id="195" dir="0" index="2" bw="6" slack="0"/>
<pin id="196" dir="1" index="3" bw="6" slack="0"/>
</pin_list>
<bind>
<opcode="getelementptr(29) " fcode="getelementptr"/>
<opset="ofm_buff0_7_addr/2 "/>
</bind>
</comp>

<comp id="199" class="1004" name="grp_access_fu_199">
<pin_list>
<pin id="200" dir="0" index="0" bw="6" slack="0"/>
<pin id="201" dir="0" index="1" bw="32" slack="2147483647"/>
<pin id="202" dir="0" index="2" bw="0" slack="2147483647"/>
<pin id="203" dir="1" index="3" bw="32" slack="0"/>
</pin_list>
<bind>
<opcode="load(27) " fcode="load"/>
<opset="ofm_buff0_7_load/2 "/>
</bind>
</comp>

<comp id="205" class="1004" name="ofm_buff0_8_addr_gep_fu_205">
<pin_list>
<pin id="206" dir="0" index="0" bw="32" slack="0"/>
<pin id="207" dir="0" index="1" bw="1" slack="0"/>
<pin id="208" dir="0" index="2" bw="6" slack="0"/>
<pin id="209" dir="1" index="3" bw="6" slack="0"/>
</pin_list>
<bind>
<opcode="getelementptr(29) " fcode="getelementptr"/>
<opset="ofm_buff0_8_addr/2 "/>
</bind>
</comp>

<comp id="212" class="1004" name="grp_access_fu_212">
<pin_list>
<pin id="213" dir="0" index="0" bw="6" slack="0"/>
<pin id="214" dir="0" index="1" bw="32" slack="2147483647"/>
<pin id="215" dir="0" index="2" bw="0" slack="2147483647"/>
<pin id="216" dir="1" index="3" bw="32" slack="0"/>
</pin_list>
<bind>
<opcode="load(27) " fcode="load"/>
<opset="ofm_buff0_8_load/2 "/>
</bind>
</comp>

<comp id="218" class="1004" name="ofm_buff0_9_addr_gep_fu_218">
<pin_list>
<pin id="219" dir="0" index="0" bw="32" slack="0"/>
<pin id="220" dir="0" index="1" bw="1" slack="0"/>
<pin id="221" dir="0" index="2" bw="6" slack="0"/>
<pin id="222" dir="1" index="3" bw="6" slack="0"/>
</pin_list>
<bind>
<opcode="getelementptr(29) " fcode="getelementptr"/>
<opset="ofm_buff0_9_addr/2 "/>
</bind>
</comp>

<comp id="225" class="1004" name="grp_access_fu_225">
<pin_list>
<pin id="226" dir="0" index="0" bw="6" slack="0"/>
<pin id="227" dir="0" index="1" bw="32" slack="2147483647"/>
<pin id="228" dir="0" index="2" bw="0" slack="2147483647"/>
<pin id="229" dir="1" index="3" bw="32" slack="0"/>
</pin_list>
<bind>
<opcode="load(27) " fcode="load"/>
<opset="ofm_buff0_9_load/2 "/>
</bind>
</comp>

<comp id="231" class="1004" name="ofm_buff0_10_addr_gep_fu_231">
<pin_list>
<pin id="232" dir="0" index="0" bw="32" slack="0"/>
<pin id="233" dir="0" index="1" bw="1" slack="0"/>
<pin id="234" dir="0" index="2" bw="6" slack="0"/>
<pin id="235" dir="1" index="3" bw="6" slack="0"/>
</pin_list>
<bind>
<opcode="getelementptr(29) " fcode="getelementptr"/>
<opset="ofm_buff0_10_addr/2 "/>
</bind>
</comp>

<comp id="238" class="1004" name="grp_access_fu_238">
<pin_list>
<pin id="239" dir="0" index="0" bw="6" slack="0"/>
<pin id="240" dir="0" index="1" bw="32" slack="2147483647"/>
<pin id="241" dir="0" index="2" bw="0" slack="2147483647"/>
<pin id="242" dir="1" index="3" bw="32" slack="0"/>
</pin_list>
<bind>
<opcode="load(27) " fcode="load"/>
<opset="ofm_buff0_10_load/2 "/>
</bind>
</comp>

<comp id="244" class="1004" name="ofm_buff0_11_addr_gep_fu_244">
<pin_list>
<pin id="245" dir="0" index="0" bw="32" slack="0"/>
<pin id="246" dir="0" index="1" bw="1" slack="0"/>
<pin id="247" dir="0" index="2" bw="6" slack="0"/>
<pin id="248" dir="1" index="3" bw="6" slack="0"/>
</pin_list>
<bind>
<opcode="getelementptr(29) " fcode="getelementptr"/>
<opset="ofm_buff0_11_addr/2 "/>
</bind>
</comp>

<comp id="251" class="1004" name="grp_access_fu_251">
<pin_list>
<pin id="252" dir="0" index="0" bw="6" slack="0"/>
<pin id="253" dir="0" index="1" bw="32" slack="2147483647"/>
<pin id="254" dir="0" index="2" bw="0" slack="2147483647"/>
<pin id="255" dir="1" index="3" bw="32" slack="0"/>
</pin_list>
<bind>
<opcode="load(27) " fcode="load"/>
<opset="ofm_buff0_11_load/2 "/>
</bind>
</comp>

<comp id="257" class="1004" name="ofm_buff0_12_addr_gep_fu_257">
<pin_list>
<pin id="258" dir="0" index="0" bw="32" slack="0"/>
<pin id="259" dir="0" index="1" bw="1" slack="0"/>
<pin id="260" dir="0" index="2" bw="6" slack="0"/>
<pin id="261" dir="1" index="3" bw="6" slack="0"/>
</pin_list>
<bind>
<opcode="getelementptr(29) " fcode="getelementptr"/>
<opset="ofm_buff0_12_addr/2 "/>
</bind>
</comp>

<comp id="264" class="1004" name="grp_access_fu_264">
<pin_list>
<pin id="265" dir="0" index="0" bw="6" slack="0"/>
<pin id="266" dir="0" index="1" bw="32" slack="2147483647"/>
<pin id="267" dir="0" index="2" bw="0" slack="2147483647"/>
<pin id="268" dir="1" index="3" bw="32" slack="0"/>
</pin_list>
<bind>
<opcode="load(27) " fcode="load"/>
<opset="ofm_buff0_12_load/2 "/>
</bind>
</comp>

<comp id="270" class="1004" name="ofm_buff0_13_addr_gep_fu_270">
<pin_list>
<pin id="271" dir="0" index="0" bw="32" slack="0"/>
<pin id="272" dir="0" index="1" bw="1" slack="0"/>
<pin id="273" dir="0" index="2" bw="6" slack="0"/>
<pin id="274" dir="1" index="3" bw="6" slack="0"/>
</pin_list>
<bind>
<opcode="getelementptr(29) " fcode="getelementptr"/>
<opset="ofm_buff0_13_addr/2 "/>
</bind>
</comp>

<comp id="277" class="1004" name="grp_access_fu_277">
<pin_list>
<pin id="278" dir="0" index="0" bw="6" slack="0"/>
<pin id="279" dir="0" index="1" bw="32" slack="2147483647"/>
<pin id="280" dir="0" index="2" bw="0" slack="2147483647"/>
<pin id="281" dir="1" index="3" bw="32" slack="0"/>
</pin_list>
<bind>
<opcode="load(27) " fcode="load"/>
<opset="ofm_buff0_13_load/2 "/>
</bind>
</comp>

<comp id="283" class="1004" name="ofm_buff0_14_addr_gep_fu_283">
<pin_list>
<pin id="284" dir="0" index="0" bw="32" slack="0"/>
<pin id="285" dir="0" index="1" bw="1" slack="0"/>
<pin id="286" dir="0" index="2" bw="6" slack="0"/>
<pin id="287" dir="1" index="3" bw="6" slack="0"/>
</pin_list>
<bind>
<opcode="getelementptr(29) " fcode="getelementptr"/>
<opset="ofm_buff0_14_addr/2 "/>
</bind>
</comp>

<comp id="290" class="1004" name="grp_access_fu_290">
<pin_list>
<pin id="291" dir="0" index="0" bw="6" slack="0"/>
<pin id="292" dir="0" index="1" bw="32" slack="2147483647"/>
<pin id="293" dir="0" index="2" bw="0" slack="2147483647"/>
<pin id="294" dir="1" index="3" bw="32" slack="0"/>
</pin_list>
<bind>
<opcode="load(27) " fcode="load"/>
<opset="ofm_buff0_14_load/2 "/>
</bind>
</comp>

<comp id="296" class="1004" name="ofm_buff0_15_addr_gep_fu_296">
<pin_list>
<pin id="297" dir="0" index="0" bw="32" slack="0"/>
<pin id="298" dir="0" index="1" bw="1" slack="0"/>
<pin id="299" dir="0" index="2" bw="6" slack="0"/>
<pin id="300" dir="1" index="3" bw="6" slack="0"/>
</pin_list>
<bind>
<opcode="getelementptr(29) " fcode="getelementptr"/>
<opset="ofm_buff0_15_addr/2 "/>
</bind>
</comp>

<comp id="303" class="1004" name="grp_access_fu_303">
<pin_list>
<pin id="304" dir="0" index="0" bw="6" slack="0"/>
<pin id="305" dir="0" index="1" bw="32" slack="2147483647"/>
<pin id="306" dir="0" index="2" bw="0" slack="2147483647"/>
<pin id="307" dir="1" index="3" bw="32" slack="0"/>
</pin_list>
<bind>
<opcode="load(27) " fcode="load"/>
<opset="ofm_buff0_15_load/2 "/>
</bind>
</comp>

<comp id="309" class="1005" name="j_0_reg_309">
<pin_list>
<pin id="310" dir="0" index="0" bw="6" slack="1"/>
<pin id="311" dir="1" index="1" bw="6" slack="1"/>
</pin_list>
<bind>
<opset="j_0 (phireg) "/>
</bind>
</comp>

<comp id="313" class="1004" name="j_0_phi_fu_313">
<pin_list>
<pin id="314" dir="0" index="0" bw="6" slack="0"/>
<pin id="315" dir="0" index="1" bw="0" slack="2147483647"/>
<pin id="316" dir="0" index="2" bw="1" slack="1"/>
<pin id="317" dir="0" index="3" bw="0" slack="2147483647"/>
<pin id="318" dir="1" index="4" bw="6" slack="0"/>
</pin_list>
<bind>
<opcode="phi(47) " fcode="phi"/>
<opset="j_0/2 "/>
</bind>
</comp>

<comp id="320" class="1005" name="cofm_counter_1_reg_320">
<pin_list>
<pin id="321" dir="0" index="0" bw="32" slack="2147483647"/>
<pin id="322" dir="1" index="1" bw="32" slack="2147483647"/>
</pin_list>
<bind>
<opset="cofm_counter_1 (phireg) "/>
</bind>
</comp>

<comp id="323" class="1004" name="cofm_counter_1_phi_fu_323">
<pin_list>
<pin id="324" dir="0" index="0" bw="32" slack="2"/>
<pin id="325" dir="0" index="1" bw="0" slack="2147483647"/>
<pin id="326" dir="0" index="2" bw="32" slack="2"/>
<pin id="327" dir="0" index="3" bw="0" slack="2147483647"/>
<pin id="328" dir="1" index="4" bw="32" slack="2147483647"/>
</pin_list>
<bind>
<opcode="phi(47) " fcode="phi"/>
<opset="cofm_counter_1/4 "/>
</bind>
</comp>

<comp id="329" class="1004" name="add_ln199_fu_329">
<pin_list>
<pin id="330" dir="0" index="0" bw="32" slack="0"/>
<pin id="331" dir="0" index="1" bw="7" slack="0"/>
<pin id="332" dir="1" index="2" bw="32" slack="2"/>
</pin_list>
<bind>
<opcode="add(8) " fcode="add"/>
<opset="add_ln199/1 "/>
</bind>
</comp>

<comp id="335" class="1004" name="icmp_ln199_fu_335">
<pin_list>
<pin id="336" dir="0" index="0" bw="6" slack="0"/>
<pin id="337" dir="0" index="1" bw="6" slack="0"/>
<pin id="338" dir="1" index="2" bw="1" slack="1"/>
</pin_list>
<bind>
<opcode="icmp(45) " fcode="icmp"/>
<opset="icmp_ln199/2 "/>
</bind>
</comp>

<comp id="341" class="1004" name="j_fu_341">
<pin_list>
<pin id="342" dir="0" index="0" bw="6" slack="0"/>
<pin id="343" dir="0" index="1" bw="1" slack="0"/>
<pin id="344" dir="1" index="2" bw="6" slack="0"/>
</pin_list>
<bind>
<opcode="add(8) " fcode="add"/>
<opset="j/2 "/>
</bind>
</comp>

<comp id="347" class="1004" name="zext_ln202_fu_347">
<pin_list>
<pin id="348" dir="0" index="0" bw="6" slack="0"/>
<pin id="349" dir="1" index="1" bw="64" slack="0"/>
</pin_list>
<bind>
<opcode="zext(34) " fcode="zext"/>
<opset="zext_ln202/2 "/>
</bind>
</comp>

<comp id="367" class="1004" name="bitcast_ln202_fu_367">
<pin_list>
<pin id="368" dir="0" index="0" bw="32" slack="0"/>
<pin id="369" dir="1" index="1" bw="32" slack="0"/>
</pin_list>
<bind>
<opcode="bitcast(44) " fcode="bitcast"/>
<opset="bitcast_ln202/3 "/>
</bind>
</comp>

<comp id="371" class="1004" name="bitcast_ln203_fu_371">
<pin_list>
<pin id="372" dir="0" index="0" bw="32" slack="0"/>
<pin id="373" dir="1" index="1" bw="32" slack="0"/>
</pin_list>
<bind>
<opcode="bitcast(44) " fcode="bitcast"/>
<opset="bitcast_ln203/3 "/>
</bind>
</comp>

<comp id="375" class="1004" name="bitcast_ln204_fu_375">
<pin_list>
<pin id="376" dir="0" index="0" bw="32" slack="0"/>
<pin id="377" dir="1" index="1" bw="32" slack="0"/>
</pin_list>
<bind>
<opcode="bitcast(44) " fcode="bitcast"/>
<opset="bitcast_ln204/3 "/>
</bind>
</comp>

<comp id="379" class="1004" name="bitcast_ln205_fu_379">
<pin_list>
<pin id="380" dir="0" index="0" bw="32" slack="0"/>
<pin id="381" dir="1" index="1" bw="32" slack="0"/>
</pin_list>
<bind>
<opcode="bitcast(44) " fcode="bitcast"/>
<opset="bitcast_ln205/3 "/>
</bind>
</comp>

<comp id="383" class="1004" name="bitcast_ln206_fu_383">
<pin_list>
<pin id="384" dir="0" index="0" bw="32" slack="0"/>
<pin id="385" dir="1" index="1" bw="32" slack="0"/>
</pin_list>
<bind>
<opcode="bitcast(44) " fcode="bitcast"/>
<opset="bitcast_ln206/3 "/>
</bind>
</comp>

<comp id="387" class="1004" name="bitcast_ln207_fu_387">
<pin_list>
<pin id="388" dir="0" index="0" bw="32" slack="0"/>
<pin id="389" dir="1" index="1" bw="32" slack="0"/>
</pin_list>
<bind>
<opcode="bitcast(44) " fcode="bitcast"/>
<opset="bitcast_ln207/3 "/>
</bind>
</comp>

<comp id="391" class="1004" name="bitcast_ln208_fu_391">
<pin_list>
<pin id="392" dir="0" index="0" bw="32" slack="0"/>
<pin id="393" dir="1" index="1" bw="32" slack="0"/>
</pin_list>
<bind>
<opcode="bitcast(44) " fcode="bitcast"/>
<opset="bitcast_ln208/3 "/>
</bind>
</comp>

<comp id="395" class="1004" name="bitcast_ln209_fu_395">
<pin_list>
<pin id="396" dir="0" index="0" bw="32" slack="0"/>
<pin id="397" dir="1" index="1" bw="32" slack="0"/>
</pin_list>
<bind>
<opcode="bitcast(44) " fcode="bitcast"/>
<opset="bitcast_ln209/3 "/>
</bind>
</comp>

<comp id="399" class="1004" name="bitcast_ln210_fu_399">
<pin_list>
<pin id="400" dir="0" index="0" bw="32" slack="0"/>
<pin id="401" dir="1" index="1" bw="32" slack="0"/>
</pin_list>
<bind>
<opcode="bitcast(44) " fcode="bitcast"/>
<opset="bitcast_ln210/3 "/>
</bind>
</comp>

<comp id="403" class="1004" name="bitcast_ln211_fu_403">
<pin_list>
<pin id="404" dir="0" index="0" bw="32" slack="0"/>
<pin id="405" dir="1" index="1" bw="32" slack="0"/>
</pin_list>
<bind>
<opcode="bitcast(44) " fcode="bitcast"/>
<opset="bitcast_ln211/3 "/>
</bind>
</comp>

<comp id="407" class="1004" name="bitcast_ln212_fu_407">
<pin_list>
<pin id="408" dir="0" index="0" bw="32" slack="0"/>
<pin id="409" dir="1" index="1" bw="32" slack="0"/>
</pin_list>
<bind>
<opcode="bitcast(44) " fcode="bitcast"/>
<opset="bitcast_ln212/3 "/>
</bind>
</comp>

<comp id="411" class="1004" name="bitcast_ln213_fu_411">
<pin_list>
<pin id="412" dir="0" index="0" bw="32" slack="0"/>
<pin id="413" dir="1" index="1" bw="32" slack="0"/>
</pin_list>
<bind>
<opcode="bitcast(44) " fcode="bitcast"/>
<opset="bitcast_ln213/3 "/>
</bind>
</comp>

<comp id="415" class="1004" name="bitcast_ln214_fu_415">
<pin_list>
<pin id="416" dir="0" index="0" bw="32" slack="0"/>
<pin id="417" dir="1" index="1" bw="32" slack="0"/>
</pin_list>
<bind>
<opcode="bitcast(44) " fcode="bitcast"/>
<opset="bitcast_ln214/3 "/>
</bind>
</comp>

<comp id="419" class="1004" name="bitcast_ln215_fu_419">
<pin_list>
<pin id="420" dir="0" index="0" bw="32" slack="0"/>
<pin id="421" dir="1" index="1" bw="32" slack="0"/>
</pin_list>
<bind>
<opcode="bitcast(44) " fcode="bitcast"/>
<opset="bitcast_ln215/3 "/>
</bind>
</comp>

<comp id="423" class="1004" name="bitcast_ln216_fu_423">
<pin_list>
<pin id="424" dir="0" index="0" bw="32" slack="0"/>
<pin id="425" dir="1" index="1" bw="32" slack="0"/>
</pin_list>
<bind>
<opcode="bitcast(44) " fcode="bitcast"/>
<opset="bitcast_ln216/3 "/>
</bind>
</comp>

<comp id="427" class="1004" name="bitcast_ln217_fu_427">
<pin_list>
<pin id="428" dir="0" index="0" bw="32" slack="0"/>
<pin id="429" dir="1" index="1" bw="32" slack="0"/>
</pin_list>
<bind>
<opcode="bitcast(44) " fcode="bitcast"/>
<opset="bitcast_ln217/3 "/>
</bind>
</comp>

<comp id="431" class="1004" name="cofm_b15_addr4546_pa_fu_431">
<pin_list>
<pin id="432" dir="0" index="0" bw="512" slack="0"/>
<pin id="433" dir="0" index="1" bw="32" slack="0"/>
<pin id="434" dir="0" index="2" bw="32" slack="0"/>
<pin id="435" dir="0" index="3" bw="32" slack="0"/>
<pin id="436" dir="0" index="4" bw="32" slack="0"/>
<pin id="437" dir="0" index="5" bw="32" slack="0"/>
<pin id="438" dir="0" index="6" bw="32" slack="0"/>
<pin id="439" dir="0" index="7" bw="32" slack="0"/>
<pin id="440" dir="0" index="8" bw="32" slack="0"/>
<pin id="441" dir="0" index="9" bw="32" slack="0"/>
<pin id="442" dir="0" index="10" bw="32" slack="0"/>
<pin id="443" dir="0" index="11" bw="32" slack="0"/>
<pin id="444" dir="0" index="12" bw="32" slack="0"/>
<pin id="445" dir="0" index="13" bw="32" slack="0"/>
<pin id="446" dir="0" index="14" bw="32" slack="0"/>
<pin id="447" dir="0" index="15" bw="32" slack="0"/>
<pin id="448" dir="0" index="16" bw="32" slack="0"/>
<pin id="449" dir="1" index="17" bw="512" slack="0"/>
</pin_list>
<bind>
<opcode="bitconcatenate(1004) " fcode="bitconcatenate"/>
<opset="cofm_b15_addr4546_pa/3 "/>
</bind>
</comp>

<comp id="468" class="1005" name="enable_read_reg_468">
<pin_list>
<pin id="469" dir="0" index="0" bw="1" slack="1"/>
<pin id="470" dir="1" index="1" bw="1" slack="2147483647"/>
</pin_list>
<bind>
<opset="enable_read "/>
</bind>
</comp>

<comp id="472" class="1005" name="cofm_counter_read_1_reg_472">
<pin_list>
<pin id="473" dir="0" index="0" bw="32" slack="2"/>
<pin id="474" dir="1" index="1" bw="32" slack="2"/>
</pin_list>
<bind>
<opset="cofm_counter_read_1 "/>
</bind>
</comp>

<comp id="477" class="1005" name="add_ln199_reg_477">
<pin_list>
<pin id="478" dir="0" index="0" bw="32" slack="2"/>
<pin id="479" dir="1" index="1" bw="32" slack="2"/>
</pin_list>
<bind>
<opset="add_ln199 "/>
</bind>
</comp>

<comp id="482" class="1005" name="icmp_ln199_reg_482">
<pin_list>
<pin id="483" dir="0" index="0" bw="1" slack="1"/>
<pin id="484" dir="1" index="1" bw="1" slack="2147483647"/>
</pin_list>
<bind>
<opset="icmp_ln199 "/>
</bind>
</comp>

<comp id="486" class="1005" name="j_reg_486">
<pin_list>
<pin id="487" dir="0" index="0" bw="6" slack="0"/>
<pin id="488" dir="1" index="1" bw="6" slack="0"/>
</pin_list>
<bind>
<opset="j "/>
</bind>
</comp>

<comp id="491" class="1005" name="ofm_buff0_0_addr_reg_491">
<pin_list>
<pin id="492" dir="0" index="0" bw="6" slack="1"/>
<pin id="493" dir="1" index="1" bw="6" slack="1"/>
</pin_list>
<bind>
<opset="ofm_buff0_0_addr "/>
</bind>
</comp>

<comp id="496" class="1005" name="ofm_buff0_1_addr_reg_496">
<pin_list>
<pin id="497" dir="0" index="0" bw="6" slack="1"/>
<pin id="498" dir="1" index="1" bw="6" slack="1"/>
</pin_list>
<bind>
<opset="ofm_buff0_1_addr "/>
</bind>
</comp>

<comp id="501" class="1005" name="ofm_buff0_2_addr_reg_501">
<pin_list>
<pin id="502" dir="0" index="0" bw="6" slack="1"/>
<pin id="503" dir="1" index="1" bw="6" slack="1"/>
</pin_list>
<bind>
<opset="ofm_buff0_2_addr "/>
</bind>
</comp>

<comp id="506" class="1005" name="ofm_buff0_3_addr_reg_506">
<pin_list>
<pin id="507" dir="0" index="0" bw="6" slack="1"/>
<pin id="508" dir="1" index="1" bw="6" slack="1"/>
</pin_list>
<bind>
<opset="ofm_buff0_3_addr "/>
</bind>
</comp>

<comp id="511" class="1005" name="ofm_buff0_4_addr_reg_511">
<pin_list>
<pin id="512" dir="0" index="0" bw="6" slack="1"/>
<pin id="513" dir="1" index="1" bw="6" slack="1"/>
</pin_list>
<bind>
<opset="ofm_buff0_4_addr "/>
</bind>
</comp>

<comp id="516" class="1005" name="ofm_buff0_5_addr_reg_516">
<pin_list>
<pin id="517" dir="0" index="0" bw="6" slack="1"/>
<pin id="518" dir="1" index="1" bw="6" slack="1"/>
</pin_list>
<bind>
<opset="ofm_buff0_5_addr "/>
</bind>
</comp>

<comp id="521" class="1005" name="ofm_buff0_6_addr_reg_521">
<pin_list>
<pin id="522" dir="0" index="0" bw="6" slack="1"/>
<pin id="523" dir="1" index="1" bw="6" slack="1"/>
</pin_list>
<bind>
<opset="ofm_buff0_6_addr "/>
</bind>
</comp>

<comp id="526" class="1005" name="ofm_buff0_7_addr_reg_526">
<pin_list>
<pin id="527" dir="0" index="0" bw="6" slack="1"/>
<pin id="528" dir="1" index="1" bw="6" slack="1"/>
</pin_list>
<bind>
<opset="ofm_buff0_7_addr "/>
</bind>
</comp>

<comp id="531" class="1005" name="ofm_buff0_8_addr_reg_531">
<pin_list>
<pin id="532" dir="0" index="0" bw="6" slack="1"/>
<pin id="533" dir="1" index="1" bw="6" slack="1"/>
</pin_list>
<bind>
<opset="ofm_buff0_8_addr "/>
</bind>
</comp>

<comp id="536" class="1005" name="ofm_buff0_9_addr_reg_536">
<pin_list>
<pin id="537" dir="0" index="0" bw="6" slack="1"/>
<pin id="538" dir="1" index="1" bw="6" slack="1"/>
</pin_list>
<bind>
<opset="ofm_buff0_9_addr "/>
</bind>
</comp>

<comp id="541" class="1005" name="ofm_buff0_10_addr_reg_541">
<pin_list>
<pin id="542" dir="0" index="0" bw="6" slack="1"/>
<pin id="543" dir="1" index="1" bw="6" slack="1"/>
</pin_list>
<bind>
<opset="ofm_buff0_10_addr "/>
</bind>
</comp>

<comp id="546" class="1005" name="ofm_buff0_11_addr_reg_546">
<pin_list>
<pin id="547" dir="0" index="0" bw="6" slack="1"/>
<pin id="548" dir="1" index="1" bw="6" slack="1"/>
</pin_list>
<bind>
<opset="ofm_buff0_11_addr "/>
</bind>
</comp>

<comp id="551" class="1005" name="ofm_buff0_12_addr_reg_551">
<pin_list>
<pin id="552" dir="0" index="0" bw="6" slack="1"/>
<pin id="553" dir="1" index="1" bw="6" slack="1"/>
</pin_list>
<bind>
<opset="ofm_buff0_12_addr "/>
</bind>
</comp>

<comp id="556" class="1005" name="ofm_buff0_13_addr_reg_556">
<pin_list>
<pin id="557" dir="0" index="0" bw="6" slack="1"/>
<pin id="558" dir="1" index="1" bw="6" slack="1"/>
</pin_list>
<bind>
<opset="ofm_buff0_13_addr "/>
</bind>
</comp>

<comp id="561" class="1005" name="ofm_buff0_14_addr_reg_561">
<pin_list>
<pin id="562" dir="0" index="0" bw="6" slack="1"/>
<pin id="563" dir="1" index="1" bw="6" slack="1"/>
</pin_list>
<bind>
<opset="ofm_buff0_14_addr "/>
</bind>
</comp>

<comp id="566" class="1005" name="ofm_buff0_15_addr_reg_566">
<pin_list>
<pin id="567" dir="0" index="0" bw="6" slack="1"/>
<pin id="568" dir="1" index="1" bw="6" slack="1"/>
</pin_list>
<bind>
<opset="ofm_buff0_15_addr "/>
</bind>
</comp>

</comp_list>

<net_list>
<net id="86"><net_src comp="48" pin="0"/><net_sink comp="82" pin=0"/></net>

<net id="87"><net_src comp="36" pin="0"/><net_sink comp="82" pin=1"/></net>

<net id="92"><net_src comp="50" pin="0"/><net_sink comp="88" pin=0"/></net>

<net id="93"><net_src comp="34" pin="0"/><net_sink comp="88" pin=1"/></net>

<net id="99"><net_src comp="78" pin="0"/><net_sink comp="94" pin=0"/></net>

<net id="100"><net_src comp="0" pin="0"/><net_sink comp="94" pin=1"/></net>

<net id="106"><net_src comp="2" pin="0"/><net_sink comp="101" pin=0"/></net>

<net id="107"><net_src comp="64" pin="0"/><net_sink comp="101" pin=1"/></net>

<net id="113"><net_src comp="101" pin="3"/><net_sink comp="108" pin=0"/></net>

<net id="119"><net_src comp="4" pin="0"/><net_sink comp="114" pin=0"/></net>

<net id="120"><net_src comp="64" pin="0"/><net_sink comp="114" pin=1"/></net>

<net id="126"><net_src comp="114" pin="3"/><net_sink comp="121" pin=0"/></net>

<net id="132"><net_src comp="6" pin="0"/><net_sink comp="127" pin=0"/></net>

<net id="133"><net_src comp="64" pin="0"/><net_sink comp="127" pin=1"/></net>

<net id="139"><net_src comp="127" pin="3"/><net_sink comp="134" pin=0"/></net>

<net id="145"><net_src comp="8" pin="0"/><net_sink comp="140" pin=0"/></net>

<net id="146"><net_src comp="64" pin="0"/><net_sink comp="140" pin=1"/></net>

<net id="152"><net_src comp="140" pin="3"/><net_sink comp="147" pin=0"/></net>

<net id="158"><net_src comp="10" pin="0"/><net_sink comp="153" pin=0"/></net>

<net id="159"><net_src comp="64" pin="0"/><net_sink comp="153" pin=1"/></net>

<net id="165"><net_src comp="153" pin="3"/><net_sink comp="160" pin=0"/></net>

<net id="171"><net_src comp="12" pin="0"/><net_sink comp="166" pin=0"/></net>

<net id="172"><net_src comp="64" pin="0"/><net_sink comp="166" pin=1"/></net>

<net id="178"><net_src comp="166" pin="3"/><net_sink comp="173" pin=0"/></net>

<net id="184"><net_src comp="14" pin="0"/><net_sink comp="179" pin=0"/></net>

<net id="185"><net_src comp="64" pin="0"/><net_sink comp="179" pin=1"/></net>

<net id="191"><net_src comp="179" pin="3"/><net_sink comp="186" pin=0"/></net>

<net id="197"><net_src comp="16" pin="0"/><net_sink comp="192" pin=0"/></net>

<net id="198"><net_src comp="64" pin="0"/><net_sink comp="192" pin=1"/></net>

<net id="204"><net_src comp="192" pin="3"/><net_sink comp="199" pin=0"/></net>

<net id="210"><net_src comp="18" pin="0"/><net_sink comp="205" pin=0"/></net>

<net id="211"><net_src comp="64" pin="0"/><net_sink comp="205" pin=1"/></net>

<net id="217"><net_src comp="205" pin="3"/><net_sink comp="212" pin=0"/></net>

<net id="223"><net_src comp="20" pin="0"/><net_sink comp="218" pin=0"/></net>

<net id="224"><net_src comp="64" pin="0"/><net_sink comp="218" pin=1"/></net>

<net id="230"><net_src comp="218" pin="3"/><net_sink comp="225" pin=0"/></net>

<net id="236"><net_src comp="22" pin="0"/><net_sink comp="231" pin=0"/></net>

<net id="237"><net_src comp="64" pin="0"/><net_sink comp="231" pin=1"/></net>

<net id="243"><net_src comp="231" pin="3"/><net_sink comp="238" pin=0"/></net>

<net id="249"><net_src comp="24" pin="0"/><net_sink comp="244" pin=0"/></net>

<net id="250"><net_src comp="64" pin="0"/><net_sink comp="244" pin=1"/></net>

<net id="256"><net_src comp="244" pin="3"/><net_sink comp="251" pin=0"/></net>

<net id="262"><net_src comp="26" pin="0"/><net_sink comp="257" pin=0"/></net>

<net id="263"><net_src comp="64" pin="0"/><net_sink comp="257" pin=1"/></net>

<net id="269"><net_src comp="257" pin="3"/><net_sink comp="264" pin=0"/></net>

<net id="275"><net_src comp="28" pin="0"/><net_sink comp="270" pin=0"/></net>

<net id="276"><net_src comp="64" pin="0"/><net_sink comp="270" pin=1"/></net>

<net id="282"><net_src comp="270" pin="3"/><net_sink comp="277" pin=0"/></net>

<net id="288"><net_src comp="30" pin="0"/><net_sink comp="283" pin=0"/></net>

<net id="289"><net_src comp="64" pin="0"/><net_sink comp="283" pin=1"/></net>

<net id="295"><net_src comp="283" pin="3"/><net_sink comp="290" pin=0"/></net>

<net id="301"><net_src comp="32" pin="0"/><net_sink comp="296" pin=0"/></net>

<net id="302"><net_src comp="64" pin="0"/><net_sink comp="296" pin=1"/></net>

<net id="308"><net_src comp="296" pin="3"/><net_sink comp="303" pin=0"/></net>

<net id="312"><net_src comp="54" pin="0"/><net_sink comp="309" pin=0"/></net>

<net id="319"><net_src comp="309" pin="1"/><net_sink comp="313" pin=2"/></net>

<net id="333"><net_src comp="88" pin="2"/><net_sink comp="329" pin=0"/></net>

<net id="334"><net_src comp="52" pin="0"/><net_sink comp="329" pin=1"/></net>

<net id="339"><net_src comp="313" pin="4"/><net_sink comp="335" pin=0"/></net>

<net id="340"><net_src comp="56" pin="0"/><net_sink comp="335" pin=1"/></net>

<net id="345"><net_src comp="313" pin="4"/><net_sink comp="341" pin=0"/></net>

<net id="346"><net_src comp="62" pin="0"/><net_sink comp="341" pin=1"/></net>

<net id="350"><net_src comp="313" pin="4"/><net_sink comp="347" pin=0"/></net>

<net id="351"><net_src comp="347" pin="1"/><net_sink comp="101" pin=2"/></net>

<net id="352"><net_src comp="347" pin="1"/><net_sink comp="114" pin=2"/></net>

<net id="353"><net_src comp="347" pin="1"/><net_sink comp="127" pin=2"/></net>

<net id="354"><net_src comp="347" pin="1"/><net_sink comp="140" pin=2"/></net>

<net id="355"><net_src comp="347" pin="1"/><net_sink comp="153" pin=2"/></net>

<net id="356"><net_src comp="347" pin="1"/><net_sink comp="166" pin=2"/></net>

<net id="357"><net_src comp="347" pin="1"/><net_sink comp="179" pin=2"/></net>

<net id="358"><net_src comp="347" pin="1"/><net_sink comp="192" pin=2"/></net>

<net id="359"><net_src comp="347" pin="1"/><net_sink comp="205" pin=2"/></net>

<net id="360"><net_src comp="347" pin="1"/><net_sink comp="218" pin=2"/></net>

<net id="361"><net_src comp="347" pin="1"/><net_sink comp="231" pin=2"/></net>

<net id="362"><net_src comp="347" pin="1"/><net_sink comp="244" pin=2"/></net>

<net id="363"><net_src comp="347" pin="1"/><net_sink comp="257" pin=2"/></net>

<net id="364"><net_src comp="347" pin="1"/><net_sink comp="270" pin=2"/></net>

<net id="365"><net_src comp="347" pin="1"/><net_sink comp="283" pin=2"/></net>

<net id="366"><net_src comp="347" pin="1"/><net_sink comp="296" pin=2"/></net>

<net id="370"><net_src comp="108" pin="3"/><net_sink comp="367" pin=0"/></net>

<net id="374"><net_src comp="121" pin="3"/><net_sink comp="371" pin=0"/></net>

<net id="378"><net_src comp="134" pin="3"/><net_sink comp="375" pin=0"/></net>

<net id="382"><net_src comp="147" pin="3"/><net_sink comp="379" pin=0"/></net>

<net id="386"><net_src comp="160" pin="3"/><net_sink comp="383" pin=0"/></net>

<net id="390"><net_src comp="173" pin="3"/><net_sink comp="387" pin=0"/></net>

<net id="394"><net_src comp="186" pin="3"/><net_sink comp="391" pin=0"/></net>

<net id="398"><net_src comp="199" pin="3"/><net_sink comp="395" pin=0"/></net>

<net id="402"><net_src comp="212" pin="3"/><net_sink comp="399" pin=0"/></net>

<net id="406"><net_src comp="225" pin="3"/><net_sink comp="403" pin=0"/></net>

<net id="410"><net_src comp="238" pin="3"/><net_sink comp="407" pin=0"/></net>

<net id="414"><net_src comp="251" pin="3"/><net_sink comp="411" pin=0"/></net>

<net id="418"><net_src comp="264" pin="3"/><net_sink comp="415" pin=0"/></net>

<net id="422"><net_src comp="277" pin="3"/><net_sink comp="419" pin=0"/></net>

<net id="426"><net_src comp="290" pin="3"/><net_sink comp="423" pin=0"/></net>

<net id="430"><net_src comp="303" pin="3"/><net_sink comp="427" pin=0"/></net>

<net id="450"><net_src comp="76" pin="0"/><net_sink comp="431" pin=0"/></net>

<net id="451"><net_src comp="427" pin="1"/><net_sink comp="431" pin=1"/></net>

<net id="452"><net_src comp="423" pin="1"/><net_sink comp="431" pin=2"/></net>

<net id="453"><net_src comp="419" pin="1"/><net_sink comp="431" pin=3"/></net>

<net id="454"><net_src comp="415" pin="1"/><net_sink comp="431" pin=4"/></net>

<net id="455"><net_src comp="411" pin="1"/><net_sink comp="431" pin=5"/></net>

<net id="456"><net_src comp="407" pin="1"/><net_sink comp="431" pin=6"/></net>

<net id="457"><net_src comp="403" pin="1"/><net_sink comp="431" pin=7"/></net>

<net id="458"><net_src comp="399" pin="1"/><net_sink comp="431" pin=8"/></net>

<net id="459"><net_src comp="395" pin="1"/><net_sink comp="431" pin=9"/></net>

<net id="460"><net_src comp="391" pin="1"/><net_sink comp="431" pin=10"/></net>

<net id="461"><net_src comp="387" pin="1"/><net_sink comp="431" pin=11"/></net>

<net id="462"><net_src comp="383" pin="1"/><net_sink comp="431" pin=12"/></net>

<net id="463"><net_src comp="379" pin="1"/><net_sink comp="431" pin=13"/></net>

<net id="464"><net_src comp="375" pin="1"/><net_sink comp="431" pin=14"/></net>

<net id="465"><net_src comp="371" pin="1"/><net_sink comp="431" pin=15"/></net>

<net id="466"><net_src comp="367" pin="1"/><net_sink comp="431" pin=16"/></net>

<net id="467"><net_src comp="431" pin="17"/><net_sink comp="94" pin=2"/></net>

<net id="471"><net_src comp="82" pin="2"/><net_sink comp="468" pin=0"/></net>

<net id="475"><net_src comp="88" pin="2"/><net_sink comp="472" pin=0"/></net>

<net id="476"><net_src comp="472" pin="1"/><net_sink comp="323" pin=0"/></net>

<net id="480"><net_src comp="329" pin="2"/><net_sink comp="477" pin=0"/></net>

<net id="481"><net_src comp="477" pin="1"/><net_sink comp="323" pin=2"/></net>

<net id="485"><net_src comp="335" pin="2"/><net_sink comp="482" pin=0"/></net>

<net id="489"><net_src comp="341" pin="2"/><net_sink comp="486" pin=0"/></net>

<net id="490"><net_src comp="486" pin="1"/><net_sink comp="313" pin=0"/></net>

<net id="494"><net_src comp="101" pin="3"/><net_sink comp="491" pin=0"/></net>

<net id="495"><net_src comp="491" pin="1"/><net_sink comp="108" pin=0"/></net>

<net id="499"><net_src comp="114" pin="3"/><net_sink comp="496" pin=0"/></net>

<net id="500"><net_src comp="496" pin="1"/><net_sink comp="121" pin=0"/></net>

<net id="504"><net_src comp="127" pin="3"/><net_sink comp="501" pin=0"/></net>

<net id="505"><net_src comp="501" pin="1"/><net_sink comp="134" pin=0"/></net>

<net id="509"><net_src comp="140" pin="3"/><net_sink comp="506" pin=0"/></net>

<net id="510"><net_src comp="506" pin="1"/><net_sink comp="147" pin=0"/></net>

<net id="514"><net_src comp="153" pin="3"/><net_sink comp="511" pin=0"/></net>

<net id="515"><net_src comp="511" pin="1"/><net_sink comp="160" pin=0"/></net>

<net id="519"><net_src comp="166" pin="3"/><net_sink comp="516" pin=0"/></net>

<net id="520"><net_src comp="516" pin="1"/><net_sink comp="173" pin=0"/></net>

<net id="524"><net_src comp="179" pin="3"/><net_sink comp="521" pin=0"/></net>

<net id="525"><net_src comp="521" pin="1"/><net_sink comp="186" pin=0"/></net>

<net id="529"><net_src comp="192" pin="3"/><net_sink comp="526" pin=0"/></net>

<net id="530"><net_src comp="526" pin="1"/><net_sink comp="199" pin=0"/></net>

<net id="534"><net_src comp="205" pin="3"/><net_sink comp="531" pin=0"/></net>

<net id="535"><net_src comp="531" pin="1"/><net_sink comp="212" pin=0"/></net>

<net id="539"><net_src comp="218" pin="3"/><net_sink comp="536" pin=0"/></net>

<net id="540"><net_src comp="536" pin="1"/><net_sink comp="225" pin=0"/></net>

<net id="544"><net_src comp="231" pin="3"/><net_sink comp="541" pin=0"/></net>

<net id="545"><net_src comp="541" pin="1"/><net_sink comp="238" pin=0"/></net>

<net id="549"><net_src comp="244" pin="3"/><net_sink comp="546" pin=0"/></net>

<net id="550"><net_src comp="546" pin="1"/><net_sink comp="251" pin=0"/></net>

<net id="554"><net_src comp="257" pin="3"/><net_sink comp="551" pin=0"/></net>

<net id="555"><net_src comp="551" pin="1"/><net_sink comp="264" pin=0"/></net>

<net id="559"><net_src comp="270" pin="3"/><net_sink comp="556" pin=0"/></net>

<net id="560"><net_src comp="556" pin="1"/><net_sink comp="277" pin=0"/></net>

<net id="564"><net_src comp="283" pin="3"/><net_sink comp="561" pin=0"/></net>

<net id="565"><net_src comp="561" pin="1"/><net_sink comp="290" pin=0"/></net>

<net id="569"><net_src comp="296" pin="3"/><net_sink comp="566" pin=0"/></net>

<net id="570"><net_src comp="566" pin="1"/><net_sink comp="303" pin=0"/></net>

</net_list>

</model> 
---------------- Datapath Model END ------------------

* FSMD analyzer results:
  - Output states:
	Port: cofm | {3 }
 - Input state : 
	Port: conv_read : cofm | {}
	Port: conv_read : ofm_buff0_0 | {2 3 }
	Port: conv_read : ofm_buff0_1 | {2 3 }
	Port: conv_read : ofm_buff0_2 | {2 3 }
	Port: conv_read : ofm_buff0_3 | {2 3 }
	Port: conv_read : ofm_buff0_4 | {2 3 }
	Port: conv_read : ofm_buff0_5 | {2 3 }
	Port: conv_read : ofm_buff0_6 | {2 3 }
	Port: conv_read : ofm_buff0_7 | {2 3 }
	Port: conv_read : ofm_buff0_8 | {2 3 }
	Port: conv_read : ofm_buff0_9 | {2 3 }
	Port: conv_read : ofm_buff0_10 | {2 3 }
	Port: conv_read : ofm_buff0_11 | {2 3 }
	Port: conv_read : ofm_buff0_12 | {2 3 }
	Port: conv_read : ofm_buff0_13 | {2 3 }
	Port: conv_read : ofm_buff0_14 | {2 3 }
	Port: conv_read : ofm_buff0_15 | {2 3 }
	Port: conv_read : cofm_counter_read | {1 }
	Port: conv_read : enable | {1 }
  - Chain level:
	State 1
	State 2
		icmp_ln199 : 1
		j : 1
		br_ln199 : 2
		zext_ln202 : 1
		ofm_buff0_0_addr : 2
		ofm_buff0_0_load : 3
		ofm_buff0_1_addr : 2
		ofm_buff0_1_load : 3
		ofm_buff0_2_addr : 2
		ofm_buff0_2_load : 3
		ofm_buff0_3_addr : 2
		ofm_buff0_3_load : 3
		ofm_buff0_4_addr : 2
		ofm_buff0_4_load : 3
		ofm_buff0_5_addr : 2
		ofm_buff0_5_load : 3
		ofm_buff0_6_addr : 2
		ofm_buff0_6_load : 3
		ofm_buff0_7_addr : 2
		ofm_buff0_7_load : 3
		ofm_buff0_8_addr : 2
		ofm_buff0_8_load : 3
		ofm_buff0_9_addr : 2
		ofm_buff0_9_load : 3
		ofm_buff0_10_addr : 2
		ofm_buff0_10_load : 3
		ofm_buff0_11_addr : 2
		ofm_buff0_11_load : 3
		ofm_buff0_12_addr : 2
		ofm_buff0_12_load : 3
		ofm_buff0_13_addr : 2
		ofm_buff0_13_load : 3
		ofm_buff0_14_addr : 2
		ofm_buff0_14_load : 3
		ofm_buff0_15_addr : 2
		ofm_buff0_15_load : 3
	State 3
		bitcast_ln202 : 1
		bitcast_ln203 : 1
		bitcast_ln204 : 1
		bitcast_ln205 : 1
		bitcast_ln206 : 1
		bitcast_ln207 : 1
		bitcast_ln208 : 1
		bitcast_ln209 : 1
		bitcast_ln210 : 1
		bitcast_ln211 : 1
		bitcast_ln212 : 1
		bitcast_ln213 : 1
		bitcast_ln214 : 1
		bitcast_ln215 : 1
		bitcast_ln216 : 1
		bitcast_ln217 : 1
		cofm_b15_addr4546_pa : 2
		write_ln217 : 3
		empty : 1
	State 4
		cofm_counter_1 : 1
		ret_ln222 : 2


============================================================
+ Verbose Summary: Datapath Resource usage 
============================================================

* Functional unit list:
|----------|--------------------------------|---------|---------|
| Operation|         Functional Unit        |    FF   |   LUT   |
|----------|--------------------------------|---------|---------|
|    add   |        add_ln199_fu_329        |    0    |    39   |
|          |            j_fu_341            |    0    |    15   |
|----------|--------------------------------|---------|---------|
|   icmp   |        icmp_ln199_fu_335       |    0    |    11   |
|----------|--------------------------------|---------|---------|
|   read   |     enable_read_read_fu_82     |    0    |    0    |
|          | cofm_counter_read_1_read_fu_88 |    0    |    0    |
|----------|--------------------------------|---------|---------|
|   write  |     write_ln217_write_fu_94    |    0    |    0    |
|----------|--------------------------------|---------|---------|
|   zext   |        zext_ln202_fu_347       |    0    |    0    |
|----------|--------------------------------|---------|---------|
|bitconcatenate|   cofm_b15_addr4546_pa_fu_431  |    0    |    0    |
|----------|--------------------------------|---------|---------|
|   Total  |                                |    0    |    65   |
|----------|--------------------------------|---------|---------|

Memories:
N/A

* Register list:
+---------------------------+--------+
|                           |   FF   |
+---------------------------+--------+
|     add_ln199_reg_477     |   32   |
|   cofm_counter_1_reg_320  |   32   |
|cofm_counter_read_1_reg_472|   32   |
|    enable_read_reg_468    |    1   |
|     icmp_ln199_reg_482    |    1   |
|        j_0_reg_309        |    6   |
|         j_reg_486         |    6   |
|  ofm_buff0_0_addr_reg_491 |    6   |
| ofm_buff0_10_addr_reg_541 |    6   |
| ofm_buff0_11_addr_reg_546 |    6   |
| ofm_buff0_12_addr_reg_551 |    6   |
| ofm_buff0_13_addr_reg_556 |    6   |
| ofm_buff0_14_addr_reg_561 |    6   |
| ofm_buff0_15_addr_reg_566 |    6   |
|  ofm_buff0_1_addr_reg_496 |    6   |
|  ofm_buff0_2_addr_reg_501 |    6   |
|  ofm_buff0_3_addr_reg_506 |    6   |
|  ofm_buff0_4_addr_reg_511 |    6   |
|  ofm_buff0_5_addr_reg_516 |    6   |
|  ofm_buff0_6_addr_reg_521 |    6   |
|  ofm_buff0_7_addr_reg_526 |    6   |
|  ofm_buff0_8_addr_reg_531 |    6   |
|  ofm_buff0_9_addr_reg_536 |    6   |
+---------------------------+--------+
|           Total           |   206  |
+---------------------------+--------+

* Multiplexer (MUX) list: 
|-------------------|------|------|------|--------||---------||---------|
|        Comp       |  Pin | Size |  BW  | S x BW ||  Delay  ||   LUT   |
|-------------------|------|------|------|--------||---------||---------|
| grp_access_fu_108 |  p0  |   2  |   6  |   12   ||    9    |
| grp_access_fu_121 |  p0  |   2  |   6  |   12   ||    9    |
| grp_access_fu_134 |  p0  |   2  |   6  |   12   ||    9    |
| grp_access_fu_147 |  p0  |   2  |   6  |   12   ||    9    |
| grp_access_fu_160 |  p0  |   2  |   6  |   12   ||    9    |
| grp_access_fu_173 |  p0  |   2  |   6  |   12   ||    9    |
| grp_access_fu_186 |  p0  |   2  |   6  |   12   ||    9    |
| grp_access_fu_199 |  p0  |   2  |   6  |   12   ||    9    |
| grp_access_fu_212 |  p0  |   2  |   6  |   12   ||    9    |
| grp_access_fu_225 |  p0  |   2  |   6  |   12   ||    9    |
| grp_access_fu_238 |  p0  |   2  |   6  |   12   ||    9    |
| grp_access_fu_251 |  p0  |   2  |   6  |   12   ||    9    |
| grp_access_fu_264 |  p0  |   2  |   6  |   12   ||    9    |
| grp_access_fu_277 |  p0  |   2  |   6  |   12   ||    9    |
| grp_access_fu_290 |  p0  |   2  |   6  |   12   ||    9    |
| grp_access_fu_303 |  p0  |   2  |   6  |   12   ||    9    |
|-------------------|------|------|------|--------||---------||---------|
|       Total       |      |      |      |   192  ||  28.304 ||   144   |
|-------------------|------|------|------|--------||---------||---------|



* Summary:
+-----------+--------+--------+--------+
|           |  Delay |   FF   |   LUT  |
+-----------+--------+--------+--------+
|  Function |    -   |    0   |   65   |
|   Memory  |    -   |    -   |    -   |
|Multiplexer|   28   |    -   |   144  |
|  Register |    -   |   206  |    -   |
+-----------+--------+--------+--------+
|   Total   |   28   |   206  |   209  |
+-----------+--------+--------+--------+
