

================================================================
== Vivado HLS Report for 'dnn_hw'
================================================================
* Date:           Thu Jan 21 20:27:22 2021

* Version:        2019.2 (Build 2704478 on Wed Nov 06 22:10:23 MST 2019)
* Project:        finalwrapup_hls
* Solution:       solution1
* Product family: zynq
* Target device:  xc7z020-clg400-1


================================================================
== Performance Estimates
================================================================
+ Timing: 
    * Summary: 
    +--------+----------+----------+------------+
    |  Clock |  Target  | Estimated| Uncertainty|
    +--------+----------+----------+------------+
    |ap_clk  | 10.00 ns | 8.685 ns |   1.25 ns  |
    +--------+----------+----------+------------+

+ Latency: 
    * Summary: 
    +---------+---------+-----------+-----------+-----+---------+---------+
    |  Latency (cycles) |   Latency (absolute)  |    Interval   | Pipeline|
    |   min   |   max   |    min    |    max    | min |   max   |   Type  |
    +---------+---------+-----------+-----------+-----+---------+---------+
    |        2|  5720553| 20.000 ns | 57.206 ms |    2|  5720553|   none  |
    +---------+---------+-----------+-----------+-----+---------+---------+

    + Detail: 
        * Instance: 
        +--------------------------+----------------+---------+---------+----------+-----------+-----+---------+---------+
        |                          |                |  Latency (cycles) |  Latency (absolute)  |    Interval   | Pipeline|
        |         Instance         |     Module     |   min   |   max   |    min   |    max    | min |   max   |   Type  |
        +--------------------------+----------------+---------+---------+----------+-----------+-----+---------+---------+
        |grp_pool_hw_fu_38         |pool_hw         |      236|     7013| 2.360 us | 70.130 us |  236|     7013|   none  |
        |grp_convolution_hw_fu_46  |convolution_hw  |      374|  5720551| 3.740 us | 57.206 ms |  374|  5720551|   none  |
        +--------------------------+----------------+---------+---------+----------+-----------+-----+---------+---------+

        * Loop: 
        N/A

============================================================
+ Verbose Summary: Synthesis Manager
============================================================
InlineROM: 1
ExposeGlobal: 0
============================================================
+ Verbose Summary: CDFG Model
============================================================
IsTopModel: 1
ResetActiveHigh: 1
IsCombinational: 0
IsDatapathOnly: 0
HasWiredReturn: 1
HasMFsm: 0
HasVarLatency: 1
IsPipeline: 0
IsRtlPipelined: 0
IsInstanceOverlapped: 0
IsDontTouch: 0
HasImplIP: 0
IsGatedGlobalClock: 0


============================================================
+ Verbose Summary: Schedule
============================================================
* Number of FSM states : 4
* Pipeline : 0
* Dataflow Pipeline: 0

* FSM state transitions: 
1 --> 3 2 
2 --> 4 
3 --> 4 
4 --> 

* FSM state operations: 

State 1 <SV = 0> <Delay = 2.47>
ST_1 : Operation 5 [1/1] (0.00ns)   --->   "call void (...)* @_ssdm_op_SpecBitsMap(i512* %tran_wgt), !map !48"   --->   Operation 5 'specbitsmap' <Predicate = true> <Delay = 0.00>
ST_1 : Operation 6 [1/1] (0.00ns)   --->   "call void (...)* @_ssdm_op_SpecBitsMap(i512* %cofm), !map !97"   --->   Operation 6 'specbitsmap' <Predicate = true> <Delay = 0.00>
ST_1 : Operation 7 [1/1] (0.00ns)   --->   "call void (...)* @_ssdm_op_SpecBitsMap(i512* %cifm), !map !146"   --->   Operation 7 'specbitsmap' <Predicate = true> <Delay = 0.00>
ST_1 : Operation 8 [1/1] (0.00ns)   --->   "call void (...)* @_ssdm_op_SpecBitsMap(i32* %config_r), !map !195"   --->   Operation 8 'specbitsmap' <Predicate = true> <Delay = 0.00>
ST_1 : Operation 9 [1/1] (0.00ns)   --->   "call void (...)* @_ssdm_op_SpecTopModule([7 x i8]* @dnn_hw_str) nounwind"   --->   Operation 9 'spectopmodule' <Predicate = true> <Delay = 0.00>
ST_1 : Operation 10 [1/1] (0.00ns)   --->   "call void (...)* @_ssdm_op_SpecInterface(i32* %config_r, [5 x i8]* @p_str15, i32 1, i32 1, [5 x i8]* @p_str16, i32 0, i32 0, [1 x i8]* @p_str1, [1 x i8]* @p_str1, [1 x i8]* @p_str1, i32 0, i32 0, i32 0, i32 0, [1 x i8]* @p_str1, [1 x i8]* @p_str1) nounwind" [finalwrapup.cpp:697]   --->   Operation 10 'specinterface' <Predicate = true> <Delay = 0.00>
ST_1 : Operation 11 [1/1] (0.00ns)   --->   "call void (...)* @_ssdm_op_SpecInterface(i512* %tran_wgt, [5 x i8]* @p_str15, i32 1, i32 1, [5 x i8]* @p_str16, i32 0, i32 0, [1 x i8]* @p_str1, [1 x i8]* @p_str1, [1 x i8]* @p_str1, i32 0, i32 0, i32 0, i32 0, [1 x i8]* @p_str1, [1 x i8]* @p_str1) nounwind" [finalwrapup.cpp:698]   --->   Operation 11 'specinterface' <Predicate = true> <Delay = 0.00>
ST_1 : Operation 12 [1/1] (0.00ns)   --->   "call void (...)* @_ssdm_op_SpecInterface(i512* %cofm, [5 x i8]* @p_str15, i32 1, i32 1, [5 x i8]* @p_str16, i32 0, i32 0, [1 x i8]* @p_str1, [1 x i8]* @p_str1, [1 x i8]* @p_str1, i32 0, i32 0, i32 0, i32 0, [1 x i8]* @p_str1, [1 x i8]* @p_str1) nounwind" [finalwrapup.cpp:699]   --->   Operation 12 'specinterface' <Predicate = true> <Delay = 0.00>
ST_1 : Operation 13 [1/1] (0.00ns)   --->   "call void (...)* @_ssdm_op_SpecInterface(i512* %cifm, [5 x i8]* @p_str15, i32 1, i32 1, [5 x i8]* @p_str16, i32 0, i32 0, [1 x i8]* @p_str1, [1 x i8]* @p_str1, [1 x i8]* @p_str1, i32 0, i32 0, i32 0, i32 0, [1 x i8]* @p_str1, [1 x i8]* @p_str1) nounwind" [finalwrapup.cpp:700]   --->   Operation 13 'specinterface' <Predicate = true> <Delay = 0.00>
ST_1 : Operation 14 [1/1] (0.00ns)   --->   "%config_read = call i32 @_ssdm_op_Read.axis.volatile.i32P(i32* %config_r)" [finalwrapup.cpp:735]   --->   Operation 14 'read' 'config_read' <Predicate = true> <Delay = 0.00> <Core = "AXI4Stream">   --->   Core 5 'AXI4Stream' <Latency = 0> <II = 1> <Delay = 1.00> <Adapter> <Opcode : >
ST_1 : Operation 15 [1/1] (2.47ns)   --->   "%icmp_ln735 = icmp eq i32 %config_read, 0" [finalwrapup.cpp:735]   --->   Operation 15 'icmp' 'icmp_ln735' <Predicate = true> <Delay = 2.47> <Core = "Cmp">   --->   Core 25 'Cmp' <Latency = 0> <II = 1> <Delay = 2.47> <FuncUnit> <Opcode : 'icmp'> <InPorts = 2> <OutPorts = 1>
ST_1 : Operation 16 [1/1] (0.00ns)   --->   "br i1 %icmp_ln735, label %1, label %2" [finalwrapup.cpp:735]   --->   Operation 16 'br' <Predicate = true> <Delay = 0.00>
ST_1 : Operation 17 [1/1] (2.47ns)   --->   "%icmp_ln738 = icmp eq i32 %config_read, 1" [finalwrapup.cpp:738]   --->   Operation 17 'icmp' 'icmp_ln738' <Predicate = (!icmp_ln735)> <Delay = 2.47> <Core = "Cmp">   --->   Core 25 'Cmp' <Latency = 0> <II = 1> <Delay = 2.47> <FuncUnit> <Opcode : 'icmp'> <InPorts = 2> <OutPorts = 1>
ST_1 : Operation 18 [1/1] (0.00ns)   --->   "br i1 %icmp_ln738, label %3, label %._crit_edge" [finalwrapup.cpp:738]   --->   Operation 18 'br' <Predicate = (!icmp_ln735)> <Delay = 0.00>
ST_1 : Operation 19 [2/2] (0.00ns)   --->   "call fastcc void @pool_hw(i512* %cifm, i512* %cofm)" [finalwrapup.cpp:739]   --->   Operation 19 'call' <Predicate = (!icmp_ln735 & icmp_ln738)> <Delay = 0.00> <CoreType = "Generic">   --->   Core 0 '' <Latency = 0> <II = 1> <Delay = 1.00> <Generic> <Opcode : >
ST_1 : Operation 20 [2/2] (0.00ns)   --->   "call fastcc void @convolution_hw(i512* %cifm, i512* %cofm, i512* %tran_wgt)" [finalwrapup.cpp:736]   --->   Operation 20 'call' <Predicate = (icmp_ln735)> <Delay = 0.00> <CoreType = "Generic">   --->   Core 0 '' <Latency = 0> <II = 1> <Delay = 1.00> <Generic> <Opcode : >

State 2 <SV = 1> <Delay = 0.00>
ST_2 : Operation 21 [1/2] (0.00ns)   --->   "call fastcc void @pool_hw(i512* %cifm, i512* %cofm)" [finalwrapup.cpp:739]   --->   Operation 21 'call' <Predicate = (icmp_ln738)> <Delay = 0.00> <CoreType = "Generic">   --->   Core 0 '' <Latency = 0> <II = 1> <Delay = 1.00> <Generic> <Opcode : >
ST_2 : Operation 22 [1/1] (0.00ns)   --->   "br label %._crit_edge" [finalwrapup.cpp:740]   --->   Operation 22 'br' <Predicate = (icmp_ln738)> <Delay = 0.00>
ST_2 : Operation 23 [1/1] (0.00ns)   --->   "br label %4"   --->   Operation 23 'br' <Predicate = true> <Delay = 0.00>

State 3 <SV = 1> <Delay = 0.00>
ST_3 : Operation 24 [1/2] (0.00ns)   --->   "call fastcc void @convolution_hw(i512* %cifm, i512* %cofm, i512* %tran_wgt)" [finalwrapup.cpp:736]   --->   Operation 24 'call' <Predicate = true> <Delay = 0.00> <CoreType = "Generic">   --->   Core 0 '' <Latency = 0> <II = 1> <Delay = 1.00> <Generic> <Opcode : >
ST_3 : Operation 25 [1/1] (0.00ns)   --->   "br label %4" [finalwrapup.cpp:737]   --->   Operation 25 'br' <Predicate = true> <Delay = 0.00>

State 4 <SV = 2> <Delay = 0.00>
ST_4 : Operation 26 [1/1] (0.00ns)   --->   "ret void" [finalwrapup.cpp:741]   --->   Operation 26 'ret' <Predicate = true> <Delay = 0.00>


============================================================
+ Verbose Summary: Binding
============================================================
STG Binding: 
---------------- STG Properties BEGIN ----------------
- Is combinational: 0
- Is one-state seq: 0
- Is datapath-only: 0
- Is pipelined: 0
- Is top level: 1
Port [ Return ] is wired: 1; IO mode=ap_ctrl_hs:ce=0
Port [ cifm]:  wired=1; compound=1; hidden=0; nouse=0; global=0; static=0; extern=0; dir=0; type=0; pingpong=0; private_global=0; IO mode=axis:ce=0
Port [ cofm]:  wired=1; compound=1; hidden=0; nouse=0; global=0; static=0; extern=0; dir=1; type=0; pingpong=0; private_global=0; IO mode=axis:ce=0
Port [ tran_wgt]:  wired=1; compound=1; hidden=0; nouse=0; global=0; static=0; extern=0; dir=0; type=0; pingpong=0; private_global=0; IO mode=axis:ce=0
Port [ config_r]:  wired=1; compound=1; hidden=0; nouse=0; global=0; static=0; extern=0; dir=0; type=0; pingpong=0; private_global=0; IO mode=axis:ce=0
---------------- STG Properties END ------------------

---------------- Datapath Model BEGIN ----------------

<LifeTime>
<method=bitvector/>
specbitsmap_ln0     (specbitsmap  ) [ 00000]
specbitsmap_ln0     (specbitsmap  ) [ 00000]
specbitsmap_ln0     (specbitsmap  ) [ 00000]
specbitsmap_ln0     (specbitsmap  ) [ 00000]
spectopmodule_ln0   (spectopmodule) [ 00000]
specinterface_ln697 (specinterface) [ 00000]
specinterface_ln698 (specinterface) [ 00000]
specinterface_ln699 (specinterface) [ 00000]
specinterface_ln700 (specinterface) [ 00000]
config_read         (read         ) [ 00000]
icmp_ln735          (icmp         ) [ 01000]
br_ln735            (br           ) [ 00000]
icmp_ln738          (icmp         ) [ 01100]
br_ln738            (br           ) [ 00000]
call_ln739          (call         ) [ 00000]
br_ln740            (br           ) [ 00000]
br_ln0              (br           ) [ 00000]
call_ln736          (call         ) [ 00000]
br_ln737            (br           ) [ 00000]
ret_ln741           (ret          ) [ 00000]
</LifeTime>

<model>

<comp_list>
<comp id="0" class="1000" name="cifm">
<pin_list>
<pin id="1" dir="1" index="0" bw="1" slack="0"/>
</pin_list>
<bind>
<StgValue><ssdm name="cifm"/></StgValue>
</bind>
</comp>

<comp id="2" class="1000" name="cofm">
<pin_list>
<pin id="3" dir="1" index="0" bw="1" slack="0"/>
</pin_list>
<bind>
<StgValue><ssdm name="cofm"/></StgValue>
</bind>
</comp>

<comp id="4" class="1000" name="tran_wgt">
<pin_list>
<pin id="5" dir="1" index="0" bw="1" slack="0"/>
</pin_list>
<bind>
<StgValue><ssdm name="tran_wgt"/></StgValue>
</bind>
</comp>

<comp id="6" class="1000" name="config_r">
<pin_list>
<pin id="7" dir="1" index="0" bw="1" slack="0"/>
</pin_list>
<bind>
<StgValue><ssdm name="config_r"/></StgValue>
</bind>
</comp>

<comp id="8" class="1001" name="const_8">
<pin_list>
<pin id="9" dir="1" index="0" bw="1" slack="2147483647"/>
</pin_list>
<bind>
<StgValue><ssdm name="_ssdm_op_SpecBitsMap"/></StgValue>
</bind>
</comp>

<comp id="10" class="1001" name="const_10">
<pin_list>
<pin id="11" dir="1" index="0" bw="1" slack="2147483647"/>
</pin_list>
<bind>
<StgValue><ssdm name="_ssdm_op_SpecTopModule"/></StgValue>
</bind>
</comp>

<comp id="12" class="1001" name="const_12">
<pin_list>
<pin id="13" dir="1" index="0" bw="1" slack="2147483647"/>
</pin_list>
<bind>
<StgValue><ssdm name="dnn_hw_str"/></StgValue>
</bind>
</comp>

<comp id="14" class="1001" name="const_14">
<pin_list>
<pin id="15" dir="1" index="0" bw="1" slack="2147483647"/>
</pin_list>
<bind>
<StgValue><ssdm name="_ssdm_op_SpecInterface"/></StgValue>
</bind>
</comp>

<comp id="16" class="1001" name="const_16">
<pin_list>
<pin id="17" dir="1" index="0" bw="1" slack="2147483647"/>
</pin_list>
<bind>
<StgValue><ssdm name="p_str15"/></StgValue>
</bind>
</comp>

<comp id="18" class="1001" name="const_18">
<pin_list>
<pin id="19" dir="1" index="0" bw="1" slack="0"/>
</pin_list>
<bind>
<StgValue><ssdm name=""/></StgValue>
</bind>
</comp>

<comp id="20" class="1001" name="const_20">
<pin_list>
<pin id="21" dir="1" index="0" bw="1" slack="2147483647"/>
</pin_list>
<bind>
<StgValue><ssdm name="p_str16"/></StgValue>
</bind>
</comp>

<comp id="22" class="1001" name="const_22">
<pin_list>
<pin id="23" dir="1" index="0" bw="1" slack="0"/>
</pin_list>
<bind>
<StgValue><ssdm name=""/></StgValue>
</bind>
</comp>

<comp id="24" class="1001" name="const_24">
<pin_list>
<pin id="25" dir="1" index="0" bw="1" slack="2147483647"/>
</pin_list>
<bind>
<StgValue><ssdm name="p_str1"/></StgValue>
</bind>
</comp>

<comp id="26" class="1001" name="const_26">
<pin_list>
<pin id="27" dir="1" index="0" bw="1" slack="0"/>
</pin_list>
<bind>
<StgValue><ssdm name="_ssdm_op_Read.axis.volatile.i32P"/></StgValue>
</bind>
</comp>

<comp id="28" class="1001" name="const_28">
<pin_list>
<pin id="29" dir="1" index="0" bw="1" slack="0"/>
</pin_list>
<bind>
<StgValue><ssdm name="pool_hw"/></StgValue>
</bind>
</comp>

<comp id="30" class="1001" name="const_30">
<pin_list>
<pin id="31" dir="1" index="0" bw="1" slack="0"/>
</pin_list>
<bind>
<StgValue><ssdm name="convolution_hw"/></StgValue>
</bind>
</comp>

<comp id="32" class="1004" name="config_read_read_fu_32">
<pin_list>
<pin id="33" dir="0" index="0" bw="32" slack="0"/>
<pin id="34" dir="0" index="1" bw="32" slack="0"/>
<pin id="35" dir="1" index="2" bw="32" slack="0"/>
</pin_list>
<bind>
<opcode="read(1150) " fcode="read"/>
<opset="config_read/1 "/>
</bind>
</comp>

<comp id="38" class="1004" name="grp_pool_hw_fu_38">
<pin_list>
<pin id="39" dir="0" index="0" bw="0" slack="0"/>
<pin id="40" dir="0" index="1" bw="512" slack="0"/>
<pin id="41" dir="0" index="2" bw="512" slack="0"/>
<pin id="42" dir="1" index="3" bw="0" slack="2147483647"/>
</pin_list>
<bind>
<opcode="call(48) " fcode="call"/>
<opset="call_ln739/1 "/>
</bind>
</comp>

<comp id="46" class="1004" name="grp_convolution_hw_fu_46">
<pin_list>
<pin id="47" dir="0" index="0" bw="0" slack="0"/>
<pin id="48" dir="0" index="1" bw="512" slack="0"/>
<pin id="49" dir="0" index="2" bw="512" slack="0"/>
<pin id="50" dir="0" index="3" bw="512" slack="0"/>
<pin id="51" dir="1" index="4" bw="0" slack="2147483647"/>
</pin_list>
<bind>
<opcode="call(48) " fcode="call"/>
<opset="call_ln736/1 "/>
</bind>
</comp>

<comp id="56" class="1004" name="icmp_ln735_fu_56">
<pin_list>
<pin id="57" dir="0" index="0" bw="32" slack="0"/>
<pin id="58" dir="0" index="1" bw="1" slack="0"/>
<pin id="59" dir="1" index="2" bw="1" slack="2147483647"/>
</pin_list>
<bind>
<opcode="icmp(45) " fcode="icmp"/>
<opset="icmp_ln735/1 "/>
</bind>
</comp>

<comp id="62" class="1004" name="icmp_ln738_fu_62">
<pin_list>
<pin id="63" dir="0" index="0" bw="32" slack="0"/>
<pin id="64" dir="0" index="1" bw="1" slack="0"/>
<pin id="65" dir="1" index="2" bw="1" slack="1"/>
</pin_list>
<bind>
<opcode="icmp(45) " fcode="icmp"/>
<opset="icmp_ln738/1 "/>
</bind>
</comp>

<comp id="71" class="1005" name="icmp_ln738_reg_71">
<pin_list>
<pin id="72" dir="0" index="0" bw="1" slack="1"/>
<pin id="73" dir="1" index="1" bw="1" slack="2147483647"/>
</pin_list>
<bind>
<opset="icmp_ln738 "/>
</bind>
</comp>

</comp_list>

<net_list>
<net id="36"><net_src comp="26" pin="0"/><net_sink comp="32" pin=0"/></net>

<net id="37"><net_src comp="6" pin="0"/><net_sink comp="32" pin=1"/></net>

<net id="43"><net_src comp="28" pin="0"/><net_sink comp="38" pin=0"/></net>

<net id="44"><net_src comp="0" pin="0"/><net_sink comp="38" pin=1"/></net>

<net id="45"><net_src comp="2" pin="0"/><net_sink comp="38" pin=2"/></net>

<net id="52"><net_src comp="30" pin="0"/><net_sink comp="46" pin=0"/></net>

<net id="53"><net_src comp="0" pin="0"/><net_sink comp="46" pin=1"/></net>

<net id="54"><net_src comp="2" pin="0"/><net_sink comp="46" pin=2"/></net>

<net id="55"><net_src comp="4" pin="0"/><net_sink comp="46" pin=3"/></net>

<net id="60"><net_src comp="32" pin="2"/><net_sink comp="56" pin=0"/></net>

<net id="61"><net_src comp="22" pin="0"/><net_sink comp="56" pin=1"/></net>

<net id="66"><net_src comp="32" pin="2"/><net_sink comp="62" pin=0"/></net>

<net id="67"><net_src comp="18" pin="0"/><net_sink comp="62" pin=1"/></net>

<net id="74"><net_src comp="62" pin="2"/><net_sink comp="71" pin=0"/></net>

</net_list>

</model> 
---------------- Datapath Model END ------------------

* FSMD analyzer results:
  - Output states:
	Port: cofm | {1 2 3 }
 - Input state : 
	Port: dnn_hw : cifm | {1 2 3 }
	Port: dnn_hw : tran_wgt | {1 3 }
	Port: dnn_hw : config_r | {1 }
  - Chain level:
	State 1
		br_ln735 : 1
		br_ln738 : 1
	State 2
	State 3
	State 4


============================================================
+ Verbose Summary: Datapath Resource usage 
============================================================

* Functional unit list:
|----------|--------------------------|---------|---------|---------|---------|---------|---------|
| Operation|      Functional Unit     |   BRAM  |  DSP48E |  Delay  |    FF   |   LUT   |   URAM  |
|----------|--------------------------|---------|---------|---------|---------|---------|---------|
|   call   |     grp_pool_hw_fu_38    |   128   |    0    | 243.588 |   5731  |  12045  |    0    |
|          | grp_convolution_hw_fu_46 |   160   |    10   | 138.989 |  13230  |   4966  |    0    |
|----------|--------------------------|---------|---------|---------|---------|---------|---------|
|   icmp   |     icmp_ln735_fu_56     |    0    |    0    |    0    |    0    |    18   |    0    |
|          |     icmp_ln738_fu_62     |    0    |    0    |    0    |    0    |    18   |    0    |
|----------|--------------------------|---------|---------|---------|---------|---------|---------|
|   read   |  config_read_read_fu_32  |    0    |    0    |    0    |    0    |    0    |    0    |
|----------|--------------------------|---------|---------|---------|---------|---------|---------|
|   Total  |                          |   288   |    10   | 382.577 |  18961  |  17047  |    0    |
|----------|--------------------------|---------|---------|---------|---------|---------|---------|

Memories:
N/A

* Register list:
+-----------------+--------+
|                 |   FF   |
+-----------------+--------+
|icmp_ln738_reg_71|    1   |
+-----------------+--------+
|      Total      |    1   |
+-----------------+--------+

* Multiplexer (MUX) list: 
|--------|------|------|------|--------|
|  Comp  |  Pin | Size |  BW  | S x BW |
|--------|------|------|------|--------|
|  Total |      |      |      |    0   |
|--------|------|------|------|--------|



* Summary:
+-----------+--------+--------+--------+--------+--------+--------+
|           |  BRAM  | DSP48E |  Delay |   FF   |   LUT  |  URAM  |
+-----------+--------+--------+--------+--------+--------+--------+
|  Function |   288  |   10   |   382  |  18961 |  17047 |    0   |
|   Memory  |    -   |    -   |    -   |    -   |    -   |    -   |
|Multiplexer|    -   |    -   |    -   |    -   |    -   |    -   |
|  Register |    -   |    -   |    -   |    1   |    -   |    -   |
+-----------+--------+--------+--------+--------+--------+--------+
|   Total   |   288  |   10   |   382  |  18962 |  17047 |    0   |
+-----------+--------+--------+--------+--------+--------+--------+
