

================================================================
== Vivado HLS Report for 'pool_hw'
================================================================
* Date:           Thu Jan 21 20:27:12 2021

* Version:        2019.2 (Build 2704478 on Wed Nov 06 22:10:23 MST 2019)
* Project:        finalwrapup_hls
* Solution:       solution1
* Product family: zynq
* Target device:  xc7z020-clg400-1


================================================================
== Performance Estimates
================================================================
+ Timing: 
    * Summary: 
    +--------+----------+----------+------------+
    |  Clock |  Target  | Estimated| Uncertainty|
    +--------+----------+----------+------------+
    |ap_clk  | 10.00 ns | 8.685 ns |   1.25 ns  |
    +--------+----------+----------+------------+

+ Latency: 
    * Summary: 
    +---------+---------+----------+-----------+-----+------+---------+
    |  Latency (cycles) |  Latency (absolute)  |  Interval  | Pipeline|
    |   min   |   max   |    min   |    max    | min |  max |   Type  |
    +---------+---------+----------+-----------+-----+------+---------+
    |      236|     7013| 2.360 us | 70.130 us |  236|  7013|   none  |
    +---------+---------+----------+-----------+-----+------+---------+

    + Detail: 
        * Instance: 
        N/A

        * Loop: 
        +----------+---------+---------+----------+-----------+-----------+------+----------+
        |          |  Latency (cycles) | Iteration|  Initiation Interval  | Trip |          |
        | Loop Name|   min   |   max   |  Latency |  achieved |   target  | Count| Pipelined|
        +----------+---------+---------+----------+-----------+-----------+------+----------+
        |- Loop 1  |      112|     6832|  2 ~ 122 |          -|          -|    56|    no    |
        +----------+---------+---------+----------+-----------+-----------+------+----------+

============================================================
+ Verbose Summary: Synthesis Manager
============================================================
InlineROM: 1
ExposeGlobal: 0
============================================================
+ Verbose Summary: CDFG Model
============================================================
IsTopModel: 0
ResetActiveHigh: 1
IsCombinational: 0
IsDatapathOnly: 0
HasWiredReturn: 1
HasMFsm: 0
HasVarLatency: 1
IsPipeline: 0
IsRtlPipelined: 0
IsInstanceOverlapped: 0
IsDontTouch: 0
HasImplIP: 0
IsGatedGlobalClock: 0


============================================================
+ Verbose Summary: Schedule
============================================================
* Number of FSM states : 5
* Pipeline : 0
* Dataflow Pipeline: 0

* FSM state transitions: 
1 --> 2 
2 --> 3 
3 --> 5 4 
4 --> 3 
5 --> 

* FSM state operations: 

State 1 <SV = 0> <Delay = 3.25>
ST_1 : Operation 6 [1/1] (0.00ns)   --->   "%cifm_counter_5 = alloca i32"   --->   Operation 6 'alloca' 'cifm_counter_5' <Predicate = true> <Delay = 0.00>
ST_1 : Operation 7 [1/1] (0.00ns)   --->   "%cofm_counter_5 = alloca i32"   --->   Operation 7 'alloca' 'cofm_counter_5' <Predicate = true> <Delay = 0.00>
ST_1 : Operation 8 [1/1] (0.00ns)   --->   "%ifm_buff0_0 = alloca [58 x float], align 4" [finalwrapup.cpp:234]   --->   Operation 8 'alloca' 'ifm_buff0_0' <Predicate = true> <Delay = 0.00>
ST_1 : Operation 9 [1/1] (0.00ns)   --->   "%ifm_buff0_1 = alloca [58 x float], align 4" [finalwrapup.cpp:234]   --->   Operation 9 'alloca' 'ifm_buff0_1' <Predicate = true> <Delay = 0.00>
ST_1 : Operation 10 [1/1] (0.00ns)   --->   "%ifm_buff0_2 = alloca [58 x float], align 4" [finalwrapup.cpp:234]   --->   Operation 10 'alloca' 'ifm_buff0_2' <Predicate = true> <Delay = 0.00>
ST_1 : Operation 11 [1/1] (0.00ns)   --->   "%ifm_buff0_3 = alloca [58 x float], align 4" [finalwrapup.cpp:234]   --->   Operation 11 'alloca' 'ifm_buff0_3' <Predicate = true> <Delay = 0.00>
ST_1 : Operation 12 [1/1] (0.00ns)   --->   "%ifm_buff0_4 = alloca [58 x float], align 4" [finalwrapup.cpp:234]   --->   Operation 12 'alloca' 'ifm_buff0_4' <Predicate = true> <Delay = 0.00>
ST_1 : Operation 13 [1/1] (0.00ns)   --->   "%ifm_buff0_5 = alloca [58 x float], align 4" [finalwrapup.cpp:234]   --->   Operation 13 'alloca' 'ifm_buff0_5' <Predicate = true> <Delay = 0.00>
ST_1 : Operation 14 [1/1] (0.00ns)   --->   "%ifm_buff0_6 = alloca [58 x float], align 4" [finalwrapup.cpp:234]   --->   Operation 14 'alloca' 'ifm_buff0_6' <Predicate = true> <Delay = 0.00>
ST_1 : Operation 15 [1/1] (0.00ns)   --->   "%ifm_buff0_7 = alloca [58 x float], align 4" [finalwrapup.cpp:234]   --->   Operation 15 'alloca' 'ifm_buff0_7' <Predicate = true> <Delay = 0.00>
ST_1 : Operation 16 [1/1] (0.00ns)   --->   "%ifm_buff0_8 = alloca [58 x float], align 4" [finalwrapup.cpp:234]   --->   Operation 16 'alloca' 'ifm_buff0_8' <Predicate = true> <Delay = 0.00>
ST_1 : Operation 17 [1/1] (0.00ns)   --->   "%ifm_buff0_9 = alloca [58 x float], align 4" [finalwrapup.cpp:234]   --->   Operation 17 'alloca' 'ifm_buff0_9' <Predicate = true> <Delay = 0.00>
ST_1 : Operation 18 [1/1] (0.00ns)   --->   "%ifm_buff0_10 = alloca [58 x float], align 4" [finalwrapup.cpp:234]   --->   Operation 18 'alloca' 'ifm_buff0_10' <Predicate = true> <Delay = 0.00>
ST_1 : Operation 19 [1/1] (0.00ns)   --->   "%ifm_buff0_11 = alloca [58 x float], align 4" [finalwrapup.cpp:234]   --->   Operation 19 'alloca' 'ifm_buff0_11' <Predicate = true> <Delay = 0.00>
ST_1 : Operation 20 [1/1] (0.00ns)   --->   "%ifm_buff0_12 = alloca [58 x float], align 4" [finalwrapup.cpp:234]   --->   Operation 20 'alloca' 'ifm_buff0_12' <Predicate = true> <Delay = 0.00>
ST_1 : Operation 21 [1/1] (0.00ns)   --->   "%ifm_buff0_13 = alloca [58 x float], align 4" [finalwrapup.cpp:234]   --->   Operation 21 'alloca' 'ifm_buff0_13' <Predicate = true> <Delay = 0.00>
ST_1 : Operation 22 [1/1] (0.00ns)   --->   "%ifm_buff0_14 = alloca [58 x float], align 4" [finalwrapup.cpp:234]   --->   Operation 22 'alloca' 'ifm_buff0_14' <Predicate = true> <Delay = 0.00>
ST_1 : Operation 23 [1/1] (0.00ns)   --->   "%ifm_buff0_15 = alloca [58 x float], align 4" [finalwrapup.cpp:234]   --->   Operation 23 'alloca' 'ifm_buff0_15' <Predicate = true> <Delay = 0.00>
ST_1 : Operation 24 [1/1] (0.00ns)   --->   "%ifm_buff1_0 = alloca [58 x float], align 4" [finalwrapup.cpp:236]   --->   Operation 24 'alloca' 'ifm_buff1_0' <Predicate = true> <Delay = 0.00>
ST_1 : Operation 25 [1/1] (0.00ns)   --->   "%ifm_buff1_1 = alloca [58 x float], align 4" [finalwrapup.cpp:236]   --->   Operation 25 'alloca' 'ifm_buff1_1' <Predicate = true> <Delay = 0.00>
ST_1 : Operation 26 [1/1] (0.00ns)   --->   "%ifm_buff1_2 = alloca [58 x float], align 4" [finalwrapup.cpp:236]   --->   Operation 26 'alloca' 'ifm_buff1_2' <Predicate = true> <Delay = 0.00>
ST_1 : Operation 27 [1/1] (0.00ns)   --->   "%ifm_buff1_3 = alloca [58 x float], align 4" [finalwrapup.cpp:236]   --->   Operation 27 'alloca' 'ifm_buff1_3' <Predicate = true> <Delay = 0.00>
ST_1 : Operation 28 [1/1] (0.00ns)   --->   "%ifm_buff1_4 = alloca [58 x float], align 4" [finalwrapup.cpp:236]   --->   Operation 28 'alloca' 'ifm_buff1_4' <Predicate = true> <Delay = 0.00>
ST_1 : Operation 29 [1/1] (0.00ns)   --->   "%ifm_buff1_5 = alloca [58 x float], align 4" [finalwrapup.cpp:236]   --->   Operation 29 'alloca' 'ifm_buff1_5' <Predicate = true> <Delay = 0.00>
ST_1 : Operation 30 [1/1] (0.00ns)   --->   "%ifm_buff1_6 = alloca [58 x float], align 4" [finalwrapup.cpp:236]   --->   Operation 30 'alloca' 'ifm_buff1_6' <Predicate = true> <Delay = 0.00>
ST_1 : Operation 31 [1/1] (0.00ns)   --->   "%ifm_buff1_7 = alloca [58 x float], align 4" [finalwrapup.cpp:236]   --->   Operation 31 'alloca' 'ifm_buff1_7' <Predicate = true> <Delay = 0.00>
ST_1 : Operation 32 [1/1] (0.00ns)   --->   "%ifm_buff1_8 = alloca [58 x float], align 4" [finalwrapup.cpp:236]   --->   Operation 32 'alloca' 'ifm_buff1_8' <Predicate = true> <Delay = 0.00>
ST_1 : Operation 33 [1/1] (0.00ns)   --->   "%ifm_buff1_9 = alloca [58 x float], align 4" [finalwrapup.cpp:236]   --->   Operation 33 'alloca' 'ifm_buff1_9' <Predicate = true> <Delay = 0.00>
ST_1 : Operation 34 [1/1] (0.00ns)   --->   "%ifm_buff1_10 = alloca [58 x float], align 4" [finalwrapup.cpp:236]   --->   Operation 34 'alloca' 'ifm_buff1_10' <Predicate = true> <Delay = 0.00>
ST_1 : Operation 35 [1/1] (0.00ns)   --->   "%ifm_buff1_11 = alloca [58 x float], align 4" [finalwrapup.cpp:236]   --->   Operation 35 'alloca' 'ifm_buff1_11' <Predicate = true> <Delay = 0.00>
ST_1 : Operation 36 [1/1] (0.00ns)   --->   "%ifm_buff1_12 = alloca [58 x float], align 4" [finalwrapup.cpp:236]   --->   Operation 36 'alloca' 'ifm_buff1_12' <Predicate = true> <Delay = 0.00>
ST_1 : Operation 37 [1/1] (0.00ns)   --->   "%ifm_buff1_13 = alloca [58 x float], align 4" [finalwrapup.cpp:236]   --->   Operation 37 'alloca' 'ifm_buff1_13' <Predicate = true> <Delay = 0.00>
ST_1 : Operation 38 [1/1] (0.00ns)   --->   "%ifm_buff1_14 = alloca [58 x float], align 4" [finalwrapup.cpp:236]   --->   Operation 38 'alloca' 'ifm_buff1_14' <Predicate = true> <Delay = 0.00>
ST_1 : Operation 39 [1/1] (0.00ns)   --->   "%ifm_buff1_15 = alloca [58 x float], align 4" [finalwrapup.cpp:236]   --->   Operation 39 'alloca' 'ifm_buff1_15' <Predicate = true> <Delay = 0.00>
ST_1 : Operation 40 [1/1] (0.00ns)   --->   "%ifm_buff2_0 = alloca [58 x float], align 4" [finalwrapup.cpp:238]   --->   Operation 40 'alloca' 'ifm_buff2_0' <Predicate = true> <Delay = 0.00>
ST_1 : Operation 41 [1/1] (0.00ns)   --->   "%ifm_buff2_1 = alloca [58 x float], align 4" [finalwrapup.cpp:238]   --->   Operation 41 'alloca' 'ifm_buff2_1' <Predicate = true> <Delay = 0.00>
ST_1 : Operation 42 [1/1] (0.00ns)   --->   "%ifm_buff2_2 = alloca [58 x float], align 4" [finalwrapup.cpp:238]   --->   Operation 42 'alloca' 'ifm_buff2_2' <Predicate = true> <Delay = 0.00>
ST_1 : Operation 43 [1/1] (0.00ns)   --->   "%ifm_buff2_3 = alloca [58 x float], align 4" [finalwrapup.cpp:238]   --->   Operation 43 'alloca' 'ifm_buff2_3' <Predicate = true> <Delay = 0.00>
ST_1 : Operation 44 [1/1] (0.00ns)   --->   "%ifm_buff2_4 = alloca [58 x float], align 4" [finalwrapup.cpp:238]   --->   Operation 44 'alloca' 'ifm_buff2_4' <Predicate = true> <Delay = 0.00>
ST_1 : Operation 45 [1/1] (0.00ns)   --->   "%ifm_buff2_5 = alloca [58 x float], align 4" [finalwrapup.cpp:238]   --->   Operation 45 'alloca' 'ifm_buff2_5' <Predicate = true> <Delay = 0.00>
ST_1 : Operation 46 [1/1] (0.00ns)   --->   "%ifm_buff2_6 = alloca [58 x float], align 4" [finalwrapup.cpp:238]   --->   Operation 46 'alloca' 'ifm_buff2_6' <Predicate = true> <Delay = 0.00>
ST_1 : Operation 47 [1/1] (0.00ns)   --->   "%ifm_buff2_7 = alloca [58 x float], align 4" [finalwrapup.cpp:238]   --->   Operation 47 'alloca' 'ifm_buff2_7' <Predicate = true> <Delay = 0.00>
ST_1 : Operation 48 [1/1] (0.00ns)   --->   "%ifm_buff2_8 = alloca [58 x float], align 4" [finalwrapup.cpp:238]   --->   Operation 48 'alloca' 'ifm_buff2_8' <Predicate = true> <Delay = 0.00>
ST_1 : Operation 49 [1/1] (0.00ns)   --->   "%ifm_buff2_9 = alloca [58 x float], align 4" [finalwrapup.cpp:238]   --->   Operation 49 'alloca' 'ifm_buff2_9' <Predicate = true> <Delay = 0.00>
ST_1 : Operation 50 [1/1] (0.00ns)   --->   "%ifm_buff2_10 = alloca [58 x float], align 4" [finalwrapup.cpp:238]   --->   Operation 50 'alloca' 'ifm_buff2_10' <Predicate = true> <Delay = 0.00>
ST_1 : Operation 51 [1/1] (0.00ns)   --->   "%ifm_buff2_11 = alloca [58 x float], align 4" [finalwrapup.cpp:238]   --->   Operation 51 'alloca' 'ifm_buff2_11' <Predicate = true> <Delay = 0.00>
ST_1 : Operation 52 [1/1] (0.00ns)   --->   "%ifm_buff2_12 = alloca [58 x float], align 4" [finalwrapup.cpp:238]   --->   Operation 52 'alloca' 'ifm_buff2_12' <Predicate = true> <Delay = 0.00>
ST_1 : Operation 53 [1/1] (0.00ns)   --->   "%ifm_buff2_13 = alloca [58 x float], align 4" [finalwrapup.cpp:238]   --->   Operation 53 'alloca' 'ifm_buff2_13' <Predicate = true> <Delay = 0.00>
ST_1 : Operation 54 [1/1] (0.00ns)   --->   "%ifm_buff2_14 = alloca [58 x float], align 4" [finalwrapup.cpp:238]   --->   Operation 54 'alloca' 'ifm_buff2_14' <Predicate = true> <Delay = 0.00>
ST_1 : Operation 55 [1/1] (0.00ns)   --->   "%ifm_buff2_15 = alloca [58 x float], align 4" [finalwrapup.cpp:238]   --->   Operation 55 'alloca' 'ifm_buff2_15' <Predicate = true> <Delay = 0.00>
ST_1 : Operation 56 [1/1] (0.00ns)   --->   "%ofm_buff0_0 = alloca [56 x float], align 4" [finalwrapup.cpp:249]   --->   Operation 56 'alloca' 'ofm_buff0_0' <Predicate = true> <Delay = 0.00>
ST_1 : Operation 57 [1/1] (0.00ns)   --->   "%ofm_buff0_1 = alloca [56 x float], align 4" [finalwrapup.cpp:249]   --->   Operation 57 'alloca' 'ofm_buff0_1' <Predicate = true> <Delay = 0.00>
ST_1 : Operation 58 [1/1] (0.00ns)   --->   "%ofm_buff0_2 = alloca [56 x float], align 4" [finalwrapup.cpp:249]   --->   Operation 58 'alloca' 'ofm_buff0_2' <Predicate = true> <Delay = 0.00>
ST_1 : Operation 59 [1/1] (0.00ns)   --->   "%ofm_buff0_3 = alloca [56 x float], align 4" [finalwrapup.cpp:249]   --->   Operation 59 'alloca' 'ofm_buff0_3' <Predicate = true> <Delay = 0.00>
ST_1 : Operation 60 [1/1] (0.00ns)   --->   "%ofm_buff0_4 = alloca [56 x float], align 4" [finalwrapup.cpp:249]   --->   Operation 60 'alloca' 'ofm_buff0_4' <Predicate = true> <Delay = 0.00>
ST_1 : Operation 61 [1/1] (0.00ns)   --->   "%ofm_buff0_5 = alloca [56 x float], align 4" [finalwrapup.cpp:249]   --->   Operation 61 'alloca' 'ofm_buff0_5' <Predicate = true> <Delay = 0.00>
ST_1 : Operation 62 [1/1] (0.00ns)   --->   "%ofm_buff0_6 = alloca [56 x float], align 4" [finalwrapup.cpp:249]   --->   Operation 62 'alloca' 'ofm_buff0_6' <Predicate = true> <Delay = 0.00>
ST_1 : Operation 63 [1/1] (0.00ns)   --->   "%ofm_buff0_7 = alloca [56 x float], align 4" [finalwrapup.cpp:249]   --->   Operation 63 'alloca' 'ofm_buff0_7' <Predicate = true> <Delay = 0.00>
ST_1 : Operation 64 [1/1] (0.00ns)   --->   "%ofm_buff0_8 = alloca [56 x float], align 4" [finalwrapup.cpp:249]   --->   Operation 64 'alloca' 'ofm_buff0_8' <Predicate = true> <Delay = 0.00>
ST_1 : Operation 65 [1/1] (0.00ns)   --->   "%ofm_buff0_9 = alloca [56 x float], align 4" [finalwrapup.cpp:249]   --->   Operation 65 'alloca' 'ofm_buff0_9' <Predicate = true> <Delay = 0.00>
ST_1 : Operation 66 [1/1] (0.00ns)   --->   "%ofm_buff0_10 = alloca [56 x float], align 4" [finalwrapup.cpp:249]   --->   Operation 66 'alloca' 'ofm_buff0_10' <Predicate = true> <Delay = 0.00>
ST_1 : Operation 67 [1/1] (0.00ns)   --->   "%ofm_buff0_11 = alloca [56 x float], align 4" [finalwrapup.cpp:249]   --->   Operation 67 'alloca' 'ofm_buff0_11' <Predicate = true> <Delay = 0.00>
ST_1 : Operation 68 [1/1] (0.00ns)   --->   "%ofm_buff0_12 = alloca [56 x float], align 4" [finalwrapup.cpp:249]   --->   Operation 68 'alloca' 'ofm_buff0_12' <Predicate = true> <Delay = 0.00>
ST_1 : Operation 69 [1/1] (0.00ns)   --->   "%ofm_buff0_13 = alloca [56 x float], align 4" [finalwrapup.cpp:249]   --->   Operation 69 'alloca' 'ofm_buff0_13' <Predicate = true> <Delay = 0.00>
ST_1 : Operation 70 [1/1] (0.00ns)   --->   "%ofm_buff0_14 = alloca [56 x float], align 4" [finalwrapup.cpp:249]   --->   Operation 70 'alloca' 'ofm_buff0_14' <Predicate = true> <Delay = 0.00>
ST_1 : Operation 71 [1/1] (0.00ns)   --->   "%ofm_buff0_15 = alloca [56 x float], align 4" [finalwrapup.cpp:249]   --->   Operation 71 'alloca' 'ofm_buff0_15' <Predicate = true> <Delay = 0.00>
ST_1 : Operation 72 [1/1] (0.00ns)   --->   "%ofm_buff1_0 = alloca [56 x float], align 4" [finalwrapup.cpp:250]   --->   Operation 72 'alloca' 'ofm_buff1_0' <Predicate = true> <Delay = 0.00>
ST_1 : Operation 73 [1/1] (0.00ns)   --->   "%ofm_buff1_1 = alloca [56 x float], align 4" [finalwrapup.cpp:250]   --->   Operation 73 'alloca' 'ofm_buff1_1' <Predicate = true> <Delay = 0.00>
ST_1 : Operation 74 [1/1] (0.00ns)   --->   "%ofm_buff1_2 = alloca [56 x float], align 4" [finalwrapup.cpp:250]   --->   Operation 74 'alloca' 'ofm_buff1_2' <Predicate = true> <Delay = 0.00>
ST_1 : Operation 75 [1/1] (0.00ns)   --->   "%ofm_buff1_3 = alloca [56 x float], align 4" [finalwrapup.cpp:250]   --->   Operation 75 'alloca' 'ofm_buff1_3' <Predicate = true> <Delay = 0.00>
ST_1 : Operation 76 [1/1] (0.00ns)   --->   "%ofm_buff1_4 = alloca [56 x float], align 4" [finalwrapup.cpp:250]   --->   Operation 76 'alloca' 'ofm_buff1_4' <Predicate = true> <Delay = 0.00>
ST_1 : Operation 77 [1/1] (0.00ns)   --->   "%ofm_buff1_5 = alloca [56 x float], align 4" [finalwrapup.cpp:250]   --->   Operation 77 'alloca' 'ofm_buff1_5' <Predicate = true> <Delay = 0.00>
ST_1 : Operation 78 [1/1] (0.00ns)   --->   "%ofm_buff1_6 = alloca [56 x float], align 4" [finalwrapup.cpp:250]   --->   Operation 78 'alloca' 'ofm_buff1_6' <Predicate = true> <Delay = 0.00>
ST_1 : Operation 79 [1/1] (0.00ns)   --->   "%ofm_buff1_7 = alloca [56 x float], align 4" [finalwrapup.cpp:250]   --->   Operation 79 'alloca' 'ofm_buff1_7' <Predicate = true> <Delay = 0.00>
ST_1 : Operation 80 [1/1] (0.00ns)   --->   "%ofm_buff1_8 = alloca [56 x float], align 4" [finalwrapup.cpp:250]   --->   Operation 80 'alloca' 'ofm_buff1_8' <Predicate = true> <Delay = 0.00>
ST_1 : Operation 81 [1/1] (0.00ns)   --->   "%ofm_buff1_9 = alloca [56 x float], align 4" [finalwrapup.cpp:250]   --->   Operation 81 'alloca' 'ofm_buff1_9' <Predicate = true> <Delay = 0.00>
ST_1 : Operation 82 [1/1] (0.00ns)   --->   "%ofm_buff1_10 = alloca [56 x float], align 4" [finalwrapup.cpp:250]   --->   Operation 82 'alloca' 'ofm_buff1_10' <Predicate = true> <Delay = 0.00>
ST_1 : Operation 83 [1/1] (0.00ns)   --->   "%ofm_buff1_11 = alloca [56 x float], align 4" [finalwrapup.cpp:250]   --->   Operation 83 'alloca' 'ofm_buff1_11' <Predicate = true> <Delay = 0.00>
ST_1 : Operation 84 [1/1] (0.00ns)   --->   "%ofm_buff1_12 = alloca [56 x float], align 4" [finalwrapup.cpp:250]   --->   Operation 84 'alloca' 'ofm_buff1_12' <Predicate = true> <Delay = 0.00>
ST_1 : Operation 85 [1/1] (0.00ns)   --->   "%ofm_buff1_13 = alloca [56 x float], align 4" [finalwrapup.cpp:250]   --->   Operation 85 'alloca' 'ofm_buff1_13' <Predicate = true> <Delay = 0.00>
ST_1 : Operation 86 [1/1] (0.00ns)   --->   "%ofm_buff1_14 = alloca [56 x float], align 4" [finalwrapup.cpp:250]   --->   Operation 86 'alloca' 'ofm_buff1_14' <Predicate = true> <Delay = 0.00>
ST_1 : Operation 87 [1/1] (0.00ns)   --->   "%ofm_buff1_15 = alloca [56 x float], align 4" [finalwrapup.cpp:250]   --->   Operation 87 'alloca' 'ofm_buff1_15' <Predicate = true> <Delay = 0.00>
ST_1 : Operation 88 [2/2] (3.25ns)   --->   "call fastcc void @load_cifm_data_pool(i512* %cifm, [58 x float]* %ifm_buff1_0, [58 x float]* %ifm_buff1_1, [58 x float]* %ifm_buff1_2, [58 x float]* %ifm_buff1_3, [58 x float]* %ifm_buff1_4, [58 x float]* %ifm_buff1_5, [58 x float]* %ifm_buff1_6, [58 x float]* %ifm_buff1_7, [58 x float]* %ifm_buff1_8, [58 x float]* %ifm_buff1_9, [58 x float]* %ifm_buff1_10, [58 x float]* %ifm_buff1_11, [58 x float]* %ifm_buff1_12, [58 x float]* %ifm_buff1_13, [58 x float]* %ifm_buff1_14, [58 x float]* %ifm_buff1_15, [58 x float]* %ifm_buff2_0, [58 x float]* %ifm_buff2_1, [58 x float]* %ifm_buff2_2, [58 x float]* %ifm_buff2_3, [58 x float]* %ifm_buff2_4, [58 x float]* %ifm_buff2_5, [58 x float]* %ifm_buff2_6, [58 x float]* %ifm_buff2_7, [58 x float]* %ifm_buff2_8, [58 x float]* %ifm_buff2_9, [58 x float]* %ifm_buff2_10, [58 x float]* %ifm_buff2_11, [58 x float]* %ifm_buff2_12, [58 x float]* %ifm_buff2_13, [58 x float]* %ifm_buff2_14, [58 x float]* %ifm_buff2_15)" [finalwrapup.cpp:267]   --->   Operation 88 'call' <Predicate = true> <Delay = 3.25> <CoreType = "Generic">   --->   Core 0 '' <Latency = 0> <II = 1> <Delay = 1.00> <Generic> <Opcode : >
ST_1 : Operation 89 [1/1] (1.95ns)   --->   "store i32 0, i32* %cofm_counter_5" [finalwrapup.cpp:275]   --->   Operation 89 'store' <Predicate = true> <Delay = 1.95>
ST_1 : Operation 90 [1/1] (1.95ns)   --->   "store i32 116, i32* %cifm_counter_5" [finalwrapup.cpp:275]   --->   Operation 90 'store' <Predicate = true> <Delay = 1.95>

State 2 <SV = 1> <Delay = 1.76>
ST_2 : Operation 91 [1/1] (0.00ns)   --->   "call void (...)* @_ssdm_op_SpecInterface(i512* %cifm, [5 x i8]* @p_str15, i32 0, i32 0, [5 x i8]* @p_str16, i32 0, i32 0, [1 x i8]* @p_str1, [1 x i8]* @p_str1, [1 x i8]* @p_str1, i32 0, i32 0, i32 0, i32 0, [1 x i8]* @p_str1, [1 x i8]* @p_str1) nounwind"   --->   Operation 91 'specinterface' <Predicate = true> <Delay = 0.00>
ST_2 : Operation 92 [1/1] (0.00ns)   --->   "call void (...)* @_ssdm_op_SpecInterface(i512* %cofm, [5 x i8]* @p_str15, i32 0, i32 0, [5 x i8]* @p_str16, i32 0, i32 0, [1 x i8]* @p_str1, [1 x i8]* @p_str1, [1 x i8]* @p_str1, i32 0, i32 0, i32 0, i32 0, [1 x i8]* @p_str1, [1 x i8]* @p_str1) nounwind"   --->   Operation 92 'specinterface' <Predicate = true> <Delay = 0.00>
ST_2 : Operation 93 [1/2] (0.00ns)   --->   "call fastcc void @load_cifm_data_pool(i512* %cifm, [58 x float]* %ifm_buff1_0, [58 x float]* %ifm_buff1_1, [58 x float]* %ifm_buff1_2, [58 x float]* %ifm_buff1_3, [58 x float]* %ifm_buff1_4, [58 x float]* %ifm_buff1_5, [58 x float]* %ifm_buff1_6, [58 x float]* %ifm_buff1_7, [58 x float]* %ifm_buff1_8, [58 x float]* %ifm_buff1_9, [58 x float]* %ifm_buff1_10, [58 x float]* %ifm_buff1_11, [58 x float]* %ifm_buff1_12, [58 x float]* %ifm_buff1_13, [58 x float]* %ifm_buff1_14, [58 x float]* %ifm_buff1_15, [58 x float]* %ifm_buff2_0, [58 x float]* %ifm_buff2_1, [58 x float]* %ifm_buff2_2, [58 x float]* %ifm_buff2_3, [58 x float]* %ifm_buff2_4, [58 x float]* %ifm_buff2_5, [58 x float]* %ifm_buff2_6, [58 x float]* %ifm_buff2_7, [58 x float]* %ifm_buff2_8, [58 x float]* %ifm_buff2_9, [58 x float]* %ifm_buff2_10, [58 x float]* %ifm_buff2_11, [58 x float]* %ifm_buff2_12, [58 x float]* %ifm_buff2_13, [58 x float]* %ifm_buff2_14, [58 x float]* %ifm_buff2_15)" [finalwrapup.cpp:267]   --->   Operation 93 'call' <Predicate = true> <Delay = 0.00> <CoreType = "Generic">   --->   Core 0 '' <Latency = 0> <II = 1> <Delay = 1.00> <Generic> <Opcode : >
ST_2 : Operation 94 [1/1] (1.76ns)   --->   "br label %1" [finalwrapup.cpp:275]   --->   Operation 94 'br' <Predicate = true> <Delay = 1.76>

State 3 <SV = 2> <Delay = 6.58>
ST_3 : Operation 95 [1/1] (0.00ns)   --->   "%rotate_counter_0 = phi i16 [ 0, %0 ], [ %select_ln328, %._crit_edge ]" [finalwrapup.cpp:328]   --->   Operation 95 'phi' 'rotate_counter_0' <Predicate = true> <Delay = 0.00>
ST_3 : Operation 96 [1/1] (0.00ns)   --->   "%row_0 = phi i6 [ 0, %0 ], [ %row, %._crit_edge ]"   --->   Operation 96 'phi' 'row_0' <Predicate = true> <Delay = 0.00>
ST_3 : Operation 97 [1/1] (1.42ns)   --->   "%icmp_ln275 = icmp eq i6 %row_0, -8" [finalwrapup.cpp:275]   --->   Operation 97 'icmp' 'icmp_ln275' <Predicate = true> <Delay = 1.42> <Core = "Cmp">   --->   Core 25 'Cmp' <Latency = 0> <II = 1> <Delay = 2.42> <FuncUnit> <Opcode : 'icmp'> <InPorts = 2> <OutPorts = 1>
ST_3 : Operation 98 [1/1] (0.00ns)   --->   "call void (...)* @_ssdm_op_SpecLoopTripCount(i64 56, i64 56, i64 56)"   --->   Operation 98 'speclooptripcount' <Predicate = true> <Delay = 0.00>
ST_3 : Operation 99 [1/1] (1.42ns)   --->   "%icmp_ln280 = icmp ne i6 %row_0, -9" [finalwrapup.cpp:280]   --->   Operation 99 'icmp' 'icmp_ln280' <Predicate = true> <Delay = 1.42> <Core = "Cmp">   --->   Core 25 'Cmp' <Latency = 0> <II = 1> <Delay = 2.42> <FuncUnit> <Opcode : 'icmp'> <InPorts = 2> <OutPorts = 1>
ST_3 : Operation 100 [1/1] (1.82ns)   --->   "%row = add i6 %row_0, 1" [finalwrapup.cpp:275]   --->   Operation 100 'add' 'row' <Predicate = true> <Delay = 1.82> <Core = "AddSub">   --->   Core 14 'AddSub' <Latency = 0> <II = 1> <Delay = 2.07> <FuncUnit> <Opcode : 'add' 'sub'> <InPorts = 2> <OutPorts = 1>
ST_3 : Operation 101 [1/1] (0.00ns)   --->   "br i1 %icmp_ln275, label %12, label %2" [finalwrapup.cpp:275]   --->   Operation 101 'br' <Predicate = true> <Delay = 0.00>
ST_3 : Operation 102 [1/1] (2.42ns)   --->   "%icmp_ln278 = icmp eq i16 %rotate_counter_0, 0" [finalwrapup.cpp:278]   --->   Operation 102 'icmp' 'icmp_ln278' <Predicate = (!icmp_ln275)> <Delay = 2.42> <Core = "Cmp">   --->   Core 25 'Cmp' <Latency = 0> <II = 1> <Delay = 2.42> <FuncUnit> <Opcode : 'icmp'> <InPorts = 2> <OutPorts = 1>
ST_3 : Operation 103 [1/1] (0.00ns)   --->   "br i1 %icmp_ln278, label %3, label %4" [finalwrapup.cpp:278]   --->   Operation 103 'br' <Predicate = (!icmp_ln275)> <Delay = 0.00>
ST_3 : Operation 104 [1/1] (2.42ns)   --->   "%icmp_ln289 = icmp eq i16 %rotate_counter_0, 1" [finalwrapup.cpp:289]   --->   Operation 104 'icmp' 'icmp_ln289' <Predicate = (!icmp_ln275 & !icmp_ln278)> <Delay = 2.42> <Core = "Cmp">   --->   Core 25 'Cmp' <Latency = 0> <II = 1> <Delay = 2.42> <FuncUnit> <Opcode : 'icmp'> <InPorts = 2> <OutPorts = 1>
ST_3 : Operation 105 [1/1] (0.00ns)   --->   "br i1 %icmp_ln289, label %5, label %6" [finalwrapup.cpp:289]   --->   Operation 105 'br' <Predicate = (!icmp_ln275 & !icmp_ln278)> <Delay = 0.00>
ST_3 : Operation 106 [1/1] (2.42ns)   --->   "%icmp_ln298 = icmp eq i16 %rotate_counter_0, 2" [finalwrapup.cpp:298]   --->   Operation 106 'icmp' 'icmp_ln298' <Predicate = (!icmp_ln275 & !icmp_ln278 & !icmp_ln289)> <Delay = 2.42> <Core = "Cmp">   --->   Core 25 'Cmp' <Latency = 0> <II = 1> <Delay = 2.42> <FuncUnit> <Opcode : 'icmp'> <InPorts = 2> <OutPorts = 1>
ST_3 : Operation 107 [1/1] (0.00ns)   --->   "br i1 %icmp_ln298, label %7, label %8" [finalwrapup.cpp:298]   --->   Operation 107 'br' <Predicate = (!icmp_ln275 & !icmp_ln278 & !icmp_ln289)> <Delay = 0.00>
ST_3 : Operation 108 [1/1] (2.42ns)   --->   "%icmp_ln307 = icmp eq i16 %rotate_counter_0, 3" [finalwrapup.cpp:307]   --->   Operation 108 'icmp' 'icmp_ln307' <Predicate = (!icmp_ln275 & !icmp_ln278 & !icmp_ln289 & !icmp_ln298)> <Delay = 2.42> <Core = "Cmp">   --->   Core 25 'Cmp' <Latency = 0> <II = 1> <Delay = 2.42> <FuncUnit> <Opcode : 'icmp'> <InPorts = 2> <OutPorts = 1>
ST_3 : Operation 109 [1/1] (0.00ns)   --->   "br i1 %icmp_ln307, label %9, label %10" [finalwrapup.cpp:307]   --->   Operation 109 'br' <Predicate = (!icmp_ln275 & !icmp_ln278 & !icmp_ln289 & !icmp_ln298)> <Delay = 0.00>
ST_3 : Operation 110 [1/1] (2.42ns)   --->   "%icmp_ln316 = icmp eq i16 %rotate_counter_0, 4" [finalwrapup.cpp:316]   --->   Operation 110 'icmp' 'icmp_ln316' <Predicate = (!icmp_ln275 & !icmp_ln278 & !icmp_ln289 & !icmp_ln298 & !icmp_ln307)> <Delay = 2.42> <Core = "Cmp">   --->   Core 25 'Cmp' <Latency = 0> <II = 1> <Delay = 2.42> <FuncUnit> <Opcode : 'icmp'> <InPorts = 2> <OutPorts = 1>
ST_3 : Operation 111 [1/1] (0.00ns)   --->   "br i1 %icmp_ln316, label %11, label %._crit_edge" [finalwrapup.cpp:316]   --->   Operation 111 'br' <Predicate = (!icmp_ln275 & !icmp_ln278 & !icmp_ln289 & !icmp_ln298 & !icmp_ln307)> <Delay = 0.00>
ST_3 : Operation 112 [1/1] (0.00ns)   --->   "%cifm_counter_5_load_4 = load i32* %cifm_counter_5" [finalwrapup.cpp:318]   --->   Operation 112 'load' 'cifm_counter_5_load_4' <Predicate = (!icmp_ln275 & !icmp_ln278 & !icmp_ln289 & !icmp_ln298 & !icmp_ln307 & icmp_ln316)> <Delay = 0.00>
ST_3 : Operation 113 [1/1] (0.00ns)   --->   "%cofm_counter_5_load_5 = load i32* %cofm_counter_5" [finalwrapup.cpp:320]   --->   Operation 113 'load' 'cofm_counter_5_load_5' <Predicate = (!icmp_ln275 & !icmp_ln278 & !icmp_ln289 & !icmp_ln298 & !icmp_ln307 & icmp_ln316)> <Delay = 0.00>
ST_3 : Operation 114 [2/2] (5.16ns)   --->   "%cifm_counter_4 = call fastcc i32 @write_row_ifm(i512* %cifm, [58 x float]* %ifm_buff1_0, [58 x float]* %ifm_buff1_1, [58 x float]* %ifm_buff1_2, [58 x float]* %ifm_buff1_3, [58 x float]* %ifm_buff1_4, [58 x float]* %ifm_buff1_5, [58 x float]* %ifm_buff1_6, [58 x float]* %ifm_buff1_7, [58 x float]* %ifm_buff1_8, [58 x float]* %ifm_buff1_9, [58 x float]* %ifm_buff1_10, [58 x float]* %ifm_buff1_11, [58 x float]* %ifm_buff1_12, [58 x float]* %ifm_buff1_13, [58 x float]* %ifm_buff1_14, [58 x float]* %ifm_buff1_15, i32 %cifm_counter_5_load_4, i1 zeroext %icmp_ln280)" [finalwrapup.cpp:318]   --->   Operation 114 'call' 'cifm_counter_4' <Predicate = (!icmp_ln275 & !icmp_ln278 & !icmp_ln289 & !icmp_ln298 & !icmp_ln307 & icmp_ln316)> <Delay = 5.16> <CoreType = "Generic">   --->   Core 0 '' <Latency = 0> <II = 1> <Delay = 1.00> <Generic> <Opcode : >
ST_3 : Operation 115 [2/2] (1.90ns)   --->   "call fastcc void @pool_write([58 x float]* %ifm_buff2_0, [58 x float]* %ifm_buff2_1, [58 x float]* %ifm_buff2_2, [58 x float]* %ifm_buff2_3, [58 x float]* %ifm_buff2_4, [58 x float]* %ifm_buff2_5, [58 x float]* %ifm_buff2_6, [58 x float]* %ifm_buff2_7, [58 x float]* %ifm_buff2_8, [58 x float]* %ifm_buff2_9, [58 x float]* %ifm_buff2_10, [58 x float]* %ifm_buff2_11, [58 x float]* %ifm_buff2_12, [58 x float]* %ifm_buff2_13, [58 x float]* %ifm_buff2_14, [58 x float]* %ifm_buff2_15, [58 x float]* %ifm_buff0_0, [58 x float]* %ifm_buff0_1, [58 x float]* %ifm_buff0_2, [58 x float]* %ifm_buff0_3, [58 x float]* %ifm_buff0_4, [58 x float]* %ifm_buff0_5, [58 x float]* %ifm_buff0_6, [58 x float]* %ifm_buff0_7, [58 x float]* %ifm_buff0_8, [58 x float]* %ifm_buff0_9, [58 x float]* %ifm_buff0_10, [58 x float]* %ifm_buff0_11, [58 x float]* %ifm_buff0_12, [58 x float]* %ifm_buff0_13, [58 x float]* %ifm_buff0_14, [58 x float]* %ifm_buff0_15, [56 x float]* %ofm_buff0_0, [56 x float]* %ofm_buff0_1, [56 x float]* %ofm_buff0_2, [56 x float]* %ofm_buff0_3, [56 x float]* %ofm_buff0_4, [56 x float]* %ofm_buff0_5, [56 x float]* %ofm_buff0_6, [56 x float]* %ofm_buff0_7, [56 x float]* %ofm_buff0_8, [56 x float]* %ofm_buff0_9, [56 x float]* %ofm_buff0_10, [56 x float]* %ofm_buff0_11, [56 x float]* %ofm_buff0_12, [56 x float]* %ofm_buff0_13, [56 x float]* %ofm_buff0_14, [56 x float]* %ofm_buff0_15)" [finalwrapup.cpp:319]   --->   Operation 115 'call' <Predicate = (!icmp_ln275 & !icmp_ln278 & !icmp_ln289 & !icmp_ln298 & !icmp_ln307 & icmp_ln316)> <Delay = 1.90> <CoreType = "Generic">   --->   Core 0 '' <Latency = 0> <II = 1> <Delay = 1.00> <Generic> <Opcode : >
ST_3 : Operation 116 [2/2] (4.50ns)   --->   "%cofm_counter_4 = call fastcc i32 @conv_read(i512* %cofm, [56 x float]* %ofm_buff1_0, [56 x float]* %ofm_buff1_1, [56 x float]* %ofm_buff1_2, [56 x float]* %ofm_buff1_3, [56 x float]* %ofm_buff1_4, [56 x float]* %ofm_buff1_5, [56 x float]* %ofm_buff1_6, [56 x float]* %ofm_buff1_7, [56 x float]* %ofm_buff1_8, [56 x float]* %ofm_buff1_9, [56 x float]* %ofm_buff1_10, [56 x float]* %ofm_buff1_11, [56 x float]* %ofm_buff1_12, [56 x float]* %ofm_buff1_13, [56 x float]* %ofm_buff1_14, [56 x float]* %ofm_buff1_15, i32 %cofm_counter_5_load_5, i1 zeroext true)" [finalwrapup.cpp:320]   --->   Operation 116 'call' 'cofm_counter_4' <Predicate = (!icmp_ln275 & !icmp_ln278 & !icmp_ln289 & !icmp_ln298 & !icmp_ln307 & icmp_ln316)> <Delay = 4.50> <CoreType = "Generic">   --->   Core 0 '' <Latency = 0> <II = 1> <Delay = 1.00> <Generic> <Opcode : >
ST_3 : Operation 117 [1/1] (0.00ns)   --->   "%cifm_counter_5_load_3 = load i32* %cifm_counter_5" [finalwrapup.cpp:309]   --->   Operation 117 'load' 'cifm_counter_5_load_3' <Predicate = (!icmp_ln275 & !icmp_ln278 & !icmp_ln289 & !icmp_ln298 & icmp_ln307)> <Delay = 0.00>
ST_3 : Operation 118 [1/1] (0.00ns)   --->   "%cofm_counter_5_load_4 = load i32* %cofm_counter_5" [finalwrapup.cpp:311]   --->   Operation 118 'load' 'cofm_counter_5_load_4' <Predicate = (!icmp_ln275 & !icmp_ln278 & !icmp_ln289 & !icmp_ln298 & icmp_ln307)> <Delay = 0.00>
ST_3 : Operation 119 [2/2] (5.16ns)   --->   "%cifm_counter_3 = call fastcc i32 @write_row_ifm(i512* %cifm, [58 x float]* %ifm_buff0_0, [58 x float]* %ifm_buff0_1, [58 x float]* %ifm_buff0_2, [58 x float]* %ifm_buff0_3, [58 x float]* %ifm_buff0_4, [58 x float]* %ifm_buff0_5, [58 x float]* %ifm_buff0_6, [58 x float]* %ifm_buff0_7, [58 x float]* %ifm_buff0_8, [58 x float]* %ifm_buff0_9, [58 x float]* %ifm_buff0_10, [58 x float]* %ifm_buff0_11, [58 x float]* %ifm_buff0_12, [58 x float]* %ifm_buff0_13, [58 x float]* %ifm_buff0_14, [58 x float]* %ifm_buff0_15, i32 %cifm_counter_5_load_3, i1 zeroext %icmp_ln280)" [finalwrapup.cpp:309]   --->   Operation 119 'call' 'cifm_counter_3' <Predicate = (!icmp_ln275 & !icmp_ln278 & !icmp_ln289 & !icmp_ln298 & icmp_ln307)> <Delay = 5.16> <CoreType = "Generic">   --->   Core 0 '' <Latency = 0> <II = 1> <Delay = 1.00> <Generic> <Opcode : >
ST_3 : Operation 120 [2/2] (1.90ns)   --->   "call fastcc void @pool_write([58 x float]* %ifm_buff1_0, [58 x float]* %ifm_buff1_1, [58 x float]* %ifm_buff1_2, [58 x float]* %ifm_buff1_3, [58 x float]* %ifm_buff1_4, [58 x float]* %ifm_buff1_5, [58 x float]* %ifm_buff1_6, [58 x float]* %ifm_buff1_7, [58 x float]* %ifm_buff1_8, [58 x float]* %ifm_buff1_9, [58 x float]* %ifm_buff1_10, [58 x float]* %ifm_buff1_11, [58 x float]* %ifm_buff1_12, [58 x float]* %ifm_buff1_13, [58 x float]* %ifm_buff1_14, [58 x float]* %ifm_buff1_15, [58 x float]* %ifm_buff2_0, [58 x float]* %ifm_buff2_1, [58 x float]* %ifm_buff2_2, [58 x float]* %ifm_buff2_3, [58 x float]* %ifm_buff2_4, [58 x float]* %ifm_buff2_5, [58 x float]* %ifm_buff2_6, [58 x float]* %ifm_buff2_7, [58 x float]* %ifm_buff2_8, [58 x float]* %ifm_buff2_9, [58 x float]* %ifm_buff2_10, [58 x float]* %ifm_buff2_11, [58 x float]* %ifm_buff2_12, [58 x float]* %ifm_buff2_13, [58 x float]* %ifm_buff2_14, [58 x float]* %ifm_buff2_15, [56 x float]* %ofm_buff1_0, [56 x float]* %ofm_buff1_1, [56 x float]* %ofm_buff1_2, [56 x float]* %ofm_buff1_3, [56 x float]* %ofm_buff1_4, [56 x float]* %ofm_buff1_5, [56 x float]* %ofm_buff1_6, [56 x float]* %ofm_buff1_7, [56 x float]* %ofm_buff1_8, [56 x float]* %ofm_buff1_9, [56 x float]* %ofm_buff1_10, [56 x float]* %ofm_buff1_11, [56 x float]* %ofm_buff1_12, [56 x float]* %ofm_buff1_13, [56 x float]* %ofm_buff1_14, [56 x float]* %ofm_buff1_15)" [finalwrapup.cpp:310]   --->   Operation 120 'call' <Predicate = (!icmp_ln275 & !icmp_ln278 & !icmp_ln289 & !icmp_ln298 & icmp_ln307)> <Delay = 1.90> <CoreType = "Generic">   --->   Core 0 '' <Latency = 0> <II = 1> <Delay = 1.00> <Generic> <Opcode : >
ST_3 : Operation 121 [2/2] (4.50ns)   --->   "%cofm_counter_3 = call fastcc i32 @conv_read(i512* %cofm, [56 x float]* %ofm_buff0_0, [56 x float]* %ofm_buff0_1, [56 x float]* %ofm_buff0_2, [56 x float]* %ofm_buff0_3, [56 x float]* %ofm_buff0_4, [56 x float]* %ofm_buff0_5, [56 x float]* %ofm_buff0_6, [56 x float]* %ofm_buff0_7, [56 x float]* %ofm_buff0_8, [56 x float]* %ofm_buff0_9, [56 x float]* %ofm_buff0_10, [56 x float]* %ofm_buff0_11, [56 x float]* %ofm_buff0_12, [56 x float]* %ofm_buff0_13, [56 x float]* %ofm_buff0_14, [56 x float]* %ofm_buff0_15, i32 %cofm_counter_5_load_4, i1 zeroext true)" [finalwrapup.cpp:311]   --->   Operation 121 'call' 'cofm_counter_3' <Predicate = (!icmp_ln275 & !icmp_ln278 & !icmp_ln289 & !icmp_ln298 & icmp_ln307)> <Delay = 4.50> <CoreType = "Generic">   --->   Core 0 '' <Latency = 0> <II = 1> <Delay = 1.00> <Generic> <Opcode : >
ST_3 : Operation 122 [1/1] (0.00ns)   --->   "%cifm_counter_5_load_2 = load i32* %cifm_counter_5" [finalwrapup.cpp:300]   --->   Operation 122 'load' 'cifm_counter_5_load_2' <Predicate = (!icmp_ln275 & !icmp_ln278 & !icmp_ln289 & icmp_ln298)> <Delay = 0.00>
ST_3 : Operation 123 [1/1] (0.00ns)   --->   "%cofm_counter_5_load_3 = load i32* %cofm_counter_5" [finalwrapup.cpp:302]   --->   Operation 123 'load' 'cofm_counter_5_load_3' <Predicate = (!icmp_ln275 & !icmp_ln278 & !icmp_ln289 & icmp_ln298)> <Delay = 0.00>
ST_3 : Operation 124 [2/2] (5.16ns)   --->   "%cifm_counter_2 = call fastcc i32 @write_row_ifm(i512* %cifm, [58 x float]* %ifm_buff2_0, [58 x float]* %ifm_buff2_1, [58 x float]* %ifm_buff2_2, [58 x float]* %ifm_buff2_3, [58 x float]* %ifm_buff2_4, [58 x float]* %ifm_buff2_5, [58 x float]* %ifm_buff2_6, [58 x float]* %ifm_buff2_7, [58 x float]* %ifm_buff2_8, [58 x float]* %ifm_buff2_9, [58 x float]* %ifm_buff2_10, [58 x float]* %ifm_buff2_11, [58 x float]* %ifm_buff2_12, [58 x float]* %ifm_buff2_13, [58 x float]* %ifm_buff2_14, [58 x float]* %ifm_buff2_15, i32 %cifm_counter_5_load_2, i1 zeroext %icmp_ln280)" [finalwrapup.cpp:300]   --->   Operation 124 'call' 'cifm_counter_2' <Predicate = (!icmp_ln275 & !icmp_ln278 & !icmp_ln289 & icmp_ln298)> <Delay = 5.16> <CoreType = "Generic">   --->   Core 0 '' <Latency = 0> <II = 1> <Delay = 1.00> <Generic> <Opcode : >
ST_3 : Operation 125 [2/2] (1.90ns)   --->   "call fastcc void @pool_write([58 x float]* %ifm_buff0_0, [58 x float]* %ifm_buff0_1, [58 x float]* %ifm_buff0_2, [58 x float]* %ifm_buff0_3, [58 x float]* %ifm_buff0_4, [58 x float]* %ifm_buff0_5, [58 x float]* %ifm_buff0_6, [58 x float]* %ifm_buff0_7, [58 x float]* %ifm_buff0_8, [58 x float]* %ifm_buff0_9, [58 x float]* %ifm_buff0_10, [58 x float]* %ifm_buff0_11, [58 x float]* %ifm_buff0_12, [58 x float]* %ifm_buff0_13, [58 x float]* %ifm_buff0_14, [58 x float]* %ifm_buff0_15, [58 x float]* %ifm_buff1_0, [58 x float]* %ifm_buff1_1, [58 x float]* %ifm_buff1_2, [58 x float]* %ifm_buff1_3, [58 x float]* %ifm_buff1_4, [58 x float]* %ifm_buff1_5, [58 x float]* %ifm_buff1_6, [58 x float]* %ifm_buff1_7, [58 x float]* %ifm_buff1_8, [58 x float]* %ifm_buff1_9, [58 x float]* %ifm_buff1_10, [58 x float]* %ifm_buff1_11, [58 x float]* %ifm_buff1_12, [58 x float]* %ifm_buff1_13, [58 x float]* %ifm_buff1_14, [58 x float]* %ifm_buff1_15, [56 x float]* %ofm_buff0_0, [56 x float]* %ofm_buff0_1, [56 x float]* %ofm_buff0_2, [56 x float]* %ofm_buff0_3, [56 x float]* %ofm_buff0_4, [56 x float]* %ofm_buff0_5, [56 x float]* %ofm_buff0_6, [56 x float]* %ofm_buff0_7, [56 x float]* %ofm_buff0_8, [56 x float]* %ofm_buff0_9, [56 x float]* %ofm_buff0_10, [56 x float]* %ofm_buff0_11, [56 x float]* %ofm_buff0_12, [56 x float]* %ofm_buff0_13, [56 x float]* %ofm_buff0_14, [56 x float]* %ofm_buff0_15)" [finalwrapup.cpp:301]   --->   Operation 125 'call' <Predicate = (!icmp_ln275 & !icmp_ln278 & !icmp_ln289 & icmp_ln298)> <Delay = 1.90> <CoreType = "Generic">   --->   Core 0 '' <Latency = 0> <II = 1> <Delay = 1.00> <Generic> <Opcode : >
ST_3 : Operation 126 [2/2] (4.50ns)   --->   "%cofm_counter_2 = call fastcc i32 @conv_read(i512* %cofm, [56 x float]* %ofm_buff1_0, [56 x float]* %ofm_buff1_1, [56 x float]* %ofm_buff1_2, [56 x float]* %ofm_buff1_3, [56 x float]* %ofm_buff1_4, [56 x float]* %ofm_buff1_5, [56 x float]* %ofm_buff1_6, [56 x float]* %ofm_buff1_7, [56 x float]* %ofm_buff1_8, [56 x float]* %ofm_buff1_9, [56 x float]* %ofm_buff1_10, [56 x float]* %ofm_buff1_11, [56 x float]* %ofm_buff1_12, [56 x float]* %ofm_buff1_13, [56 x float]* %ofm_buff1_14, [56 x float]* %ofm_buff1_15, i32 %cofm_counter_5_load_3, i1 zeroext true)" [finalwrapup.cpp:302]   --->   Operation 126 'call' 'cofm_counter_2' <Predicate = (!icmp_ln275 & !icmp_ln278 & !icmp_ln289 & icmp_ln298)> <Delay = 4.50> <CoreType = "Generic">   --->   Core 0 '' <Latency = 0> <II = 1> <Delay = 1.00> <Generic> <Opcode : >
ST_3 : Operation 127 [1/1] (0.00ns)   --->   "%cifm_counter_5_load_1 = load i32* %cifm_counter_5" [finalwrapup.cpp:291]   --->   Operation 127 'load' 'cifm_counter_5_load_1' <Predicate = (!icmp_ln275 & !icmp_ln278 & icmp_ln289)> <Delay = 0.00>
ST_3 : Operation 128 [1/1] (0.00ns)   --->   "%cofm_counter_5_load_2 = load i32* %cofm_counter_5" [finalwrapup.cpp:293]   --->   Operation 128 'load' 'cofm_counter_5_load_2' <Predicate = (!icmp_ln275 & !icmp_ln278 & icmp_ln289)> <Delay = 0.00>
ST_3 : Operation 129 [2/2] (5.16ns)   --->   "%cifm_counter_1 = call fastcc i32 @write_row_ifm(i512* %cifm, [58 x float]* %ifm_buff1_0, [58 x float]* %ifm_buff1_1, [58 x float]* %ifm_buff1_2, [58 x float]* %ifm_buff1_3, [58 x float]* %ifm_buff1_4, [58 x float]* %ifm_buff1_5, [58 x float]* %ifm_buff1_6, [58 x float]* %ifm_buff1_7, [58 x float]* %ifm_buff1_8, [58 x float]* %ifm_buff1_9, [58 x float]* %ifm_buff1_10, [58 x float]* %ifm_buff1_11, [58 x float]* %ifm_buff1_12, [58 x float]* %ifm_buff1_13, [58 x float]* %ifm_buff1_14, [58 x float]* %ifm_buff1_15, i32 %cifm_counter_5_load_1, i1 zeroext %icmp_ln280)" [finalwrapup.cpp:291]   --->   Operation 129 'call' 'cifm_counter_1' <Predicate = (!icmp_ln275 & !icmp_ln278 & icmp_ln289)> <Delay = 5.16> <CoreType = "Generic">   --->   Core 0 '' <Latency = 0> <II = 1> <Delay = 1.00> <Generic> <Opcode : >
ST_3 : Operation 130 [2/2] (1.90ns)   --->   "call fastcc void @pool_write([58 x float]* %ifm_buff2_0, [58 x float]* %ifm_buff2_1, [58 x float]* %ifm_buff2_2, [58 x float]* %ifm_buff2_3, [58 x float]* %ifm_buff2_4, [58 x float]* %ifm_buff2_5, [58 x float]* %ifm_buff2_6, [58 x float]* %ifm_buff2_7, [58 x float]* %ifm_buff2_8, [58 x float]* %ifm_buff2_9, [58 x float]* %ifm_buff2_10, [58 x float]* %ifm_buff2_11, [58 x float]* %ifm_buff2_12, [58 x float]* %ifm_buff2_13, [58 x float]* %ifm_buff2_14, [58 x float]* %ifm_buff2_15, [58 x float]* %ifm_buff0_0, [58 x float]* %ifm_buff0_1, [58 x float]* %ifm_buff0_2, [58 x float]* %ifm_buff0_3, [58 x float]* %ifm_buff0_4, [58 x float]* %ifm_buff0_5, [58 x float]* %ifm_buff0_6, [58 x float]* %ifm_buff0_7, [58 x float]* %ifm_buff0_8, [58 x float]* %ifm_buff0_9, [58 x float]* %ifm_buff0_10, [58 x float]* %ifm_buff0_11, [58 x float]* %ifm_buff0_12, [58 x float]* %ifm_buff0_13, [58 x float]* %ifm_buff0_14, [58 x float]* %ifm_buff0_15, [56 x float]* %ofm_buff1_0, [56 x float]* %ofm_buff1_1, [56 x float]* %ofm_buff1_2, [56 x float]* %ofm_buff1_3, [56 x float]* %ofm_buff1_4, [56 x float]* %ofm_buff1_5, [56 x float]* %ofm_buff1_6, [56 x float]* %ofm_buff1_7, [56 x float]* %ofm_buff1_8, [56 x float]* %ofm_buff1_9, [56 x float]* %ofm_buff1_10, [56 x float]* %ofm_buff1_11, [56 x float]* %ofm_buff1_12, [56 x float]* %ofm_buff1_13, [56 x float]* %ofm_buff1_14, [56 x float]* %ofm_buff1_15)" [finalwrapup.cpp:292]   --->   Operation 130 'call' <Predicate = (!icmp_ln275 & !icmp_ln278 & icmp_ln289)> <Delay = 1.90> <CoreType = "Generic">   --->   Core 0 '' <Latency = 0> <II = 1> <Delay = 1.00> <Generic> <Opcode : >
ST_3 : Operation 131 [2/2] (4.50ns)   --->   "%cofm_counter_1 = call fastcc i32 @conv_read(i512* %cofm, [56 x float]* %ofm_buff0_0, [56 x float]* %ofm_buff0_1, [56 x float]* %ofm_buff0_2, [56 x float]* %ofm_buff0_3, [56 x float]* %ofm_buff0_4, [56 x float]* %ofm_buff0_5, [56 x float]* %ofm_buff0_6, [56 x float]* %ofm_buff0_7, [56 x float]* %ofm_buff0_8, [56 x float]* %ofm_buff0_9, [56 x float]* %ofm_buff0_10, [56 x float]* %ofm_buff0_11, [56 x float]* %ofm_buff0_12, [56 x float]* %ofm_buff0_13, [56 x float]* %ofm_buff0_14, [56 x float]* %ofm_buff0_15, i32 %cofm_counter_5_load_2, i1 zeroext true)" [finalwrapup.cpp:293]   --->   Operation 131 'call' 'cofm_counter_1' <Predicate = (!icmp_ln275 & !icmp_ln278 & icmp_ln289)> <Delay = 4.50> <CoreType = "Generic">   --->   Core 0 '' <Latency = 0> <II = 1> <Delay = 1.00> <Generic> <Opcode : >
ST_3 : Operation 132 [1/1] (0.00ns)   --->   "%cifm_counter_5_load = load i32* %cifm_counter_5" [finalwrapup.cpp:280]   --->   Operation 132 'load' 'cifm_counter_5_load' <Predicate = (!icmp_ln275 & icmp_ln278)> <Delay = 0.00>
ST_3 : Operation 133 [1/1] (0.00ns)   --->   "%cofm_counter_5_load_1 = load i32* %cofm_counter_5" [finalwrapup.cpp:283]   --->   Operation 133 'load' 'cofm_counter_5_load_1' <Predicate = (!icmp_ln275 & icmp_ln278)> <Delay = 0.00>
ST_3 : Operation 134 [2/2] (5.16ns)   --->   "%cifm_counter = call fastcc i32 @write_row_ifm(i512* %cifm, [58 x float]* %ifm_buff0_0, [58 x float]* %ifm_buff0_1, [58 x float]* %ifm_buff0_2, [58 x float]* %ifm_buff0_3, [58 x float]* %ifm_buff0_4, [58 x float]* %ifm_buff0_5, [58 x float]* %ifm_buff0_6, [58 x float]* %ifm_buff0_7, [58 x float]* %ifm_buff0_8, [58 x float]* %ifm_buff0_9, [58 x float]* %ifm_buff0_10, [58 x float]* %ifm_buff0_11, [58 x float]* %ifm_buff0_12, [58 x float]* %ifm_buff0_13, [58 x float]* %ifm_buff0_14, [58 x float]* %ifm_buff0_15, i32 %cifm_counter_5_load, i1 zeroext %icmp_ln280)" [finalwrapup.cpp:280]   --->   Operation 134 'call' 'cifm_counter' <Predicate = (!icmp_ln275 & icmp_ln278)> <Delay = 5.16> <CoreType = "Generic">   --->   Core 0 '' <Latency = 0> <II = 1> <Delay = 1.00> <Generic> <Opcode : >
ST_3 : Operation 135 [2/2] (1.90ns)   --->   "call fastcc void @pool_write([58 x float]* %ifm_buff1_0, [58 x float]* %ifm_buff1_1, [58 x float]* %ifm_buff1_2, [58 x float]* %ifm_buff1_3, [58 x float]* %ifm_buff1_4, [58 x float]* %ifm_buff1_5, [58 x float]* %ifm_buff1_6, [58 x float]* %ifm_buff1_7, [58 x float]* %ifm_buff1_8, [58 x float]* %ifm_buff1_9, [58 x float]* %ifm_buff1_10, [58 x float]* %ifm_buff1_11, [58 x float]* %ifm_buff1_12, [58 x float]* %ifm_buff1_13, [58 x float]* %ifm_buff1_14, [58 x float]* %ifm_buff1_15, [58 x float]* %ifm_buff2_0, [58 x float]* %ifm_buff2_1, [58 x float]* %ifm_buff2_2, [58 x float]* %ifm_buff2_3, [58 x float]* %ifm_buff2_4, [58 x float]* %ifm_buff2_5, [58 x float]* %ifm_buff2_6, [58 x float]* %ifm_buff2_7, [58 x float]* %ifm_buff2_8, [58 x float]* %ifm_buff2_9, [58 x float]* %ifm_buff2_10, [58 x float]* %ifm_buff2_11, [58 x float]* %ifm_buff2_12, [58 x float]* %ifm_buff2_13, [58 x float]* %ifm_buff2_14, [58 x float]* %ifm_buff2_15, [56 x float]* %ofm_buff0_0, [56 x float]* %ofm_buff0_1, [56 x float]* %ofm_buff0_2, [56 x float]* %ofm_buff0_3, [56 x float]* %ofm_buff0_4, [56 x float]* %ofm_buff0_5, [56 x float]* %ofm_buff0_6, [56 x float]* %ofm_buff0_7, [56 x float]* %ofm_buff0_8, [56 x float]* %ofm_buff0_9, [56 x float]* %ofm_buff0_10, [56 x float]* %ofm_buff0_11, [56 x float]* %ofm_buff0_12, [56 x float]* %ofm_buff0_13, [56 x float]* %ofm_buff0_14, [56 x float]* %ofm_buff0_15)" [finalwrapup.cpp:282]   --->   Operation 135 'call' <Predicate = (!icmp_ln275 & icmp_ln278)> <Delay = 1.90> <CoreType = "Generic">   --->   Core 0 '' <Latency = 0> <II = 1> <Delay = 1.00> <Generic> <Opcode : >
ST_3 : Operation 136 [1/1] (1.42ns)   --->   "%icmp_ln283 = icmp ne i6 %row_0, 0" [finalwrapup.cpp:283]   --->   Operation 136 'icmp' 'icmp_ln283' <Predicate = (!icmp_ln275 & icmp_ln278)> <Delay = 1.42> <Core = "Cmp">   --->   Core 25 'Cmp' <Latency = 0> <II = 1> <Delay = 2.42> <FuncUnit> <Opcode : 'icmp'> <InPorts = 2> <OutPorts = 1>
ST_3 : Operation 137 [2/2] (4.50ns)   --->   "%cofm_counter = call fastcc i32 @conv_read(i512* %cofm, [56 x float]* %ofm_buff1_0, [56 x float]* %ofm_buff1_1, [56 x float]* %ofm_buff1_2, [56 x float]* %ofm_buff1_3, [56 x float]* %ofm_buff1_4, [56 x float]* %ofm_buff1_5, [56 x float]* %ofm_buff1_6, [56 x float]* %ofm_buff1_7, [56 x float]* %ofm_buff1_8, [56 x float]* %ofm_buff1_9, [56 x float]* %ofm_buff1_10, [56 x float]* %ofm_buff1_11, [56 x float]* %ofm_buff1_12, [56 x float]* %ofm_buff1_13, [56 x float]* %ofm_buff1_14, [56 x float]* %ofm_buff1_15, i32 %cofm_counter_5_load_1, i1 zeroext %icmp_ln283)" [finalwrapup.cpp:283]   --->   Operation 137 'call' 'cofm_counter' <Predicate = (!icmp_ln275 & icmp_ln278)> <Delay = 4.50> <CoreType = "Generic">   --->   Core 0 '' <Latency = 0> <II = 1> <Delay = 1.00> <Generic> <Opcode : >
ST_3 : Operation 138 [1/1] (0.00ns)   --->   "%cofm_counter_5_load = load i32* %cofm_counter_5" [finalwrapup.cpp:333]   --->   Operation 138 'load' 'cofm_counter_5_load' <Predicate = (icmp_ln275)> <Delay = 0.00>
ST_3 : Operation 139 [2/2] (4.50ns)   --->   "%call_ret124658 = call fastcc i32 @conv_read(i512* %cofm, [56 x float]* %ofm_buff1_0, [56 x float]* %ofm_buff1_1, [56 x float]* %ofm_buff1_2, [56 x float]* %ofm_buff1_3, [56 x float]* %ofm_buff1_4, [56 x float]* %ofm_buff1_5, [56 x float]* %ofm_buff1_6, [56 x float]* %ofm_buff1_7, [56 x float]* %ofm_buff1_8, [56 x float]* %ofm_buff1_9, [56 x float]* %ofm_buff1_10, [56 x float]* %ofm_buff1_11, [56 x float]* %ofm_buff1_12, [56 x float]* %ofm_buff1_13, [56 x float]* %ofm_buff1_14, [56 x float]* %ofm_buff1_15, i32 %cofm_counter_5_load, i1 zeroext true)" [finalwrapup.cpp:333]   --->   Operation 139 'call' 'call_ret124658' <Predicate = (icmp_ln275)> <Delay = 4.50> <CoreType = "Generic">   --->   Core 0 '' <Latency = 0> <II = 1> <Delay = 1.00> <Generic> <Opcode : >

State 4 <SV = 3> <Delay = 5.31>
ST_4 : Operation 140 [1/2] (1.76ns)   --->   "%cifm_counter_4 = call fastcc i32 @write_row_ifm(i512* %cifm, [58 x float]* %ifm_buff1_0, [58 x float]* %ifm_buff1_1, [58 x float]* %ifm_buff1_2, [58 x float]* %ifm_buff1_3, [58 x float]* %ifm_buff1_4, [58 x float]* %ifm_buff1_5, [58 x float]* %ifm_buff1_6, [58 x float]* %ifm_buff1_7, [58 x float]* %ifm_buff1_8, [58 x float]* %ifm_buff1_9, [58 x float]* %ifm_buff1_10, [58 x float]* %ifm_buff1_11, [58 x float]* %ifm_buff1_12, [58 x float]* %ifm_buff1_13, [58 x float]* %ifm_buff1_14, [58 x float]* %ifm_buff1_15, i32 %cifm_counter_5_load_4, i1 zeroext %icmp_ln280)" [finalwrapup.cpp:318]   --->   Operation 140 'call' 'cifm_counter_4' <Predicate = (!icmp_ln278 & !icmp_ln289 & !icmp_ln298 & !icmp_ln307 & icmp_ln316)> <Delay = 1.76> <CoreType = "Generic">   --->   Core 0 '' <Latency = 0> <II = 1> <Delay = 1.00> <Generic> <Opcode : >
ST_4 : Operation 141 [1/2] (0.00ns)   --->   "call fastcc void @pool_write([58 x float]* %ifm_buff2_0, [58 x float]* %ifm_buff2_1, [58 x float]* %ifm_buff2_2, [58 x float]* %ifm_buff2_3, [58 x float]* %ifm_buff2_4, [58 x float]* %ifm_buff2_5, [58 x float]* %ifm_buff2_6, [58 x float]* %ifm_buff2_7, [58 x float]* %ifm_buff2_8, [58 x float]* %ifm_buff2_9, [58 x float]* %ifm_buff2_10, [58 x float]* %ifm_buff2_11, [58 x float]* %ifm_buff2_12, [58 x float]* %ifm_buff2_13, [58 x float]* %ifm_buff2_14, [58 x float]* %ifm_buff2_15, [58 x float]* %ifm_buff0_0, [58 x float]* %ifm_buff0_1, [58 x float]* %ifm_buff0_2, [58 x float]* %ifm_buff0_3, [58 x float]* %ifm_buff0_4, [58 x float]* %ifm_buff0_5, [58 x float]* %ifm_buff0_6, [58 x float]* %ifm_buff0_7, [58 x float]* %ifm_buff0_8, [58 x float]* %ifm_buff0_9, [58 x float]* %ifm_buff0_10, [58 x float]* %ifm_buff0_11, [58 x float]* %ifm_buff0_12, [58 x float]* %ifm_buff0_13, [58 x float]* %ifm_buff0_14, [58 x float]* %ifm_buff0_15, [56 x float]* %ofm_buff0_0, [56 x float]* %ofm_buff0_1, [56 x float]* %ofm_buff0_2, [56 x float]* %ofm_buff0_3, [56 x float]* %ofm_buff0_4, [56 x float]* %ofm_buff0_5, [56 x float]* %ofm_buff0_6, [56 x float]* %ofm_buff0_7, [56 x float]* %ofm_buff0_8, [56 x float]* %ofm_buff0_9, [56 x float]* %ofm_buff0_10, [56 x float]* %ofm_buff0_11, [56 x float]* %ofm_buff0_12, [56 x float]* %ofm_buff0_13, [56 x float]* %ofm_buff0_14, [56 x float]* %ofm_buff0_15)" [finalwrapup.cpp:319]   --->   Operation 141 'call' <Predicate = (!icmp_ln278 & !icmp_ln289 & !icmp_ln298 & !icmp_ln307 & icmp_ln316)> <Delay = 0.00> <CoreType = "Generic">   --->   Core 0 '' <Latency = 0> <II = 1> <Delay = 1.00> <Generic> <Opcode : >
ST_4 : Operation 142 [1/2] (3.25ns)   --->   "%cofm_counter_4 = call fastcc i32 @conv_read(i512* %cofm, [56 x float]* %ofm_buff1_0, [56 x float]* %ofm_buff1_1, [56 x float]* %ofm_buff1_2, [56 x float]* %ofm_buff1_3, [56 x float]* %ofm_buff1_4, [56 x float]* %ofm_buff1_5, [56 x float]* %ofm_buff1_6, [56 x float]* %ofm_buff1_7, [56 x float]* %ofm_buff1_8, [56 x float]* %ofm_buff1_9, [56 x float]* %ofm_buff1_10, [56 x float]* %ofm_buff1_11, [56 x float]* %ofm_buff1_12, [56 x float]* %ofm_buff1_13, [56 x float]* %ofm_buff1_14, [56 x float]* %ofm_buff1_15, i32 %cofm_counter_5_load_5, i1 zeroext true)" [finalwrapup.cpp:320]   --->   Operation 142 'call' 'cofm_counter_4' <Predicate = (!icmp_ln278 & !icmp_ln289 & !icmp_ln298 & !icmp_ln307 & icmp_ln316)> <Delay = 3.25> <CoreType = "Generic">   --->   Core 0 '' <Latency = 0> <II = 1> <Delay = 1.00> <Generic> <Opcode : >
ST_4 : Operation 143 [1/1] (1.95ns)   --->   "store i32 %cofm_counter_4, i32* %cofm_counter_5" [finalwrapup.cpp:321]   --->   Operation 143 'store' <Predicate = (!icmp_ln278 & !icmp_ln289 & !icmp_ln298 & !icmp_ln307 & icmp_ln316)> <Delay = 1.95>
ST_4 : Operation 144 [1/1] (1.95ns)   --->   "store i32 %cifm_counter_4, i32* %cifm_counter_5" [finalwrapup.cpp:321]   --->   Operation 144 'store' <Predicate = (!icmp_ln278 & !icmp_ln289 & !icmp_ln298 & !icmp_ln307 & icmp_ln316)> <Delay = 1.95>
ST_4 : Operation 145 [1/1] (0.00ns)   --->   "br label %._crit_edge" [finalwrapup.cpp:321]   --->   Operation 145 'br' <Predicate = (!icmp_ln278 & !icmp_ln289 & !icmp_ln298 & !icmp_ln307 & icmp_ln316)> <Delay = 0.00>
ST_4 : Operation 146 [1/2] (1.76ns)   --->   "%cifm_counter_3 = call fastcc i32 @write_row_ifm(i512* %cifm, [58 x float]* %ifm_buff0_0, [58 x float]* %ifm_buff0_1, [58 x float]* %ifm_buff0_2, [58 x float]* %ifm_buff0_3, [58 x float]* %ifm_buff0_4, [58 x float]* %ifm_buff0_5, [58 x float]* %ifm_buff0_6, [58 x float]* %ifm_buff0_7, [58 x float]* %ifm_buff0_8, [58 x float]* %ifm_buff0_9, [58 x float]* %ifm_buff0_10, [58 x float]* %ifm_buff0_11, [58 x float]* %ifm_buff0_12, [58 x float]* %ifm_buff0_13, [58 x float]* %ifm_buff0_14, [58 x float]* %ifm_buff0_15, i32 %cifm_counter_5_load_3, i1 zeroext %icmp_ln280)" [finalwrapup.cpp:309]   --->   Operation 146 'call' 'cifm_counter_3' <Predicate = (!icmp_ln278 & !icmp_ln289 & !icmp_ln298 & icmp_ln307)> <Delay = 1.76> <CoreType = "Generic">   --->   Core 0 '' <Latency = 0> <II = 1> <Delay = 1.00> <Generic> <Opcode : >
ST_4 : Operation 147 [1/2] (0.00ns)   --->   "call fastcc void @pool_write([58 x float]* %ifm_buff1_0, [58 x float]* %ifm_buff1_1, [58 x float]* %ifm_buff1_2, [58 x float]* %ifm_buff1_3, [58 x float]* %ifm_buff1_4, [58 x float]* %ifm_buff1_5, [58 x float]* %ifm_buff1_6, [58 x float]* %ifm_buff1_7, [58 x float]* %ifm_buff1_8, [58 x float]* %ifm_buff1_9, [58 x float]* %ifm_buff1_10, [58 x float]* %ifm_buff1_11, [58 x float]* %ifm_buff1_12, [58 x float]* %ifm_buff1_13, [58 x float]* %ifm_buff1_14, [58 x float]* %ifm_buff1_15, [58 x float]* %ifm_buff2_0, [58 x float]* %ifm_buff2_1, [58 x float]* %ifm_buff2_2, [58 x float]* %ifm_buff2_3, [58 x float]* %ifm_buff2_4, [58 x float]* %ifm_buff2_5, [58 x float]* %ifm_buff2_6, [58 x float]* %ifm_buff2_7, [58 x float]* %ifm_buff2_8, [58 x float]* %ifm_buff2_9, [58 x float]* %ifm_buff2_10, [58 x float]* %ifm_buff2_11, [58 x float]* %ifm_buff2_12, [58 x float]* %ifm_buff2_13, [58 x float]* %ifm_buff2_14, [58 x float]* %ifm_buff2_15, [56 x float]* %ofm_buff1_0, [56 x float]* %ofm_buff1_1, [56 x float]* %ofm_buff1_2, [56 x float]* %ofm_buff1_3, [56 x float]* %ofm_buff1_4, [56 x float]* %ofm_buff1_5, [56 x float]* %ofm_buff1_6, [56 x float]* %ofm_buff1_7, [56 x float]* %ofm_buff1_8, [56 x float]* %ofm_buff1_9, [56 x float]* %ofm_buff1_10, [56 x float]* %ofm_buff1_11, [56 x float]* %ofm_buff1_12, [56 x float]* %ofm_buff1_13, [56 x float]* %ofm_buff1_14, [56 x float]* %ofm_buff1_15)" [finalwrapup.cpp:310]   --->   Operation 147 'call' <Predicate = (!icmp_ln278 & !icmp_ln289 & !icmp_ln298 & icmp_ln307)> <Delay = 0.00> <CoreType = "Generic">   --->   Core 0 '' <Latency = 0> <II = 1> <Delay = 1.00> <Generic> <Opcode : >
ST_4 : Operation 148 [1/2] (3.25ns)   --->   "%cofm_counter_3 = call fastcc i32 @conv_read(i512* %cofm, [56 x float]* %ofm_buff0_0, [56 x float]* %ofm_buff0_1, [56 x float]* %ofm_buff0_2, [56 x float]* %ofm_buff0_3, [56 x float]* %ofm_buff0_4, [56 x float]* %ofm_buff0_5, [56 x float]* %ofm_buff0_6, [56 x float]* %ofm_buff0_7, [56 x float]* %ofm_buff0_8, [56 x float]* %ofm_buff0_9, [56 x float]* %ofm_buff0_10, [56 x float]* %ofm_buff0_11, [56 x float]* %ofm_buff0_12, [56 x float]* %ofm_buff0_13, [56 x float]* %ofm_buff0_14, [56 x float]* %ofm_buff0_15, i32 %cofm_counter_5_load_4, i1 zeroext true)" [finalwrapup.cpp:311]   --->   Operation 148 'call' 'cofm_counter_3' <Predicate = (!icmp_ln278 & !icmp_ln289 & !icmp_ln298 & icmp_ln307)> <Delay = 3.25> <CoreType = "Generic">   --->   Core 0 '' <Latency = 0> <II = 1> <Delay = 1.00> <Generic> <Opcode : >
ST_4 : Operation 149 [1/1] (1.95ns)   --->   "store i32 %cofm_counter_3, i32* %cofm_counter_5" [finalwrapup.cpp:316]   --->   Operation 149 'store' <Predicate = (!icmp_ln278 & !icmp_ln289 & !icmp_ln298 & icmp_ln307)> <Delay = 1.95>
ST_4 : Operation 150 [1/1] (1.95ns)   --->   "store i32 %cifm_counter_3, i32* %cifm_counter_5" [finalwrapup.cpp:316]   --->   Operation 150 'store' <Predicate = (!icmp_ln278 & !icmp_ln289 & !icmp_ln298 & icmp_ln307)> <Delay = 1.95>
ST_4 : Operation 151 [1/1] (0.00ns)   --->   "br label %._crit_edge" [finalwrapup.cpp:316]   --->   Operation 151 'br' <Predicate = (!icmp_ln278 & !icmp_ln289 & !icmp_ln298 & icmp_ln307)> <Delay = 0.00>
ST_4 : Operation 152 [1/2] (1.76ns)   --->   "%cifm_counter_2 = call fastcc i32 @write_row_ifm(i512* %cifm, [58 x float]* %ifm_buff2_0, [58 x float]* %ifm_buff2_1, [58 x float]* %ifm_buff2_2, [58 x float]* %ifm_buff2_3, [58 x float]* %ifm_buff2_4, [58 x float]* %ifm_buff2_5, [58 x float]* %ifm_buff2_6, [58 x float]* %ifm_buff2_7, [58 x float]* %ifm_buff2_8, [58 x float]* %ifm_buff2_9, [58 x float]* %ifm_buff2_10, [58 x float]* %ifm_buff2_11, [58 x float]* %ifm_buff2_12, [58 x float]* %ifm_buff2_13, [58 x float]* %ifm_buff2_14, [58 x float]* %ifm_buff2_15, i32 %cifm_counter_5_load_2, i1 zeroext %icmp_ln280)" [finalwrapup.cpp:300]   --->   Operation 152 'call' 'cifm_counter_2' <Predicate = (!icmp_ln278 & !icmp_ln289 & icmp_ln298)> <Delay = 1.76> <CoreType = "Generic">   --->   Core 0 '' <Latency = 0> <II = 1> <Delay = 1.00> <Generic> <Opcode : >
ST_4 : Operation 153 [1/2] (0.00ns)   --->   "call fastcc void @pool_write([58 x float]* %ifm_buff0_0, [58 x float]* %ifm_buff0_1, [58 x float]* %ifm_buff0_2, [58 x float]* %ifm_buff0_3, [58 x float]* %ifm_buff0_4, [58 x float]* %ifm_buff0_5, [58 x float]* %ifm_buff0_6, [58 x float]* %ifm_buff0_7, [58 x float]* %ifm_buff0_8, [58 x float]* %ifm_buff0_9, [58 x float]* %ifm_buff0_10, [58 x float]* %ifm_buff0_11, [58 x float]* %ifm_buff0_12, [58 x float]* %ifm_buff0_13, [58 x float]* %ifm_buff0_14, [58 x float]* %ifm_buff0_15, [58 x float]* %ifm_buff1_0, [58 x float]* %ifm_buff1_1, [58 x float]* %ifm_buff1_2, [58 x float]* %ifm_buff1_3, [58 x float]* %ifm_buff1_4, [58 x float]* %ifm_buff1_5, [58 x float]* %ifm_buff1_6, [58 x float]* %ifm_buff1_7, [58 x float]* %ifm_buff1_8, [58 x float]* %ifm_buff1_9, [58 x float]* %ifm_buff1_10, [58 x float]* %ifm_buff1_11, [58 x float]* %ifm_buff1_12, [58 x float]* %ifm_buff1_13, [58 x float]* %ifm_buff1_14, [58 x float]* %ifm_buff1_15, [56 x float]* %ofm_buff0_0, [56 x float]* %ofm_buff0_1, [56 x float]* %ofm_buff0_2, [56 x float]* %ofm_buff0_3, [56 x float]* %ofm_buff0_4, [56 x float]* %ofm_buff0_5, [56 x float]* %ofm_buff0_6, [56 x float]* %ofm_buff0_7, [56 x float]* %ofm_buff0_8, [56 x float]* %ofm_buff0_9, [56 x float]* %ofm_buff0_10, [56 x float]* %ofm_buff0_11, [56 x float]* %ofm_buff0_12, [56 x float]* %ofm_buff0_13, [56 x float]* %ofm_buff0_14, [56 x float]* %ofm_buff0_15)" [finalwrapup.cpp:301]   --->   Operation 153 'call' <Predicate = (!icmp_ln278 & !icmp_ln289 & icmp_ln298)> <Delay = 0.00> <CoreType = "Generic">   --->   Core 0 '' <Latency = 0> <II = 1> <Delay = 1.00> <Generic> <Opcode : >
ST_4 : Operation 154 [1/2] (3.25ns)   --->   "%cofm_counter_2 = call fastcc i32 @conv_read(i512* %cofm, [56 x float]* %ofm_buff1_0, [56 x float]* %ofm_buff1_1, [56 x float]* %ofm_buff1_2, [56 x float]* %ofm_buff1_3, [56 x float]* %ofm_buff1_4, [56 x float]* %ofm_buff1_5, [56 x float]* %ofm_buff1_6, [56 x float]* %ofm_buff1_7, [56 x float]* %ofm_buff1_8, [56 x float]* %ofm_buff1_9, [56 x float]* %ofm_buff1_10, [56 x float]* %ofm_buff1_11, [56 x float]* %ofm_buff1_12, [56 x float]* %ofm_buff1_13, [56 x float]* %ofm_buff1_14, [56 x float]* %ofm_buff1_15, i32 %cofm_counter_5_load_3, i1 zeroext true)" [finalwrapup.cpp:302]   --->   Operation 154 'call' 'cofm_counter_2' <Predicate = (!icmp_ln278 & !icmp_ln289 & icmp_ln298)> <Delay = 3.25> <CoreType = "Generic">   --->   Core 0 '' <Latency = 0> <II = 1> <Delay = 1.00> <Generic> <Opcode : >
ST_4 : Operation 155 [1/1] (1.95ns)   --->   "store i32 %cofm_counter_2, i32* %cofm_counter_5" [finalwrapup.cpp:307]   --->   Operation 155 'store' <Predicate = (!icmp_ln278 & !icmp_ln289 & icmp_ln298)> <Delay = 1.95>
ST_4 : Operation 156 [1/1] (1.95ns)   --->   "store i32 %cifm_counter_2, i32* %cifm_counter_5" [finalwrapup.cpp:307]   --->   Operation 156 'store' <Predicate = (!icmp_ln278 & !icmp_ln289 & icmp_ln298)> <Delay = 1.95>
ST_4 : Operation 157 [1/1] (0.00ns)   --->   "br label %._crit_edge" [finalwrapup.cpp:307]   --->   Operation 157 'br' <Predicate = (!icmp_ln278 & !icmp_ln289 & icmp_ln298)> <Delay = 0.00>
ST_4 : Operation 158 [1/2] (1.76ns)   --->   "%cifm_counter_1 = call fastcc i32 @write_row_ifm(i512* %cifm, [58 x float]* %ifm_buff1_0, [58 x float]* %ifm_buff1_1, [58 x float]* %ifm_buff1_2, [58 x float]* %ifm_buff1_3, [58 x float]* %ifm_buff1_4, [58 x float]* %ifm_buff1_5, [58 x float]* %ifm_buff1_6, [58 x float]* %ifm_buff1_7, [58 x float]* %ifm_buff1_8, [58 x float]* %ifm_buff1_9, [58 x float]* %ifm_buff1_10, [58 x float]* %ifm_buff1_11, [58 x float]* %ifm_buff1_12, [58 x float]* %ifm_buff1_13, [58 x float]* %ifm_buff1_14, [58 x float]* %ifm_buff1_15, i32 %cifm_counter_5_load_1, i1 zeroext %icmp_ln280)" [finalwrapup.cpp:291]   --->   Operation 158 'call' 'cifm_counter_1' <Predicate = (!icmp_ln278 & icmp_ln289)> <Delay = 1.76> <CoreType = "Generic">   --->   Core 0 '' <Latency = 0> <II = 1> <Delay = 1.00> <Generic> <Opcode : >
ST_4 : Operation 159 [1/2] (0.00ns)   --->   "call fastcc void @pool_write([58 x float]* %ifm_buff2_0, [58 x float]* %ifm_buff2_1, [58 x float]* %ifm_buff2_2, [58 x float]* %ifm_buff2_3, [58 x float]* %ifm_buff2_4, [58 x float]* %ifm_buff2_5, [58 x float]* %ifm_buff2_6, [58 x float]* %ifm_buff2_7, [58 x float]* %ifm_buff2_8, [58 x float]* %ifm_buff2_9, [58 x float]* %ifm_buff2_10, [58 x float]* %ifm_buff2_11, [58 x float]* %ifm_buff2_12, [58 x float]* %ifm_buff2_13, [58 x float]* %ifm_buff2_14, [58 x float]* %ifm_buff2_15, [58 x float]* %ifm_buff0_0, [58 x float]* %ifm_buff0_1, [58 x float]* %ifm_buff0_2, [58 x float]* %ifm_buff0_3, [58 x float]* %ifm_buff0_4, [58 x float]* %ifm_buff0_5, [58 x float]* %ifm_buff0_6, [58 x float]* %ifm_buff0_7, [58 x float]* %ifm_buff0_8, [58 x float]* %ifm_buff0_9, [58 x float]* %ifm_buff0_10, [58 x float]* %ifm_buff0_11, [58 x float]* %ifm_buff0_12, [58 x float]* %ifm_buff0_13, [58 x float]* %ifm_buff0_14, [58 x float]* %ifm_buff0_15, [56 x float]* %ofm_buff1_0, [56 x float]* %ofm_buff1_1, [56 x float]* %ofm_buff1_2, [56 x float]* %ofm_buff1_3, [56 x float]* %ofm_buff1_4, [56 x float]* %ofm_buff1_5, [56 x float]* %ofm_buff1_6, [56 x float]* %ofm_buff1_7, [56 x float]* %ofm_buff1_8, [56 x float]* %ofm_buff1_9, [56 x float]* %ofm_buff1_10, [56 x float]* %ofm_buff1_11, [56 x float]* %ofm_buff1_12, [56 x float]* %ofm_buff1_13, [56 x float]* %ofm_buff1_14, [56 x float]* %ofm_buff1_15)" [finalwrapup.cpp:292]   --->   Operation 159 'call' <Predicate = (!icmp_ln278 & icmp_ln289)> <Delay = 0.00> <CoreType = "Generic">   --->   Core 0 '' <Latency = 0> <II = 1> <Delay = 1.00> <Generic> <Opcode : >
ST_4 : Operation 160 [1/2] (3.25ns)   --->   "%cofm_counter_1 = call fastcc i32 @conv_read(i512* %cofm, [56 x float]* %ofm_buff0_0, [56 x float]* %ofm_buff0_1, [56 x float]* %ofm_buff0_2, [56 x float]* %ofm_buff0_3, [56 x float]* %ofm_buff0_4, [56 x float]* %ofm_buff0_5, [56 x float]* %ofm_buff0_6, [56 x float]* %ofm_buff0_7, [56 x float]* %ofm_buff0_8, [56 x float]* %ofm_buff0_9, [56 x float]* %ofm_buff0_10, [56 x float]* %ofm_buff0_11, [56 x float]* %ofm_buff0_12, [56 x float]* %ofm_buff0_13, [56 x float]* %ofm_buff0_14, [56 x float]* %ofm_buff0_15, i32 %cofm_counter_5_load_2, i1 zeroext true)" [finalwrapup.cpp:293]   --->   Operation 160 'call' 'cofm_counter_1' <Predicate = (!icmp_ln278 & icmp_ln289)> <Delay = 3.25> <CoreType = "Generic">   --->   Core 0 '' <Latency = 0> <II = 1> <Delay = 1.00> <Generic> <Opcode : >
ST_4 : Operation 161 [1/1] (1.95ns)   --->   "store i32 %cofm_counter_1, i32* %cofm_counter_5" [finalwrapup.cpp:298]   --->   Operation 161 'store' <Predicate = (!icmp_ln278 & icmp_ln289)> <Delay = 1.95>
ST_4 : Operation 162 [1/1] (1.95ns)   --->   "store i32 %cifm_counter_1, i32* %cifm_counter_5" [finalwrapup.cpp:298]   --->   Operation 162 'store' <Predicate = (!icmp_ln278 & icmp_ln289)> <Delay = 1.95>
ST_4 : Operation 163 [1/1] (0.00ns)   --->   "br label %._crit_edge" [finalwrapup.cpp:298]   --->   Operation 163 'br' <Predicate = (!icmp_ln278 & icmp_ln289)> <Delay = 0.00>
ST_4 : Operation 164 [1/2] (1.76ns)   --->   "%cifm_counter = call fastcc i32 @write_row_ifm(i512* %cifm, [58 x float]* %ifm_buff0_0, [58 x float]* %ifm_buff0_1, [58 x float]* %ifm_buff0_2, [58 x float]* %ifm_buff0_3, [58 x float]* %ifm_buff0_4, [58 x float]* %ifm_buff0_5, [58 x float]* %ifm_buff0_6, [58 x float]* %ifm_buff0_7, [58 x float]* %ifm_buff0_8, [58 x float]* %ifm_buff0_9, [58 x float]* %ifm_buff0_10, [58 x float]* %ifm_buff0_11, [58 x float]* %ifm_buff0_12, [58 x float]* %ifm_buff0_13, [58 x float]* %ifm_buff0_14, [58 x float]* %ifm_buff0_15, i32 %cifm_counter_5_load, i1 zeroext %icmp_ln280)" [finalwrapup.cpp:280]   --->   Operation 164 'call' 'cifm_counter' <Predicate = (icmp_ln278)> <Delay = 1.76> <CoreType = "Generic">   --->   Core 0 '' <Latency = 0> <II = 1> <Delay = 1.00> <Generic> <Opcode : >
ST_4 : Operation 165 [1/2] (0.00ns)   --->   "call fastcc void @pool_write([58 x float]* %ifm_buff1_0, [58 x float]* %ifm_buff1_1, [58 x float]* %ifm_buff1_2, [58 x float]* %ifm_buff1_3, [58 x float]* %ifm_buff1_4, [58 x float]* %ifm_buff1_5, [58 x float]* %ifm_buff1_6, [58 x float]* %ifm_buff1_7, [58 x float]* %ifm_buff1_8, [58 x float]* %ifm_buff1_9, [58 x float]* %ifm_buff1_10, [58 x float]* %ifm_buff1_11, [58 x float]* %ifm_buff1_12, [58 x float]* %ifm_buff1_13, [58 x float]* %ifm_buff1_14, [58 x float]* %ifm_buff1_15, [58 x float]* %ifm_buff2_0, [58 x float]* %ifm_buff2_1, [58 x float]* %ifm_buff2_2, [58 x float]* %ifm_buff2_3, [58 x float]* %ifm_buff2_4, [58 x float]* %ifm_buff2_5, [58 x float]* %ifm_buff2_6, [58 x float]* %ifm_buff2_7, [58 x float]* %ifm_buff2_8, [58 x float]* %ifm_buff2_9, [58 x float]* %ifm_buff2_10, [58 x float]* %ifm_buff2_11, [58 x float]* %ifm_buff2_12, [58 x float]* %ifm_buff2_13, [58 x float]* %ifm_buff2_14, [58 x float]* %ifm_buff2_15, [56 x float]* %ofm_buff0_0, [56 x float]* %ofm_buff0_1, [56 x float]* %ofm_buff0_2, [56 x float]* %ofm_buff0_3, [56 x float]* %ofm_buff0_4, [56 x float]* %ofm_buff0_5, [56 x float]* %ofm_buff0_6, [56 x float]* %ofm_buff0_7, [56 x float]* %ofm_buff0_8, [56 x float]* %ofm_buff0_9, [56 x float]* %ofm_buff0_10, [56 x float]* %ofm_buff0_11, [56 x float]* %ofm_buff0_12, [56 x float]* %ofm_buff0_13, [56 x float]* %ofm_buff0_14, [56 x float]* %ofm_buff0_15)" [finalwrapup.cpp:282]   --->   Operation 165 'call' <Predicate = (icmp_ln278)> <Delay = 0.00> <CoreType = "Generic">   --->   Core 0 '' <Latency = 0> <II = 1> <Delay = 1.00> <Generic> <Opcode : >
ST_4 : Operation 166 [1/2] (3.25ns)   --->   "%cofm_counter = call fastcc i32 @conv_read(i512* %cofm, [56 x float]* %ofm_buff1_0, [56 x float]* %ofm_buff1_1, [56 x float]* %ofm_buff1_2, [56 x float]* %ofm_buff1_3, [56 x float]* %ofm_buff1_4, [56 x float]* %ofm_buff1_5, [56 x float]* %ofm_buff1_6, [56 x float]* %ofm_buff1_7, [56 x float]* %ofm_buff1_8, [56 x float]* %ofm_buff1_9, [56 x float]* %ofm_buff1_10, [56 x float]* %ofm_buff1_11, [56 x float]* %ofm_buff1_12, [56 x float]* %ofm_buff1_13, [56 x float]* %ofm_buff1_14, [56 x float]* %ofm_buff1_15, i32 %cofm_counter_5_load_1, i1 zeroext %icmp_ln283)" [finalwrapup.cpp:283]   --->   Operation 166 'call' 'cofm_counter' <Predicate = (icmp_ln278)> <Delay = 3.25> <CoreType = "Generic">   --->   Core 0 '' <Latency = 0> <II = 1> <Delay = 1.00> <Generic> <Opcode : >
ST_4 : Operation 167 [1/1] (1.95ns)   --->   "store i32 %cofm_counter, i32* %cofm_counter_5" [finalwrapup.cpp:289]   --->   Operation 167 'store' <Predicate = (icmp_ln278)> <Delay = 1.95>
ST_4 : Operation 168 [1/1] (1.95ns)   --->   "store i32 %cifm_counter, i32* %cifm_counter_5" [finalwrapup.cpp:289]   --->   Operation 168 'store' <Predicate = (icmp_ln278)> <Delay = 1.95>
ST_4 : Operation 169 [1/1] (0.00ns)   --->   "br label %._crit_edge" [finalwrapup.cpp:289]   --->   Operation 169 'br' <Predicate = (icmp_ln278)> <Delay = 0.00>
ST_4 : Operation 170 [1/1] (2.07ns)   --->   "%rotate_counter = add i16 %rotate_counter_0, 1" [finalwrapup.cpp:327]   --->   Operation 170 'add' 'rotate_counter' <Predicate = true> <Delay = 2.07> <Core = "AddSub">   --->   Core 14 'AddSub' <Latency = 0> <II = 1> <Delay = 2.07> <FuncUnit> <Opcode : 'add' 'sub'> <InPorts = 2> <OutPorts = 1>
ST_4 : Operation 171 [1/1] (2.42ns)   --->   "%icmp_ln328 = icmp eq i16 %rotate_counter, 5" [finalwrapup.cpp:328]   --->   Operation 171 'icmp' 'icmp_ln328' <Predicate = true> <Delay = 2.42> <Core = "Cmp">   --->   Core 25 'Cmp' <Latency = 0> <II = 1> <Delay = 2.42> <FuncUnit> <Opcode : 'icmp'> <InPorts = 2> <OutPorts = 1>
ST_4 : Operation 172 [1/1] (0.80ns)   --->   "%select_ln328 = select i1 %icmp_ln328, i16 0, i16 %rotate_counter" [finalwrapup.cpp:328]   --->   Operation 172 'select' 'select_ln328' <Predicate = true> <Delay = 0.80> <Core = "Sel">   --->   Core 26 'Sel' <Latency = 0> <II = 1> <Delay = 0.80> <FuncUnit> <Opcode : 'select'> <InPorts = 3> <OutPorts = 1>
ST_4 : Operation 173 [1/1] (0.00ns)   --->   "br label %1" [finalwrapup.cpp:275]   --->   Operation 173 'br' <Predicate = true> <Delay = 0.00>

State 5 <SV = 3> <Delay = 3.25>
ST_5 : Operation 174 [1/2] (3.25ns)   --->   "%call_ret124658 = call fastcc i32 @conv_read(i512* %cofm, [56 x float]* %ofm_buff1_0, [56 x float]* %ofm_buff1_1, [56 x float]* %ofm_buff1_2, [56 x float]* %ofm_buff1_3, [56 x float]* %ofm_buff1_4, [56 x float]* %ofm_buff1_5, [56 x float]* %ofm_buff1_6, [56 x float]* %ofm_buff1_7, [56 x float]* %ofm_buff1_8, [56 x float]* %ofm_buff1_9, [56 x float]* %ofm_buff1_10, [56 x float]* %ofm_buff1_11, [56 x float]* %ofm_buff1_12, [56 x float]* %ofm_buff1_13, [56 x float]* %ofm_buff1_14, [56 x float]* %ofm_buff1_15, i32 %cofm_counter_5_load, i1 zeroext true)" [finalwrapup.cpp:333]   --->   Operation 174 'call' 'call_ret124658' <Predicate = true> <Delay = 3.25> <CoreType = "Generic">   --->   Core 0 '' <Latency = 0> <II = 1> <Delay = 1.00> <Generic> <Opcode : >
ST_5 : Operation 175 [1/1] (0.00ns)   --->   "ret void" [finalwrapup.cpp:334]   --->   Operation 175 'ret' <Predicate = true> <Delay = 0.00>


============================================================
+ Verbose Summary: Timing violations
============================================================
Target clock period: 10ns, clock uncertainty: 1.25ns.

 <State 1>: 3.25ns
The critical path consists of the following:
	'alloca' operation ('ifm_buff1[0]', finalwrapup.cpp:236) [23]  (0 ns)
	'call' operation ('call_ln267', finalwrapup.cpp:267) to 'load_cifm_data_pool' [87]  (3.25 ns)

 <State 2>: 1.77ns
The critical path consists of the following:
	multiplexor before 'phi' operation ('rotate_counter_0', finalwrapup.cpp:328) with incoming values : ('select_ln328', finalwrapup.cpp:328) [92]  (1.77 ns)

 <State 3>: 6.59ns
The critical path consists of the following:
	'phi' operation ('row') with incoming values : ('row', finalwrapup.cpp:275) [93]  (0 ns)
	'icmp' operation ('icmp_ln280', finalwrapup.cpp:280) [96]  (1.43 ns)
	'call' operation ('cifm_counter', finalwrapup.cpp:291) to 'write_row_ifm' [144]  (5.16 ns)

 <State 4>: 5.31ns
The critical path consists of the following:
	'add' operation ('rotate_counter', finalwrapup.cpp:327) [161]  (2.08 ns)
	'icmp' operation ('icmp_ln328', finalwrapup.cpp:328) [162]  (2.43 ns)
	'select' operation ('select_ln328', finalwrapup.cpp:328) [163]  (0.805 ns)

 <State 5>: 3.25ns
The critical path consists of the following:
	'call' operation ('cofm_counter', finalwrapup.cpp:333) to 'conv_read' [167]  (3.25 ns)


============================================================
+ Verbose Summary: Binding
============================================================
N/A
* FSMD analyzer results:
  - Output states:
 - Input state : 
  - Chain level:
	State 1
	State 2
	State 3
	State 4
	State 5


============================================================
+ Verbose Summary: Datapath Resource usage 
============================================================
N/A
